#
# A fatal error has been detected by the Java Runtime Environment:
#
#  EXCEPTION_ACCESS_VIOLATION (0xc0000005) at pc=0x0000000077983290, pid=8280, tid=5204
#
# JRE version: Java(TM) SE Runtime Environment (8.0_73-b02) (build 1.8.0_73-b02)
# Java VM: Java HotSpot(TM) 64-Bit Server VM (25.73-b02 mixed mode windows-amd64 compressed oops)
# Problematic frame:
# C  [ntdll.dll+0x53290]
#
# Failed to write core dump. Minidumps are not enabled by default on client versions of Windows
#
# If you would like to submit a bug report, please visit:
#   http://bugreport.java.com/bugreport/crash.jsp
#

---------------  T H R E A D  ---------------

Current thread (0x000000002078e000):  Thread [stack: 0x00000000244e0000,0x00000000245e0000] [id=4836]

siginfo: ExceptionCode=0xc0000005, reading address 0x00000a93348ba968

Registers:
RAX=0x0000000020cd8860, RBX=0x00000a93348ba960, RCX=0x000000ffffffffff, RDX=0x0000000021bfe950
RSP=0x00000000245df5a0, RBP=0x0000000000000000, RSI=0x0000000000450000, RDI=0x0000000021bfe960
R8 =0x0000000021bfe960, R9 =0x00007c6a00ee0037, R10=0x0000000000000000, R11=0x0000000000000207
R12=0x0000000000000000, R13=0x0000000000000000, R14=0x0000000000000000, R15=0x0000000000000000
RIP=0x0000000077983290, EFLAGS=0x0000000000010206

Top of Stack: (sp=0x00000000245df5a0)
0x00000000245df5a0:   0000000000000000 0000000000000000
0x00000000245df5b0:   0000000000000000 0000000000000000
0x00000000245df5c0:   0000000000000000 0000000000000000
0x00000000245df5d0:   000000002078e000 000007fefde4133c
0x00000000245df5e0:   0000000000000000 0000000000000000
0x00000000245df5f0:   0000000000000000 0000000000000000
0x00000000245df600:   0000000021bfe960 0000000000000000
0x00000000245df610:   00000000245df700 000000007783300a
0x00000000245df620:   0000000000000000 000000002078e000
0x00000000245df630:   000000005349cbd3 0000000021bc23d0
0x00000000245df640:   000000002078e000 0000000060a48d94
0x00000000245df650:   0000000021bc23d0 0000000000000000
0x00000000245df660:   0000000000000000 0000000000000000
0x00000000245df670:   000000002078e000 000000005bb40086
0x00000000245df680:   000000002078e000 000000002078e000
0x00000000245df690:   0000000000000000 00000000220e8ee0 

Instructions: (pc=0x0000000077983290)
0x0000000077983270:   ff ff 00 00 00 48 33 de 48 23 c1 48 c1 eb 04 48
0x0000000077983280:   33 d8 48 33 1d 3f f1 0d 00 48 c1 e3 04 0f 0d 0b
0x0000000077983290:   4c 8b 63 08 49 bd 01 00 00 00 01 00 00 00 49 be
0x00000000779832a0:   ff 7f 00 00 ff ff ff ff c6 42 0f 80 c6 42 0e 00 


Register to memory mapping:

RAX=0x0000000020cd8860 is an unknown value
RBX=0x00000a93348ba960 is an unknown value
RCX=0x000000ffffffffff is an unknown value
RDX=0x0000000021bfe950 is an unknown value
RSP=0x00000000245df5a0 is an unknown value
RBP=0x0000000000000000 is an unknown value
RSI=0x0000000000450000 is an unknown value
RDI=0x0000000021bfe960 is an unknown value
R8 =0x0000000021bfe960 is an unknown value
R9 =0x00007c6a00ee0037 is an unknown value
R10=0x0000000000000000 is an unknown value
R11=0x0000000000000207 is an unknown value
R12=0x0000000000000000 is an unknown value
R13=0x0000000000000000 is an unknown value
R14=0x0000000000000000 is an unknown value
R15=0x0000000000000000 is an unknown value


Stack: [0x00000000244e0000,0x00000000245e0000],  sp=0x00000000245df5a0,  free space=1021k
Native frames: (J=compiled Java code, j=interpreted, Vv=VM code, C=native code)


---------------  P R O C E S S  ---------------

Java Threads: ( => current thread )
  0x000000002078d800 JavaThread "Thread-7799" [_thread_new, id=4836, stack(0x0000000000000000,0x0000000000000000)]
  0x000000002078b000 JavaThread "Thread-1626" [_thread_blocked, id=7624, stack(0x0000000023120000,0x0000000023220000)]
  0x000000002078a800 JavaThread "org.netbeans.modules.debugger.jpda.visual AWT Access Loop" daemon [_thread_blocked, id=7512, stack(0x0000000022fa0000,0x00000000230a0000)]
  0x0000000020b91000 JavaThread "Thread-6" [_thread_blocked, id=7724, stack(0x0000000022d60000,0x0000000022e60000)]
  0x0000000020ac8800 JavaThread "Thread-5" [_thread_blocked, id=5452, stack(0x0000000022860000,0x0000000022960000)]
  0x0000000020ac7000 JavaThread "Thread-4" [_thread_blocked, id=5948, stack(0x0000000022b90000,0x0000000022c90000)]
  0x0000000020ac6000 JavaThread "Thread-3" [_thread_blocked, id=8168, stack(0x0000000022960000,0x0000000022a60000)]
  0x0000000020ce8800 JavaThread "AWT-EventQueue-0" [_thread_blocked, id=7736, stack(0x0000000021520000,0x0000000021620000)]
  0x0000000020a53000 JavaThread "AWT-Windows" daemon [_thread_in_native, id=9876, stack(0x0000000021180000,0x0000000021280000)]
  0x0000000020a4f000 JavaThread "AWT-Shutdown" [_thread_blocked, id=9864, stack(0x00000000212c0000,0x00000000213c0000)]
  0x0000000020a4c800 JavaThread "Java2D Disposer" daemon [_thread_blocked, id=7044, stack(0x0000000020ff0000,0x00000000210f0000)]
  0x000000001f5ad800 JavaThread "Service Thread" daemon [_thread_blocked, id=6944, stack(0x0000000020460000,0x0000000020560000)]
  0x000000001f5a8000 JavaThread "C1 CompilerThread2" daemon [_thread_blocked, id=9952, stack(0x0000000020320000,0x0000000020420000)]
  0x000000001f5a4000 JavaThread "C2 CompilerThread1" daemon [_thread_in_native, id=8996, stack(0x0000000020220000,0x0000000020320000)]
  0x000000001f5a2000 JavaThread "C2 CompilerThread0" daemon [_thread_in_native, id=8408, stack(0x00000000200f0000,0x00000000201f0000)]
  0x000000001f594800 JavaThread "JDWP Command Reader" daemon [_thread_in_native, id=7104, stack(0x000000001ffe0000,0x00000000200e0000)]
  0x000000001f593000 JavaThread "JDWP Event Helper Thread" daemon [_thread_blocked, id=7900, stack(0x000000001fdc0000,0x000000001fec0000)]
  0x000000001e1aa000 JavaThread "JDWP Transport Listener: dt_shmem" daemon [_thread_blocked, id=5136, stack(0x000000001fc40000,0x000000001fd40000)]
  0x000000001f584800 JavaThread "Attach Listener" daemon [_thread_blocked, id=6176, stack(0x000000001fae0000,0x000000001fbe0000)]
  0x000000001e1a6000 JavaThread "Signal Dispatcher" daemon [_thread_blocked, id=9972, stack(0x000000001f990000,0x000000001fa90000)]
  0x000000001e143800 JavaThread "Finalizer" daemon [_thread_blocked, id=5456, stack(0x000000001f130000,0x000000001f230000)]
  0x000000001e142000 JavaThread "Reference Handler" daemon [_thread_blocked, id=6580, stack(0x000000001f3c0000,0x000000001f4c0000)]
  0x000000000221a000 JavaThread "main" [_thread_blocked, id=9416, stack(0x0000000002470000,0x0000000002570000)]

Other Threads:
  0x000000001e13c000 VMThread [stack: 0x000000001f230000,0x000000001f330000] [id=4616]
  0x000000001f648800 WatcherThread [stack: 0x0000000020630000,0x0000000020730000] [id=8296]

=>0x000000002078e000 (exited) Thread [stack: 0x00000000244e0000,0x00000000245e0000] [id=4836]

VM state:not at safepoint (normal execution)

VM Mutex/Monitor currently owned by a thread: None

Heap:
 PSYoungGen      total 95744K, used 16429K [0x0000000757d80000, 0x000000075e280000, 0x00000007c0000000)
  eden space 95232K, 17% used [0x0000000757d80000,0x0000000758d834a8,0x000000075da80000)
  from space 512K, 6% used [0x000000075db00000,0x000000075db08000,0x000000075db80000)
  to   space 512K, 0% used [0x000000075da80000,0x000000075da80000,0x000000075db00000)
 ParOldGen       total 65536K, used 6386K [0x0000000687800000, 0x000000068b800000, 0x0000000757d80000)
  object space 65536K, 9% used [0x0000000687800000,0x0000000687e3c980,0x000000068b800000)
 Metaspace       used 11908K, capacity 12158K, committed 12416K, reserved 1060864K
  class space    used 1281K, capacity 1370K, committed 1408K, reserved 1048576K

Card table byte_map: [0x0000000011c00000,0x00000000125d0000] byte_map_base: 0x000000000e7c4000

Marking Bits: (ParMarkBitMap*) 0x000000005c110600
 Begin Bits: [0x00000000131a0000, 0x0000000017fc0000)
 End Bits:   [0x0000000017fc0000, 0x000000001cde0000)

Polling page: 0x0000000000430000

CodeCache: size=245760Kb used=8521Kb max_used=8938Kb free=237238Kb
 bounds [0x0000000002840000, 0x0000000003180000, 0x0000000011840000]
 total_blobs=2719 nmethods=2265 adapters=373
 compilation: enabled

Compilation events (10 events):
Event: 78.505 Thread 0x000000001f5a4000 2756       4       javax.swing.BufferStrategyPaintManager::paint (235 bytes)
Event: 78.505 Thread 0x000000001f5a2000 2758       4       javax.swing.BufferStrategyPaintManager::accumulate (54 bytes)
Event: 78.506 Thread 0x000000001f5a2000 nmethod 2758 0x0000000002c1abd0 code [0x0000000002c1ad00, 0x0000000002c1ad98]
Event: 78.506 Thread 0x000000001f5a2000 2757       4       javax.swing.BufferStrategyPaintManager::prepare (318 bytes)
Event: 78.541 Thread 0x000000001f5a2000 nmethod 2757 0x0000000002c8c190 code [0x0000000002c8c3e0, 0x0000000002c8deb0]
Event: 78.590 Thread 0x000000001f5a4000 nmethod 2756 0x0000000002d0fbd0 code [0x0000000002d0ff20, 0x0000000002d13028]
Event: 80.048 Thread 0x000000001f5a2000 2759       4       java.util.ArrayList::ensureExplicitCapacity (26 bytes)
Event: 80.050 Thread 0x000000001f5a2000 nmethod 2759 0x0000000002b0efd0 code [0x0000000002b0f120, 0x0000000002b0f3d8]
Event: 84.808 Thread 0x000000001f5a4000 2760       4       java.lang.Math::min (45 bytes)
Event: 84.809 Thread 0x000000001f5a4000 nmethod 2760 0x0000000002c71990 code [0x0000000002c71b00, 0x0000000002c71c18]

GC Heap History (10 events):
Event: 85.541 GC heap before
{Heap before GC invocations=112 (full 0):
 PSYoungGen      total 86528K, used 86080K [0x0000000757d80000, 0x000000075db80000, 0x00000007c0000000)
  eden space 86016K, 100% used [0x0000000757d80000,0x000000075d180000,0x000000075d180000)
  from space 512K, 12% used [0x000000075da80000,0x000000075da90000,0x000000075db00000)
  to   space 512K, 0% used [0x000000075db00000,0x000000075db00000,0x000000075db80000)
 ParOldGen       total 65536K, used 6314K [0x0000000687800000, 0x000000068b800000, 0x0000000757d80000)
  object space 65536K, 9% used [0x0000000687800000,0x0000000687e2a980,0x000000068b800000)
 Metaspace       used 11908K, capacity 12158K, committed 12416K, reserved 1060864K
  class space    used 1281K, capacity 1370K, committed 1408K, reserved 1048576K
Event: 85.541 GC heap after
Heap after GC invocations=112 (full 0):
 PSYoungGen      total 95744K, used 64K [0x0000000757d80000, 0x000000075e380000, 0x00000007c0000000)
  eden space 95232K, 0% used [0x0000000757d80000,0x0000000757d80000,0x000000075da80000)
  from space 512K, 12% used [0x000000075db00000,0x000000075db10000,0x000000075db80000)
  to   space 512K, 0% used [0x000000075da80000,0x000000075da80000,0x000000075db00000)
 ParOldGen       total 65536K, used 6322K [0x0000000687800000, 0x000000068b800000, 0x0000000757d80000)
  object space 65536K, 9% used [0x0000000687800000,0x0000000687e2c980,0x000000068b800000)
 Metaspace       used 11908K, capacity 12158K, committed 12416K, reserved 1060864K
  class space    used 1281K, capacity 1370K, committed 1408K, reserved 1048576K
}
Event: 86.595 GC heap before
{Heap before GC invocations=113 (full 0):
 PSYoungGen      total 95744K, used 95296K [0x0000000757d80000, 0x000000075e380000, 0x00000007c0000000)
  eden space 95232K, 100% used [0x0000000757d80000,0x000000075da80000,0x000000075da80000)
  from space 512K, 12% used [0x000000075db00000,0x000000075db10000,0x000000075db80000)
  to   space 512K, 0% used [0x000000075da80000,0x000000075da80000,0x000000075db00000)
 ParOldGen       total 65536K, used 6322K [0x0000000687800000, 0x000000068b800000, 0x0000000757d80000)
  object space 65536K, 9% used [0x0000000687800000,0x0000000687e2c980,0x000000068b800000)
 Metaspace       used 11908K, capacity 12158K, committed 12416K, reserved 1060864K
  class space    used 1281K, capacity 1370K, committed 1408K, reserved 1048576K
Event: 86.596 GC heap after
Heap after GC invocations=113 (full 0):
 PSYoungGen      total 92160K, used 64K [0x0000000757d80000, 0x000000075db80000, 0x00000007c0000000)
  eden space 91648K, 0% used [0x0000000757d80000,0x0000000757d80000,0x000000075d700000)
  from space 512K, 12% used [0x000000075da80000,0x000000075da90000,0x000000075db00000)
  to   space 512K, 0% used [0x000000075db00000,0x000000075db00000,0x000000075db80000)
 ParOldGen       total 65536K, used 6338K [0x0000000687800000, 0x000000068b800000, 0x0000000757d80000)
  object space 65536K, 9% used [0x0000000687800000,0x0000000687e30980,0x000000068b800000)
 Metaspace       used 11908K, capacity 12158K, committed 12416K, reserved 1060864K
  class space    used 1281K, capacity 1370K, committed 1408K, reserved 1048576K
}
Event: 87.657 GC heap before
{Heap before GC invocations=114 (full 0):
 PSYoungGen      total 92160K, used 91712K [0x0000000757d80000, 0x000000075db80000, 0x00000007c0000000)
  eden space 91648K, 100% used [0x0000000757d80000,0x000000075d700000,0x000000075d700000)
  from space 512K, 12% used [0x000000075da80000,0x000000075da90000,0x000000075db00000)
  to   space 512K, 0% used [0x000000075db00000,0x000000075db00000,0x000000075db80000)
 ParOldGen       total 65536K, used 6338K [0x0000000687800000, 0x000000068b800000, 0x0000000757d80000)
  object space 65536K, 9% used [0x0000000687800000,0x0000000687e30980,0x000000068b800000)
 Metaspace       used 11908K, capacity 12158K, committed 12416K, reserved 1060864K
  class space    used 1281K, capacity 1370K, committed 1408K, reserved 1048576K
Event: 87.658 GC heap after
Heap after GC invocations=114 (full 0):
 PSYoungGen      total 88576K, used 64K [0x0000000757d80000, 0x000000075db80000, 0x00000007c0000000)
  eden space 88064K, 0% used [0x0000000757d80000,0x0000000757d80000,0x000000075d380000)
  from space 512K, 12% used [0x000000075db00000,0x000000075db10000,0x000000075db80000)
  to   space 512K, 0% used [0x000000075da80000,0x000000075da80000,0x000000075db00000)
 ParOldGen       total 65536K, used 6354K [0x0000000687800000, 0x000000068b800000, 0x0000000757d80000)
  object space 65536K, 9% used [0x0000000687800000,0x0000000687e34980,0x000000068b800000)
 Metaspace       used 11908K, capacity 12158K, committed 12416K, reserved 1060864K
  class space    used 1281K, capacity 1370K, committed 1408K, reserved 1048576K
}
Event: 88.646 GC heap before
{Heap before GC invocations=115 (full 0):
 PSYoungGen      total 88576K, used 88128K [0x0000000757d80000, 0x000000075db80000, 0x00000007c0000000)
  eden space 88064K, 100% used [0x0000000757d80000,0x000000075d380000,0x000000075d380000)
  from space 512K, 12% used [0x000000075db00000,0x000000075db10000,0x000000075db80000)
  to   space 512K, 0% used [0x000000075da80000,0x000000075da80000,0x000000075db00000)
 ParOldGen       total 65536K, used 6354K [0x0000000687800000, 0x000000068b800000, 0x0000000757d80000)
  object space 65536K, 9% used [0x0000000687800000,0x0000000687e34980,0x000000068b800000)
 Metaspace       used 11908K, capacity 12158K, committed 12416K, reserved 1060864K
  class space    used 1281K, capacity 1370K, committed 1408K, reserved 1048576K
Event: 88.648 GC heap after
Heap after GC invocations=115 (full 0):
 PSYoungGen      total 85504K, used 64K [0x0000000757d80000, 0x000000075db80000, 0x00000007c0000000)
  eden space 84992K, 0% used [0x0000000757d80000,0x0000000757d80000,0x000000075d080000)
  from space 512K, 12% used [0x000000075da80000,0x000000075da90000,0x000000075db00000)
  to   space 512K, 0% used [0x000000075db00000,0x000000075db00000,0x000000075db80000)
 ParOldGen       total 65536K, used 6378K [0x0000000687800000, 0x000000068b800000, 0x0000000757d80000)
  object space 65536K, 9% used [0x0000000687800000,0x0000000687e3a980,0x000000068b800000)
 Metaspace       used 11908K, capacity 12158K, committed 12416K, reserved 1060864K
  class space    used 1281K, capacity 1370K, committed 1408K, reserved 1048576K
}
Event: 89.638 GC heap before
{Heap before GC invocations=116 (full 0):
 PSYoungGen      total 85504K, used 85056K [0x0000000757d80000, 0x000000075db80000, 0x00000007c0000000)
  eden space 84992K, 100% used [0x0000000757d80000,0x000000075d080000,0x000000075d080000)
  from space 512K, 12% used [0x000000075da80000,0x000000075da90000,0x000000075db00000)
  to   space 512K, 0% used [0x000000075db00000,0x000000075db00000,0x000000075db80000)
 ParOldGen       total 65536K, used 6378K [0x0000000687800000, 0x000000068b800000, 0x0000000757d80000)
  object space 65536K, 9% used [0x0000000687800000,0x0000000687e3a980,0x000000068b800000)
 Metaspace       used 11908K, capacity 12158K, committed 12416K, reserved 1060864K
  class space    used 1281K, capacity 1370K, committed 1408K, reserved 1048576K
Event: 89.733 GC heap after
Heap after GC invocations=116 (full 0):
 PSYoungGen      total 95744K, used 32K [0x0000000757d80000, 0x000000075e280000, 0x00000007c0000000)
  eden space 95232K, 0% used [0x0000000757d80000,0x0000000757d80000,0x000000075da80000)
  from space 512K, 6% used [0x000000075db00000,0x000000075db08000,0x000000075db80000)
  to   space 512K, 0% used [0x000000075da80000,0x000000075da80000,0x000000075db00000)
 ParOldGen       total 65536K, used 6386K [0x0000000687800000, 0x000000068b800000, 0x0000000757d80000)
  object space 65536K, 9% used [0x0000000687800000,0x0000000687e3c980,0x000000068b800000)
 Metaspace       used 11908K, capacity 12158K, committed 12416K, reserved 1060864K
  class space    used 1281K, capacity 1370K, committed 1408K, reserved 1048576K
}

Deoptimization events (10 events):
Event: 44.822 Thread 0x0000000020ac8800 Uncommon trap: reason=unstable_if action=reinterpret pc=0x0000000002ae1a08 method=java.util.Random.next(I)I @ 35
Event: 48.705 Thread 0x0000000020ce8800 Uncommon trap: reason=unstable_if action=reinterpret pc=0x0000000003001894 method=sun.awt.PostEventQueue.flush()V @ 37
Event: 48.705 Thread 0x0000000020ce8800 Uncommon trap: reason=unstable_if action=reinterpret pc=0x0000000002a53bc4 method=sun.awt.AWTAutoShutdown.isReadyToShutdown()Z @ 4
Event: 48.706 Thread 0x0000000020ce8800 Uncommon trap: reason=speculate_class_check action=maybe_recompile pc=0x0000000002c00274 method=java.awt.EventQueue.eventToCacheIndex(Ljava/awt/AWTEvent;)I @ 68
Event: 48.706 Thread 0x0000000020ce8800 Uncommon trap: reason=speculate_class_check action=maybe_recompile pc=0x0000000002c00274 method=java.awt.EventQueue.eventToCacheIndex(Ljava/awt/AWTEvent;)I @ 68
Event: 48.706 Thread 0x0000000020ce8800 Uncommon trap: reason=unstable_if action=reinterpret pc=0x000000000298673c method=java.awt.EventQueue.getNextEventPrivate()Ljava/awt/AWTEvent; @ 45
Event: 48.706 Thread 0x0000000020ce8800 Uncommon trap: reason=speculate_class_check action=maybe_recompile pc=0x0000000002c00274 method=java.awt.EventQueue.eventToCacheIndex(Ljava/awt/AWTEvent;)I @ 68
Event: 48.708 Thread 0x0000000020ce8800 Uncommon trap: reason=unstable_if action=reinterpret pc=0x0000000003073f58 method=sun.awt.im.InputContext.removeNotify(Ljava/awt/Component;)V @ 16
Event: 48.895 Thread 0x0000000020ce8800 Uncommon trap: reason=speculate_class_check action=maybe_recompile pc=0x0000000002c00274 method=java.awt.EventQueue.eventToCacheIndex(Ljava/awt/AWTEvent;)I @ 68
Event: 61.414 Thread 0x0000000020ac7000 Uncommon trap: reason=unstable_if action=reinterpret pc=0x0000000002ffa0b4 method=java.util.concurrent.locks.ReentrantLock$NonfairSync.lock()V @ 6

Internal exceptions (10 events):
Event: 3.719 Thread 0x000000000221a000 Exception <a 'java/security/PrivilegedActionException'> (0x00000007582f1838) thrown at [D:\re\puppet\workspace\8-2-build-windows-amd64-cygwin\jdk8u73\6086\hotspot\src\share\vm\prims\jvm.cpp, line 1386]
Event: 3.719 Thread 0x000000000221a000 Exception <a 'java/security/PrivilegedActionException'> (0x00000007582f1a48) thrown at [D:\re\puppet\workspace\8-2-build-windows-amd64-cygwin\jdk8u73\6086\hotspot\src\share\vm\prims\jvm.cpp, line 1386]
Event: 3.723 Thread 0x000000000221a000 Exception <a 'java/io/FileNotFoundException'> (0x00000007582f3d18) thrown at [D:\re\puppet\workspace\8-2-build-windows-amd64-cygwin\jdk8u73\6086\hotspot\src\share\vm\prims\jni.cpp, line 709]
Event: 3.780 Thread 0x000000000221a000 Exception <a 'java/lang/NoSuchFieldError': method resolution failed> (0x00000007583bef00) thrown at [D:\re\puppet\workspace\8-2-build-windows-amd64-cygwin\jdk8u73\6086\hotspot\src\share\vm\prims\methodHandles.cpp, line 1146]
Event: 3.783 Thread 0x000000000221a000 Exception <a 'java/lang/NoSuchFieldError': method resolution failed> (0x00000007583cc2d0) thrown at [D:\re\puppet\workspace\8-2-build-windows-amd64-cygwin\jdk8u73\6086\hotspot\src\share\vm\prims\methodHandles.cpp, line 1146]
Event: 3.954 Thread 0x000000000221a000 Exception <a 'java/io/FileNotFoundException'> (0x000000075845e9a8) thrown at [D:\re\puppet\workspace\8-2-build-windows-amd64-cygwin\jdk8u73\6086\hotspot\src\share\vm\prims\jni.cpp, line 709]
Event: 4.127 Thread 0x0000000020a53000 Implicit null exception at 0x0000000002a5fc4a to 0x0000000002a5fe51
Event: 4.210 Thread 0x0000000020ac7000 Implicit null exception at 0x0000000002a5c849 to 0x0000000002a5cad1
Event: 4.210 Thread 0x0000000020ac6000 Implicit null exception at 0x0000000002a5c849 to 0x0000000002a5cad1
Event: 4.210 Thread 0x0000000020ac6000 Implicit null exception at 0x0000000002a68c26 to 0x0000000002a691d9

Events (10 events):
Event: 89.633 Thread 0x000000002078c000 Thread added: 0x000000002078c000
Event: 89.635 Thread 0x000000002078c000 Thread exited: 0x000000002078c000
Event: 89.638 Executing VM operation: ParallelGCFailedAllocation
Event: 89.733 Executing VM operation: ParallelGCFailedAllocation done
Event: 89.740 Thread 0x000000002078c000 Thread added: 0x000000002078c000
Event: 89.745 Thread 0x000000002078c000 Thread exited: 0x000000002078c000
Event: 89.747 Thread 0x000000002078c000 Thread added: 0x000000002078c000
Event: 89.747 Thread 0x000000002078c000 Thread exited: 0x000000002078c000
Event: 89.751 Thread 0x000000002078c000 Thread added: 0x000000002078c000
Event: 89.751 Thread 0x000000002078c000 Thread exited: 0x000000002078c000


Dynamic libraries:
0x000000013f660000 - 0x000000013f697000 	C:\Program Files\Java\jdk1.8.0_73\jre\bin\java.exe
0x0000000077930000 - 0x0000000077ad9000 	C:\Windows\SYSTEM32\ntdll.dll
0x0000000077810000 - 0x000000007792f000 	C:\Windows\system32\kernel32.dll
0x000007fefde40000 - 0x000007fefdeab000 	C:\Windows\system32\KERNELBASE.dll
0x000007feff890000 - 0x000007feff96b000 	C:\Windows\system32\ADVAPI32.dll
0x000007fefe160000 - 0x000007fefe1ff000 	C:\Windows\system32\msvcrt.dll
0x000007feffc20000 - 0x000007feffc3f000 	C:\Windows\SYSTEM32\sechost.dll
0x000007feff420000 - 0x000007feff54d000 	C:\Windows\system32\RPCRT4.dll
0x0000000077500000 - 0x00000000775fa000 	C:\Windows\system32\USER32.dll
0x000007feff270000 - 0x000007feff2d7000 	C:\Windows\system32\GDI32.dll
0x000007feffa90000 - 0x000007feffa9e000 	C:\Windows\system32\LPK.dll
0x000007feff550000 - 0x000007feff619000 	C:\Windows\system32\USP10.dll
0x000007fefc7e0000 - 0x000007fefc9d4000 	C:\Windows\WinSxS\amd64_microsoft.windows.common-controls_6595b64144ccf1df_6.0.7601.17514_none_fa396087175ac9ac\COMCTL32.dll
0x000007feffb70000 - 0x000007feffbe1000 	C:\Windows\system32\SHLWAPI.dll
0x000007feffbf0000 - 0x000007feffc1e000 	C:\Windows\system32\IMM32.DLL
0x000007feff970000 - 0x000007feffa79000 	C:\Windows\system32\MSCTF.dll
0x00000000609e0000 - 0x0000000060ab2000 	C:\Program Files\Java\jdk1.8.0_73\jre\bin\msvcr100.dll
0x000000005b900000 - 0x000000005c190000 	C:\Program Files\Java\jdk1.8.0_73\jre\bin\server\jvm.dll
0x000007fefa770000 - 0x000007fefa779000 	C:\Windows\system32\WSOCK32.dll
0x000007feffb20000 - 0x000007feffb6d000 	C:\Windows\system32\WS2_32.dll
0x000007feffa80000 - 0x000007feffa88000 	C:\Windows\system32\NSI.dll
0x000007fef82e0000 - 0x000007fef831b000 	C:\Windows\system32\WINMM.dll
0x000007fefcea0000 - 0x000007fefceac000 	C:\Windows\system32\VERSION.dll
0x0000000077b00000 - 0x0000000077b07000 	C:\Windows\system32\PSAPI.DLL
0x0000000060b50000 - 0x0000000060b5f000 	C:\Program Files\Java\jdk1.8.0_73\jre\bin\verify.dll
0x0000000060b20000 - 0x0000000060b49000 	C:\Program Files\Java\jdk1.8.0_73\jre\bin\java.dll
0x0000000060ca0000 - 0x0000000060cd5000 	C:\Program Files\Java\jdk1.8.0_73\jre\bin\jdwp.dll
0x0000000064610000 - 0x0000000064618000 	C:\Program Files\Java\jdk1.8.0_73\jre\bin\npt.dll
0x0000000060b00000 - 0x0000000060b16000 	C:\Program Files\Java\jdk1.8.0_73\jre\bin\zip.dll
0x000007fefe4e0000 - 0x000007feff268000 	C:\Windows\system32\SHELL32.dll
0x000007feff620000 - 0x000007feff823000 	C:\Windows\system32\ole32.dll
0x000007fefdd90000 - 0x000007fefdd9f000 	C:\Windows\system32\profapi.dll
0x0000000064620000 - 0x000000006462b000 	C:\Program Files\Java\jdk1.8.0_73\jre\bin\dt_shmem.dll
0x000000005fc70000 - 0x000000005fe08000 	C:\Program Files\Java\jdk1.8.0_73\jre\bin\awt.dll
0x000007fefe200000 - 0x000007fefe2d7000 	C:\Windows\system32\OLEAUT32.dll
0x000007fefc040000 - 0x000007fefc058000 	C:\Windows\system32\DWMAPI.DLL
0x000007fefdcc0000 - 0x000007fefdccf000 	C:\Windows\system32\CRYPTBASE.dll
0x0000000060990000 - 0x00000000609d7000 	C:\Program Files\Java\jdk1.8.0_73\jre\bin\fontmanager.dll
0x000000005fc40000 - 0x000000005fc6a000 	C:\Program Files\Java\jdk1.8.0_73\jre\bin\dcpr.dll
0x0000000060ae0000 - 0x0000000060afa000 	C:\Program Files\Java\jdk1.8.0_73\jre\bin\net.dll
0x000007fefd600000 - 0x000007fefd655000 	C:\Windows\system32\mswsock.dll
0x000007fefd5f0000 - 0x000007fefd5f7000 	C:\Windows\System32\wship6.dll
0x0000000060ac0000 - 0x0000000060ad1000 	C:\Program Files\Java\jdk1.8.0_73\jre\bin\nio.dll
0x0000000060940000 - 0x0000000060982000 	C:\Program Files\Java\jdk1.8.0_73\jre\bin\t2k.dll
0x000007fef8320000 - 0x000007fef8445000 	C:\Windows\system32\dbghelp.dll

VM Arguments:
jvm_args: -Xdebug -Xrunjdwp:transport=dt_shmem,address=javadebug -Dfile.encoding=UTF-8 -Xmx5000m 
java_command: unalcol.agents.NetworkSim.DataReplicationNodeFailingMain load line+v+3.graph 1 0 carriersrep line+v+3.loc -1 replalgon NODELAY 0 3
java_class_path (initial): C:\Users\ARODRIGUEZ\Documents\Codes\networkSimUN\lib\autocomplete.jar;C:\Users\ARODRIGUEZ\Documents\Codes\networkSimUN\lib\collections-generic-4.01.jar;C:\Users\ARODRIGUEZ\Documents\Codes\networkSimUN\lib\colt-1.2.0.jar;C:\Users\ARODRIGUEZ\Documents\Codes\networkSimUN\lib\commons-discovery-0.5.jar;C:\Users\ARODRIGUEZ\Documents\Codes\networkSimUN\lib\commons-exec-1.1.jar;C:\Users\ARODRIGUEZ\Documents\Codes\networkSimUN\lib\commons-logging-1.1.1.jar;C:\Users\ARODRIGUEZ\Documents\Codes\networkSimUN\lib\concurrent-1.3.4.jar;C:\Users\ARODRIGUEZ\Documents\Codes\networkSimUN\lib\encog-core-3.0.1.jar;C:\Users\ARODRIGUEZ\Documents\Codes\networkSimUN\lib\flexdock-0.5.1.jar;C:\Users\ARODRIGUEZ\Documents\Codes\networkSimUN\lib\flexdock-demo-0.5.2.jar;C:\Users\ARODRIGUEZ\Documents\Codes\networkSimUN\lib\j3d-core-1.3.1.jar;C:\Users\ARODRIGUEZ\Documents\Codes\networkSimUN\lib\jcommon-1.0.17.jar;C:\Users\ARODRIGUEZ\Documents\Codes\networkSimUN\lib\jdom.jar;C:\Users\ARODRIGUEZ\Documents\Codes\networkSimUN\lib\jfreechart-1.0.14.jar;C:\Users\ARODRIGUEZ\Documents\Codes\networkSimUN\lib\jgap.jar;C:\Users\ARODRIGUEZ\Documents\Codes\networkSimUN\lib\jung-3d-2.0.1.jar;C:\Users\ARODRIGUEZ\Documents\Codes\networkSimUN\lib\jung-3d-demos-2.0.1.jar;C:\Users\ARODRIGUEZ\Documents\Codes\networkSimUN\lib\jung-algorithms-2.0.1.jar;C:\Users\ARODRIGUEZ\Documents\Codes\networkSimUN\lib\jung-api-2.0.1.jar;C:\Users\ARODRIGUEZ\Documents\Codes\networkSimUN\lib\jung-graph-impl-2.0.1.jar;C:\Users\ARODRIGUEZ\Documents\Codes\networkSimUN\lib\jung-io-2.0.1.jar;C:\Users\ARODRIGUEZ\Documents\Codes\networkSimUN\lib\jung-jai-2.0.1.jar;C:\Users\ARODRIGUEZ\Documents\Codes\networkSimUN\lib\jung-jai-samples-2.0.1.jar;C:\Users\ARODRIGUEZ\Documents\Codes\networkSimUN\lib\jung-samples-2.0.1.jar;C:\Users\ARODRIGUEZ\Documents\Codes\networkSimUN\lib\jung-visualization-2.0.1.jar;C:\Users\ARODRIGUEZ\Documents\Codes\networkSimUN\lib\junit.jar;C:\Users\ARODRIGUEZ\Documents\Codes\networkSimUN\lib\log4
Launcher Type: SUN_STANDARD

Environment Variables:
PATH=C:\ProgramData\Oracle\Java\javapath;C:\Program Files\Common Files\Microsoft Shared\Windows Live;C:\Program Files (x86)\Common Files\Microsoft Shared\Windows Live;C:\Program Files (x86)\Intel\iCLS Client\;C:\Program Files\Intel\iCLS Client\;C:\Windows\system32;C:\Windows;C:\Windows\System32\Wbem;C:\Windows\System32\WindowsPowerShell\v1.0\;C:\Program Files\Intel\Intel(R) Management Engine Components\DAL;C:\Program Files\Intel\Intel(R) Management Engine Components\IPT;C:\Program Files (x86)\Intel\Intel(R) Management Engine Components\DAL;C:\Program Files (x86)\Intel\Intel(R) Management Engine Components\IPT;C:\Program Files (x86)\Intel\OpenCL SDK\2.0\bin\x86;C:\Program Files (x86)\Intel\OpenCL SDK\2.0\bin\x64;C:\Program Files\Intel\WiFi\bin\;C:\Program Files\Common Files\Intel\WirelessCommon\;C:\Program Files (x86)\Windows Live\Shared;C:\Program Files (x86)\GtkSharp\2.12\bin;C:\Program Files\Git\cmd;C:\Program Files (x86)\MiKTeX 2.9\miktex\bin\;C:\Program Files (x86)\Skype\Phone\
USERNAME=ARODRIGUEZ
OS=Windows_NT
PROCESSOR_IDENTIFIER=Intel64 Family 6 Model 58 Stepping 9, GenuineIntel



---------------  S Y S T E M  ---------------

OS: Windows 7 , 64 bit Build 7601 (6.1.7601.18015)

CPU:total 4 (2 cores per cpu, 2 threads per core) family 6 model 58 stepping 9, cmov, cx8, fxsr, mmx, sse, sse2, sse3, ssse3, sse4.1, sse4.2, popcnt, avx, aes, clmul, erms, ht, tsc, tscinvbit, tscinv

Memory: 4k page, physical 6191468k(2974556k free), swap 12381072k(7459644k free)

vm_info: Java HotSpot(TM) 64-Bit Server VM (25.73-b02) for windows-amd64 JRE (1.8.0_73-b02), built on Jan 29 2016 17:38:49 by "java_re" with MS VC++ 10.0 (VS2010)

time: Thu Mar 23 11:30:03 2017
elapsed time: 90 seconds (0d 0h 1m 30s)

