#
# A fatal error has been detected by the Java Runtime Environment:
#
#  EXCEPTION_ACCESS_VIOLATION (0xc0000005) at pc=0x00000000774c3290, pid=6616, tid=4736
#
# JRE version: Java(TM) SE Runtime Environment (8.0_73-b02) (build 1.8.0_73-b02)
# Java VM: Java HotSpot(TM) 64-Bit Server VM (25.73-b02 mixed mode windows-amd64 compressed oops)
# Problematic frame:
# C  [ntdll.dll+0x53290]
#
# Failed to write core dump. Minidumps are not enabled by default on client versions of Windows
#
# If you would like to submit a bug report, please visit:
#   http://bugreport.java.com/bugreport/crash.jsp
#

---------------  T H R E A D  ---------------

Current thread (0x0000000021fc6000):  Thread [stack: 0x0000000022aa0000,0x0000000022ba0000] [id=0]

siginfo: ExceptionCode=0xc0000005, reading address 0x00000eb7d41fe648

Registers:
RAX=0x000000002230a560, RBX=0x00000eb7d41fe640, RCX=0x000000ffffffffff, RDX=0x00000000218aad30
RSP=0x0000000022b9f8b0, RBP=0x0000000000000000, RSI=0x00000000021c0000, RDI=0x00000000218aad40
R8 =0x00000000218aad40, R9 =0x000002f200320005, R10=0x0000000000000000, R11=0x0000000000000217
R12=0x0000000000000000, R13=0x0000000000000000, R14=0x0000000000000000, R15=0x0000000000000000
RIP=0x00000000774c3290, EFLAGS=0x0000000000010202

Top of Stack: (sp=0x0000000022b9f8b0)
0x0000000022b9f8b0:   0000000000000000 0000000000000000
0x0000000022b9f8c0:   0000000000000000 0000000000000000
0x0000000022b9f8d0:   0000000000000000 0000000000000000
0x0000000022b9f8e0:   0000000021fc6000 000007fefdc3133c
0x0000000022b9f8f0:   0000000000000000 0000000000000000
0x0000000022b9f900:   0000000000000000 0000000000000000
0x0000000022b9f910:   00000000218aad40 0000000000000000
0x0000000022b9f920:   0000000022b9fb10 00000000770c300a
0x0000000022b9f930:   0000000000000000 0000000021fc6000
0x0000000022b9f940:   0000000055d17e03 0000000020dc5120
0x0000000022b9f950:   0000000021fc6000 000000005ed78d94
0x0000000022b9f960:   0000000020dc5120 0000000000000000
0x0000000022b9f970:   0000000000000000 0000000000000000
0x0000000022b9f980:   0000000021fc6000 000000005c190086
0x0000000022b9f990:   0000000021fc6000 0000000021fc6000
0x0000000022b9f9a0:   0000000000000000 0000000023a0e4d0 

Instructions: (pc=0x00000000774c3290)
0x00000000774c3270:   ff ff 00 00 00 48 33 de 48 23 c1 48 c1 eb 04 48
0x00000000774c3280:   33 d8 48 33 1d 3f f1 0d 00 48 c1 e3 04 0f 0d 0b
0x00000000774c3290:   4c 8b 63 08 49 bd 01 00 00 00 01 00 00 00 49 be
0x00000000774c32a0:   ff 7f 00 00 ff ff ff ff c6 42 0f 80 c6 42 0e 00 


Register to memory mapping:

RAX=0x000000002230a560 is an unknown value
RBX=0x00000eb7d41fe640 is an unknown value
RCX=0x000000ffffffffff is an unknown value
RDX=0x00000000218aad30 is an unknown value
RSP=0x0000000022b9f8b0 is an unknown value
RBP=0x0000000000000000 is an unknown value
RSI=0x00000000021c0000 is an unknown value
RDI=0x00000000218aad40 is an unknown value
R8 =0x00000000218aad40 is an unknown value
R9 =0x000002f200320005 is an unknown value
R10=0x0000000000000000 is an unknown value
R11=0x0000000000000217 is an unknown value
R12=0x0000000000000000 is an unknown value
R13=0x0000000000000000 is an unknown value
R14=0x0000000000000000 is an unknown value
R15=0x0000000000000000 is an unknown value


Stack: [0x0000000022aa0000,0x0000000022ba0000],  sp=0x0000000022b9f8b0,  free space=1022k
Native frames: (J=compiled Java code, j=interpreted, Vv=VM code, C=native code)


---------------  P R O C E S S  ---------------

Java Threads: ( => current thread )
  0x0000000021fc3000 JavaThread "Thread-1445" [_thread_blocked, id=3468, stack(0x0000000022c00000,0x0000000022d00000)]
  0x0000000021a2c800 JavaThread "org.netbeans.modules.debugger.jpda.visual AWT Access Loop" daemon [_thread_blocked, id=4012, stack(0x0000000022e80000,0x0000000022f80000)]
  0x0000000020e16000 JavaThread "Thread-4" [_thread_blocked, id=6728, stack(0x0000000022980000,0x0000000022a80000)]
  0x00000000218a6800 JavaThread "AWT-EventQueue-0" [_thread_blocked, id=5252, stack(0x00000000213d0000,0x00000000214d0000)]
  0x0000000020bfa000 JavaThread "AWT-Windows" daemon [_thread_in_native, id=6720, stack(0x0000000021560000,0x0000000021660000)]
  0x0000000020bf9000 JavaThread "AWT-Shutdown" [_thread_blocked, id=5504, stack(0x0000000021190000,0x0000000021290000)]
  0x0000000020bf7000 JavaThread "Java2D Disposer" daemon [_thread_blocked, id=6716, stack(0x00000000212d0000,0x00000000213d0000)]
  0x000000001f82a000 JavaThread "Service Thread" daemon [_thread_blocked, id=6700, stack(0x0000000020830000,0x0000000020930000)]
  0x000000001f820000 JavaThread "C1 CompilerThread2" daemon [_thread_blocked, id=5588, stack(0x0000000020640000,0x0000000020740000)]
  0x000000001f81d000 JavaThread "C2 CompilerThread1" daemon [_thread_blocked, id=6684, stack(0x0000000020400000,0x0000000020500000)]
  0x000000001f7c2000 JavaThread "C2 CompilerThread0" daemon [_thread_blocked, id=6688, stack(0x00000000202b0000,0x00000000203b0000)]
  0x000000001f7b6800 JavaThread "JDWP Command Reader" daemon [_thread_in_native, id=5160, stack(0x0000000020040000,0x0000000020140000)]
  0x000000001f7b3000 JavaThread "JDWP Event Helper Thread" daemon [_thread_blocked, id=6664, stack(0x000000001fed0000,0x000000001ffd0000)]
  0x000000001e32a800 JavaThread "JDWP Transport Listener: dt_shmem" daemon [_thread_blocked, id=6648, stack(0x000000001fd40000,0x000000001fe40000)]
  0x000000001f7a3800 JavaThread "Attach Listener" daemon [_thread_blocked, id=6668, stack(0x000000001fba0000,0x000000001fca0000)]
  0x000000001f7a2800 JavaThread "Signal Dispatcher" daemon [_thread_blocked, id=6960, stack(0x000000001f5a0000,0x000000001f6a0000)]
  0x000000001e2c9000 JavaThread "Finalizer" daemon [_thread_blocked, id=5848, stack(0x000000001f6a0000,0x000000001f7a0000)]
  0x000000001e2c2000 JavaThread "Reference Handler" daemon [_thread_blocked, id=3484, stack(0x000000001f410000,0x000000001f510000)]
  0x000000000220a000 JavaThread "main" [_thread_blocked, id=5716, stack(0x0000000002500000,0x0000000002600000)]

Other Threads:
  0x000000001e2bc000 VMThread [stack: 0x000000001f300000,0x000000001f400000] [id=5668]
  0x000000001f851800 WatcherThread [stack: 0x0000000020190000,0x0000000020290000] [id=6680]

=>0x0000000021fc6000 (exited) Thread [stack: 0x0000000022aa0000,0x0000000022ba0000] [id=0]

VM state:not at safepoint (normal execution)

VM Mutex/Monitor currently owned by a thread: None

Heap:
 PSYoungGen      total 36864K, used 34728K [0x0000000757d80000, 0x000000075b680000, 0x00000007c0000000)
  eden space 36352K, 95% used [0x0000000757d80000,0x0000000759f5a320,0x000000075a100000)
  from space 512K, 12% used [0x000000075b600000,0x000000075b610000,0x000000075b680000)
  to   space 1536K, 0% used [0x000000075b380000,0x000000075b380000,0x000000075b500000)
 ParOldGen       total 65536K, used 5527K [0x0000000687800000, 0x000000068b800000, 0x0000000757d80000)
  object space 65536K, 8% used [0x0000000687800000,0x0000000687d65e58,0x000000068b800000)
 Metaspace       used 12873K, capacity 13064K, committed 13312K, reserved 1060864K
  class space    used 1367K, capacity 1437K, committed 1536K, reserved 1048576K

Card table byte_map: [0x0000000011c90000,0x0000000012660000] byte_map_base: 0x000000000e854000

Marking Bits: (ParMarkBitMap*) 0x000000005c760600
 Begin Bits: [0x0000000013320000, 0x0000000018140000)
 End Bits:   [0x0000000018140000, 0x000000001cf60000)

Polling page: 0x0000000000130000

CodeCache: size=245760Kb used=9631Kb max_used=9643Kb free=236128Kb
 bounds [0x00000000028d0000, 0x0000000003260000, 0x00000000118d0000]
 total_blobs=3131 nmethods=2667 adapters=383
 compilation: enabled

Compilation events (10 events):
Event: 32.445 Thread 0x000000001f81d000 nmethod 2870 0x00000000031be950 code [0x00000000031bea80, 0x00000000031beaf8]
Event: 32.452 Thread 0x000000001f81d000 2871   !   4       sun.reflect.GeneratedMethodAccessor2::invoke (61 bytes)
Event: 32.453 Thread 0x000000001f81d000 nmethod 2871 0x0000000002aeead0 code [0x0000000002aeec20, 0x0000000002aeed58]
Event: 32.454 Thread 0x000000001f7c2000 nmethod 2869 0x0000000002ce3910 code [0x0000000002ce3aa0, 0x0000000002ce4a78]
Event: 32.648 Thread 0x000000001f820000 2872       3       org.netbeans.modules.debugger.jpda.visual.remote.RemoteAWTService::access$000 (4 bytes)
Event: 32.648 Thread 0x000000001f820000 nmethod 2872 0x0000000002b392d0 code [0x0000000002b39420, 0x0000000002b39570]
Event: 32.648 Thread 0x000000001f820000 2873       3       org.netbeans.modules.debugger.jpda.visual.remote.RemoteAWTService::access$100 (4 bytes)
Event: 32.648 Thread 0x000000001f820000 nmethod 2873 0x0000000002ba8210 code [0x0000000002ba8360, 0x0000000002ba84b0]
Event: 34.645 Thread 0x000000001f820000 2874       3       java.util.HashMap$KeySet::iterator (12 bytes)
Event: 34.645 Thread 0x000000001f820000 nmethod 2874 0x0000000002ce9110 code [0x0000000002ce9280, 0x0000000002ce9508]

GC Heap History (10 events):
Event: 29.526 GC heap before
{Heap before GC invocations=32 (full 0):
 PSYoungGen      total 43520K, used 41568K [0x0000000757d80000, 0x000000075ba80000, 0x00000007c0000000)
  eden space 41472K, 100% used [0x0000000757d80000,0x000000075a600000,0x000000075a600000)
  from space 2048K, 4% used [0x000000075b680000,0x000000075b698000,0x000000075b880000)
  to   space 2048K, 0% used [0x000000075b880000,0x000000075b880000,0x000000075ba80000)
 ParOldGen       total 65536K, used 5439K [0x0000000687800000, 0x000000068b800000, 0x0000000757d80000)
  object space 65536K, 8% used [0x0000000687800000,0x0000000687d4fe58,0x000000068b800000)
 Metaspace       used 12872K, capacity 13064K, committed 13312K, reserved 1060864K
  class space    used 1367K, capacity 1437K, committed 1536K, reserved 1048576K
Event: 29.527 GC heap after
Heap after GC invocations=32 (full 0):
 PSYoungGen      total 40960K, used 96K [0x0000000757d80000, 0x000000075b900000, 0x00000007c0000000)
  eden space 40448K, 0% used [0x0000000757d80000,0x0000000757d80000,0x000000075a500000)
  from space 512K, 18% used [0x000000075b880000,0x000000075b898000,0x000000075b900000)
  to   space 2048K, 0% used [0x000000075b500000,0x000000075b500000,0x000000075b700000)
 ParOldGen       total 65536K, used 5455K [0x0000000687800000, 0x000000068b800000, 0x0000000757d80000)
  object space 65536K, 8% used [0x0000000687800000,0x0000000687d53e58,0x000000068b800000)
 Metaspace       used 12872K, capacity 13064K, committed 13312K, reserved 1060864K
  class space    used 1367K, capacity 1437K, committed 1536K, reserved 1048576K
}
Event: 30.214 GC heap before
{Heap before GC invocations=33 (full 0):
 PSYoungGen      total 40960K, used 40544K [0x0000000757d80000, 0x000000075b900000, 0x00000007c0000000)
  eden space 40448K, 100% used [0x0000000757d80000,0x000000075a500000,0x000000075a500000)
  from space 512K, 18% used [0x000000075b880000,0x000000075b898000,0x000000075b900000)
  to   space 2048K, 0% used [0x000000075b500000,0x000000075b500000,0x000000075b700000)
 ParOldGen       total 65536K, used 5455K [0x0000000687800000, 0x000000068b800000, 0x0000000757d80000)
  object space 65536K, 8% used [0x0000000687800000,0x0000000687d53e58,0x000000068b800000)
 Metaspace       used 12872K, capacity 13064K, committed 13312K, reserved 1060864K
  class space    used 1367K, capacity 1437K, committed 1536K, reserved 1048576K
Event: 30.215 GC heap after
Heap after GC invocations=33 (full 0):
 PSYoungGen      total 41472K, used 96K [0x0000000757d80000, 0x000000075b900000, 0x00000007c0000000)
  eden space 39424K, 0% used [0x0000000757d80000,0x0000000757d80000,0x000000075a400000)
  from space 2048K, 4% used [0x000000075b500000,0x000000075b518000,0x000000075b700000)
  to   space 2048K, 0% used [0x000000075b700000,0x000000075b700000,0x000000075b900000)
 ParOldGen       total 65536K, used 5471K [0x0000000687800000, 0x000000068b800000, 0x0000000757d80000)
  object space 65536K, 8% used [0x0000000687800000,0x0000000687d57e58,0x000000068b800000)
 Metaspace       used 12872K, capacity 13064K, committed 13312K, reserved 1060864K
  class space    used 1367K, capacity 1437K, committed 1536K, reserved 1048576K
}
Event: 30.875 GC heap before
{Heap before GC invocations=34 (full 0):
 PSYoungGen      total 41472K, used 39520K [0x0000000757d80000, 0x000000075b900000, 0x00000007c0000000)
  eden space 39424K, 100% used [0x0000000757d80000,0x000000075a400000,0x000000075a400000)
  from space 2048K, 4% used [0x000000075b500000,0x000000075b518000,0x000000075b700000)
  to   space 2048K, 0% used [0x000000075b700000,0x000000075b700000,0x000000075b900000)
 ParOldGen       total 65536K, used 5471K [0x0000000687800000, 0x000000068b800000, 0x0000000757d80000)
  object space 65536K, 8% used [0x0000000687800000,0x0000000687d57e58,0x000000068b800000)
 Metaspace       used 12873K, capacity 13064K, committed 13312K, reserved 1060864K
  class space    used 1367K, capacity 1437K, committed 1536K, reserved 1048576K
Event: 30.876 GC heap after
Heap after GC invocations=34 (full 0):
 PSYoungGen      total 38912K, used 64K [0x0000000757d80000, 0x000000075b780000, 0x00000007c0000000)
  eden space 38400K, 0% used [0x0000000757d80000,0x0000000757d80000,0x000000075a300000)
  from space 512K, 12% used [0x000000075b700000,0x000000075b710000,0x000000075b780000)
  to   space 2048K, 0% used [0x000000075b380000,0x000000075b380000,0x000000075b580000)
 ParOldGen       total 65536K, used 5487K [0x0000000687800000, 0x000000068b800000, 0x0000000757d80000)
  object space 65536K, 8% used [0x0000000687800000,0x0000000687d5be58,0x000000068b800000)
 Metaspace       used 12873K, capacity 13064K, committed 13312K, reserved 1060864K
  class space    used 1367K, capacity 1437K, committed 1536K, reserved 1048576K
}
Event: 31.532 GC heap before
{Heap before GC invocations=35 (full 0):
 PSYoungGen      total 38912K, used 38464K [0x0000000757d80000, 0x000000075b780000, 0x00000007c0000000)
  eden space 38400K, 100% used [0x0000000757d80000,0x000000075a300000,0x000000075a300000)
  from space 512K, 12% used [0x000000075b700000,0x000000075b710000,0x000000075b780000)
  to   space 2048K, 0% used [0x000000075b380000,0x000000075b380000,0x000000075b580000)
 ParOldGen       total 65536K, used 5487K [0x0000000687800000, 0x000000068b800000, 0x0000000757d80000)
  object space 65536K, 8% used [0x0000000687800000,0x0000000687d5be58,0x000000068b800000)
 Metaspace       used 12873K, capacity 13064K, committed 13312K, reserved 1060864K
  class space    used 1367K, capacity 1437K, committed 1536K, reserved 1048576K
Event: 31.533 GC heap after
Heap after GC invocations=35 (full 0):
 PSYoungGen      total 39424K, used 64K [0x0000000757d80000, 0x000000075b780000, 0x00000007c0000000)
  eden space 37376K, 0% used [0x0000000757d80000,0x0000000757d80000,0x000000075a200000)
  from space 2048K, 3% used [0x000000075b380000,0x000000075b390000,0x000000075b580000)
  to   space 1536K, 0% used [0x000000075b600000,0x000000075b600000,0x000000075b780000)
 ParOldGen       total 65536K, used 5511K [0x0000000687800000, 0x000000068b800000, 0x0000000757d80000)
  object space 65536K, 8% used [0x0000000687800000,0x0000000687d61e58,0x000000068b800000)
 Metaspace       used 12873K, capacity 13064K, committed 13312K, reserved 1060864K
  class space    used 1367K, capacity 1437K, committed 1536K, reserved 1048576K
}
Event: 32.162 GC heap before
{Heap before GC invocations=36 (full 0):
 PSYoungGen      total 39424K, used 37440K [0x0000000757d80000, 0x000000075b780000, 0x00000007c0000000)
  eden space 37376K, 100% used [0x0000000757d80000,0x000000075a200000,0x000000075a200000)
  from space 2048K, 3% used [0x000000075b380000,0x000000075b390000,0x000000075b580000)
  to   space 1536K, 0% used [0x000000075b600000,0x000000075b600000,0x000000075b780000)
 ParOldGen       total 65536K, used 5511K [0x0000000687800000, 0x000000068b800000, 0x0000000757d80000)
  object space 65536K, 8% used [0x0000000687800000,0x0000000687d61e58,0x000000068b800000)
 Metaspace       used 12873K, capacity 13064K, committed 13312K, reserved 1060864K
  class space    used 1367K, capacity 1437K, committed 1536K, reserved 1048576K
Event: 32.163 GC heap after
Heap after GC invocations=36 (full 0):
 PSYoungGen      total 36864K, used 64K [0x0000000757d80000, 0x000000075b680000, 0x00000007c0000000)
  eden space 36352K, 0% used [0x0000000757d80000,0x0000000757d80000,0x000000075a100000)
  from space 512K, 12% used [0x000000075b600000,0x000000075b610000,0x000000075b680000)
  to   space 1536K, 0% used [0x000000075b380000,0x000000075b380000,0x000000075b500000)
 ParOldGen       total 65536K, used 5527K [0x0000000687800000, 0x000000068b800000, 0x0000000757d80000)
  object space 65536K, 8% used [0x0000000687800000,0x0000000687d65e58,0x000000068b800000)
 Metaspace       used 12873K, capacity 13064K, committed 13312K, reserved 1060864K
  class space    used 1367K, capacity 1437K, committed 1536K, reserved 1048576K
}

Deoptimization events (10 events):
Event: 7.357 Thread 0x00000000218a6800 Uncommon trap: reason=unstable_if action=reinterpret pc=0x0000000002c708f4 method=java.lang.ref.SoftReference.get()Ljava/lang/Object; @ 6
Event: 17.117 Thread 0x00000000218a6800 Uncommon trap: reason=unstable_if action=reinterpret pc=0x0000000003132834 method=java.util.concurrent.locks.ReentrantLock$NonfairSync.lock()V @ 6
Event: 17.420 Thread 0x00000000218a6800 Uncommon trap: reason=unstable_if action=reinterpret pc=0x0000000002b39c04 method=java.util.HashMap$HashIterator.<init>(Ljava/util/HashMap;)V @ 45
Event: 26.633 Thread 0x00000000218a6800 Uncommon trap: reason=bimorphic action=maybe_recompile pc=0x0000000002ae7f78 method=java.util.Collections$UnmodifiableCollection$1.hasNext()Z @ 4
Event: 26.633 Thread 0x00000000218a6800 Uncommon trap: reason=bimorphic action=maybe_recompile pc=0x0000000002ae7f78 method=java.util.Collections$UnmodifiableCollection$1.hasNext()Z @ 4
Event: 26.633 Thread 0x00000000218a6800 Uncommon trap: reason=unstable_if action=reinterpret pc=0x00000000031cb07c method=sun.java2d.pipe.AAShapePipe.renderTiles(Lsun/java2d/SunGraphics2D;Ljava/awt/Shape;Lsun/java2d/pipe/AATileGenerator;[I)V @ 148
Event: 26.634 Thread 0x00000000218a6800 Uncommon trap: reason=unstable_if action=reinterpret pc=0x0000000003073a74 method=sun.java2d.pipe.Region.needSpace(I)V @ 11
Event: 26.634 Thread 0x00000000218a6800 Uncommon trap: reason=unstable_if action=reinterpret pc=0x0000000002f6d050 method=java.lang.StrictMath.floorOrCeil(DDDD)D @ 24
Event: 26.646 Thread 0x00000000218a6800 Uncommon trap: reason=unstable_if action=reinterpret pc=0x0000000002af1690 method=sun.font.FileFontStrike.getCachedGlyphPtr(I)J @ 99
Event: 32.483 Thread 0x00000000218a6800 Uncommon trap: reason=unstable_if action=reinterpret pc=0x0000000002b3bb20 method=java.util.HashMap$HashIterator.<init>(Ljava/util/HashMap;)V @ 45

Internal exceptions (10 events):
Event: 4.854 Thread 0x000000000220a000 Exception <a 'java/io/FileNotFoundException'> (0x000000075836d1e0) thrown at [D:\re\puppet\workspace\8-2-build-windows-amd64-cygwin\jdk8u73\6086\hotspot\src\share\vm\prims\jni.cpp, line 709]
Event: 4.912 Thread 0x000000000220a000 Exception <a 'java/lang/NoSuchFieldError': method resolution failed> (0x0000000758438958) thrown at [D:\re\puppet\workspace\8-2-build-windows-amd64-cygwin\jdk8u73\6086\hotspot\src\share\vm\prims\methodHandles.cpp, line 1146]
Event: 4.914 Thread 0x000000000220a000 Exception <a 'java/lang/NoSuchFieldError': method resolution failed> (0x0000000758445cf8) thrown at [D:\re\puppet\workspace\8-2-build-windows-amd64-cygwin\jdk8u73\6086\hotspot\src\share\vm\prims\methodHandles.cpp, line 1146]
Event: 5.103 Thread 0x000000000220a000 Exception <a 'java/io/FileNotFoundException'> (0x00000007584eaa40) thrown at [D:\re\puppet\workspace\8-2-build-windows-amd64-cygwin\jdk8u73\6086\hotspot\src\share\vm\prims\jni.cpp, line 709]
Event: 5.149 Thread 0x000000000220a000 Implicit null exception at 0x0000000002ab8e19 to 0x0000000002ab9255
Event: 5.291 Thread 0x0000000020bfa000 Implicit null exception at 0x0000000002aece0a to 0x0000000002aed011
Event: 5.369 Thread 0x0000000020e17000 Implicit null exception at 0x0000000002b00189 to 0x0000000002b00411
Event: 5.369 Thread 0x0000000020e16000 Implicit null exception at 0x0000000002af8326 to 0x0000000002af88d9
Event: 5.370 Thread 0x0000000020e16000 Implicit null exception at 0x0000000002b02da9 to 0x0000000002b03405
Event: 26.646 Thread 0x00000000218a6800 Implicit null exception at 0x0000000002af1428 to 0x0000000002af1675

Events (10 events):
Event: 37.409 Thread 0x0000000021fc5800 Thread exited: 0x0000000021fc5800
Event: 37.410 Thread 0x0000000021fc7000 Thread exited: 0x0000000021fc7000
Event: 37.441 Thread 0x0000000021fc6000 Thread added: 0x0000000021fc6000
Event: 37.443 Thread 0x0000000021fc6000 Thread exited: 0x0000000021fc6000
Event: 37.443 Thread 0x0000000021fc6000 Thread added: 0x0000000021fc6000
Event: 37.444 Thread 0x0000000021fc6000 Thread exited: 0x0000000021fc6000
Event: 37.473 Thread 0x0000000021fc7800 Thread added: 0x0000000021fc7800
Event: 37.475 Thread 0x0000000021fc7800 Thread exited: 0x0000000021fc7800
Event: 37.475 Thread 0x0000000020d08000 Thread added: 0x0000000020d08000
Event: 37.476 Thread 0x0000000020d08000 Thread exited: 0x0000000020d08000


Dynamic libraries:
0x000000013fe80000 - 0x000000013feb7000 	C:\Program Files\Java\jdk1.8.0_73\jre\bin\java.exe
0x0000000077470000 - 0x0000000077619000 	C:\Windows\SYSTEM32\ntdll.dll
0x00000000770a0000 - 0x00000000771bf000 	C:\Windows\system32\kernel32.dll
0x000007fefdc30000 - 0x000007fefdc9b000 	C:\Windows\system32\KERNELBASE.dll
0x000007fefe3a0000 - 0x000007fefe47b000 	C:\Windows\system32\ADVAPI32.dll
0x000007feff320000 - 0x000007feff3bf000 	C:\Windows\system32\msvcrt.dll
0x000007feff3c0000 - 0x000007feff3df000 	C:\Windows\SYSTEM32\sechost.dll
0x000007fefdd30000 - 0x000007fefde5d000 	C:\Windows\system32\RPCRT4.dll
0x0000000076fa0000 - 0x000000007709a000 	C:\Windows\system32\USER32.dll
0x000007fefdcc0000 - 0x000007fefdd27000 	C:\Windows\system32\GDI32.dll
0x000007fefe480000 - 0x000007fefe48e000 	C:\Windows\system32\LPK.dll
0x000007fefe490000 - 0x000007fefe559000 	C:\Windows\system32\USP10.dll
0x000007fefbfb0000 - 0x000007fefc1a4000 	C:\Windows\WinSxS\amd64_microsoft.windows.common-controls_6595b64144ccf1df_6.0.7601.17514_none_fa396087175ac9ac\COMCTL32.dll
0x000007feff3e0000 - 0x000007feff451000 	C:\Windows\system32\SHLWAPI.dll
0x000007fefe560000 - 0x000007fefe58e000 	C:\Windows\system32\IMM32.DLL
0x000007fefde60000 - 0x000007fefdf69000 	C:\Windows\system32\MSCTF.dll
0x000000005ed10000 - 0x000000005ede2000 	C:\Program Files\Java\jdk1.8.0_73\jre\bin\msvcr100.dll
0x000000005bf50000 - 0x000000005c7e0000 	C:\Program Files\Java\jdk1.8.0_73\jre\bin\server\jvm.dll
0x000007fefa7b0000 - 0x000007fefa7b9000 	C:\Windows\system32\WSOCK32.dll
0x000007fefe350000 - 0x000007fefe39d000 	C:\Windows\system32\WS2_32.dll
0x000007fefdf70000 - 0x000007fefdf78000 	C:\Windows\system32\NSI.dll
0x000007fef8210000 - 0x000007fef824b000 	C:\Windows\system32\WINMM.dll
0x000007fefc9e0000 - 0x000007fefc9ec000 	C:\Windows\system32\VERSION.dll
0x0000000077630000 - 0x0000000077637000 	C:\Windows\system32\PSAPI.DLL
0x000000005ee80000 - 0x000000005ee8f000 	C:\Program Files\Java\jdk1.8.0_73\jre\bin\verify.dll
0x000000005ee50000 - 0x000000005ee79000 	C:\Program Files\Java\jdk1.8.0_73\jre\bin\java.dll
0x000000005e070000 - 0x000000005e0a5000 	C:\Program Files\Java\jdk1.8.0_73\jre\bin\jdwp.dll
0x000000005e6b0000 - 0x000000005e6b8000 	C:\Program Files\Java\jdk1.8.0_73\jre\bin\npt.dll
0x000000005ee30000 - 0x000000005ee46000 	C:\Program Files\Java\jdk1.8.0_73\jre\bin\zip.dll
0x000007fefe590000 - 0x000007feff318000 	C:\Windows\system32\SHELL32.dll
0x000007fefe060000 - 0x000007fefe263000 	C:\Windows\system32\ole32.dll
0x000007fefd8d0000 - 0x000007fefd8df000 	C:\Windows\system32\profapi.dll
0x000000005e6c0000 - 0x000000005e6cb000 	C:\Program Files\Java\jdk1.8.0_73\jre\bin\dt_shmem.dll
0x000000005e8e0000 - 0x000000005ea78000 	C:\Program Files\Java\jdk1.8.0_73\jre\bin\awt.dll
0x000007fefe270000 - 0x000007fefe347000 	C:\Windows\system32\OLEAUT32.dll
0x000007fefb660000 - 0x000007fefb678000 	C:\Windows\system32\DWMAPI.DLL
0x000007fefd800000 - 0x000007fefd80f000 	C:\Windows\system32\CRYPTBASE.dll
0x000000005e890000 - 0x000000005e8d7000 	C:\Program Files\Java\jdk1.8.0_73\jre\bin\fontmanager.dll
0x000000005e800000 - 0x000000005e82a000 	C:\Program Files\Java\jdk1.8.0_73\jre\bin\dcpr.dll
0x000000005ee10000 - 0x000000005ee2a000 	C:\Program Files\Java\jdk1.8.0_73\jre\bin\net.dll
0x000007fefd140000 - 0x000007fefd195000 	C:\Windows\system32\mswsock.dll
0x000007fefd130000 - 0x000007fefd137000 	C:\Windows\System32\wship6.dll
0x000000005edf0000 - 0x000000005ee01000 	C:\Program Files\Java\jdk1.8.0_73\jre\bin\nio.dll
0x000000005e840000 - 0x000000005e882000 	C:\Program Files\Java\jdk1.8.0_73\jre\bin\t2k.dll
0x000007fef7e30000 - 0x000007fef7f55000 	C:\Windows\system32\dbghelp.dll

VM Arguments:
jvm_args: -Xdebug -Xrunjdwp:transport=dt_shmem,address=javadebug -Dfile.encoding=UTF-8 -Xmx5000m 
java_command: unalcol.agents.NetworkSim.DataReplicationNodeFailingMain load line+v+2.graph 1 0 carriersrep line+v+2.loc -1 replalgon NODELAY 0.001 3
java_class_path (initial): C:\Users\ARODRIGUEZ\Documents\Codes\networkSimUN\lib\autocomplete.jar;C:\Users\ARODRIGUEZ\Documents\Codes\networkSimUN\lib\collections-generic-4.01.jar;C:\Users\ARODRIGUEZ\Documents\Codes\networkSimUN\lib\colt-1.2.0.jar;C:\Users\ARODRIGUEZ\Documents\Codes\networkSimUN\lib\commons-discovery-0.5.jar;C:\Users\ARODRIGUEZ\Documents\Codes\networkSimUN\lib\commons-exec-1.1.jar;C:\Users\ARODRIGUEZ\Documents\Codes\networkSimUN\lib\commons-logging-1.1.1.jar;C:\Users\ARODRIGUEZ\Documents\Codes\networkSimUN\lib\concurrent-1.3.4.jar;C:\Users\ARODRIGUEZ\Documents\Codes\networkSimUN\lib\encog-core-3.0.1.jar;C:\Users\ARODRIGUEZ\Documents\Codes\networkSimUN\lib\flexdock-0.5.1.jar;C:\Users\ARODRIGUEZ\Documents\Codes\networkSimUN\lib\flexdock-demo-0.5.2.jar;C:\Users\ARODRIGUEZ\Documents\Codes\networkSimUN\lib\j3d-core-1.3.1.jar;C:\Users\ARODRIGUEZ\Documents\Codes\networkSimUN\lib\jcommon-1.0.17.jar;C:\Users\ARODRIGUEZ\Documents\Codes\networkSimUN\lib\jdom.jar;C:\Users\ARODRIGUEZ\Documents\Codes\networkSimUN\lib\jfreechart-1.0.14.jar;C:\Users\ARODRIGUEZ\Documents\Codes\networkSimUN\lib\jgap.jar;C:\Users\ARODRIGUEZ\Documents\Codes\networkSimUN\lib\jung-3d-2.0.1.jar;C:\Users\ARODRIGUEZ\Documents\Codes\networkSimUN\lib\jung-3d-demos-2.0.1.jar;C:\Users\ARODRIGUEZ\Documents\Codes\networkSimUN\lib\jung-algorithms-2.0.1.jar;C:\Users\ARODRIGUEZ\Documents\Codes\networkSimUN\lib\jung-api-2.0.1.jar;C:\Users\ARODRIGUEZ\Documents\Codes\networkSimUN\lib\jung-graph-impl-2.0.1.jar;C:\Users\ARODRIGUEZ\Documents\Codes\networkSimUN\lib\jung-io-2.0.1.jar;C:\Users\ARODRIGUEZ\Documents\Codes\networkSimUN\lib\jung-jai-2.0.1.jar;C:\Users\ARODRIGUEZ\Documents\Codes\networkSimUN\lib\jung-jai-samples-2.0.1.jar;C:\Users\ARODRIGUEZ\Documents\Codes\networkSimUN\lib\jung-samples-2.0.1.jar;C:\Users\ARODRIGUEZ\Documents\Codes\networkSimUN\lib\jung-visualization-2.0.1.jar;C:\Users\ARODRIGUEZ\Documents\Codes\networkSimUN\lib\junit.jar;C:\Users\ARODRIGUEZ\Documents\Codes\networkSimUN\lib\log4
Launcher Type: SUN_STANDARD

Environment Variables:
PATH=C:\ProgramData\Oracle\Java\javapath;C:\Program Files\Common Files\Microsoft Shared\Windows Live;C:\Program Files (x86)\Common Files\Microsoft Shared\Windows Live;C:\Program Files (x86)\Intel\iCLS Client\;C:\Program Files\Intel\iCLS Client\;C:\Windows\system32;C:\Windows;C:\Windows\System32\Wbem;C:\Windows\System32\WindowsPowerShell\v1.0\;C:\Program Files\Intel\Intel(R) Management Engine Components\DAL;C:\Program Files\Intel\Intel(R) Management Engine Components\IPT;C:\Program Files (x86)\Intel\Intel(R) Management Engine Components\DAL;C:\Program Files (x86)\Intel\Intel(R) Management Engine Components\IPT;C:\Program Files (x86)\Intel\OpenCL SDK\2.0\bin\x86;C:\Program Files (x86)\Intel\OpenCL SDK\2.0\bin\x64;C:\Program Files\Intel\WiFi\bin\;C:\Program Files\Common Files\Intel\WirelessCommon\;C:\Program Files (x86)\Windows Live\Shared;C:\Program Files (x86)\Skype\Phone\;C:\Program Files (x86)\GtkSharp\2.12\bin;C:\Program Files\Git\cmd;C:\Program Files (x86)\MiKTeX 2.9\miktex\bin\
USERNAME=ARODRIGUEZ
OS=Windows_NT
PROCESSOR_IDENTIFIER=Intel64 Family 6 Model 58 Stepping 9, GenuineIntel



---------------  S Y S T E M  ---------------

OS: Windows 7 , 64 bit Build 7601 (6.1.7601.18015)

CPU:total 4 (2 cores per cpu, 2 threads per core) family 6 model 58 stepping 9, cmov, cx8, fxsr, mmx, sse, sse2, sse3, ssse3, sse4.1, sse4.2, popcnt, avx, aes, clmul, erms, ht, tsc, tscinvbit, tscinv

Memory: 4k page, physical 6191468k(1744648k free), swap 12381072k(7493200k free)

vm_info: Java HotSpot(TM) 64-Bit Server VM (25.73-b02) for windows-amd64 JRE (1.8.0_73-b02), built on Jan 29 2016 17:38:49 by "java_re" with MS VC++ 10.0 (VS2010)

time: Thu Mar 16 10:55:50 2017
elapsed time: 37 seconds (0d 0h 0m 37s)

