#
# A fatal error has been detected by the Java Runtime Environment:
#
#  EXCEPTION_ACCESS_VIOLATION (0xc0000005) at pc=0x00000000774c3290, pid=2788, tid=1304
#
# JRE version: Java(TM) SE Runtime Environment (8.0_73-b02) (build 1.8.0_73-b02)
# Java VM: Java HotSpot(TM) 64-Bit Server VM (25.73-b02 mixed mode windows-amd64 compressed oops)
# Problematic frame:
# C  [ntdll.dll+0x53290]
#
# Failed to write core dump. Minidumps are not enabled by default on client versions of Windows
#
# If you would like to submit a bug report, please visit:
#   http://bugreport.java.com/bugreport/crash.jsp
#

---------------  T H R E A D  ---------------

Current thread (0x0000000020cc2800):  Thread [stack: 0x0000000024c00000,0x0000000024d00000] [id=1304]

siginfo: ExceptionCode=0xc0000005, reading address 0x00000673fc950678

Registers:
RAX=0x0000000023f35370, RBX=0x00000673fc950670, RCX=0x000000ffffffffff, RDX=0x0000000021ecff70
RSP=0x0000000024cff5c0, RBP=0x0000000000000000, RSI=0x00000000020e0000, RDI=0x0000000021ecff80
R8 =0x0000000021ecff80, R9 =0x00001d3100220008, R10=0x0000000000000000, R11=0x0000000000000207
R12=0x0000000000000000, R13=0x0000000000000000, R14=0x0000000000000000, R15=0x0000000000000000
RIP=0x00000000774c3290, EFLAGS=0x0000000000010202

Top of Stack: (sp=0x0000000024cff5c0)
0x0000000024cff5c0:   0000000000000000 0000000000000000
0x0000000024cff5d0:   0000000000000000 0000000000000000
0x0000000024cff5e0:   0000000000000000 0000000000000000
0x0000000024cff5f0:   0000000020cc2800 000007fefdc3133c
0x0000000024cff600:   0000000000000000 0000000000000000
0x0000000024cff610:   0000000000000000 0000000000000000
0x0000000024cff620:   0000000021ecff80 0000000000000000
0x0000000024cff630:   0000000024cffaa0 00000000770c300a
0x0000000024cff640:   000000000000001f 0000000020cc2800
0x0000000024cff650:   0000000053394ab5 000000002462f170
0x0000000024cff660:   0000000020cc2800 000000005ed78d94
0x0000000024cff670:   000000002462f170 0000000000000000
0x0000000024cff680:   0000000000000000 0000000000000000
0x0000000024cff690:   0000000020cc2800 000000005c190086
0x0000000024cff6a0:   0000000020cc2800 0000000020cc2800
0x0000000024cff6b0:   0000000000000000 0000000021969d40 

Instructions: (pc=0x00000000774c3290)
0x00000000774c3270:   ff ff 00 00 00 48 33 de 48 23 c1 48 c1 eb 04 48
0x00000000774c3280:   33 d8 48 33 1d 3f f1 0d 00 48 c1 e3 04 0f 0d 0b
0x00000000774c3290:   4c 8b 63 08 49 bd 01 00 00 00 01 00 00 00 49 be
0x00000000774c32a0:   ff 7f 00 00 ff ff ff ff c6 42 0f 80 c6 42 0e 00 


Register to memory mapping:

RAX=0x0000000023f35370 is an unknown value
RBX=0x00000673fc950670 is an unknown value
RCX=0x000000ffffffffff is an unknown value
RDX=0x0000000021ecff70 is an unknown value
RSP=0x0000000024cff5c0 is an unknown value
RBP=0x0000000000000000 is an unknown value
RSI=0x00000000020e0000 is an unknown value
RDI=0x0000000021ecff80 is an unknown value
R8 =0x0000000021ecff80 is an unknown value
R9 =0x00001d3100220008 is an unknown value
R10=0x0000000000000000 is an unknown value
R11=0x0000000000000207 is an unknown value
R12=0x0000000000000000 is an unknown value
R13=0x0000000000000000 is an unknown value
R14=0x0000000000000000 is an unknown value
R15=0x0000000000000000 is an unknown value


Stack: [0x0000000024c00000,0x0000000024d00000],  sp=0x0000000024cff5c0,  free space=1021k
Native frames: (J=compiled Java code, j=interpreted, Vv=VM code, C=native code)


---------------  P R O C E S S  ---------------

Java Threads: ( => current thread )
  0x0000000020cbe000 JavaThread "Thread-13966" [_thread_blocked, id=1616, stack(0x0000000024f50000,0x0000000025050000)]
  0x0000000020cbd800 JavaThread "Thread-13970" [_thread_blocked, id=3604, stack(0x0000000023520000,0x0000000023620000)]
  0x0000000020cc2000 JavaThread "Thread-13969" [_thread_blocked, id=6524, stack(0x0000000024d50000,0x0000000024e50000)]
  0x0000000020af5000 JavaThread "Thread-13967" [_thread_blocked, id=6636, stack(0x0000000024a20000,0x0000000024b20000)]
  0x0000000020cbc800 JavaThread "Thread-8414" [_thread_blocked, id=5988, stack(0x0000000024660000,0x0000000024760000)]
  0x0000000020af0000 JavaThread "Thread-8416" [_thread_blocked, id=6848, stack(0x0000000022680000,0x0000000022780000)]
  0x0000000020af4800 JavaThread "Thread-8415" [_thread_blocked, id=6436, stack(0x0000000022cd0000,0x0000000022dd0000)]
  0x0000000020af6000 JavaThread "Thread-6108" [_thread_in_Java, id=6932, stack(0x0000000022950000,0x0000000022a50000)]
  0x0000000020af3000 JavaThread "Thread-6107" [_thread_in_native, id=3204, stack(0x0000000023420000,0x0000000023520000)]
  0x0000000020af2000 JavaThread "Thread-6106" [_thread_blocked, id=7060, stack(0x0000000022840000,0x0000000022940000)]
  0x0000000020af3800 JavaThread "org.netbeans.modules.debugger.jpda.visual AWT Access Loop" daemon [_thread_blocked, id=2564, stack(0x0000000022ec0000,0x0000000022fc0000)]
  0x0000000020af0800 JavaThread "Thread-6" [_thread_blocked, id=6316, stack(0x0000000022bc0000,0x0000000022cc0000)]
  0x0000000020cbb000 JavaThread "AWT-EventQueue-0" [_thread_in_native, id=4276, stack(0x0000000021300000,0x0000000021400000)]
  0x00000000209c4000 JavaThread "AWT-Windows" daemon [_thread_in_native, id=4240, stack(0x0000000021180000,0x0000000021280000)]
  0x00000000209c0800 JavaThread "AWT-Shutdown" [_thread_blocked, id=4436, stack(0x0000000021020000,0x0000000021120000)]
  0x00000000209bf000 JavaThread "Java2D Disposer" daemon [_thread_blocked, id=5848, stack(0x0000000020f10000,0x0000000021010000)]
  0x000000001f58d000 JavaThread "Service Thread" daemon [_thread_blocked, id=4852, stack(0x0000000020350000,0x0000000020450000)]
  0x000000001f50d800 JavaThread "C1 CompilerThread2" daemon [_thread_blocked, id=5572, stack(0x000000001fd00000,0x000000001fe00000)]
  0x000000001f501000 JavaThread "C2 CompilerThread1" daemon [_thread_blocked, id=6552, stack(0x0000000020230000,0x0000000020330000)]
  0x000000001f4ff000 JavaThread "C2 CompilerThread0" daemon [_thread_blocked, id=2692, stack(0x000000001faa0000,0x000000001fba0000)]
  0x000000001f4f3800 JavaThread "JDWP Command Reader" daemon [_thread_in_native, id=5228, stack(0x00000000200e0000,0x00000000201e0000)]
  0x000000001f4f0000 JavaThread "JDWP Event Helper Thread" daemon [_thread_blocked, id=6400, stack(0x000000001ffa0000,0x00000000200a0000)]
  0x000000001f4eb000 JavaThread "JDWP Transport Listener: dt_shmem" daemon [_thread_blocked, id=4340, stack(0x000000001fe40000,0x000000001ff40000)]
  0x000000001f4e0800 JavaThread "Attach Listener" daemon [_thread_blocked, id=7096, stack(0x000000001fbf0000,0x000000001fcf0000)]
  0x000000001df67800 JavaThread "Signal Dispatcher" daemon [_thread_blocked, id=2460, stack(0x000000001f960000,0x000000001fa60000)]
  0x000000001df09000 JavaThread "Finalizer" daemon [_thread_blocked, id=6548, stack(0x000000001f3e0000,0x000000001f4e0000)]
  0x000000001df02000 JavaThread "Reference Handler" daemon [_thread_blocked, id=4324, stack(0x000000001f200000,0x000000001f300000)]
  0x000000000212a000 JavaThread "main" [_thread_blocked, id=5500, stack(0x0000000002400000,0x0000000002500000)]

Other Threads:
  0x000000001defc000 VMThread [stack: 0x000000001f080000,0x000000001f180000] [id=4452]
  0x000000001f5b3800 WatcherThread [stack: 0x0000000020600000,0x0000000020700000] [id=4152]

=>0x0000000020cc2800 (exited) Thread [stack: 0x0000000024c00000,0x0000000024d00000] [id=1304]

VM state:not at safepoint (normal execution)

VM Mutex/Monitor currently owned by a thread: None

Heap:
 PSYoungGen      total 115200K, used 83977K [0x0000000757d80000, 0x0000000761c80000, 0x00000007c0000000)
  eden space 114688K, 73% used [0x0000000757d80000,0x000000075cf62540,0x000000075ed80000)
  from space 512K, 25% used [0x0000000761b80000,0x0000000761ba0000,0x0000000761c00000)
  to   space 512K, 0% used [0x0000000761c00000,0x0000000761c00000,0x0000000761c80000)
 ParOldGen       total 65536K, used 8856K [0x0000000687800000, 0x000000068b800000, 0x0000000757d80000)
  object space 65536K, 13% used [0x0000000687800000,0x00000006880a6018,0x000000068b800000)
 Metaspace       used 12611K, capacity 12852K, committed 12928K, reserved 1060864K
  class space    used 1344K, capacity 1405K, committed 1408K, reserved 1048576K

Card table byte_map: [0x0000000011b90000,0x0000000012560000] byte_map_base: 0x000000000e754000

Marking Bits: (ParMarkBitMap*) 0x000000005c760600
 Begin Bits: [0x0000000012f60000, 0x0000000017d80000)
 End Bits:   [0x0000000017d80000, 0x000000001cba0000)

Polling page: 0x0000000001b60000

CodeCache: size=245760Kb used=10030Kb max_used=10414Kb free=235729Kb
 bounds [0x00000000027d0000, 0x00000000032f0000, 0x00000000117d0000]
 total_blobs=2978 nmethods=2521 adapters=377
 compilation: enabled

Compilation events (10 events):
Event: 74.721 Thread 0x000000001f501000 nmethod 3404 0x0000000002e30190 code [0x0000000002e302e0, 0x0000000002e30418]
Event: 74.722 Thread 0x000000001f4ff000 nmethod 3403 0x00000000030a1990 code [0x00000000030a1ae0, 0x00000000030a1c58]
Event: 75.458 Thread 0x000000001f50d800 3405       1       java.awt.Window::isRecursivelyVisible (5 bytes)
Event: 75.458 Thread 0x000000001f50d800 nmethod 3405 0x0000000002ff97d0 code [0x0000000002ff9920, 0x0000000002ff9a30]
Event: 76.069 Thread 0x000000001f501000 3406       4       unalcol.agents.NetworkSim.Node::calculateTimeout (306 bytes)
Event: 76.333 Thread 0x000000001f501000 nmethod 3406 0x000000000329c550 code [0x000000000329c9e0, 0x00000000032a4060]
Event: 77.967 Thread 0x000000001f50d800 3407       3       java.nio.CharBuffer::hasArray (20 bytes)
Event: 77.968 Thread 0x000000001f50d800 nmethod 3407 0x0000000002b31ad0 code [0x0000000002b31c20, 0x0000000002b31e10]
Event: 77.968 Thread 0x000000001f50d800 3408       3       java.nio.ByteBuffer::hasArray (20 bytes)
Event: 77.968 Thread 0x000000001f50d800 nmethod 3408 0x0000000002d07390 code [0x0000000002d074e0, 0x0000000002d076d0]

GC Heap History (10 events):
Event: 76.631 GC heap before
{Heap before GC invocations=201 (full 0):
 PSYoungGen      total 72192K, used 71808K [0x0000000757d80000, 0x0000000761c80000, 0x00000007c0000000)
  eden space 71680K, 100% used [0x0000000757d80000,0x000000075c380000,0x000000075c380000)
  from space 512K, 25% used [0x0000000761c00000,0x0000000761c20000,0x0000000761c80000)
  to   space 512K, 0% used [0x0000000761b80000,0x0000000761b80000,0x0000000761c00000)
 ParOldGen       total 65536K, used 8745K [0x0000000687800000, 0x000000068b800000, 0x0000000757d80000)
  object space 65536K, 13% used [0x0000000687800000,0x000000068808a5b8,0x000000068b800000)
 Metaspace       used 12610K, capacity 12852K, committed 12928K, reserved 1060864K
  class space    used 1344K, capacity 1405K, committed 1408K, reserved 1048576K
Event: 76.632 GC heap after
Heap after GC invocations=201 (full 0):
 PSYoungGen      total 86528K, used 128K [0x0000000757d80000, 0x0000000761c80000, 0x00000007c0000000)
  eden space 86016K, 0% used [0x0000000757d80000,0x0000000757d80000,0x000000075d180000)
  from space 512K, 25% used [0x0000000761b80000,0x0000000761ba0000,0x0000000761c00000)
  to   space 512K, 0% used [0x0000000761c00000,0x0000000761c00000,0x0000000761c80000)
 ParOldGen       total 65536K, used 8769K [0x0000000687800000, 0x000000068b800000, 0x0000000757d80000)
  object space 65536K, 13% used [0x0000000687800000,0x00000006880905b8,0x000000068b800000)
 Metaspace       used 12610K, capacity 12852K, committed 12928K, reserved 1060864K
  class space    used 1344K, capacity 1405K, committed 1408K, reserved 1048576K
}
Event: 76.853 GC heap before
{Heap before GC invocations=202 (full 0):
 PSYoungGen      total 86528K, used 86144K [0x0000000757d80000, 0x0000000761c80000, 0x00000007c0000000)
  eden space 86016K, 100% used [0x0000000757d80000,0x000000075d180000,0x000000075d180000)
  from space 512K, 25% used [0x0000000761b80000,0x0000000761ba0000,0x0000000761c00000)
  to   space 512K, 0% used [0x0000000761c00000,0x0000000761c00000,0x0000000761c80000)
 ParOldGen       total 65536K, used 8777K [0x0000000687800000, 0x000000068b800000, 0x0000000757d80000)
  object space 65536K, 13% used [0x0000000687800000,0x0000000688092630,0x000000068b800000)
 Metaspace       used 12610K, capacity 12852K, committed 12928K, reserved 1060864K
  class space    used 1344K, capacity 1405K, committed 1408K, reserved 1048576K
Event: 76.853 GC heap after
Heap after GC invocations=202 (full 0):
 PSYoungGen      total 103936K, used 128K [0x0000000757d80000, 0x0000000761c80000, 0x00000007c0000000)
  eden space 103424K, 0% used [0x0000000757d80000,0x0000000757d80000,0x000000075e280000)
  from space 512K, 25% used [0x0000000761c00000,0x0000000761c20000,0x0000000761c80000)
  to   space 512K, 0% used [0x0000000761b80000,0x0000000761b80000,0x0000000761c00000)
 ParOldGen       total 65536K, used 8793K [0x0000000687800000, 0x000000068b800000, 0x0000000757d80000)
  object space 65536K, 13% used [0x0000000687800000,0x0000000688096630,0x000000068b800000)
 Metaspace       used 12610K, capacity 12852K, committed 12928K, reserved 1060864K
  class space    used 1344K, capacity 1405K, committed 1408K, reserved 1048576K
}
Event: 77.121 GC heap before
{Heap before GC invocations=203 (full 0):
 PSYoungGen      total 103936K, used 103552K [0x0000000757d80000, 0x0000000761c80000, 0x00000007c0000000)
  eden space 103424K, 100% used [0x0000000757d80000,0x000000075e280000,0x000000075e280000)
  from space 512K, 25% used [0x0000000761c00000,0x0000000761c20000,0x0000000761c80000)
  to   space 512K, 0% used [0x0000000761b80000,0x0000000761b80000,0x0000000761c00000)
 ParOldGen       total 65536K, used 8796K [0x0000000687800000, 0x000000068b800000, 0x0000000757d80000)
  object space 65536K, 13% used [0x0000000687800000,0x00000006880971c0,0x000000068b800000)
 Metaspace       used 12610K, capacity 12852K, committed 12928K, reserved 1060864K
  class space    used 1344K, capacity 1405K, committed 1408K, reserved 1048576K
Event: 77.122 GC heap after
Heap after GC invocations=203 (full 0):
 PSYoungGen      total 124928K, used 96K [0x0000000757d80000, 0x0000000761c80000, 0x00000007c0000000)
  eden space 124416K, 0% used [0x0000000757d80000,0x0000000757d80000,0x000000075f700000)
  from space 512K, 18% used [0x0000000761b80000,0x0000000761b98000,0x0000000761c00000)
  to   space 512K, 0% used [0x0000000761c00000,0x0000000761c00000,0x0000000761c80000)
 ParOldGen       total 65536K, used 8804K [0x0000000687800000, 0x000000068b800000, 0x0000000757d80000)
  object space 65536K, 13% used [0x0000000687800000,0x00000006880991c0,0x000000068b800000)
 Metaspace       used 12610K, capacity 12852K, committed 12928K, reserved 1060864K
  class space    used 1344K, capacity 1405K, committed 1408K, reserved 1048576K
}
Event: 77.438 GC heap before
{Heap before GC invocations=204 (full 0):
 PSYoungGen      total 124928K, used 124512K [0x0000000757d80000, 0x0000000761c80000, 0x00000007c0000000)
  eden space 124416K, 100% used [0x0000000757d80000,0x000000075f700000,0x000000075f700000)
  from space 512K, 18% used [0x0000000761b80000,0x0000000761b98000,0x0000000761c00000)
  to   space 512K, 0% used [0x0000000761c00000,0x0000000761c00000,0x0000000761c80000)
 ParOldGen       total 65536K, used 8804K [0x0000000687800000, 0x000000068b800000, 0x0000000757d80000)
  object space 65536K, 13% used [0x0000000687800000,0x00000006880991d0,0x000000068b800000)
 Metaspace       used 12610K, capacity 12852K, committed 12928K, reserved 1060864K
  class space    used 1344K, capacity 1405K, committed 1408K, reserved 1048576K
Event: 77.439 GC heap after
Heap after GC invocations=204 (full 0):
 PSYoungGen      total 119808K, used 128K [0x0000000757d80000, 0x0000000761c80000, 0x00000007c0000000)
  eden space 119296K, 0% used [0x0000000757d80000,0x0000000757d80000,0x000000075f200000)
  from space 512K, 25% used [0x0000000761c00000,0x0000000761c20000,0x0000000761c80000)
  to   space 512K, 0% used [0x0000000761b80000,0x0000000761b80000,0x0000000761c00000)
 ParOldGen       total 65536K, used 8820K [0x0000000687800000, 0x000000068b800000, 0x0000000757d80000)
  object space 65536K, 13% used [0x0000000687800000,0x000000068809d1d0,0x000000068b800000)
 Metaspace       used 12610K, capacity 12852K, committed 12928K, reserved 1060864K
  class space    used 1344K, capacity 1405K, committed 1408K, reserved 1048576K
}
Event: 77.752 GC heap before
{Heap before GC invocations=205 (full 0):
 PSYoungGen      total 119808K, used 119424K [0x0000000757d80000, 0x0000000761c80000, 0x00000007c0000000)
  eden space 119296K, 100% used [0x0000000757d80000,0x000000075f200000,0x000000075f200000)
  from space 512K, 25% used [0x0000000761c00000,0x0000000761c20000,0x0000000761c80000)
  to   space 512K, 0% used [0x0000000761b80000,0x0000000761b80000,0x0000000761c00000)
 ParOldGen       total 65536K, used 8832K [0x0000000687800000, 0x000000068b800000, 0x0000000757d80000)
  object space 65536K, 13% used [0x0000000687800000,0x00000006880a0018,0x000000068b800000)
 Metaspace       used 12610K, capacity 12852K, committed 12928K, reserved 1060864K
  class space    used 1344K, capacity 1405K, committed 1408K, reserved 1048576K
Event: 77.753 GC heap after
Heap after GC invocations=205 (full 0):
 PSYoungGen      total 115200K, used 128K [0x0000000757d80000, 0x0000000761c80000, 0x00000007c0000000)
  eden space 114688K, 0% used [0x0000000757d80000,0x0000000757d80000,0x000000075ed80000)
  from space 512K, 25% used [0x0000000761b80000,0x0000000761ba0000,0x0000000761c00000)
  to   space 512K, 0% used [0x0000000761c00000,0x0000000761c00000,0x0000000761c80000)
 ParOldGen       total 65536K, used 8856K [0x0000000687800000, 0x000000068b800000, 0x0000000757d80000)
  object space 65536K, 13% used [0x0000000687800000,0x00000006880a6018,0x000000068b800000)
 Metaspace       used 12610K, capacity 12852K, committed 12928K, reserved 1060864K
  class space    used 1344K, capacity 1405K, committed 1408K, reserved 1048576K
}

Deoptimization events (10 events):
Event: 67.367 Thread 0x0000000020cbc800 Uncommon trap: reason=bimorphic action=maybe_recompile pc=0x00000000031a91ac method=java.lang.reflect.Constructor.newInstance([Ljava/lang/Object;)Ljava/lang/Object; @ 79
Event: 67.367 Thread 0x0000000020cbc800 Uncommon trap: reason=bimorphic action=maybe_recompile pc=0x00000000031a91ac method=java.lang.reflect.Constructor.newInstance([Ljava/lang/Object;)Ljava/lang/Object; @ 79
Event: 71.891 Thread 0x0000000020aef000 Uncommon trap: reason=unstable_if action=reinterpret pc=0x0000000002b7e2ec method=unalcol.agents.NetworkSim.Node.calculateTimeout()V @ 128
Event: 71.956 Thread 0x0000000020aef000 Uncommon trap: reason=unstable_if action=reinterpret pc=0x000000000327bd48 method=unalcol.agents.NetworkSim.environment.NetworkEnvironmentPheromoneReplicationNodeFailing.evaluateAgentCreation(Lunalcol/agents/NetworkSim/Node;)V @ 128
Event: 71.956 Thread 0x0000000020aef000 Uncommon trap: reason=unstable_if action=reinterpret pc=0x0000000002c7ba68 method=java.lang.Double.compare(DD)I @ 11
Event: 71.956 Thread 0x0000000020aef000 Uncommon trap: reason=unstable_if action=reinterpret pc=0x0000000002eec710 method=java.lang.Double.compare(DD)I @ 11
Event: 71.988 Thread 0x0000000020aef000 Uncommon trap: reason=unstable_if action=reinterpret pc=0x000000000313e384 method=java.lang.Double.compare(DD)I @ 11
Event: 71.988 Thread 0x0000000020aef000 Uncommon trap: reason=unstable_if action=reinterpret pc=0x0000000002c62ce4 method=java.util.ComparableTimSort.countRunAndMakeAscending([Ljava/lang/Object;II)I @ 110
Event: 73.845 Thread 0x0000000020af5000 Uncommon trap: reason=bimorphic action=maybe_recompile pc=0x00000000031db4a8 method=java.util.AbstractCollection.toArray()[Ljava/lang/Object; @ 1
Event: 73.875 Thread 0x0000000020cbb000 Uncommon trap: reason=range_check action=make_not_entrant pc=0x00000000030f380c method=java.awt.geom.AffineTransform.getMatrix([D)V @ 6

Internal exceptions (10 events):
Event: 0.652 Thread 0x0000000020dfa800 Implicit null exception at 0x00000000029f4749 to 0x00000000029f49ba
Event: 31.033 Thread 0x0000000020cbb000 Implicit null exception at 0x00000000030ede5e to 0x00000000030ee2d9
Event: 31.034 Thread 0x0000000020cbb000 Implicit null exception at 0x000000000312d1f1 to 0x000000000312d43f
Event: 31.035 Thread 0x0000000020cbb000 Implicit null exception at 0x00000000030a1928 to 0x00000000030a1b75
Event: 31.101 Thread 0x0000000020af6000 Implicit null exception at 0x00000000029debb8 to 0x00000000029e058d
Event: 31.101 Thread 0x0000000020af6000 Implicit null exception at 0x000000000290cedb to 0x000000000290ee89
Event: 38.416 Thread 0x0000000020af0800 Implicit null exception at 0x000000000310a635 to 0x000000000310a6f1
Event: 45.059 Thread 0x0000000020aef000 Implicit null exception at 0x0000000002d2f49c to 0x0000000002d31735
Event: 45.093 Thread 0x0000000020cbb000 Implicit null exception at 0x00000000031287ae to 0x00000000031289c4
Event: 71.956 Thread 0x0000000020aef000 Implicit null exception at 0x000000000327a565 to 0x000000000327bd25

Events (10 events):
Event: 77.958 Thread 0x0000000020aef000 Thread added: 0x0000000020aef000
Event: 77.958 Thread 0x0000000020aef000 Thread exited: 0x0000000020aef000
Event: 77.962 Thread 0x0000000020af1800 Thread exited: 0x0000000020af1800
Event: 77.967 Thread 0x0000000020af1800 Thread added: 0x0000000020af1800
Event: 77.967 Thread 0x0000000020cbc000 Thread exited: 0x0000000020cbc000
Event: 77.968 Thread 0x000000001f50d800 flushing nmethod 0x0000000002bb6690
Event: 77.969 Thread 0x0000000020af1800 Thread exited: 0x0000000020af1800
Event: 77.972 Thread 0x0000000020af1800 Thread added: 0x0000000020af1800
Event: 77.972 Thread 0x0000000020af1800 Thread exited: 0x0000000020af1800
Event: 77.973 Thread 0x0000000020cc2800 Thread exited: 0x0000000020cc2800


Dynamic libraries:
0x000000013ff80000 - 0x000000013ffb7000 	C:\Program Files\Java\jdk1.8.0_73\jre\bin\java.exe
0x0000000077470000 - 0x0000000077619000 	C:\Windows\SYSTEM32\ntdll.dll
0x00000000770a0000 - 0x00000000771bf000 	C:\Windows\system32\kernel32.dll
0x000007fefdc30000 - 0x000007fefdc9b000 	C:\Windows\system32\KERNELBASE.dll
0x000007fefe3a0000 - 0x000007fefe47b000 	C:\Windows\system32\ADVAPI32.dll
0x000007feff320000 - 0x000007feff3bf000 	C:\Windows\system32\msvcrt.dll
0x000007feff3c0000 - 0x000007feff3df000 	C:\Windows\SYSTEM32\sechost.dll
0x000007fefdd30000 - 0x000007fefde5d000 	C:\Windows\system32\RPCRT4.dll
0x0000000076fa0000 - 0x000000007709a000 	C:\Windows\system32\USER32.dll
0x000007fefdcc0000 - 0x000007fefdd27000 	C:\Windows\system32\GDI32.dll
0x000007fefe480000 - 0x000007fefe48e000 	C:\Windows\system32\LPK.dll
0x000007fefe490000 - 0x000007fefe559000 	C:\Windows\system32\USP10.dll
0x000007fefbfb0000 - 0x000007fefc1a4000 	C:\Windows\WinSxS\amd64_microsoft.windows.common-controls_6595b64144ccf1df_6.0.7601.17514_none_fa396087175ac9ac\COMCTL32.dll
0x000007feff3e0000 - 0x000007feff451000 	C:\Windows\system32\SHLWAPI.dll
0x000007fefe560000 - 0x000007fefe58e000 	C:\Windows\system32\IMM32.DLL
0x000007fefde60000 - 0x000007fefdf69000 	C:\Windows\system32\MSCTF.dll
0x000000005ed10000 - 0x000000005ede2000 	C:\Program Files\Java\jdk1.8.0_73\jre\bin\msvcr100.dll
0x000000005bf50000 - 0x000000005c7e0000 	C:\Program Files\Java\jdk1.8.0_73\jre\bin\server\jvm.dll
0x000007fefa7b0000 - 0x000007fefa7b9000 	C:\Windows\system32\WSOCK32.dll
0x000007fefe350000 - 0x000007fefe39d000 	C:\Windows\system32\WS2_32.dll
0x000007fefdf70000 - 0x000007fefdf78000 	C:\Windows\system32\NSI.dll
0x000007fef8210000 - 0x000007fef824b000 	C:\Windows\system32\WINMM.dll
0x000007fefc9e0000 - 0x000007fefc9ec000 	C:\Windows\system32\VERSION.dll
0x0000000077630000 - 0x0000000077637000 	C:\Windows\system32\PSAPI.DLL
0x000000005ee80000 - 0x000000005ee8f000 	C:\Program Files\Java\jdk1.8.0_73\jre\bin\verify.dll
0x000000005ee50000 - 0x000000005ee79000 	C:\Program Files\Java\jdk1.8.0_73\jre\bin\java.dll
0x000000005b850000 - 0x000000005b885000 	C:\Program Files\Java\jdk1.8.0_73\jre\bin\jdwp.dll
0x000000005e050000 - 0x000000005e058000 	C:\Program Files\Java\jdk1.8.0_73\jre\bin\npt.dll
0x000000005ee30000 - 0x000000005ee46000 	C:\Program Files\Java\jdk1.8.0_73\jre\bin\zip.dll
0x000007fefe590000 - 0x000007feff318000 	C:\Windows\system32\SHELL32.dll
0x000007fefe060000 - 0x000007fefe263000 	C:\Windows\system32\ole32.dll
0x000007fefd8d0000 - 0x000007fefd8df000 	C:\Windows\system32\profapi.dll
0x000000005e6c0000 - 0x000000005e6cb000 	C:\Program Files\Java\jdk1.8.0_73\jre\bin\dt_shmem.dll
0x000000005e8e0000 - 0x000000005ea78000 	C:\Program Files\Java\jdk1.8.0_73\jre\bin\awt.dll
0x000007fefe270000 - 0x000007fefe347000 	C:\Windows\system32\OLEAUT32.dll
0x000007fefb660000 - 0x000007fefb678000 	C:\Windows\system32\DWMAPI.DLL
0x000007fefd800000 - 0x000007fefd80f000 	C:\Windows\system32\CRYPTBASE.dll
0x000000005e890000 - 0x000000005e8d7000 	C:\Program Files\Java\jdk1.8.0_73\jre\bin\fontmanager.dll
0x000000005e800000 - 0x000000005e82a000 	C:\Program Files\Java\jdk1.8.0_73\jre\bin\dcpr.dll
0x000000005ee10000 - 0x000000005ee2a000 	C:\Program Files\Java\jdk1.8.0_73\jre\bin\net.dll
0x000007fefd140000 - 0x000007fefd195000 	C:\Windows\system32\mswsock.dll
0x000007fefd130000 - 0x000007fefd137000 	C:\Windows\System32\wship6.dll
0x000000005edf0000 - 0x000000005ee01000 	C:\Program Files\Java\jdk1.8.0_73\jre\bin\nio.dll
0x000000005e840000 - 0x000000005e882000 	C:\Program Files\Java\jdk1.8.0_73\jre\bin\t2k.dll
0x000007fef7e30000 - 0x000007fef7f55000 	C:\Windows\system32\dbghelp.dll

VM Arguments:
jvm_args: -Xdebug -Xrunjdwp:transport=dt_shmem,address=javadebug -Dfile.encoding=UTF-8 -Xmx5000m 
java_command: unalcol.agents.NetworkSim.DataReplicationNodeFailingMain load line+v+3.graph 1 0 carriersrep line+v+3.loc -1 replalgon NODELAY 0.001 3
java_class_path (initial): C:\Users\ARODRIGUEZ\Documents\Codes\networkSimUN\lib\autocomplete.jar;C:\Users\ARODRIGUEZ\Documents\Codes\networkSimUN\lib\collections-generic-4.01.jar;C:\Users\ARODRIGUEZ\Documents\Codes\networkSimUN\lib\colt-1.2.0.jar;C:\Users\ARODRIGUEZ\Documents\Codes\networkSimUN\lib\commons-discovery-0.5.jar;C:\Users\ARODRIGUEZ\Documents\Codes\networkSimUN\lib\commons-exec-1.1.jar;C:\Users\ARODRIGUEZ\Documents\Codes\networkSimUN\lib\commons-logging-1.1.1.jar;C:\Users\ARODRIGUEZ\Documents\Codes\networkSimUN\lib\concurrent-1.3.4.jar;C:\Users\ARODRIGUEZ\Documents\Codes\networkSimUN\lib\encog-core-3.0.1.jar;C:\Users\ARODRIGUEZ\Documents\Codes\networkSimUN\lib\flexdock-0.5.1.jar;C:\Users\ARODRIGUEZ\Documents\Codes\networkSimUN\lib\flexdock-demo-0.5.2.jar;C:\Users\ARODRIGUEZ\Documents\Codes\networkSimUN\lib\j3d-core-1.3.1.jar;C:\Users\ARODRIGUEZ\Documents\Codes\networkSimUN\lib\jcommon-1.0.17.jar;C:\Users\ARODRIGUEZ\Documents\Codes\networkSimUN\lib\jdom.jar;C:\Users\ARODRIGUEZ\Documents\Codes\networkSimUN\lib\jfreechart-1.0.14.jar;C:\Users\ARODRIGUEZ\Documents\Codes\networkSimUN\lib\jgap.jar;C:\Users\ARODRIGUEZ\Documents\Codes\networkSimUN\lib\jung-3d-2.0.1.jar;C:\Users\ARODRIGUEZ\Documents\Codes\networkSimUN\lib\jung-3d-demos-2.0.1.jar;C:\Users\ARODRIGUEZ\Documents\Codes\networkSimUN\lib\jung-algorithms-2.0.1.jar;C:\Users\ARODRIGUEZ\Documents\Codes\networkSimUN\lib\jung-api-2.0.1.jar;C:\Users\ARODRIGUEZ\Documents\Codes\networkSimUN\lib\jung-graph-impl-2.0.1.jar;C:\Users\ARODRIGUEZ\Documents\Codes\networkSimUN\lib\jung-io-2.0.1.jar;C:\Users\ARODRIGUEZ\Documents\Codes\networkSimUN\lib\jung-jai-2.0.1.jar;C:\Users\ARODRIGUEZ\Documents\Codes\networkSimUN\lib\jung-jai-samples-2.0.1.jar;C:\Users\ARODRIGUEZ\Documents\Codes\networkSimUN\lib\jung-samples-2.0.1.jar;C:\Users\ARODRIGUEZ\Documents\Codes\networkSimUN\lib\jung-visualization-2.0.1.jar;C:\Users\ARODRIGUEZ\Documents\Codes\networkSimUN\lib\junit.jar;C:\Users\ARODRIGUEZ\Documents\Codes\networkSimUN\lib\log4
Launcher Type: SUN_STANDARD

Environment Variables:
PATH=C:\ProgramData\Oracle\Java\javapath;C:\Program Files\Common Files\Microsoft Shared\Windows Live;C:\Program Files (x86)\Common Files\Microsoft Shared\Windows Live;C:\Program Files (x86)\Intel\iCLS Client\;C:\Program Files\Intel\iCLS Client\;C:\Windows\system32;C:\Windows;C:\Windows\System32\Wbem;C:\Windows\System32\WindowsPowerShell\v1.0\;C:\Program Files\Intel\Intel(R) Management Engine Components\DAL;C:\Program Files\Intel\Intel(R) Management Engine Components\IPT;C:\Program Files (x86)\Intel\Intel(R) Management Engine Components\DAL;C:\Program Files (x86)\Intel\Intel(R) Management Engine Components\IPT;C:\Program Files (x86)\Intel\OpenCL SDK\2.0\bin\x86;C:\Program Files (x86)\Intel\OpenCL SDK\2.0\bin\x64;C:\Program Files\Intel\WiFi\bin\;C:\Program Files\Common Files\Intel\WirelessCommon\;C:\Program Files (x86)\Windows Live\Shared;C:\Program Files (x86)\Skype\Phone\;C:\Program Files (x86)\GtkSharp\2.12\bin;C:\Program Files\Git\cmd;C:\Program Files (x86)\MiKTeX 2.9\miktex\bin\
USERNAME=ARODRIGUEZ
OS=Windows_NT
PROCESSOR_IDENTIFIER=Intel64 Family 6 Model 58 Stepping 9, GenuineIntel



---------------  S Y S T E M  ---------------

OS: Windows 7 , 64 bit Build 7601 (6.1.7601.18015)

CPU:total 4 (2 cores per cpu, 2 threads per core) family 6 model 58 stepping 9, cmov, cx8, fxsr, mmx, sse, sse2, sse3, ssse3, sse4.1, sse4.2, popcnt, avx, aes, clmul, erms, ht, tsc, tscinvbit, tscinv

Memory: 4k page, physical 6191468k(2861756k free), swap 12381072k(6758712k free)

vm_info: Java HotSpot(TM) 64-Bit Server VM (25.73-b02) for windows-amd64 JRE (1.8.0_73-b02), built on Jan 29 2016 17:38:49 by "java_re" with MS VC++ 10.0 (VS2010)

time: Thu Mar 16 13:09:35 2017
elapsed time: 77 seconds (0d 0h 1m 17s)

