#
# A fatal error has been detected by the Java Runtime Environment:
#
#  EXCEPTION_ACCESS_VIOLATION (0xc0000005) at pc=0x0000000077983290, pid=7600, tid=7668
#
# JRE version: Java(TM) SE Runtime Environment (8.0_73-b02) (build 1.8.0_73-b02)
# Java VM: Java HotSpot(TM) 64-Bit Server VM (25.73-b02 mixed mode windows-amd64 compressed oops)
# Problematic frame:
# C  [ntdll.dll+0x53290]
#
# Failed to write core dump. Minidumps are not enabled by default on client versions of Windows
#
# If you would like to submit a bug report, please visit:
#   http://bugreport.java.com/bugreport/crash.jsp
#

---------------  T H R E A D  ---------------

Current thread (0x0000000020e7f800):  Thread [stack: 0x00000000230a0000,0x00000000231a0000] [id=7668]

siginfo: ExceptionCode=0xc0000005, reading address 0x00000ff318b44d78

Registers:
RAX=0x0000000020b3e9b0, RBX=0x00000ff318b44d70, RCX=0x000000ffffffffff, RDX=0x0000000020b2b7e0
RSP=0x000000002319f590, RBP=0x0000000000000000, RSI=0x0000000002230000, RDI=0x0000000020b2b7f0
R8 =0x0000000020b2b7f0, R9 =0x6f6980c90022000b, R10=0x0000000000000000, R11=0x0000000000000203
R12=0x0000000000000000, R13=0x0000000000000000, R14=0x0000000000000000, R15=0x0000000000000000
RIP=0x0000000077983290, EFLAGS=0x0000000000010202

Top of Stack: (sp=0x000000002319f590)
0x000000002319f590:   0000000000000000 0000000000000000
0x000000002319f5a0:   0000000000000000 0000000000000000
0x000000002319f5b0:   0000000000000000 0000000000000000
0x000000002319f5c0:   0000000020e7f800 000007fefde4133c
0x000000002319f5d0:   0000000000000000 0000000000000000
0x000000002319f5e0:   0000000000000000 0000000000000000
0x000000002319f5f0:   0000000020b2b7f0 0000000000000000
0x000000002319f600:   000000002319f8f0 000000007783300a
0x000000002319f610:   0000000000000000 0000000020e7f800
0x000000002319f620:   0000000054021672 00000000210c3220
0x000000002319f630:   0000000020e7f800 0000000060a48d94
0x000000002319f640:   00000000210c3220 0000000000000000
0x000000002319f650:   0000000000000000 0000000000000000
0x000000002319f660:   0000000020e7f800 000000005bb40086
0x000000002319f670:   0000000020e7f800 0000000020e7f800
0x000000002319f680:   0000000000000000 000000001f7827a0 

Instructions: (pc=0x0000000077983290)
0x0000000077983270:   ff ff 00 00 00 48 33 de 48 23 c1 48 c1 eb 04 48
0x0000000077983280:   33 d8 48 33 1d 3f f1 0d 00 48 c1 e3 04 0f 0d 0b
0x0000000077983290:   4c 8b 63 08 49 bd 01 00 00 00 01 00 00 00 49 be
0x00000000779832a0:   ff 7f 00 00 ff ff ff ff c6 42 0f 80 c6 42 0e 00 


Register to memory mapping:

RAX=0x0000000020b3e9b0 is an unknown value
RBX=0x00000ff318b44d70 is an unknown value
RCX=0x000000ffffffffff is an unknown value
RDX=0x0000000020b2b7e0 is an unknown value
RSP=0x000000002319f590 is an unknown value
RBP=0x0000000000000000 is an unknown value
RSI=0x0000000002230000 is an unknown value
RDI=0x0000000020b2b7f0 is an unknown value
R8 =0x0000000020b2b7f0 is an unknown value
R9 =0x6f6980c90022000b is an unknown value
R10=0x0000000000000000 is an unknown value
R11=0x0000000000000203 is an unknown value
R12=0x0000000000000000 is an unknown value
R13=0x0000000000000000 is an unknown value
R14=0x0000000000000000 is an unknown value
R15=0x0000000000000000 is an unknown value


Stack: [0x00000000230a0000,0x00000000231a0000],  sp=0x000000002319f590,  free space=1021k
Native frames: (J=compiled Java code, j=interpreted, Vv=VM code, C=native code)


---------------  P R O C E S S  ---------------

Java Threads: ( => current thread )
  0x00000000210c2800 JavaThread "org.netbeans.modules.debugger.jpda.visual AWT Access Loop" daemon [_thread_blocked, id=7316, stack(0x0000000022f50000,0x0000000023050000)]
  0x0000000020dcd000 JavaThread "Thread-6" [_thread_blocked, id=8688, stack(0x00000000206a0000,0x00000000207a0000)]
  0x0000000020dec000 JavaThread "Thread-5" [_thread_blocked, id=10224, stack(0x0000000022ce0000,0x0000000022de0000)]
  0x0000000020e2d000 JavaThread "Thread-4" [_thread_blocked, id=1144, stack(0x00000000216a0000,0x00000000217a0000)]
  0x0000000020e2b800 JavaThread "Thread-3" [_thread_blocked, id=6680, stack(0x0000000022a70000,0x0000000022b70000)]
  0x0000000020d53000 JavaThread "AWT-EventQueue-0" [_thread_blocked, id=7244, stack(0x00000000217a0000,0x00000000218a0000)]
  0x0000000020c76800 JavaThread "AWT-Windows" daemon [_thread_in_native, id=5284, stack(0x0000000021590000,0x0000000021690000)]
  0x0000000020c72800 JavaThread "AWT-Shutdown" [_thread_blocked, id=8968, stack(0x0000000021470000,0x0000000021570000)]
  0x0000000020c71800 JavaThread "Java2D Disposer" daemon [_thread_blocked, id=7480, stack(0x0000000021260000,0x0000000021360000)]
  0x000000001f781800 JavaThread "Service Thread" daemon [_thread_blocked, id=8576, stack(0x00000000207d0000,0x00000000208d0000)]
  0x000000001f77b800 JavaThread "C1 CompilerThread2" daemon [_thread_blocked, id=9740, stack(0x00000000201d0000,0x00000000202d0000)]
  0x000000001f725000 JavaThread "C2 CompilerThread1" daemon [_thread_blocked, id=9112, stack(0x0000000020550000,0x0000000020650000)]
  0x000000001f71e000 JavaThread "C2 CompilerThread0" daemon [_thread_blocked, id=4136, stack(0x0000000020350000,0x0000000020450000)]
  0x000000001f713000 JavaThread "JDWP Command Reader" daemon [_thread_in_native, id=5184, stack(0x0000000020080000,0x0000000020180000)]
  0x000000001f70f000 JavaThread "JDWP Event Helper Thread" daemon [_thread_blocked, id=9608, stack(0x000000001fea0000,0x000000001ffa0000)]
  0x000000001f70b000 JavaThread "JDWP Transport Listener: dt_shmem" daemon [_thread_blocked, id=4024, stack(0x000000001fd60000,0x000000001fe60000)]
  0x000000001f700800 JavaThread "Attach Listener" daemon [_thread_blocked, id=5652, stack(0x000000001fbf0000,0x000000001fcf0000)]
  0x000000001e1d6800 JavaThread "Signal Dispatcher" daemon [_thread_blocked, id=7636, stack(0x000000001f4a0000,0x000000001f5a0000)]
  0x000000001e179000 JavaThread "Finalizer" daemon [_thread_blocked, id=5852, stack(0x000000001f600000,0x000000001f700000)]
  0x000000001e172000 JavaThread "Reference Handler" daemon [_thread_blocked, id=7364, stack(0x000000001f380000,0x000000001f480000)]
  0x000000000227a000 JavaThread "main" [_thread_blocked, id=9592, stack(0x0000000002500000,0x0000000002600000)]

Other Threads:
  0x000000001e16c000 VMThread [stack: 0x000000001f190000,0x000000001f290000] [id=8712]
  0x000000001f7bf800 WatcherThread [stack: 0x00000000208f0000,0x00000000209f0000] [id=8664]

=>0x0000000020e7f800 (exited) Thread [stack: 0x00000000230a0000,0x00000000231a0000] [id=7668]

VM state:not at safepoint (normal execution)

VM Mutex/Monitor currently owned by a thread: None

Heap:
 PSYoungGen      total 72192K, used 44167K [0x0000000757d80000, 0x000000075d100000, 0x00000007c0000000)
  eden space 71680K, 61% used [0x0000000757d80000,0x000000075a891f88,0x000000075c380000)
  from space 512K, 12% used [0x000000075d080000,0x000000075d090000,0x000000075d100000)
  to   space 2048K, 0% used [0x000000075cd00000,0x000000075cd00000,0x000000075cf00000)
 ParOldGen       total 65536K, used 5264K [0x0000000687800000, 0x000000068b800000, 0x0000000757d80000)
  object space 65536K, 8% used [0x0000000687800000,0x0000000687d242a8,0x000000068b800000)
 Metaspace       used 11872K, capacity 12070K, committed 12416K, reserved 1060864K
  class space    used 1275K, capacity 1338K, committed 1408K, reserved 1048576K

Card table byte_map: [0x0000000011c90000,0x0000000012660000] byte_map_base: 0x000000000e854000

Marking Bits: (ParMarkBitMap*) 0x000000005c110600
 Begin Bits: [0x00000000131d0000, 0x0000000017ff0000)
 End Bits:   [0x0000000017ff0000, 0x000000001ce10000)

Polling page: 0x0000000000130000

CodeCache: size=245760Kb used=8126Kb max_used=8137Kb free=237633Kb
 bounds [0x00000000028d0000, 0x00000000030d0000, 0x00000000118d0000]
 total_blobs=2682 nmethods=2231 adapters=371
 compilation: enabled

Compilation events (10 events):
Event: 26.443 Thread 0x000000001f77b800 2545       3       org.netbeans.modules.debugger.jpda.visual.remote.RemoteAWTService::access$000 (4 bytes)
Event: 26.443 Thread 0x000000001f77b800 nmethod 2545 0x0000000002c976d0 code [0x0000000002c97820, 0x0000000002c97970]
Event: 26.443 Thread 0x000000001f77b800 2546       3       org.netbeans.modules.debugger.jpda.visual.remote.RemoteAWTService::access$100 (4 bytes)
Event: 26.443 Thread 0x000000001f77b800 nmethod 2546 0x0000000002ddc610 code [0x0000000002ddc760, 0x0000000002ddc8b0]
Event: 28.414 Thread 0x000000001f71e000 2547       4       java.util.Collections$UnmodifiableCollection::size (10 bytes)
Event: 28.415 Thread 0x000000001f71e000 nmethod 2547 0x0000000002df2290 code [0x0000000002df23e0, 0x0000000002df24d8]
Event: 28.848 Thread 0x000000001f725000 2548       4       java.util.HashMap::tableSizeFor (59 bytes)
Event: 28.848 Thread 0x000000001f725000 nmethod 2548 0x00000000030274d0 code [0x0000000003027600, 0x00000000030276b8]
Event: 28.863 Thread 0x000000001f71e000 2549       4       java.util.HashMap::<init> (98 bytes)
Event: 28.864 Thread 0x000000001f71e000 nmethod 2549 0x000000000307d450 code [0x000000000307d5a0, 0x000000000307d778]

GC Heap History (10 events):
Event: 24.895 GC heap before
{Heap before GC invocations=30 (full 0):
 PSYoungGen      total 86016K, used 85632K [0x0000000757d80000, 0x000000075d780000, 0x00000007c0000000)
  eden space 85504K, 100% used [0x0000000757d80000,0x000000075d100000,0x000000075d100000)
  from space 512K, 25% used [0x000000075d400000,0x000000075d420000,0x000000075d480000)
  to   space 3072K, 0% used [0x000000075d480000,0x000000075d480000,0x000000075d780000)
 ParOldGen       total 65536K, used 5163K [0x0000000687800000, 0x000000068b800000, 0x0000000757d80000)
  object space 65536K, 7% used [0x0000000687800000,0x0000000687d0af20,0x000000068b800000)
 Metaspace       used 11871K, capacity 12070K, committed 12416K, reserved 1060864K
  class space    used 1275K, capacity 1338K, committed 1408K, reserved 1048576K
Event: 24.901 GC heap after
Heap after GC invocations=30 (full 0):
 PSYoungGen      total 82944K, used 64K [0x0000000757d80000, 0x000000075d500000, 0x00000007c0000000)
  eden space 82432K, 0% used [0x0000000757d80000,0x0000000757d80000,0x000000075ce00000)
  from space 512K, 12% used [0x000000075d480000,0x000000075d490000,0x000000075d500000)
  to   space 2560K, 0% used [0x000000075d000000,0x000000075d000000,0x000000075d280000)
 ParOldGen       total 65536K, used 5171K [0x0000000687800000, 0x000000068b800000, 0x0000000757d80000)
  object space 65536K, 7% used [0x0000000687800000,0x0000000687d0cf20,0x000000068b800000)
 Metaspace       used 11871K, capacity 12070K, committed 12416K, reserved 1060864K
  class space    used 1275K, capacity 1338K, committed 1408K, reserved 1048576K
}
Event: 25.830 GC heap before
{Heap before GC invocations=31 (full 0):
 PSYoungGen      total 82944K, used 82496K [0x0000000757d80000, 0x000000075d500000, 0x00000007c0000000)
  eden space 82432K, 100% used [0x0000000757d80000,0x000000075ce00000,0x000000075ce00000)
  from space 512K, 12% used [0x000000075d480000,0x000000075d490000,0x000000075d500000)
  to   space 2560K, 0% used [0x000000075d000000,0x000000075d000000,0x000000075d280000)
 ParOldGen       total 65536K, used 5171K [0x0000000687800000, 0x000000068b800000, 0x0000000757d80000)
  object space 65536K, 7% used [0x0000000687800000,0x0000000687d0cf20,0x000000068b800000)
 Metaspace       used 11871K, capacity 12070K, committed 12416K, reserved 1060864K
  class space    used 1275K, capacity 1338K, committed 1408K, reserved 1048576K
Event: 25.830 GC heap after
Heap after GC invocations=31 (full 0):
 PSYoungGen      total 81920K, used 96K [0x0000000757d80000, 0x000000075d500000, 0x00000007c0000000)
  eden space 79360K, 0% used [0x0000000757d80000,0x0000000757d80000,0x000000075cb00000)
  from space 2560K, 3% used [0x000000075d000000,0x000000075d018000,0x000000075d280000)
  to   space 2560K, 0% used [0x000000075d280000,0x000000075d280000,0x000000075d500000)
 ParOldGen       total 65536K, used 5211K [0x0000000687800000, 0x000000068b800000, 0x0000000757d80000)
  object space 65536K, 7% used [0x0000000687800000,0x0000000687d16f50,0x000000068b800000)
 Metaspace       used 11871K, capacity 12070K, committed 12416K, reserved 1060864K
  class space    used 1275K, capacity 1338K, committed 1408K, reserved 1048576K
}
Event: 26.709 GC heap before
{Heap before GC invocations=32 (full 0):
 PSYoungGen      total 81920K, used 79456K [0x0000000757d80000, 0x000000075d500000, 0x00000007c0000000)
  eden space 79360K, 100% used [0x0000000757d80000,0x000000075cb00000,0x000000075cb00000)
  from space 2560K, 3% used [0x000000075d000000,0x000000075d018000,0x000000075d280000)
  to   space 2560K, 0% used [0x000000075d280000,0x000000075d280000,0x000000075d500000)
 ParOldGen       total 65536K, used 5211K [0x0000000687800000, 0x000000068b800000, 0x0000000757d80000)
  object space 65536K, 7% used [0x0000000687800000,0x0000000687d16f50,0x000000068b800000)
 Metaspace       used 11872K, capacity 12070K, committed 12416K, reserved 1060864K
  class space    used 1275K, capacity 1338K, committed 1408K, reserved 1048576K
Event: 26.726 GC heap after
Heap after GC invocations=32 (full 0):
 PSYoungGen      total 77312K, used 96K [0x0000000757d80000, 0x000000075d300000, 0x00000007c0000000)
  eden space 76800K, 0% used [0x0000000757d80000,0x0000000757d80000,0x000000075c880000)
  from space 512K, 18% used [0x000000075d280000,0x000000075d298000,0x000000075d300000)
  to   space 2560K, 0% used [0x000000075ce00000,0x000000075ce00000,0x000000075d080000)
 ParOldGen       total 65536K, used 5227K [0x0000000687800000, 0x000000068b800000, 0x0000000757d80000)
  object space 65536K, 7% used [0x0000000687800000,0x0000000687d1af50,0x000000068b800000)
 Metaspace       used 11872K, capacity 12070K, committed 12416K, reserved 1060864K
  class space    used 1275K, capacity 1338K, committed 1408K, reserved 1048576K
}
Event: 27.576 GC heap before
{Heap before GC invocations=33 (full 0):
 PSYoungGen      total 77312K, used 76896K [0x0000000757d80000, 0x000000075d300000, 0x00000007c0000000)
  eden space 76800K, 100% used [0x0000000757d80000,0x000000075c880000,0x000000075c880000)
  from space 512K, 18% used [0x000000075d280000,0x000000075d298000,0x000000075d300000)
  to   space 2560K, 0% used [0x000000075ce00000,0x000000075ce00000,0x000000075d080000)
 ParOldGen       total 65536K, used 5227K [0x0000000687800000, 0x000000068b800000, 0x0000000757d80000)
  object space 65536K, 7% used [0x0000000687800000,0x0000000687d1af50,0x000000068b800000)
 Metaspace       used 11872K, capacity 12070K, committed 12416K, reserved 1060864K
  class space    used 1275K, capacity 1338K, committed 1408K, reserved 1048576K
Event: 27.577 GC heap after
Heap after GC invocations=33 (full 0):
 PSYoungGen      total 76800K, used 64K [0x0000000757d80000, 0x000000075d300000, 0x00000007c0000000)
  eden space 74240K, 0% used [0x0000000757d80000,0x0000000757d80000,0x000000075c600000)
  from space 2560K, 2% used [0x000000075ce00000,0x000000075ce10000,0x000000075d080000)
  to   space 2560K, 0% used [0x000000075d080000,0x000000075d080000,0x000000075d300000)
 ParOldGen       total 65536K, used 5248K [0x0000000687800000, 0x000000068b800000, 0x0000000757d80000)
  object space 65536K, 8% used [0x0000000687800000,0x0000000687d202a8,0x000000068b800000)
 Metaspace       used 11872K, capacity 12070K, committed 12416K, reserved 1060864K
  class space    used 1275K, capacity 1338K, committed 1408K, reserved 1048576K
}
Event: 28.397 GC heap before
{Heap before GC invocations=34 (full 0):
 PSYoungGen      total 76800K, used 74304K [0x0000000757d80000, 0x000000075d300000, 0x00000007c0000000)
  eden space 74240K, 100% used [0x0000000757d80000,0x000000075c600000,0x000000075c600000)
  from space 2560K, 2% used [0x000000075ce00000,0x000000075ce10000,0x000000075d080000)
  to   space 2560K, 0% used [0x000000075d080000,0x000000075d080000,0x000000075d300000)
 ParOldGen       total 65536K, used 5248K [0x0000000687800000, 0x000000068b800000, 0x0000000757d80000)
  object space 65536K, 8% used [0x0000000687800000,0x0000000687d202a8,0x000000068b800000)
 Metaspace       used 11872K, capacity 12070K, committed 12416K, reserved 1060864K
  class space    used 1275K, capacity 1338K, committed 1408K, reserved 1048576K
Event: 28.398 GC heap after
Heap after GC invocations=34 (full 0):
 PSYoungGen      total 72192K, used 64K [0x0000000757d80000, 0x000000075d100000, 0x00000007c0000000)
  eden space 71680K, 0% used [0x0000000757d80000,0x0000000757d80000,0x000000075c380000)
  from space 512K, 12% used [0x000000075d080000,0x000000075d090000,0x000000075d100000)
  to   space 2048K, 0% used [0x000000075cd00000,0x000000075cd00000,0x000000075cf00000)
 ParOldGen       total 65536K, used 5264K [0x0000000687800000, 0x000000068b800000, 0x0000000757d80000)
  object space 65536K, 8% used [0x0000000687800000,0x0000000687d242a8,0x000000068b800000)
 Metaspace       used 11872K, capacity 12070K, committed 12416K, reserved 1060864K
  class space    used 1275K, capacity 1338K, committed 1408K, reserved 1048576K
}

Deoptimization events (10 events):
Event: 0.845 Thread 0x0000000020d53000 Uncommon trap: reason=bimorphic action=maybe_recompile pc=0x0000000002ae4ab8 method=java.util.Collections$UnmodifiableCollection$1.hasNext()Z @ 4
Event: 0.908 Thread 0x0000000020d53000 Uncommon trap: reason=class_check action=maybe_recompile pc=0x0000000002a7f474 method=java.lang.String.equals(Ljava/lang/Object;)Z @ 8
Event: 0.908 Thread 0x0000000020d53000 Uncommon trap: reason=class_check action=maybe_recompile pc=0x0000000002a7f474 method=java.lang.String.equals(Ljava/lang/Object;)Z @ 8
Event: 0.908 Thread 0x0000000020d53000 Uncommon trap: reason=class_check action=maybe_recompile pc=0x0000000002a7f474 method=java.lang.String.equals(Ljava/lang/Object;)Z @ 8
Event: 0.909 Thread 0x0000000020d53000 Uncommon trap: reason=class_check action=maybe_recompile pc=0x0000000002a7f474 method=java.lang.String.equals(Ljava/lang/Object;)Z @ 8
Event: 1.110 Thread 0x0000000020d53000 Uncommon trap: reason=unstable_if action=reinterpret pc=0x0000000002c16bbc method=java.lang.Character.isSurrogate(C)Z @ 3
Event: 1.110 Thread 0x0000000020d53000 Uncommon trap: reason=unstable_if action=reinterpret pc=0x0000000002ba4b30 method=java.lang.String.toLowerCase(Ljava/util/Locale;)Ljava/lang/String; @ 37
Event: 1.110 Thread 0x0000000020d53000 Uncommon trap: reason=unstable_if action=reinterpret pc=0x00000000029f6580 method=java.lang.CharacterData.of(I)Ljava/lang/CharacterData; @ 4
Event: 1.248 Thread 0x0000000020d53000 Uncommon trap: reason=bimorphic action=maybe_recompile pc=0x0000000002ae4ab8 method=java.util.Collections$UnmodifiableCollection$1.hasNext()Z @ 4
Event: 15.529 Thread 0x0000000020d53000 Uncommon trap: reason=unstable_if action=reinterpret pc=0x0000000002c5bfec method=java.awt.EventQueue.removeSourceEvents(Ljava/lang/Object;Z)V @ 39

Internal exceptions (10 events):
Event: 0.296 Thread 0x000000000227a000 Exception <a 'java/security/PrivilegedActionException'> (0x00000007582f1878) thrown at [D:\re\puppet\workspace\8-2-build-windows-amd64-cygwin\jdk8u73\6086\hotspot\src\share\vm\prims\jvm.cpp, line 1386]
Event: 0.300 Thread 0x000000000227a000 Exception <a 'java/io/FileNotFoundException'> (0x00000007582f3b48) thrown at [D:\re\puppet\workspace\8-2-build-windows-amd64-cygwin\jdk8u73\6086\hotspot\src\share\vm\prims\jni.cpp, line 709]
Event: 0.348 Thread 0x000000000227a000 Exception <a 'java/lang/NoSuchFieldError': method resolution failed> (0x00000007583bed30) thrown at [D:\re\puppet\workspace\8-2-build-windows-amd64-cygwin\jdk8u73\6086\hotspot\src\share\vm\prims\methodHandles.cpp, line 1146]
Event: 0.349 Thread 0x000000000227a000 Exception <a 'java/lang/NoSuchFieldError': method resolution failed> (0x00000007583cc100) thrown at [D:\re\puppet\workspace\8-2-build-windows-amd64-cygwin\jdk8u73\6086\hotspot\src\share\vm\prims\methodHandles.cpp, line 1146]
Event: 0.398 Thread 0x000000000227a000 Exception <a 'java/io/FileNotFoundException'> (0x000000075845e870) thrown at [D:\re\puppet\workspace\8-2-build-windows-amd64-cygwin\jdk8u73\6086\hotspot\src\share\vm\prims\jni.cpp, line 709]
Event: 0.552 Thread 0x0000000020c76800 Implicit null exception at 0x0000000002af7d0a to 0x0000000002af7f11
Event: 0.636 Thread 0x0000000020e2d000 Implicit null exception at 0x0000000002afa489 to 0x0000000002afa711
Event: 0.636 Thread 0x0000000020e2b800 Implicit null exception at 0x0000000002afa489 to 0x0000000002afa711
Event: 0.636 Thread 0x0000000020dec000 Implicit null exception at 0x0000000002afa489 to 0x0000000002afa711
Event: 0.636 Thread 0x0000000020e2b800 Implicit null exception at 0x0000000002af6966 to 0x0000000002af6f19

Events (10 events):
Event: 28.838 Thread 0x0000000020e7f800 Thread added: 0x0000000020e7f800
Event: 28.838 Thread 0x0000000020e7f800 Thread exited: 0x0000000020e7f800
Event: 28.848 Thread 0x0000000020e7f800 Thread added: 0x0000000020e7f800
Event: 28.849 Thread 0x0000000020e7f800 Thread exited: 0x0000000020e7f800
Event: 28.862 Thread 0x0000000020e7f800 Thread added: 0x0000000020e7f800
Event: 28.865 Thread 0x0000000020e7f800 Thread exited: 0x0000000020e7f800
Event: 28.870 Thread 0x0000000020e7f800 Thread added: 0x0000000020e7f800
Event: 28.871 Thread 0x0000000020e7f800 Thread exited: 0x0000000020e7f800
Event: 28.880 Thread 0x0000000020e7f800 Thread added: 0x0000000020e7f800
Event: 28.880 Thread 0x0000000020e7f800 Thread exited: 0x0000000020e7f800


Dynamic libraries:
0x000000013f8d0000 - 0x000000013f907000 	C:\Program Files\Java\jdk1.8.0_73\jre\bin\java.exe
0x0000000077930000 - 0x0000000077ad9000 	C:\Windows\SYSTEM32\ntdll.dll
0x0000000077810000 - 0x000000007792f000 	C:\Windows\system32\kernel32.dll
0x000007fefde40000 - 0x000007fefdeab000 	C:\Windows\system32\KERNELBASE.dll
0x000007feff890000 - 0x000007feff96b000 	C:\Windows\system32\ADVAPI32.dll
0x000007fefe160000 - 0x000007fefe1ff000 	C:\Windows\system32\msvcrt.dll
0x000007feffc20000 - 0x000007feffc3f000 	C:\Windows\SYSTEM32\sechost.dll
0x000007feff420000 - 0x000007feff54d000 	C:\Windows\system32\RPCRT4.dll
0x0000000077500000 - 0x00000000775fa000 	C:\Windows\system32\USER32.dll
0x000007feff270000 - 0x000007feff2d7000 	C:\Windows\system32\GDI32.dll
0x000007feffa90000 - 0x000007feffa9e000 	C:\Windows\system32\LPK.dll
0x000007feff550000 - 0x000007feff619000 	C:\Windows\system32\USP10.dll
0x000007fefc7e0000 - 0x000007fefc9d4000 	C:\Windows\WinSxS\amd64_microsoft.windows.common-controls_6595b64144ccf1df_6.0.7601.17514_none_fa396087175ac9ac\COMCTL32.dll
0x000007feffb70000 - 0x000007feffbe1000 	C:\Windows\system32\SHLWAPI.dll
0x000007feffbf0000 - 0x000007feffc1e000 	C:\Windows\system32\IMM32.DLL
0x000007feff970000 - 0x000007feffa79000 	C:\Windows\system32\MSCTF.dll
0x00000000609e0000 - 0x0000000060ab2000 	C:\Program Files\Java\jdk1.8.0_73\jre\bin\msvcr100.dll
0x000000005b900000 - 0x000000005c190000 	C:\Program Files\Java\jdk1.8.0_73\jre\bin\server\jvm.dll
0x000007fefa770000 - 0x000007fefa779000 	C:\Windows\system32\WSOCK32.dll
0x000007feffb20000 - 0x000007feffb6d000 	C:\Windows\system32\WS2_32.dll
0x000007feffa80000 - 0x000007feffa88000 	C:\Windows\system32\NSI.dll
0x000007fef82e0000 - 0x000007fef831b000 	C:\Windows\system32\WINMM.dll
0x000007fefcea0000 - 0x000007fefceac000 	C:\Windows\system32\VERSION.dll
0x0000000077b00000 - 0x0000000077b07000 	C:\Windows\system32\PSAPI.DLL
0x0000000060b50000 - 0x0000000060b5f000 	C:\Program Files\Java\jdk1.8.0_73\jre\bin\verify.dll
0x0000000060b20000 - 0x0000000060b49000 	C:\Program Files\Java\jdk1.8.0_73\jre\bin\java.dll
0x0000000060be0000 - 0x0000000060c15000 	C:\Program Files\Java\jdk1.8.0_73\jre\bin\jdwp.dll
0x0000000063de0000 - 0x0000000063de8000 	C:\Program Files\Java\jdk1.8.0_73\jre\bin\npt.dll
0x0000000060b00000 - 0x0000000060b16000 	C:\Program Files\Java\jdk1.8.0_73\jre\bin\zip.dll
0x000007fefe4e0000 - 0x000007feff268000 	C:\Windows\system32\SHELL32.dll
0x000007feff620000 - 0x000007feff823000 	C:\Windows\system32\ole32.dll
0x000007fefdd90000 - 0x000007fefdd9f000 	C:\Windows\system32\profapi.dll
0x0000000064620000 - 0x000000006462b000 	C:\Program Files\Java\jdk1.8.0_73\jre\bin\dt_shmem.dll
0x000000005fc70000 - 0x000000005fe08000 	C:\Program Files\Java\jdk1.8.0_73\jre\bin\awt.dll
0x000007fefe200000 - 0x000007fefe2d7000 	C:\Windows\system32\OLEAUT32.dll
0x000007fefc040000 - 0x000007fefc058000 	C:\Windows\system32\DWMAPI.DLL
0x000007fefdcc0000 - 0x000007fefdccf000 	C:\Windows\system32\CRYPTBASE.dll
0x0000000060990000 - 0x00000000609d7000 	C:\Program Files\Java\jdk1.8.0_73\jre\bin\fontmanager.dll
0x000000005fc40000 - 0x000000005fc6a000 	C:\Program Files\Java\jdk1.8.0_73\jre\bin\dcpr.dll
0x0000000060ae0000 - 0x0000000060afa000 	C:\Program Files\Java\jdk1.8.0_73\jre\bin\net.dll
0x000007fefd600000 - 0x000007fefd655000 	C:\Windows\system32\mswsock.dll
0x000007fefd5f0000 - 0x000007fefd5f7000 	C:\Windows\System32\wship6.dll
0x0000000060ac0000 - 0x0000000060ad1000 	C:\Program Files\Java\jdk1.8.0_73\jre\bin\nio.dll
0x0000000060940000 - 0x0000000060982000 	C:\Program Files\Java\jdk1.8.0_73\jre\bin\t2k.dll
0x000007fef8320000 - 0x000007fef8445000 	C:\Windows\system32\dbghelp.dll

VM Arguments:
jvm_args: -Xdebug -Xrunjdwp:transport=dt_shmem,address=javadebug -Dfile.encoding=UTF-8 -Xmx5000m 
java_command: unalcol.agents.NetworkSim.DataReplicationNodeFailingMain load line+v+3.graph 1 0 carriersrep line+v+3.loc -1 replalgon NODELAY 0 3
java_class_path (initial): C:\Users\ARODRIGUEZ\Documents\Codes\networkSimUN\lib\autocomplete.jar;C:\Users\ARODRIGUEZ\Documents\Codes\networkSimUN\lib\collections-generic-4.01.jar;C:\Users\ARODRIGUEZ\Documents\Codes\networkSimUN\lib\colt-1.2.0.jar;C:\Users\ARODRIGUEZ\Documents\Codes\networkSimUN\lib\commons-discovery-0.5.jar;C:\Users\ARODRIGUEZ\Documents\Codes\networkSimUN\lib\commons-exec-1.1.jar;C:\Users\ARODRIGUEZ\Documents\Codes\networkSimUN\lib\commons-logging-1.1.1.jar;C:\Users\ARODRIGUEZ\Documents\Codes\networkSimUN\lib\concurrent-1.3.4.jar;C:\Users\ARODRIGUEZ\Documents\Codes\networkSimUN\lib\encog-core-3.0.1.jar;C:\Users\ARODRIGUEZ\Documents\Codes\networkSimUN\lib\flexdock-0.5.1.jar;C:\Users\ARODRIGUEZ\Documents\Codes\networkSimUN\lib\flexdock-demo-0.5.2.jar;C:\Users\ARODRIGUEZ\Documents\Codes\networkSimUN\lib\j3d-core-1.3.1.jar;C:\Users\ARODRIGUEZ\Documents\Codes\networkSimUN\lib\jcommon-1.0.17.jar;C:\Users\ARODRIGUEZ\Documents\Codes\networkSimUN\lib\jdom.jar;C:\Users\ARODRIGUEZ\Documents\Codes\networkSimUN\lib\jfreechart-1.0.14.jar;C:\Users\ARODRIGUEZ\Documents\Codes\networkSimUN\lib\jgap.jar;C:\Users\ARODRIGUEZ\Documents\Codes\networkSimUN\lib\jung-3d-2.0.1.jar;C:\Users\ARODRIGUEZ\Documents\Codes\networkSimUN\lib\jung-3d-demos-2.0.1.jar;C:\Users\ARODRIGUEZ\Documents\Codes\networkSimUN\lib\jung-algorithms-2.0.1.jar;C:\Users\ARODRIGUEZ\Documents\Codes\networkSimUN\lib\jung-api-2.0.1.jar;C:\Users\ARODRIGUEZ\Documents\Codes\networkSimUN\lib\jung-graph-impl-2.0.1.jar;C:\Users\ARODRIGUEZ\Documents\Codes\networkSimUN\lib\jung-io-2.0.1.jar;C:\Users\ARODRIGUEZ\Documents\Codes\networkSimUN\lib\jung-jai-2.0.1.jar;C:\Users\ARODRIGUEZ\Documents\Codes\networkSimUN\lib\jung-jai-samples-2.0.1.jar;C:\Users\ARODRIGUEZ\Documents\Codes\networkSimUN\lib\jung-samples-2.0.1.jar;C:\Users\ARODRIGUEZ\Documents\Codes\networkSimUN\lib\jung-visualization-2.0.1.jar;C:\Users\ARODRIGUEZ\Documents\Codes\networkSimUN\lib\junit.jar;C:\Users\ARODRIGUEZ\Documents\Codes\networkSimUN\lib\log4
Launcher Type: SUN_STANDARD

Environment Variables:
PATH=C:\ProgramData\Oracle\Java\javapath;C:\Program Files\Common Files\Microsoft Shared\Windows Live;C:\Program Files (x86)\Common Files\Microsoft Shared\Windows Live;C:\Program Files (x86)\Intel\iCLS Client\;C:\Program Files\Intel\iCLS Client\;C:\Windows\system32;C:\Windows;C:\Windows\System32\Wbem;C:\Windows\System32\WindowsPowerShell\v1.0\;C:\Program Files\Intel\Intel(R) Management Engine Components\DAL;C:\Program Files\Intel\Intel(R) Management Engine Components\IPT;C:\Program Files (x86)\Intel\Intel(R) Management Engine Components\DAL;C:\Program Files (x86)\Intel\Intel(R) Management Engine Components\IPT;C:\Program Files (x86)\Intel\OpenCL SDK\2.0\bin\x86;C:\Program Files (x86)\Intel\OpenCL SDK\2.0\bin\x64;C:\Program Files\Intel\WiFi\bin\;C:\Program Files\Common Files\Intel\WirelessCommon\;C:\Program Files (x86)\Windows Live\Shared;C:\Program Files (x86)\GtkSharp\2.12\bin;C:\Program Files\Git\cmd;C:\Program Files (x86)\MiKTeX 2.9\miktex\bin\;C:\Program Files (x86)\Skype\Phone\
USERNAME=ARODRIGUEZ
OS=Windows_NT
PROCESSOR_IDENTIFIER=Intel64 Family 6 Model 58 Stepping 9, GenuineIntel



---------------  S Y S T E M  ---------------

OS: Windows 7 , 64 bit Build 7601 (6.1.7601.18015)

CPU:total 4 (2 cores per cpu, 2 threads per core) family 6 model 58 stepping 9, cmov, cx8, fxsr, mmx, sse, sse2, sse3, ssse3, sse4.1, sse4.2, popcnt, avx, aes, clmul, erms, ht, tsc, tscinvbit, tscinv

Memory: 4k page, physical 6191468k(3043412k free), swap 12381072k(7567592k free)

vm_info: Java HotSpot(TM) 64-Bit Server VM (25.73-b02) for windows-amd64 JRE (1.8.0_73-b02), built on Jan 29 2016 17:38:49 by "java_re" with MS VC++ 10.0 (VS2010)

time: Thu Mar 23 11:34:14 2017
elapsed time: 28 seconds (0d 0h 0m 28s)

