#
# A fatal error has been detected by the Java Runtime Environment:
#
#  EXCEPTION_ACCESS_VIOLATION (0xc0000005) at pc=0x00000000647a8ad5, pid=9212, tid=5212
#
# JRE version: Java(TM) SE Runtime Environment (8.0_73-b02) (build 1.8.0_73-b02)
# Java VM: Java HotSpot(TM) 64-Bit Server VM (25.73-b02 mixed mode windows-amd64 compressed oops)
# Problematic frame:
# V  [jvm.dll+0x128ad5]
#
# Failed to write core dump. Minidumps are not enabled by default on client versions of Windows
#
# If you would like to submit a bug report, please visit:
#   http://bugreport.java.com/bugreport/crash.jsp
#

---------------  T H R E A D  ---------------

Current thread (0x0000000058a5d800):  JavaThread "*** Profiler Agent Communication Thread" daemon [_thread_in_vm, id=5212, stack(0x0000000059320000,0x0000000059420000)]

siginfo: ExceptionCode=0xc0000005, reading address 0x000000000b980048

Registers:
RAX=0x000000005941f101, RBX=0x0000000058a5d800, RCX=0x000000000b980048, RDX=0x0000000000000000
RSP=0x000000005941f140, RBP=0x00000000021a8ca0, RSI=0x000000000b980048, RDI=0x000000005941f260
R8 =0x0000000058a5d800, R9 =0x00000721001a0006, R10=0x7efefefefefefefe, R11=0x000000005b8028be
R12=0x000000005b7e6da0, R13=0x000000000000000d, R14=0x000007fef4859c68, R15=0x000007fef4859a60
RIP=0x00000000647a8ad5, EFLAGS=0x0000000000010206

Top of Stack: (sp=0x000000005941f140)
0x000000005941f140:   000007fef4859c68 000000000000000d
0x000000005941f150:   0000000058a5d800 0000000064821e69
0x000000005941f160:   0000000058a5d800 00000000649c815d
0x000000005941f170:   0000000058a5d800 000007fef48530ab
0x000000005941f180:   000000005941f210 00000000649ae34b
0x000000005941f190:   0000000058a5d800 0000000000000000
0x000000005941f1a0:   0000000000000000 0000000000000000
0x000000005941f1b0:   000000000b980048 000007fef48534da
0x000000005941f1c0:   0000000000000001 0000000058a5d9f8
0x000000005941f1d0:   0000000016bfa110 000000005a571c08
0x000000005941f1e0:   000000005941f210 0000000000000001
0x000000005941f1f0:   0000000069907660 00000000678f5990
0x000000005941f200:   000000006681a400 0000000000000000
0x000000005941f210:   0000000000000000 0000000002b096e4
0x000000005941f220:   0000000058a5d800 0000000056ed9cf0
0x000000005941f230:   0000000000000000 000000002a000000 

Instructions: (pc=0x00000000647a8ad5)
0x00000000647a8ab5:   cc cc cc cc cc cc cc cc cc cc cc 48 83 ec 28 48
0x00000000647a8ac5:   85 c9 75 07 33 c0 48 83 c4 28 c3 48 89 5c 24 20
0x00000000647a8ad5:   48 8b 19 48 85 db 74 20 48 83 fb 37 74 1a 48 8b
0x00000000647a8ae5:   13 48 8b cb ff 52 10 84 c0 74 0d 48 8b c3 48 8b 


Register to memory mapping:

RAX=0x000000005941f101 is pointing into the stack for thread: 0x0000000058a5d800
RBX=0x0000000058a5d800 is a thread
RCX=0x000000000b980048 is an unknown value
RDX=0x0000000000000000 is an unknown value
RSP=0x000000005941f140 is pointing into the stack for thread: 0x0000000058a5d800
RBP=0x00000000021a8ca0 is an unknown value
RSI=0x000000000b980048 is an unknown value
RDI=0x000000005941f260 is pointing into the stack for thread: 0x0000000058a5d800
R8 =0x0000000058a5d800 is a thread
R9 =0x00000721001a0006 is an unknown value
R10=0x7efefefefefefefe is an unknown value
R11=0x000000005b8028be is an unknown value
R12=0x000000005b7e6da0 is an unknown value
R13=0x000000000000000d is an unknown value
R14=0x000007fef4859c68 is an unknown value
R15=0x000007fef4859a60 is an unknown value


Stack: [0x0000000059320000,0x0000000059420000],  sp=0x000000005941f140,  free space=1020k
Native frames: (J=compiled Java code, j=interpreted, Vv=VM code, C=native code)
V  [jvm.dll+0x128ad5]
V  [jvm.dll+0x34815d]
C  [profilerinterface.dll+0x34da]
C  0x00000000027b5e14

Java frames: (J=compiled Java code, j=interpreted, Vv=VM code)
j  org.netbeans.lib.profiler.server.system.Stacks.getMethodNamesForJMethodIds(I[I[I)[B+0
j  org.netbeans.lib.profiler.server.ProfilerInterface.getMethodNamesForJMethodIds([I)Lorg/netbeans/lib/profiler/wireprotocol/MethodNamesResponse;+20
j  org.netbeans.lib.profiler.server.ProfilerServer.handleClientCommand(Lorg/netbeans/lib/profiler/wireprotocol/Command;)V+691
j  org.netbeans.lib.profiler.server.ProfilerServer.listenToClient()V+48
j  org.netbeans.lib.profiler.server.ProfilerServer.run()V+22
v  ~StubRoutines::call_stub

---------------  P R O C E S S  ---------------

Java Threads: ( => current thread )
  0x00000000671b4000 JavaThread "Thread-1074" [_thread_blocked, id=4440, stack(0x000000010f980000,0x000000010fa80000)]
  0x00000000671b0800 JavaThread "Thread-1072" [_thread_blocked, id=5548, stack(0x00000001006a0000,0x00000001007a0000)]
  0x00000000671b2800 JavaThread "Thread-1057" [_thread_blocked, id=8064, stack(0x000000010eef0000,0x000000010eff0000)]
  0x00000000671b2000 JavaThread "Thread-1045" [_thread_blocked, id=5832, stack(0x0000000103690000,0x0000000103790000)]
  0x00000000671b1000 JavaThread "Thread-1038" [_thread_blocked, id=8764, stack(0x000000010f880000,0x000000010f980000)]
  0x00000000671af800 JavaThread "Thread-1019" [_thread_blocked, id=8776, stack(0x000000010cb30000,0x000000010cc30000)]
  0x00000000671a8000 JavaThread "Thread-1012" [_thread_blocked, id=3128, stack(0x000000010f3f0000,0x000000010f4f0000)]
  0x00000000671af000 JavaThread "Thread-988" [_thread_blocked, id=5444, stack(0x000000010f530000,0x000000010f630000)]
  0x00000000671ae000 JavaThread "Thread-972" [_thread_blocked, id=7324, stack(0x000000010f1c0000,0x000000010f2c0000)]
  0x00000000671ad800 JavaThread "Thread-973" [_thread_blocked, id=5408, stack(0x000000010ca30000,0x000000010cb30000)]
  0x00000000671ac800 JavaThread "Thread-956" [_thread_blocked, id=8376, stack(0x000000010eff0000,0x000000010f0f0000)]
  0x00000000671ac000 JavaThread "Thread-949" [_thread_blocked, id=8612, stack(0x0000000105ec0000,0x0000000105fc0000)]
  0x00000000671ab000 JavaThread "Thread-947" [_thread_blocked, id=8272, stack(0x000000010edc0000,0x000000010eec0000)]
  0x00000000671aa800 JavaThread "Thread-931" [_thread_blocked, id=10164, stack(0x0000000104f90000,0x0000000105090000)]
  0x00000000671a9000 JavaThread "Thread-928" [_thread_blocked, id=5200, stack(0x000000010ec10000,0x000000010ed10000)]
  0x00000000671a9800 JavaThread "*** Profiler Agent Special Execution Thread 10" daemon [_thread_blocked, id=6272, stack(0x0000000106a10000,0x0000000106b10000)]
  0x000000006719c800 JavaThread "Thread-905" [_thread_blocked, id=8412, stack(0x00000001065e0000,0x00000001066e0000)]
  0x00000000671a7800 JavaThread "Thread-884" [_thread_blocked, id=5704, stack(0x0000000105fc0000,0x00000001060c0000)]
  0x00000000671a6800 JavaThread "Thread-883" [_thread_blocked, id=6204, stack(0x0000000106450000,0x0000000106550000)]
  0x00000000671a5800 JavaThread "Thread-881" [_thread_blocked, id=7424, stack(0x00000001062a0000,0x00000001063a0000)]
  0x00000000671a5000 JavaThread "Thread-878" [_thread_blocked, id=8768, stack(0x0000000106120000,0x0000000106220000)]
  0x00000000671a4000 JavaThread "Thread-875" [_thread_blocked, id=3828, stack(0x0000000104a00000,0x0000000104b00000)]
  0x00000000671a3800 JavaThread "Thread-876" [_thread_blocked, id=8704, stack(0x0000000105c00000,0x0000000105d00000)]
  0x00000000671a2800 JavaThread "Thread-870" [_thread_blocked, id=8724, stack(0x0000000104d50000,0x0000000104e50000)]
  0x00000000671a2000 JavaThread "Thread-868" [_thread_blocked, id=8164, stack(0x0000000105d40000,0x0000000105e40000)]
  0x00000000671a1000 JavaThread "Thread-865" [_thread_blocked, id=6884, stack(0x0000000105a70000,0x0000000105b70000)]
  0x00000000671a0800 JavaThread "Thread-863" [_thread_blocked, id=2380, stack(0x00000001055e0000,0x00000001056e0000)]
  0x000000006719f800 JavaThread "Thread-859" [_thread_blocked, id=9568, stack(0x00000001058b0000,0x00000001059b0000)]
  0x000000006719f000 JavaThread "Thread-853" [_thread_blocked, id=2596, stack(0x0000000105710000,0x0000000105810000)]
  0x000000006719e000 JavaThread "Thread-850" [_thread_blocked, id=4980, stack(0x00000001054a0000,0x00000001055a0000)]
  0x000000006719d800 JavaThread "Thread-831" [_thread_blocked, id=1736, stack(0x0000000105310000,0x0000000105410000)]
  0x0000000067b8b800 JavaThread "Thread-828" [_thread_blocked, id=4184, stack(0x00000001051e0000,0x00000001052e0000)]
  0x000000006719c000 JavaThread "Thread-823" [_thread_blocked, id=7380, stack(0x0000000105090000,0x0000000105190000)]
  0x000000006719b000 JavaThread "Thread-809" [_thread_blocked, id=6220, stack(0x0000000104b10000,0x0000000104c10000)]
  0x000000006719a800 JavaThread "Thread-802" [_thread_blocked, id=5644, stack(0x0000000102630000,0x0000000102730000)]
  0x0000000067199800 JavaThread "Thread-799" [_thread_blocked, id=5844, stack(0x0000000104e80000,0x0000000104f80000)]
  0x0000000067b94800 JavaThread "Thread-796" [_thread_blocked, id=7180, stack(0x0000000104c10000,0x0000000104d10000)]
  0x0000000067b93800 JavaThread "Thread-797" [_thread_blocked, id=7760, stack(0x0000000103eb0000,0x0000000103fb0000)]
  0x0000000067b93000 JavaThread "Thread-793" [_thread_blocked, id=8524, stack(0x00000001048f0000,0x00000001049f0000)]
  0x0000000067b92000 JavaThread "Thread-790" [_thread_blocked, id=8084, stack(0x0000000104750000,0x0000000104850000)]
  0x0000000067b91800 JavaThread "Thread-784" [_thread_blocked, id=9676, stack(0x00000001045a0000,0x00000001046a0000)]
  0x0000000067b90800 JavaThread "Thread-775" [_thread_blocked, id=952, stack(0x00000001043e0000,0x00000001044e0000)]
  0x0000000067b90000 JavaThread "Thread-768" [_thread_blocked, id=4680, stack(0x0000000104200000,0x0000000104300000)]
  0x0000000067b8f000 JavaThread "Thread-769" [_thread_blocked, id=9072, stack(0x00000001038b0000,0x00000001039b0000)]
  0x0000000067b8e800 JavaThread "Thread-765" [_thread_blocked, id=5848, stack(0x0000000104070000,0x0000000104170000)]
  0x0000000067b8d800 JavaThread "Thread-763" [_thread_blocked, id=9508, stack(0x0000000103200000,0x0000000103300000)]
  0x0000000067b8d000 JavaThread "Thread-761" [_thread_blocked, id=10052, stack(0x0000000103c90000,0x0000000103d90000)]
  0x0000000067b8c000 JavaThread "Thread-755" [_thread_blocked, id=8228, stack(0x0000000103db0000,0x0000000103eb0000)]
  0x0000000067b85800 JavaThread "Thread-746" [_thread_blocked, id=8760, stack(0x0000000103ae0000,0x0000000103be0000)]
  0x0000000067b8a800 JavaThread "Thread-745" [_thread_blocked, id=6196, stack(0x00000001039b0000,0x0000000103ab0000)]
  0x0000000067b8a000 JavaThread "Thread-741" [_thread_blocked, id=10192, stack(0x0000000103790000,0x0000000103890000)]
  0x0000000067b88800 JavaThread "Thread-739" [_thread_blocked, id=7540, stack(0x0000000103360000,0x0000000103460000)]
  0x0000000067b89000 JavaThread "Thread-735" [_thread_blocked, id=7292, stack(0x00000001023f0000,0x00000001024f0000)]
  0x0000000067b87800 JavaThread "Thread-728" [_thread_blocked, id=9156, stack(0x0000000103580000,0x0000000103680000)]
  0x0000000067b87000 JavaThread "Thread-725" [_thread_blocked, id=9280, stack(0x0000000103460000,0x0000000103560000)]
  0x0000000067b86000 JavaThread "Thread-722" [_thread_blocked, id=6184, stack(0x0000000102cb0000,0x0000000102db0000)]
  0x0000000067b81000 JavaThread "Thread-719" [_thread_blocked, id=8236, stack(0x00000001030e0000,0x00000001031e0000)]
  0x0000000067b84800 JavaThread "Thread-718" [_thread_blocked, id=6364, stack(0x0000000102e10000,0x0000000102f10000)]
  0x0000000067b84000 JavaThread "Thread-715" [_thread_blocked, id=7336, stack(0x0000000102fa0000,0x00000001030a0000)]
  0x0000000067b83000 JavaThread "Thread-712" [_thread_blocked, id=4052, stack(0x0000000102b80000,0x0000000102c80000)]
  0x0000000067b82800 JavaThread "Thread-711" [_thread_blocked, id=7064, stack(0x0000000101650000,0x0000000101750000)]
  0x0000000067b81800 JavaThread "Thread-709" [_thread_blocked, id=4672, stack(0x0000000100a30000,0x0000000100b30000)]
  0x0000000067b7b800 JavaThread "Thread-706" [_thread_blocked, id=2276, stack(0x00000001029a0000,0x0000000102aa0000)]
  0x0000000067b80000 JavaThread "Thread-700" [_thread_blocked, id=8632, stack(0x0000000102880000,0x0000000102980000)]
  0x0000000067b7f800 JavaThread "Thread-698" [_thread_blocked, id=7468, stack(0x0000000102730000,0x0000000102830000)]
  0x0000000067b7e800 JavaThread "Thread-696" [_thread_blocked, id=5308, stack(0x0000000102140000,0x0000000102240000)]
  0x0000000067b7e000 JavaThread "Thread-693" [_thread_blocked, id=4088, stack(0x0000000102510000,0x0000000102610000)]
  0x0000000067b7d000 JavaThread "Thread-689" [_thread_blocked, id=8956, stack(0x00000001022b0000,0x00000001023b0000)]
  0x0000000067b7c800 JavaThread "Thread-684" [_thread_blocked, id=7332, stack(0x0000000102040000,0x0000000102140000)]
  0x0000000067b75800 JavaThread "Thread-680" [_thread_blocked, id=8548, stack(0x0000000101f30000,0x0000000102030000)]
  0x0000000067b7b000 JavaThread "Thread-679" [_thread_blocked, id=7164, stack(0x0000000101e30000,0x0000000101f30000)]
  0x0000000067b7a000 JavaThread "Thread-675" [_thread_blocked, id=9176, stack(0x0000000101cf0000,0x0000000101df0000)]
  0x0000000067b79800 JavaThread "Thread-674" [_thread_blocked, id=5452, stack(0x0000000101550000,0x0000000101650000)]
  0x0000000067b78800 JavaThread "Thread-671" [_thread_blocked, id=7036, stack(0x0000000101b30000,0x0000000101c30000)]
  0x0000000067b78000 JavaThread "Thread-668" [_thread_blocked, id=9760, stack(0x0000000101980000,0x0000000101a80000)]
  0x0000000067b77000 JavaThread "Thread-667" [_thread_blocked, id=3888, stack(0x00000001017a0000,0x00000001018a0000)]
  0x0000000067b76800 JavaThread "Thread-662" [_thread_blocked, id=7504, stack(0x0000000101070000,0x0000000101170000)]
  0x0000000067f71000 JavaThread "Thread-659" [_thread_blocked, id=3608, stack(0x0000000100060000,0x0000000100160000)]
  0x0000000067f78000 JavaThread "Thread-649" [_thread_blocked, id=8972, stack(0x0000000101410000,0x0000000101510000)]
  0x0000000067f77000 JavaThread "Thread-646" [_thread_blocked, id=7732, stack(0x0000000100e10000,0x0000000100f10000)]
  0x0000000067f76800 JavaThread "Thread-645" [_thread_blocked, id=9764, stack(0x00000001012d0000,0x00000001013d0000)]
  0x0000000067f75000 JavaThread "Thread-644" [_thread_blocked, id=7224, stack(0x0000000101170000,0x0000000101270000)]
  0x0000000067f75800 JavaThread "Thread-640" [_thread_blocked, id=7748, stack(0x0000000100f70000,0x0000000101070000)]
  0x0000000067f74000 JavaThread "Thread-641" [_thread_blocked, id=6428, stack(0x0000000100d10000,0x0000000100e10000)]
  0x0000000067f73800 JavaThread "Thread-635" [_thread_blocked, id=9004, stack(0x0000000100b30000,0x0000000100c30000)]
  0x0000000067f72800 JavaThread "Thread-631" [_thread_blocked, id=1768, stack(0x00000001008f0000,0x00000001009f0000)]
  0x0000000067f72000 JavaThread "Thread-624" [_thread_blocked, id=6888, stack(0x00000001007a0000,0x00000001008a0000)]
  0x0000000067f6f000 JavaThread "Thread-621" [_thread_blocked, id=6228, stack(0x0000000100320000,0x0000000100420000)]
  0x0000000067f70800 JavaThread "Thread-620" [_thread_blocked, id=9904, stack(0x0000000100420000,0x0000000100520000)]
  0x0000000067f6f800 JavaThread "Thread-618" [_thread_blocked, id=9448, stack(0x00000001005a0000,0x00000001006a0000)]
  0x0000000067f6e000 JavaThread "Thread-615" [_thread_blocked, id=10068, stack(0x00000001001a0000,0x00000001002a0000)]
  0x0000000067f6c000 JavaThread "Thread-607" [_thread_blocked, id=6152, stack(0x000000007d200000,0x000000007d300000)]
  0x0000000067f6d800 JavaThread "Thread-606" [_thread_blocked, id=6412, stack(0x0000000077d80000,0x0000000077e80000)]
  0x0000000067f6c800 JavaThread "Thread-605" [_thread_blocked, id=6880, stack(0x000000007de20000,0x000000007df20000)]
  0x0000000067ec7000 JavaThread "Thread-601" [_thread_blocked, id=6524, stack(0x000000007e5f0000,0x000000007e6f0000)]
  0x0000000067f6b000 JavaThread "Thread-593" [_thread_blocked, id=8848, stack(0x000000007ceb0000,0x000000007cfb0000)]
  0x0000000067f6a800 JavaThread "Thread-592" [_thread_blocked, id=5804, stack(0x000000007d400000,0x000000007d500000)]
  0x0000000067f69800 JavaThread "Thread-588" [_thread_blocked, id=8240, stack(0x000000007ea60000,0x000000007eb60000)]
  0x0000000067f69000 JavaThread "Thread-586" [_thread_blocked, id=10128, stack(0x000000007ee70000,0x000000007ef70000)]
  0x0000000067ec8800 JavaThread "Thread-582" [_thread_blocked, id=5892, stack(0x000000007ecc0000,0x000000007edc0000)]
  0x0000000067ec7800 JavaThread "Thread-583" [_thread_blocked, id=8048, stack(0x000000007eb60000,0x000000007ec60000)]
  0x0000000067ec3000 JavaThread "Thread-580" [_thread_blocked, id=7056, stack(0x000000007e320000,0x000000007e420000)]
  0x0000000067ec6000 JavaThread "Thread-578" [_thread_blocked, id=9024, stack(0x000000007e8a0000,0x000000007e9a0000)]
  0x0000000067ec5800 JavaThread "Thread-576" [_thread_blocked, id=7544, stack(0x000000007e720000,0x000000007e820000)]
  0x0000000067ec4800 JavaThread "Thread-575" [_thread_blocked, id=9100, stack(0x000000007ca80000,0x000000007cb80000)]
  0x0000000067ec4000 JavaThread "Thread-571" [_thread_blocked, id=2812, stack(0x000000007e4c0000,0x000000007e5c0000)]
  0x000000006996b000 JavaThread "Thread-568" [_thread_blocked, id=7864, stack(0x000000007e190000,0x000000007e290000)]
  0x0000000067ebf800 JavaThread "Thread-567" [_thread_blocked, id=5328, stack(0x000000007db60000,0x000000007dc60000)]
  0x0000000067ec2800 JavaThread "Thread-566" [_thread_blocked, id=8552, stack(0x000000007e070000,0x000000007e170000)]
  0x0000000067ec1800 JavaThread "Thread-563" [_thread_blocked, id=5004, stack(0x000000007df20000,0x000000007e020000)]
  0x0000000067ec1000 JavaThread "Thread-562" [_thread_blocked, id=2152, stack(0x000000007dd20000,0x000000007de20000)]
  0x0000000067ebc800 JavaThread "Thread-559" [_thread_blocked, id=3512, stack(0x000000007da20000,0x000000007db20000)]
  0x0000000067ec0000 JavaThread "Thread-557" [_thread_blocked, id=5400, stack(0x000000007c970000,0x000000007ca70000)]
  0x0000000067ebe800 JavaThread "Thread-555" [_thread_blocked, id=7460, stack(0x000000007d8e0000,0x000000007d9e0000)]
  0x0000000067ebe000 JavaThread "Thread-549" [_thread_blocked, id=9480, stack(0x000000007d7c0000,0x000000007d8c0000)]
  0x0000000067ebd000 JavaThread "Thread-547" [_thread_blocked, id=10060, stack(0x000000007d670000,0x000000007d770000)]
  0x0000000067ebb000 JavaThread "Thread-542" [_thread_blocked, id=7176, stack(0x000000007d520000,0x000000007d620000)]
  0x0000000067ebb800 JavaThread "Thread-541" [_thread_blocked, id=5736, stack(0x000000007d300000,0x000000007d400000)]
  0x000000006996c000 JavaThread "Thread-539" [_thread_blocked, id=2112, stack(0x000000007cfb0000,0x000000007d0b0000)]
  0x0000000067eba000 JavaThread "Thread-534" [_thread_blocked, id=7488, stack(0x000000007c700000,0x000000007c800000)]
  0x0000000067eb9000 JavaThread "Thread-533" [_thread_blocked, id=6008, stack(0x000000007d100000,0x000000007d200000)]
  0x000000006996a800 JavaThread "Thread-530" [_thread_blocked, id=8852, stack(0x000000007cdb0000,0x000000007ceb0000)]
  0x0000000069961800 JavaThread "Thread-527" [_thread_blocked, id=4424, stack(0x000000007be60000,0x000000007bf60000)]
  0x0000000069969800 JavaThread "Thread-525" [_thread_blocked, id=9384, stack(0x000000007cbf0000,0x000000007ccf0000)]
  0x0000000069969000 JavaThread "Thread-523" [_thread_blocked, id=8132, stack(0x000000007c850000,0x000000007c950000)]
  0x0000000069968000 JavaThread "Thread-521" [_thread_blocked, id=9952, stack(0x000000007bbd0000,0x000000007bcd0000)]
  0x0000000069967800 JavaThread "Thread-517" [_thread_blocked, id=7436, stack(0x000000007c600000,0x000000007c700000)]
  0x0000000069966800 JavaThread "Thread-518" [_thread_blocked, id=10156, stack(0x000000007c430000,0x000000007c530000)]
  0x0000000069966000 JavaThread "Thread-515" [_thread_blocked, id=7804, stack(0x000000007c2c0000,0x000000007c3c0000)]
  0x0000000069965000 JavaThread "Thread-512" [_thread_blocked, id=9804, stack(0x000000007c160000,0x000000007c260000)]
  0x0000000069964800 JavaThread "Thread-513" [_thread_blocked, id=7900, stack(0x000000007bfd0000,0x000000007c0d0000)]
  0x0000000069963800 JavaThread "Thread-511" [_thread_blocked, id=9380, stack(0x000000007b800000,0x000000007b900000)]
  0x0000000069963000 JavaThread "Thread-508" [_thread_blocked, id=6332, stack(0x000000007ba70000,0x000000007bb70000)]
  0x0000000069962000 JavaThread "Thread-507" [_thread_blocked, id=7120, stack(0x000000007bd60000,0x000000007be60000)]
  0x000000006995d000 JavaThread "Thread-505" [_thread_blocked, id=8304, stack(0x000000007b5b0000,0x000000007b6b0000)]
  0x0000000069960800 JavaThread "Thread-504" [_thread_blocked, id=1208, stack(0x000000007b930000,0x000000007ba30000)]
  0x0000000069960000 JavaThread "Thread-502" [_thread_blocked, id=9416, stack(0x000000007b0e0000,0x000000007b1e0000)]
  0x000000006995f000 JavaThread "Thread-498" [_thread_blocked, id=6056, stack(0x000000007a7c0000,0x000000007a8c0000)]
  0x000000006995e800 JavaThread "Thread-492" [_thread_blocked, id=4660, stack(0x000000007b440000,0x000000007b540000)]
  0x000000006995d800 JavaThread "Thread-493" [_thread_blocked, id=8328, stack(0x000000007b2c0000,0x000000007b3c0000)]
  0x00000000667c5000 JavaThread "Thread-490" [_thread_blocked, id=2444, stack(0x000000007afb0000,0x000000007b0b0000)]
  0x00000000667c7000 JavaThread "Thread-488" [_thread_blocked, id=6736, stack(0x000000007ad90000,0x000000007ae90000)]
  0x00000000667c6800 JavaThread "Thread-485" [_thread_blocked, id=6156, stack(0x000000007ac00000,0x000000007ad00000)]
  0x00000000667c5800 JavaThread "Thread-486" [_thread_blocked, id=8812, stack(0x0000000079170000,0x0000000079270000)]
  0x00000000667bd800 JavaThread "Thread-483" [_thread_blocked, id=3684, stack(0x0000000079ca0000,0x0000000079da0000)]
  0x00000000667c4000 JavaThread "Thread-480" [_thread_blocked, id=8948, stack(0x000000007aa80000,0x000000007ab80000)]
  0x00000000667c3800 JavaThread "Thread-479" [_thread_blocked, id=9932, stack(0x000000007a4f0000,0x000000007a5f0000)]
  0x00000000667c2800 JavaThread "Thread-477" [_thread_blocked, id=10024, stack(0x000000007a920000,0x000000007aa20000)]
  0x00000000667c2000 JavaThread "Thread-475" [_thread_blocked, id=7644, stack(0x000000007a6a0000,0x000000007a7a0000)]
  0x00000000667c1000 JavaThread "Thread-473" [_thread_blocked, id=9724, stack(0x0000000079f70000,0x000000007a070000)]
  0x00000000667c0800 JavaThread "Thread-470" [_thread_blocked, id=7288, stack(0x000000007a380000,0x000000007a480000)]
  0x00000000667bf800 JavaThread "Thread-468" [_thread_blocked, id=3168, stack(0x000000007a230000,0x000000007a330000)]
  0x00000000667bf000 JavaThread "Thread-467" [_thread_blocked, id=9308, stack(0x000000007a0f0000,0x000000007a1f0000)]
  0x00000000667be000 JavaThread "Thread-464" [_thread_blocked, id=7032, stack(0x0000000079610000,0x0000000079710000)]
  0x00000000667bc800 JavaThread "Thread-460" [_thread_blocked, id=8052, stack(0x0000000079db0000,0x0000000079eb0000)]
  0x00000000693ed000 JavaThread "Thread-461" [_thread_blocked, id=4236, stack(0x0000000079500000,0x0000000079600000)]
  0x00000000667bc000 JavaThread "Thread-459" [_thread_blocked, id=7252, stack(0x0000000079ba0000,0x0000000079ca0000)]
  0x00000000667bb000 JavaThread "Thread-454" [_thread_blocked, id=5372, stack(0x0000000079a40000,0x0000000079b40000)]
  0x00000000667ba800 JavaThread "Thread-455" [_thread_blocked, id=5872, stack(0x0000000077850000,0x0000000077950000)]
  0x00000000667b9800 JavaThread "Thread-452" [_thread_blocked, id=1876, stack(0x00000000798c0000,0x00000000799c0000)]
  0x00000000667b9000 JavaThread "Thread-453" [_thread_blocked, id=7388, stack(0x0000000077f80000,0x0000000078080000)]
  0x00000000667b8000 JavaThread "Thread-450" [_thread_blocked, id=6324, stack(0x0000000079750000,0x0000000079850000)]
  0x00000000693e7800 JavaThread "Thread-447" [_thread_blocked, id=1252, stack(0x00000000793e0000,0x00000000794e0000)]
  0x00000000693ec000 JavaThread "Thread-445" [_thread_blocked, id=9692, stack(0x0000000079290000,0x0000000079390000)]
  0x00000000693eb800 JavaThread "Thread-442" [_thread_blocked, id=3280, stack(0x0000000079070000,0x0000000079170000)]
  0x00000000693ea800 JavaThread "Thread-440" [_thread_blocked, id=7548, stack(0x0000000078f30000,0x0000000079030000)]
  0x00000000693ea000 JavaThread "Thread-438" [_thread_blocked, id=8712, stack(0x0000000078e20000,0x0000000078f20000)]
  0x00000000693e9000 JavaThread "Thread-437" [_thread_blocked, id=7220, stack(0x0000000074550000,0x0000000074650000)]
  0x00000000693e8800 JavaThread "Thread-436" [_thread_blocked, id=7140, stack(0x0000000078560000,0x0000000078660000)]
  0x00000000693de000 JavaThread "Thread-432" [_thread_blocked, id=9012, stack(0x0000000078c50000,0x0000000078d50000)]
  0x00000000693e7000 JavaThread "Thread-429" [_thread_blocked, id=8348, stack(0x0000000078b40000,0x0000000078c40000)]
  0x00000000693e6000 JavaThread "Thread-426" [_thread_blocked, id=10044, stack(0x0000000078990000,0x0000000078a90000)]
  0x00000000693e5800 JavaThread "Thread-423" [_thread_blocked, id=6964, stack(0x0000000078850000,0x0000000078950000)]
  0x00000000693e4800 JavaThread "Thread-422" [_thread_blocked, id=4912, stack(0x0000000078670000,0x0000000078770000)]
  0x00000000693e4000 JavaThread "Thread-419" [_thread_blocked, id=7784, stack(0x00000000783d0000,0x00000000784d0000)]
  0x00000000693e3000 JavaThread "Thread-418" [_thread_blocked, id=3748, stack(0x00000000781f0000,0x00000000782f0000)]
  0x00000000693e2800 JavaThread "Thread-415" [_thread_blocked, id=10184, stack(0x0000000078080000,0x0000000078180000)]
  0x00000000693e1800 JavaThread "Thread-416" [_thread_blocked, id=7728, stack(0x0000000076fd0000,0x00000000770d0000)]
  0x00000000693e1000 JavaThread "Thread-412" [_thread_blocked, id=7416, stack(0x0000000077e80000,0x0000000077f80000)]
  0x00000000693e0000 JavaThread "Thread-410" [_thread_blocked, id=7116, stack(0x0000000076cb0000,0x0000000076db0000)]
  0x00000000693df800 JavaThread "Thread-408" [_thread_blocked, id=8408, stack(0x0000000077100000,0x0000000077200000)]
  0x00000000693de800 JavaThread "Thread-407" [_thread_blocked, id=9008, stack(0x00000000775d0000,0x00000000776d0000)]
  0x0000000067b65000 JavaThread "Thread-404" [_thread_blocked, id=4852, stack(0x0000000075fa0000,0x00000000760a0000)]
  0x0000000067b6c800 JavaThread "Thread-403" [_thread_blocked, id=5228, stack(0x0000000076e00000,0x0000000076f00000)]
  0x0000000067b6b800 JavaThread "Thread-399" [_thread_blocked, id=6696, stack(0x0000000076b60000,0x0000000076c60000)]
  0x0000000067b6b000 JavaThread "Thread-398" [_thread_blocked, id=5552, stack(0x0000000076530000,0x0000000076630000)]
  0x0000000067b6a000 JavaThread "Thread-395" [_thread_blocked, id=6484, stack(0x0000000076400000,0x0000000076500000)]
  0x0000000067b69800 JavaThread "Thread-392" [_thread_blocked, id=7384, stack(0x00000000773c0000,0x00000000774c0000)]
  0x0000000067b68800 JavaThread "Thread-391" [_thread_blocked, id=7112, stack(0x0000000077c80000,0x0000000077d80000)]
  0x0000000067b68000 JavaThread "Thread-390" [_thread_blocked, id=9720, stack(0x00000000774c0000,0x00000000775c0000)]
  0x0000000067b67000 JavaThread "Thread-387" [_thread_blocked, id=6472, stack(0x00000000772b0000,0x00000000773b0000)]
  0x0000000067b66800 JavaThread "Thread-388" [_thread_blocked, id=9016, stack(0x0000000074a30000,0x0000000074b30000)]
  0x0000000067b65800 JavaThread "Thread-385" [_thread_blocked, id=8520, stack(0x0000000076700000,0x0000000076800000)]
  0x0000000067b5d800 JavaThread "Thread-383" [_thread_blocked, id=6972, stack(0x0000000076a40000,0x0000000076b40000)]
  0x0000000067b64000 JavaThread "Thread-381" [_thread_blocked, id=8444, stack(0x0000000076870000,0x0000000076970000)]
  0x0000000067b63800 JavaThread "Thread-382" [_thread_blocked, id=8252, stack(0x0000000074340000,0x0000000074440000)]
  0x0000000067b62800 JavaThread "Thread-376" [_thread_blocked, id=7052, stack(0x0000000074d80000,0x0000000074e80000)]
  0x0000000067b62000 JavaThread "Thread-378" [_thread_blocked, id=7084, stack(0x0000000076260000,0x0000000076360000)]
  0x0000000067b61000 JavaThread "Thread-377" [_thread_blocked, id=6984, stack(0x00000000760f0000,0x00000000761f0000)]
  0x0000000067b60800 JavaThread "Thread-373" [_thread_blocked, id=6548, stack(0x0000000075b00000,0x0000000075c00000)]
  0x0000000067b5f800 JavaThread "Thread-371" [_thread_blocked, id=6772, stack(0x0000000075df0000,0x0000000075ef0000)]
  0x0000000067b5f000 JavaThread "Thread-369" [_thread_blocked, id=7984, stack(0x0000000074140000,0x0000000074240000)]
  0x0000000067b5e000 JavaThread "Thread-368" [_thread_blocked, id=8284, stack(0x0000000075c20000,0x0000000075d20000)]
  0x0000000067eb6800 JavaThread "Thread-366" [_thread_blocked, id=2916, stack(0x00000000754f0000,0x00000000755f0000)]
  0x000000005a78a000 JavaThread "Thread-363" [_thread_blocked, id=6468, stack(0x00000000759f0000,0x0000000075af0000)]
  0x000000005a789000 JavaThread "Thread-365" [_thread_blocked, id=6628, stack(0x0000000075890000,0x0000000075990000)]
  0x000000005a788800 JavaThread "Thread-364" [_thread_blocked, id=9916, stack(0x00000000756c0000,0x00000000757c0000)]
  0x000000005a787800 JavaThread "Thread-357" [_thread_blocked, id=3708, stack(0x0000000075350000,0x0000000075450000)]
  0x000000005a787000 JavaThread "Thread-361" [_thread_blocked, id=8788, stack(0x00000000751c0000,0x00000000752c0000)]
  0x000000005a786000 JavaThread "Thread-360" [_thread_blocked, id=8828, stack(0x0000000074c60000,0x0000000074d60000)]
  0x000000005a785800 JavaThread "Thread-359" [_thread_blocked, id=8896, stack(0x0000000075080000,0x0000000075180000)]
  0x000000005a784800 JavaThread "Thread-358" [_thread_blocked, id=9652, stack(0x0000000074e90000,0x0000000074f90000)]
  0x000000005a784000 JavaThread "Thread-352" [_thread_blocked, id=8836, stack(0x0000000074b30000,0x0000000074c30000)]
  0x000000005a782800 JavaThread "Thread-350" [_thread_blocked, id=10204, stack(0x0000000073bf0000,0x0000000073cf0000)]
  0x000000005a781800 JavaThread "Thread-346" [_thread_blocked, id=10144, stack(0x0000000074900000,0x0000000074a00000)]
  0x000000005a781000 JavaThread "Thread-345" [_thread_blocked, id=8012, stack(0x00000000747f0000,0x00000000748f0000)]
  0x000000005a780000 JavaThread "Thread-342" [_thread_blocked, id=2496, stack(0x0000000074660000,0x0000000074760000)]
  0x000000005a77f800 JavaThread "Thread-334" [_thread_blocked, id=2944, stack(0x0000000074440000,0x0000000074540000)]
  0x000000005a77e800 JavaThread "Thread-338" [_thread_blocked, id=6704, stack(0x0000000074240000,0x0000000074340000)]
  0x000000005a77e000 JavaThread "Thread-337" [_thread_blocked, id=6636, stack(0x0000000073d00000,0x0000000073e00000)]
  0x000000005a77d000 JavaThread "Thread-336" [_thread_blocked, id=5216, stack(0x0000000074040000,0x0000000074140000)]
  0x000000005a77c800 JavaThread "Thread-335" [_thread_blocked, id=7420, stack(0x0000000073ed0000,0x0000000073fd0000)]
  0x000000005a77b800 JavaThread "Thread-333" [_thread_blocked, id=5344, stack(0x0000000073a00000,0x0000000073b00000)]
  0x000000005a77b000 JavaThread "Thread-328" [_thread_blocked, id=5492, stack(0x0000000063cc0000,0x0000000063dc0000)]
  0x000000006940c000 JavaThread "Thread-326" [_thread_blocked, id=8884, stack(0x00000000738e0000,0x00000000739e0000)]
  0x000000006940b800 JavaThread "Thread-324" [_thread_blocked, id=6112, stack(0x00000000737d0000,0x00000000738d0000)]
  0x000000006940a800 JavaThread "Thread-321" [_thread_blocked, id=8960, stack(0x0000000073650000,0x0000000073750000)]
  0x000000006940a000 JavaThread "Thread-319" [_thread_blocked, id=6740, stack(0x0000000073540000,0x0000000073640000)]
  0x0000000069409000 JavaThread "Thread-316" [_thread_blocked, id=6664, stack(0x0000000073260000,0x0000000073360000)]
  0x0000000069408800 JavaThread "Thread-318" [_thread_blocked, id=7956, stack(0x0000000073380000,0x0000000073480000)]
  0x0000000069407800 JavaThread "Thread-317" [_thread_blocked, id=9144, stack(0x00000000730c0000,0x00000000731c0000)]
  0x0000000069407000 JavaThread "Thread-314" [_thread_blocked, id=5284, stack(0x0000000072ce0000,0x0000000072de0000)]
  0x0000000069406000 JavaThread "Thread-312" [_thread_blocked, id=8420, stack(0x0000000072fc0000,0x00000000730c0000)]
  0x0000000069405800 JavaThread "Thread-309" [_thread_blocked, id=7672, stack(0x0000000072a70000,0x0000000072b70000)]
  0x0000000067eb0000 JavaThread "Thread-310" [_thread_blocked, id=6036, stack(0x0000000072df0000,0x0000000072ef0000)]
  0x0000000067eaf800 JavaThread "Thread-306" [_thread_blocked, id=6748, stack(0x0000000072bd0000,0x0000000072cd0000)]
  0x0000000067eae800 JavaThread "Thread-307" [_thread_blocked, id=8232, stack(0x0000000072950000,0x0000000072a50000)]
  0x0000000067eae000 JavaThread "Thread-304" [_thread_blocked, id=9476, stack(0x00000000727c0000,0x00000000728c0000)]
  0x0000000067ead000 JavaThread "Thread-303" [_thread_blocked, id=7248, stack(0x0000000072630000,0x0000000072730000)]
  0x0000000067eac800 JavaThread "Thread-299" [_thread_blocked, id=9536, stack(0x00000000721a0000,0x00000000722a0000)]
  0x0000000067eab800 JavaThread "Thread-297" [_thread_blocked, id=2748, stack(0x00000000723d0000,0x00000000724d0000)]
  0x0000000067eab000 JavaThread "Thread-296" [_thread_blocked, id=9240, stack(0x00000000720a0000,0x00000000721a0000)]
  0x0000000067eaa000 JavaThread "Thread-294" [_thread_blocked, id=9552, stack(0x0000000071e10000,0x0000000071f10000)]
  0x0000000067ea9000 JavaThread "Thread-293" [_thread_blocked, id=5960, stack(0x0000000071d00000,0x0000000071e00000)]
  0x000000005a694000 JavaThread "Thread-288" [_thread_blocked, id=9768, stack(0x00000000722d0000,0x00000000723d0000)]
  0x000000005a679800 JavaThread "Thread-286" [_thread_blocked, id=10092, stack(0x0000000071f20000,0x0000000072020000)]
  0x0000000067cb0800 JavaThread "Thread-284" [_thread_blocked, id=9848, stack(0x0000000071bc0000,0x0000000071cc0000)]
  0x0000000067caf800 JavaThread "Thread-282" [_thread_blocked, id=3136, stack(0x0000000070ce0000,0x0000000070de0000)]
  0x0000000067cae000 JavaThread "Thread-280" [_thread_blocked, id=4436, stack(0x0000000071a00000,0x0000000071b00000)]
  0x0000000067cad800 JavaThread "Thread-279" [_thread_blocked, id=7244, stack(0x00000000718b0000,0x00000000719b0000)]
  0x0000000067cac800 JavaThread "Thread-275" [_thread_blocked, id=4316, stack(0x0000000071710000,0x0000000071810000)]
  0x0000000067cac000 JavaThread "Thread-274" [_thread_blocked, id=5608, stack(0x0000000071160000,0x0000000071260000)]
  0x0000000067cab000 JavaThread "Thread-269" [_thread_blocked, id=6760, stack(0x0000000071610000,0x0000000071710000)]
  0x0000000067caa800 JavaThread "Thread-271" [_thread_blocked, id=5656, stack(0x0000000071030000,0x0000000071130000)]
  0x0000000066d4f000 JavaThread "Thread-270" [_thread_blocked, id=4528, stack(0x000000006cad0000,0x000000006cbd0000)]
  0x0000000067ca9800 JavaThread "Thread-267" [_thread_blocked, id=8184, stack(0x0000000070f10000,0x0000000071010000)]
  0x0000000067ca9000 JavaThread "Thread-265" [_thread_blocked, id=10056, stack(0x0000000070de0000,0x0000000070ee0000)]
  0x0000000067ca8000 JavaThread "Thread-261" [_thread_blocked, id=7908, stack(0x0000000071510000,0x0000000071610000)]
  0x0000000067ca7800 JavaThread "Thread-260" [_thread_blocked, id=9032, stack(0x0000000071320000,0x0000000071420000)]
  0x0000000067ca6800 JavaThread "Thread-257" [_thread_blocked, id=9716, stack(0x0000000070bb0000,0x0000000070cb0000)]
  0x0000000067ca6000 JavaThread "Thread-255" [_thread_blocked, id=6212, stack(0x00000000709f0000,0x0000000070af0000)]
  0x0000000067ca5000 JavaThread "Thread-253" [_thread_blocked, id=6280, stack(0x00000000704a0000,0x00000000705a0000)]
  0x0000000067ca4800 JavaThread "Thread-254" [_thread_blocked, id=9580, stack(0x000000006f4a0000,0x000000006f5a0000)]
  0x0000000067ca2000 JavaThread "Thread-251" [_thread_blocked, id=9488, stack(0x0000000070600000,0x0000000070700000)]
  0x0000000067ca3800 JavaThread "Thread-249" [_thread_blocked, id=4336, stack(0x00000000701d0000,0x00000000702d0000)]
  0x0000000067ca3000 JavaThread "Thread-250" [_thread_blocked, id=3652, stack(0x00000000708d0000,0x00000000709d0000)]
  0x0000000067ca1000 JavaThread "Thread-247" [_thread_blocked, id=9188, stack(0x00000000703a0000,0x00000000704a0000)]
  0x00000000668b5000 JavaThread "Thread-246" [_thread_blocked, id=8072, stack(0x000000006ff10000,0x0000000070010000)]
  0x00000000668b4800 JavaThread "Thread-244" [_thread_blocked, id=8872, stack(0x00000000700d0000,0x00000000701d0000)]
  0x00000000668b3800 JavaThread "Thread-242" [_thread_blocked, id=8108, stack(0x000000006fdf0000,0x000000006fef0000)]
  0x00000000668b3000 JavaThread "Thread-240" [_thread_blocked, id=7496, stack(0x000000006fcd0000,0x000000006fdd0000)]
  0x00000000668b2000 JavaThread "Thread-241" [_thread_blocked, id=6328, stack(0x000000006fbb0000,0x000000006fcb0000)]
  0x0000000067bfb000 JavaThread "Thread-239" [_thread_blocked, id=4696, stack(0x000000006fa30000,0x000000006fb30000)]
  0x0000000067bfa800 JavaThread "Thread-236" [_thread_blocked, id=9820, stack(0x000000006f710000,0x000000006f810000)]
  0x0000000067bf9800 JavaThread "Thread-234" [_thread_blocked, id=6612, stack(0x000000006f840000,0x000000006f940000)]
  0x0000000067bf9000 JavaThread "Thread-233" [_thread_blocked, id=9320, stack(0x000000006f5a0000,0x000000006f6a0000)]
  0x0000000067bf8000 JavaThread "Thread-232" [_thread_blocked, id=6400, stack(0x000000006f2a0000,0x000000006f3a0000)]
  0x0000000067f38000 JavaThread "Thread-229" [_thread_blocked, id=6504, stack(0x000000006f3a0000,0x000000006f4a0000)]
  0x0000000067f37800 JavaThread "Thread-230" [_thread_blocked, id=3796, stack(0x000000006f070000,0x000000006f170000)]
  0x0000000067f36800 JavaThread "Thread-227" [_thread_blocked, id=8912, stack(0x000000006f190000,0x000000006f290000)]
  0x0000000067f36000 JavaThread "Thread-225" [_thread_blocked, id=2208, stack(0x000000006e9c0000,0x000000006eac0000)]
  0x0000000067f35000 JavaThread "Thread-226" [_thread_blocked, id=7328, stack(0x000000006eee0000,0x000000006efe0000)]
  0x0000000067f34800 JavaThread "Thread-224" [_thread_blocked, id=6708, stack(0x000000006edd0000,0x000000006eed0000)]
  0x0000000067f33800 JavaThread "Thread-220" [_thread_blocked, id=2808, stack(0x000000006ec80000,0x000000006ed80000)]
  0x0000000067f33000 JavaThread "Thread-222" [_thread_blocked, id=9852, stack(0x000000006d6e0000,0x000000006d7e0000)]
  0x0000000067f32000 JavaThread "Thread-221" [_thread_blocked, id=7312, stack(0x000000006eb10000,0x000000006ec10000)]
  0x0000000067f31000 JavaThread "Thread-218" [_thread_blocked, id=5888, stack(0x000000006e830000,0x000000006e930000)]
  0x000000006762b000 JavaThread "Thread-214" [_thread_blocked, id=568, stack(0x000000006e640000,0x000000006e740000)]
  0x000000006762a000 JavaThread "Thread-215" [_thread_blocked, id=5636, stack(0x000000006e1a0000,0x000000006e2a0000)]
  0x0000000067629800 JavaThread "Thread-213" [_thread_blocked, id=6224, stack(0x000000006e4a0000,0x000000006e5a0000)]
  0x0000000067628800 JavaThread "Thread-211" [_thread_blocked, id=7680, stack(0x000000006e320000,0x000000006e420000)]
  0x0000000067628000 JavaThread "Thread-210" [_thread_blocked, id=6860, stack(0x000000006e060000,0x000000006e160000)]
  0x000000006920b800 JavaThread "Thread-208" [_thread_blocked, id=8320, stack(0x000000006de80000,0x000000006df80000)]
  0x000000006920a800 JavaThread "Thread-207" [_thread_blocked, id=9020, stack(0x000000006dc30000,0x000000006dd30000)]
  0x000000006920a000 JavaThread "Thread-206" [_thread_blocked, id=9408, stack(0x000000006dd40000,0x000000006de40000)]
  0x0000000069209000 JavaThread "Thread-199" [_thread_blocked, id=9824, stack(0x000000006d900000,0x000000006da00000)]
  0x0000000069208800 JavaThread "Thread-200" [_thread_blocked, id=6840, stack(0x000000006da60000,0x000000006db60000)]
  0x0000000067f80000 JavaThread "Thread-198" [_thread_blocked, id=6136, stack(0x000000006c9c0000,0x000000006cac0000)]
  0x0000000067f7f800 JavaThread "Thread-197" [_thread_blocked, id=1948, stack(0x000000006d7e0000,0x000000006d8e0000)]
  0x0000000067f7e800 JavaThread "Thread-195" [_thread_blocked, id=6188, stack(0x000000006d5e0000,0x000000006d6e0000)]
  0x0000000067f7e000 JavaThread "Thread-193" [_thread_blocked, id=6308, stack(0x000000006d140000,0x000000006d240000)]
  0x0000000067f7d000 JavaThread "Thread-192" [_thread_blocked, id=8544, stack(0x000000006d440000,0x000000006d540000)]
  0x0000000067f7c800 JavaThread "Thread-190" [_thread_blocked, id=776, stack(0x000000006d2f0000,0x000000006d3f0000)]
  0x0000000067f7b800 JavaThread "Thread-191" [_thread_blocked, id=4880, stack(0x000000006d040000,0x000000006d140000)]
  0x0000000067f7b000 JavaThread "Thread-186" [_thread_blocked, id=6380, stack(0x000000006b530000,0x000000006b630000)]
  0x0000000067f7a000 JavaThread "Thread-188" [_thread_blocked, id=4300, stack(0x000000006cc10000,0x000000006cd10000)]
  0x0000000067f79000 JavaThread "Thread-187" [_thread_blocked, id=7204, stack(0x000000006cf10000,0x000000006d010000)]
  0x0000000067eb8000 JavaThread "Thread-185" [_thread_blocked, id=4072, stack(0x000000006cd70000,0x000000006ce70000)]
  0x0000000067eb7800 JavaThread "Thread-182" [_thread_blocked, id=9336, stack(0x0000000065b20000,0x0000000065c20000)]
  0x000000005a6ab000 JavaThread "Thread-178" [_thread_blocked, id=4364, stack(0x0000000068cf0000,0x0000000068df0000)]
  0x0000000067eb6000 JavaThread "Thread-177" [_thread_blocked, id=5904, stack(0x000000006c8b0000,0x000000006c9b0000)]
  0x0000000067eb5000 JavaThread "Thread-176" [_thread_blocked, id=2300, stack(0x000000006c720000,0x000000006c820000)]
  0x0000000067eb4800 JavaThread "Thread-173" [_thread_blocked, id=7852, stack(0x000000006c540000,0x000000006c640000)]
  0x0000000067eb3800 JavaThread "Thread-174" [_thread_blocked, id=8708, stack(0x000000006c3e0000,0x000000006c4e0000)]
  0x0000000067eb3000 JavaThread "Thread-172" [_thread_blocked, id=9324, stack(0x000000006c230000,0x000000006c330000)]
  0x0000000067eb2000 JavaThread "Thread-170" [_thread_blocked, id=7480, stack(0x000000006c090000,0x000000006c190000)]
  0x0000000067eb1000 JavaThread "Thread-169" [_thread_blocked, id=5160, stack(0x000000006bd50000,0x000000006be50000)]
  0x0000000066d4e000 JavaThread "Thread-167" [_thread_blocked, id=7456, stack(0x000000006ba60000,0x000000006bb60000)]
  0x0000000066d4d800 JavaThread "Thread-164" [_thread_blocked, id=4748, stack(0x000000006b890000,0x000000006b990000)]
  0x0000000066d4c800 JavaThread "Thread-163" [_thread_blocked, id=9588, stack(0x000000005d880000,0x000000005d980000)]
  0x0000000066d4c000 JavaThread "Thread-161" [_thread_blocked, id=8560, stack(0x0000000065e70000,0x0000000065f70000)]
  0x0000000066d4b000 JavaThread "Thread-160" [_thread_blocked, id=8652, stack(0x000000006bec0000,0x000000006bfc0000)]
  0x0000000066d4a800 JavaThread "Thread-155" [_thread_blocked, id=9276, stack(0x000000006bb80000,0x000000006bc80000)]
  0x0000000066d49800 JavaThread "Thread-156" [_thread_blocked, id=6012, stack(0x000000006b630000,0x000000006b730000)]
  0x000000005a5cb000 JavaThread "Thread-153" [_thread_blocked, id=6600, stack(0x000000006b430000,0x000000006b530000)]
  0x0000000066d49000 JavaThread "Thread-152" [_thread_blocked, id=9888, stack(0x0000000068e50000,0x0000000068f50000)]
  0x0000000066d48000 JavaThread "Thread-148" [_thread_blocked, id=9196, stack(0x000000006b080000,0x000000006b180000)]
  0x0000000066c47000 JavaThread "Thread-144" [_thread_blocked, id=8016, stack(0x000000006b740000,0x000000006b840000)]
  0x0000000066c45800 JavaThread "Thread-140" [_thread_blocked, id=6844, stack(0x0000000068a40000,0x0000000068b40000)]
  0x0000000066c46800 JavaThread "Thread-137" [_thread_blocked, id=8172, stack(0x0000000068f50000,0x0000000069050000)]
  0x0000000066c44800 JavaThread "Thread-132" [_thread_blocked, id=6564, stack(0x0000000066270000,0x0000000066370000)]
  0x0000000066c44000 JavaThread "Thread-134" [_thread_blocked, id=10064, stack(0x0000000068b70000,0x0000000068c70000)]
  0x0000000066c43000 JavaThread "Thread-133" [_thread_blocked, id=7092, stack(0x00000000688e0000,0x00000000689e0000)]
  0x0000000066c42800 JavaThread "Thread-129" [_thread_blocked, id=5676, stack(0x0000000068690000,0x0000000068790000)]
  0x0000000066c41000 JavaThread "Thread-126" [_thread_blocked, id=5924, stack(0x000000006b2d0000,0x000000006b3d0000)]
  0x0000000066c40000 JavaThread "Thread-127" [_thread_blocked, id=8256, stack(0x000000006b190000,0x000000006b290000)]
  0x000000005a6ad000 JavaThread "Thread-123" [_thread_blocked, id=8276, stack(0x00000000653c0000,0x00000000654c0000)]
  0x000000005a6ac800 JavaThread "Thread-124" [_thread_blocked, id=9080, stack(0x00000000687b0000,0x00000000688b0000)]
  0x000000005a6ab800 JavaThread "Thread-121" [_thread_blocked, id=1316, stack(0x0000000066120000,0x0000000066220000)]
  0x000000005a6aa000 JavaThread "Thread-116" [_thread_blocked, id=5256, stack(0x00000000658d0000,0x00000000659d0000)]
  0x000000005a6a9800 JavaThread "Thread-115" [_thread_blocked, id=5648, stack(0x00000000659e0000,0x0000000065ae0000)]
  0x000000005a6a8800 JavaThread "Thread-114" [_thread_blocked, id=7860, stack(0x00000000657c0000,0x00000000658c0000)]
  0x000000005a6a8000 JavaThread "Thread-113" [_thread_blocked, id=2516, stack(0x0000000062fc0000,0x00000000630c0000)]
  0x000000005a6a7000 JavaThread "Thread-112" [_thread_blocked, id=9064, stack(0x0000000065610000,0x0000000065710000)]
  0x000000005a6a6800 JavaThread "Thread-111" [_thread_blocked, id=7960, stack(0x00000000654c0000,0x00000000655c0000)]
  0x000000005a699000 JavaThread "Thread-110" [_thread_blocked, id=9172, stack(0x0000000064560000,0x0000000064660000)]
  0x000000005a698000 JavaThread "Thread-109" [_thread_blocked, id=7512, stack(0x0000000065290000,0x0000000065390000)]
  0x000000005a697800 JavaThread "Thread-108" [_thread_blocked, id=10008, stack(0x0000000065120000,0x0000000065220000)]
  0x000000005a696800 JavaThread "Thread-107" [_thread_blocked, id=8616, stack(0x0000000064fc0000,0x00000000650c0000)]
  0x000000005a696000 JavaThread "Thread-106" [_thread_blocked, id=1060, stack(0x00000000643c0000,0x00000000644c0000)]
  0x000000005a695000 JavaThread "Thread-105" [_thread_blocked, id=9404, stack(0x00000000641f0000,0x00000000642f0000)]
  0x000000005a693800 JavaThread "Thread-103" [_thread_blocked, id=1896, stack(0x0000000064060000,0x0000000064160000)]
  0x000000005a692800 JavaThread "Thread-102" [_thread_blocked, id=7076, stack(0x0000000063b20000,0x0000000063c20000)]
  0x000000005a692000 JavaThread "Thread-101" [_thread_blocked, id=9992, stack(0x0000000063e70000,0x0000000063f70000)]
  0x000000005a678800 JavaThread "Thread-99" [_thread_blocked, id=7708, stack(0x00000000639d0000,0x0000000063ad0000)]
  0x000000005a678000 JavaThread "Thread-98" [_thread_blocked, id=10132, stack(0x0000000063220000,0x0000000063320000)]
  0x000000005a677000 JavaThread "Thread-97" [_thread_blocked, id=8876, stack(0x0000000063860000,0x0000000063960000)]
  0x000000005a676800 JavaThread "Thread-96" [_thread_blocked, id=4416, stack(0x0000000063710000,0x0000000063810000)]
  0x000000005a675800 JavaThread "Thread-95" [_thread_blocked, id=5968, stack(0x00000000635f0000,0x00000000636f0000)]
  0x000000005a675000 JavaThread "Thread-94" [_thread_blocked, id=10140, stack(0x0000000063450000,0x0000000063550000)]
  0x000000005a674000 JavaThread "Thread-93" [_thread_blocked, id=9500, stack(0x0000000063350000,0x0000000063450000)]
  0x000000005a673800 JavaThread "Thread-92" [_thread_blocked, id=3284, stack(0x0000000062440000,0x0000000062540000)]
  0x000000005a672800 JavaThread "Thread-91" [_thread_blocked, id=6416, stack(0x00000000630c0000,0x00000000631c0000)]
  0x000000005a661800 JavaThread "Thread-90" [_thread_blocked, id=9808, stack(0x0000000062eb0000,0x0000000062fb0000)]
  0x000000005a660800 JavaThread "Thread-89" [_thread_blocked, id=8124, stack(0x0000000062d60000,0x0000000062e60000)]
  0x000000005a660000 JavaThread "Thread-88" [_thread_blocked, id=9732, stack(0x0000000062c40000,0x0000000062d40000)]
  0x000000005a65f000 JavaThread "Thread-87" [_thread_blocked, id=8604, stack(0x0000000062af0000,0x0000000062bf0000)]
  0x000000005a65e800 JavaThread "Thread-86" [_thread_blocked, id=3532, stack(0x00000000629e0000,0x0000000062ae0000)]
  0x000000005a65d800 JavaThread "Thread-85" [_thread_blocked, id=3740, stack(0x0000000062800000,0x0000000062900000)]
  0x000000005a65d000 JavaThread "Thread-84" [_thread_blocked, id=8752, stack(0x0000000060e40000,0x0000000060f40000)]
  0x000000005a65c000 JavaThread "Thread-83" [_thread_blocked, id=2780, stack(0x00000000626e0000,0x00000000627e0000)]
  0x000000005a65b800 JavaThread "Thread-82" [_thread_blocked, id=10016, stack(0x0000000062540000,0x0000000062640000)]
  0x000000005a65a800 JavaThread "Thread-81" [_thread_blocked, id=9388, stack(0x0000000062330000,0x0000000062430000)]
  0x000000005a64c800 JavaThread "Thread-80" [_thread_blocked, id=8096, stack(0x00000000621f0000,0x00000000622f0000)]
  0x000000005a64b800 JavaThread "Thread-79" [_thread_blocked, id=9288, stack(0x00000000620b0000,0x00000000621b0000)]
  0x000000005a64b000 JavaThread "Thread-78" [_thread_blocked, id=6148, stack(0x0000000061ed0000,0x0000000061fd0000)]
  0x000000005a64a000 JavaThread "Thread-77" [_thread_blocked, id=8588, stack(0x0000000061d40000,0x0000000061e40000)]
  0x000000005a649800 JavaThread "Thread-76" [_thread_blocked, id=8536, stack(0x0000000061890000,0x0000000061990000)]
  0x000000005a648800 JavaThread "Thread-75" [_thread_blocked, id=5312, stack(0x0000000061b80000,0x0000000061c80000)]
  0x000000005a648000 JavaThread "Thread-74" [_thread_blocked, id=9840, stack(0x00000000619b0000,0x0000000061ab0000)]
  0x000000005a647000 JavaThread "Thread-73" [_thread_blocked, id=8392, stack(0x0000000061770000,0x0000000061870000)]
  0x000000005a646800 JavaThread "Thread-72" [_thread_blocked, id=10108, stack(0x0000000061310000,0x0000000061410000)]
  0x000000005a645800 JavaThread "Thread-71" [_thread_blocked, id=9592, stack(0x0000000061640000,0x0000000061740000)]
  0x000000005a635800 JavaThread "Thread-70" [_thread_blocked, id=7660, stack(0x0000000060660000,0x0000000060760000)]
  0x000000005a634800 JavaThread "Thread-69" [_thread_blocked, id=8796, stack(0x0000000061450000,0x0000000061550000)]
  0x000000005a634000 JavaThread "Thread-68" [_thread_blocked, id=6784, stack(0x000000005e8e0000,0x000000005e9e0000)]
  0x000000005a633000 JavaThread "Thread-67" [_thread_blocked, id=2532, stack(0x0000000061210000,0x0000000061310000)]
  0x000000005a632800 JavaThread "Thread-66" [_thread_blocked, id=8068, stack(0x00000000610f0000,0x00000000611f0000)]
  0x000000005a631800 JavaThread "Thread-65" [_thread_blocked, id=6956, stack(0x0000000060f60000,0x0000000061060000)]
  0x000000005a631000 JavaThread "Thread-64" [_thread_blocked, id=5248, stack(0x0000000060d40000,0x0000000060e40000)]
  0x000000005a630000 JavaThread "Thread-63" [_thread_blocked, id=8040, stack(0x0000000060c10000,0x0000000060d10000)]
  0x000000005a62f800 JavaThread "Thread-62" [_thread_blocked, id=10076, stack(0x0000000060b00000,0x0000000060c00000)]
  0x000000005a62e800 JavaThread "Thread-61" [_thread_blocked, id=9048, stack(0x0000000060920000,0x0000000060a20000)]
  0x000000005a60d000 JavaThread "Thread-60" [_thread_blocked, id=7868, stack(0x00000000601f0000,0x00000000602f0000)]
  0x000000005a60c000 JavaThread "Thread-59" [_thread_blocked, id=6652, stack(0x00000000607b0000,0x00000000608b0000)]
  0x000000005a60b800 JavaThread "Thread-58" [_thread_blocked, id=7376, stack(0x0000000060400000,0x0000000060500000)]
  0x000000005a60a800 JavaThread "Thread-57" [_thread_blocked, id=5488, stack(0x0000000060550000,0x0000000060650000)]
  0x000000005a60a000 JavaThread "Thread-56" [_thread_blocked, id=7080, stack(0x0000000060300000,0x0000000060400000)]
  0x000000005a609000 JavaThread "Thread-55" [_thread_blocked, id=5208, stack(0x000000005ffb0000,0x00000000600b0000)]
  0x000000005a608800 JavaThread "Thread-54" [_thread_blocked, id=6556, stack(0x00000000600f0000,0x00000000601f0000)]
  0x000000005a607800 JavaThread "Thread-53" [_thread_blocked, id=8280, stack(0x000000005fbd0000,0x000000005fcd0000)]
  0x000000005a607000 JavaThread "Thread-52" [_thread_blocked, id=10200, stack(0x000000005fe20000,0x000000005ff20000)]
  0x000000005a606000 JavaThread "Thread-51" [_thread_blocked, id=9400, stack(0x000000005fcd0000,0x000000005fdd0000)]
  0x000000005a5f8000 JavaThread "Thread-50" [_thread_blocked, id=7340, stack(0x000000005fa90000,0x000000005fb90000)]
  0x000000005a5f7000 JavaThread "Thread-49" [_thread_blocked, id=9912, stack(0x000000005f900000,0x000000005fa00000)]
  0x000000005a5f6800 JavaThread "Thread-48" [_thread_blocked, id=9704, stack(0x000000005f750000,0x000000005f850000)]
  0x000000005a5f5800 JavaThread "Thread-47" [_thread_blocked, id=2224, stack(0x000000005ef70000,0x000000005f070000)]
  0x000000005a5f5000 JavaThread "Thread-46" [_thread_blocked, id=2472, stack(0x000000005f5d0000,0x000000005f6d0000)]
  0x000000005a5f4000 JavaThread "Thread-45" [_thread_blocked, id=7044, stack(0x000000005f3d0000,0x000000005f4d0000)]
  0x000000005a5f3800 JavaThread "Thread-44" [_thread_blocked, id=3204, stack(0x000000005f270000,0x000000005f370000)]
  0x000000005a5f2800 JavaThread "Thread-43" [_thread_blocked, id=2688, stack(0x000000005f090000,0x000000005f190000)]
  0x000000005a5f2000 JavaThread "Thread-42" [_thread_blocked, id=1648, stack(0x000000005eb50000,0x000000005ec50000)]
  0x000000005a5f1000 JavaThread "Thread-41" [_thread_blocked, id=5092, stack(0x000000005ee60000,0x000000005ef60000)]
  0x000000005a5e3000 JavaThread "Thread-40" [_thread_blocked, id=7824, stack(0x000000005eca0000,0x000000005eda0000)]
  0x000000005a5e2000 JavaThread "Thread-39" [_thread_blocked, id=4744, stack(0x000000005e9e0000,0x000000005eae0000)]
  0x000000005a5e1800 JavaThread "Thread-38" [_thread_blocked, id=6788, stack(0x000000005e7e0000,0x000000005e8e0000)]
  0x000000005a5e0800 JavaThread "Thread-37" [_thread_blocked, id=2008, stack(0x000000005e600000,0x000000005e700000)]
  0x000000005a5e0000 JavaThread "Thread-36" [_thread_blocked, id=4836, stack(0x000000005e110000,0x000000005e210000)]
  0x000000005a5df000 JavaThread "Thread-35" [_thread_blocked, id=9544, stack(0x000000005e440000,0x000000005e540000)]
  0x000000005a5de800 JavaThread "Thread-34" [_thread_blocked, id=3704, stack(0x000000005e260000,0x000000005e360000)]
  0x000000005a5dd800 JavaThread "Thread-33" [_thread_blocked, id=536, stack(0x000000005d980000,0x000000005da80000)]
  0x000000005a5dd000 JavaThread "Thread-32" [_thread_blocked, id=4772, stack(0x000000005dbe0000,0x000000005dce0000)]
  0x000000005a5dc000 JavaThread "Thread-31" [_thread_blocked, id=6376, stack(0x000000005e000000,0x000000005e100000)]
  0x000000005a5ce000 JavaThread "Thread-30" [_thread_blocked, id=8508, stack(0x000000005de90000,0x000000005df90000)]
  0x000000005a5cd000 JavaThread "Thread-29" [_thread_blocked, id=4664, stack(0x000000005dcf0000,0x000000005ddf0000)]
  0x000000005a5cc800 JavaThread "Thread-28" [_thread_blocked, id=4124, stack(0x000000005d700000,0x000000005d800000)]
  0x000000005a5cb800 JavaThread "Thread-27" [_thread_blocked, id=5240, stack(0x000000005dab0000,0x000000005dbb0000)]
  0x000000005a5ca000 JavaThread "Thread-25" [_thread_blocked, id=9148, stack(0x000000005d5d0000,0x000000005d6d0000)]
  0x000000005a5c9800 JavaThread "Thread-24" [_thread_blocked, id=8856, stack(0x000000005d4d0000,0x000000005d5d0000)]
  0x000000005a5c8800 JavaThread "Thread-23" [_thread_blocked, id=8248, stack(0x000000005d1f0000,0x000000005d2f0000)]
  0x000000005a5c8000 JavaThread "Thread-22" [_thread_blocked, id=5424, stack(0x000000005d3a0000,0x000000005d4a0000)]
  0x000000005a5c7000 JavaThread "Thread-21" [_thread_blocked, id=1880, stack(0x000000005d0c0000,0x000000005d1c0000)]
  0x000000005a5c0000 JavaThread "Thread-20" [_thread_blocked, id=9420, stack(0x000000005cef0000,0x000000005cff0000)]
  0x000000005a5bf000 JavaThread "Thread-19" [_thread_blocked, id=5568, stack(0x000000005cd10000,0x000000005ce10000)]
  0x000000005a5be800 JavaThread "Thread-18" [_thread_blocked, id=8952, stack(0x000000005c6e0000,0x000000005c7e0000)]
  0x000000005a5bd800 JavaThread "Thread-17" [_thread_blocked, id=5660, stack(0x000000005c970000,0x000000005ca70000)]
  0x000000005a5bd000 JavaThread "Thread-16" [_thread_blocked, id=7412, stack(0x000000005cb90000,0x000000005cc90000)]
  0x000000005a5bc000 JavaThread "Thread-15" [_thread_blocked, id=10032, stack(0x000000005ca90000,0x000000005cb90000)]
  0x000000005a5bb800 JavaThread "Thread-14" [_thread_blocked, id=7648, stack(0x000000005c830000,0x000000005c930000)]
  0x000000005a5ba800 JavaThread "Thread-13" [_thread_blocked, id=5440, stack(0x000000005c490000,0x000000005c590000)]
  0x000000005a5ba000 JavaThread "Thread-12" [_thread_blocked, id=8672, stack(0x000000005c5c0000,0x000000005c6c0000)]
  0x000000005a5b9000 JavaThread "Thread-11" [_thread_blocked, id=8388, stack(0x000000005c0c0000,0x000000005c1c0000)]
  0x000000005a5a7000 JavaThread "Thread-10" [_thread_blocked, id=9928, stack(0x000000005c300000,0x000000005c400000)]
  0x000000005a5a6000 JavaThread "Thread-9" [_thread_blocked, id=6596, stack(0x000000005c1f0000,0x000000005c2f0000)]
  0x000000005a5b2800 JavaThread "Thread-8" [_thread_blocked, id=3264, stack(0x000000005bf10000,0x000000005c010000)]
  0x000000005a5b1000 JavaThread "Thread-7" [_thread_blocked, id=6104, stack(0x000000005bdb0000,0x000000005beb0000)]
  0x000000005a525800 JavaThread "AWT-EventQueue-0" [_thread_blocked, id=7300, stack(0x000000005b150000,0x000000005b250000)]
  0x000000005a4b3000 JavaThread "AWT-Windows" daemon [_thread_in_native, id=5396, stack(0x000000005ab40000,0x000000005ac40000)]
  0x000000005a4b2800 JavaThread "AWT-Shutdown" [_thread_blocked, id=7752, stack(0x000000005ac70000,0x000000005ad70000)]
  0x000000005a2e1000 JavaThread "Java2D Disposer" daemon [_thread_blocked, id=9272, stack(0x0000000059fc0000,0x000000005a0c0000)]
  0x0000000058c96000 JavaThread "Service Thread" daemon [_thread_blocked, id=5336, stack(0x000000005a0d0000,0x000000005a1d0000)]
  0x0000000058c42000 JavaThread "C1 CompilerThread2" daemon [_thread_blocked, id=6404, stack(0x0000000059ce0000,0x0000000059de0000)]
  0x0000000058c2d000 JavaThread "C2 CompilerThread1" daemon [_thread_blocked, id=5476, stack(0x0000000059df0000,0x0000000059ef0000)]
  0x0000000058c2c000 JavaThread "C2 CompilerThread0" daemon [_thread_blocked, id=9624, stack(0x0000000059be0000,0x0000000059ce0000)]
  0x0000000058a5a800 JavaThread "*** Profiler Agent Special Execution Thread 6" daemon [_thread_blocked, id=6572, stack(0x0000000058ce0000,0x0000000058de0000)]
  0x0000000058a59800 JavaThread "*** JFluid Monitor thread ***" daemon [_thread_blocked, id=9788, stack(0x0000000059670000,0x0000000059770000)]
=>0x0000000058a5d800 JavaThread "*** Profiler Agent Communication Thread" daemon [_thread_in_vm, id=5212, stack(0x0000000059320000,0x0000000059420000)]
  0x00000000588e0800 JavaThread "Attach Listener" daemon [_thread_blocked, id=7788, stack(0x0000000058f70000,0x0000000059070000)]
  0x000000005740c800 JavaThread "Signal Dispatcher" daemon [_thread_blocked, id=6020, stack(0x0000000058e00000,0x0000000058f00000)]
  0x00000000573b0000 JavaThread "Finalizer" daemon [_thread_blocked, id=7040, stack(0x00000000587e0000,0x00000000588e0000)]
  0x00000000573af000 JavaThread "Reference Handler" daemon [_thread_blocked, id=3676, stack(0x00000000586a0000,0x00000000587a0000)]
  0x00000000021af000 JavaThread "main" [_thread_blocked, id=9836, stack(0x00000000023d0000,0x00000000024d0000)]

Other Threads:
  0x00000000573a2000 VMThread [stack: 0x0000000058400000,0x0000000058500000] [id=6588]
  0x0000000058cdf800 WatcherThread [stack: 0x000000005a9f0000,0x000000005aaf0000] [id=6720]

VM state:synchronizing (normal execution)

VM Mutex/Monitor currently owned by a thread:  ([mutex/lock_event])
[0x00000000021e8900] Threads_lock - owner thread: 0x00000000573a2000

Heap:
 PSYoungGen      total 696832K, used 311201K [0x00000000d5580000, 0x0000000100000000, 0x0000000100000000)
  eden space 694784K, 44% used [0x00000000d5580000,0x00000000e84f8728,0x00000000ffc00000)
  from space 2048K, 21% used [0x00000000ffe00000,0x00000000ffe70000,0x0000000100000000)
  to   space 2048K, 0% used [0x00000000ffc00000,0x00000000ffc00000,0x00000000ffe00000)
 ParOldGen       total 1398272K, used 34350K [0x0000000080000000, 0x00000000d5580000, 0x00000000d5580000)
  object space 1398272K, 2% used [0x0000000080000000,0x000000008218bbd0,0x00000000d5580000)
 Metaspace       used 18208K, capacity 18478K, committed 18688K, reserved 1067008K
  class space    used 1885K, capacity 1982K, committed 2048K, reserved 1048576K

Card table byte_map: [0x0000000011b60000,0x0000000011f70000] byte_map_base: 0x0000000011760000

Marking Bits: (ParMarkBitMap*) 0x0000000064e90600
 Begin Bits: [0x0000000012610000, 0x0000000014610000)
 End Bits:   [0x0000000014610000, 0x0000000016610000)

Polling page: 0x0000000001b60000

CodeCache: size=245760Kb used=12545Kb max_used=12919Kb free=233214Kb
 bounds [0x00000000027a0000, 0x0000000003480000, 0x00000000117a0000]
 total_blobs=4150 nmethods=3564 adapters=498
 compilation: enabled

Compilation events (10 events):
Event: 92.515 Thread 0x0000000058c42000 5122       3       sun.misc.FloatingDecimal$1::initialValue (8 bytes)
Event: 92.515 Thread 0x0000000058c42000 nmethod 5122 0x0000000002ab0450 code [0x0000000002ab05c0, 0x0000000002ab0950]
Event: 92.516 Thread 0x0000000058c42000 5123       3       sun.misc.FloatingDecimal$BinaryToASCIIBuffer::<init> (31 bytes)
Event: 92.516 Thread 0x0000000058c42000 nmethod 5123 0x0000000003443810 code [0x0000000003443980, 0x0000000003443c70]
Event: 93.803 Thread 0x0000000058c2c000 5124       4       java.io.ObjectInputStream$BlockDataInputStream::readUTFBody (156 bytes)
Event: 93.819 Thread 0x0000000058c2c000 nmethod 5124 0x0000000002c21290 code [0x0000000002c21420, 0x0000000002c21c88]
Event: 94.587 Thread 0x0000000058c2d000 5125       4       java.awt.geom.RectangularShape::getMaxY (10 bytes)
Event: 94.588 Thread 0x0000000058c2d000 nmethod 5125 0x0000000002de24d0 code [0x0000000002de2620, 0x0000000002de26d8]
Event: 94.909 Thread 0x0000000058c42000 5126       3       java.util.concurrent.locks.AbstractQueuedSynchronizer$ConditionObject::doSignalAll (36 bytes)
Event: 94.910 Thread 0x0000000058c42000 nmethod 5126 0x0000000002d588d0 code [0x0000000002d58a40, 0x0000000002d58d48]

GC Heap History (10 events):
Event: 84.822 GC heap before
{Heap before GC invocations=56 (full 0):
 PSYoungGen      total 695808K, used 693690K [0x00000000d5580000, 0x0000000100000000, 0x0000000100000000)
  eden space 693248K, 100% used [0x00000000d5580000,0x00000000ffa80000,0x00000000ffa80000)
  from space 2560K, 17% used [0x00000000ffa80000,0x00000000ffaeeaa8,0x00000000ffd00000)
  to   space 2560K, 0% used [0x00000000ffd80000,0x00000000ffd80000,0x0000000100000000)
 ParOldGen       total 1398272K, used 33174K [0x0000000080000000, 0x00000000d5580000, 0x00000000d5580000)
  object space 1398272K, 2% used [0x0000000080000000,0x0000000082065bd0,0x00000000d5580000)
 Metaspace       used 18116K, capacity 18350K, committed 18688K, reserved 1067008K
  class space    used 1885K, capacity 1982K, committed 2048K, reserved 1048576K
Event: 84.825 GC heap after
Heap after GC invocations=56 (full 0):
 PSYoungGen      total 696320K, used 646K [0x00000000d5580000, 0x0000000100000000, 0x0000000100000000)
  eden space 693760K, 0% used [0x00000000d5580000,0x00000000d5580000,0x00000000ffb00000)
  from space 2560K, 25% used [0x00000000ffd80000,0x00000000ffe21948,0x0000000100000000)
  to   space 2560K, 0% used [0x00000000ffb00000,0x00000000ffb00000,0x00000000ffd80000)
 ParOldGen       total 1398272K, used 33398K [0x0000000080000000, 0x00000000d5580000, 0x00000000d5580000)
  object space 1398272K, 2% used [0x0000000080000000,0x000000008209dbd0,0x00000000d5580000)
 Metaspace       used 18116K, capacity 18350K, committed 18688K, reserved 1067008K
  class space    used 1885K, capacity 1982K, committed 2048K, reserved 1048576K
}
Event: 87.189 GC heap before
{Heap before GC invocations=57 (full 0):
 PSYoungGen      total 696320K, used 694406K [0x00000000d5580000, 0x0000000100000000, 0x0000000100000000)
  eden space 693760K, 100% used [0x00000000d5580000,0x00000000ffb00000,0x00000000ffb00000)
  from space 2560K, 25% used [0x00000000ffd80000,0x00000000ffe21948,0x0000000100000000)
  to   space 2560K, 0% used [0x00000000ffb00000,0x00000000ffb00000,0x00000000ffd80000)
 ParOldGen       total 1398272K, used 33398K [0x0000000080000000, 0x00000000d5580000, 0x00000000d5580000)
  object space 1398272K, 2% used [0x0000000080000000,0x000000008209dbd0,0x00000000d5580000)
 Metaspace       used 18122K, capacity 18350K, committed 18688K, reserved 1067008K
  class space    used 1885K, capacity 1982K, committed 2048K, reserved 1048576K
Event: 87.192 GC heap after
Heap after GC invocations=57 (full 0):
 PSYoungGen      total 696320K, used 519K [0x00000000d5580000, 0x0000000100000000, 0x0000000100000000)
  eden space 693760K, 0% used [0x00000000d5580000,0x00000000d5580000,0x00000000ffb00000)
  from space 2560K, 20% used [0x00000000ffb00000,0x00000000ffb81f40,0x00000000ffd80000)
  to   space 2560K, 0% used [0x00000000ffd80000,0x00000000ffd80000,0x0000000100000000)
 ParOldGen       total 1398272K, used 33710K [0x0000000080000000, 0x00000000d5580000, 0x00000000d5580000)
  object space 1398272K, 2% used [0x0000000080000000,0x00000000820ebbd0,0x00000000d5580000)
 Metaspace       used 18122K, capacity 18350K, committed 18688K, reserved 1067008K
  class space    used 1885K, capacity 1982K, committed 2048K, reserved 1048576K
}
Event: 89.499 GC heap before
{Heap before GC invocations=58 (full 0):
 PSYoungGen      total 696320K, used 694279K [0x00000000d5580000, 0x0000000100000000, 0x0000000100000000)
  eden space 693760K, 100% used [0x00000000d5580000,0x00000000ffb00000,0x00000000ffb00000)
  from space 2560K, 20% used [0x00000000ffb00000,0x00000000ffb81f40,0x00000000ffd80000)
  to   space 2560K, 0% used [0x00000000ffd80000,0x00000000ffd80000,0x0000000100000000)
 ParOldGen       total 1398272K, used 33710K [0x0000000080000000, 0x00000000d5580000, 0x00000000d5580000)
  object space 1398272K, 2% used [0x0000000080000000,0x00000000820ebbd0,0x00000000d5580000)
 Metaspace       used 18208K, capacity 18478K, committed 18688K, reserved 1067008K
  class space    used 1885K, capacity 1982K, committed 2048K, reserved 1048576K
Event: 89.502 GC heap after
Heap after GC invocations=58 (full 0):
 PSYoungGen      total 696832K, used 608K [0x00000000d5580000, 0x0000000100000000, 0x0000000100000000)
  eden space 694272K, 0% used [0x00000000d5580000,0x00000000d5580000,0x00000000ffb80000)
  from space 2560K, 23% used [0x00000000ffd80000,0x00000000ffe183d8,0x0000000100000000)
  to   space 2048K, 0% used [0x00000000ffb80000,0x00000000ffb80000,0x00000000ffd80000)
 ParOldGen       total 1398272K, used 33902K [0x0000000080000000, 0x00000000d5580000, 0x00000000d5580000)
  object space 1398272K, 2% used [0x0000000080000000,0x000000008211bbd0,0x00000000d5580000)
 Metaspace       used 18208K, capacity 18478K, committed 18688K, reserved 1067008K
  class space    used 1885K, capacity 1982K, committed 2048K, reserved 1048576K
}
Event: 91.674 GC heap before
{Heap before GC invocations=59 (full 0):
 PSYoungGen      total 696832K, used 694880K [0x00000000d5580000, 0x0000000100000000, 0x0000000100000000)
  eden space 694272K, 100% used [0x00000000d5580000,0x00000000ffb80000,0x00000000ffb80000)
  from space 2560K, 23% used [0x00000000ffd80000,0x00000000ffe183d8,0x0000000100000000)
  to   space 2048K, 0% used [0x00000000ffb80000,0x00000000ffb80000,0x00000000ffd80000)
 ParOldGen       total 1398272K, used 33902K [0x0000000080000000, 0x00000000d5580000, 0x00000000d5580000)
  object space 1398272K, 2% used [0x0000000080000000,0x000000008211bbd0,0x00000000d5580000)
 Metaspace       used 18208K, capacity 18478K, committed 18688K, reserved 1067008K
  class space    used 1885K, capacity 1982K, committed 2048K, reserved 1048576K
Event: 91.676 GC heap after
Heap after GC invocations=59 (full 0):
 PSYoungGen      total 696320K, used 313K [0x00000000d5580000, 0x0000000100000000, 0x0000000100000000)
  eden space 694272K, 0% used [0x00000000d5580000,0x00000000d5580000,0x00000000ffb80000)
  from space 2048K, 15% used [0x00000000ffb80000,0x00000000ffbce4e8,0x00000000ffd80000)
  to   space 2048K, 0% used [0x00000000ffe00000,0x00000000ffe00000,0x0000000100000000)
 ParOldGen       total 1398272K, used 34254K [0x0000000080000000, 0x00000000d5580000, 0x00000000d5580000)
  object space 1398272K, 2% used [0x0000000080000000,0x0000000082173bd0,0x00000000d5580000)
 Metaspace       used 18208K, capacity 18478K, committed 18688K, reserved 1067008K
  class space    used 1885K, capacity 1982K, committed 2048K, reserved 1048576K
}
Event: 93.974 GC heap before
{Heap before GC invocations=60 (full 0):
 PSYoungGen      total 696320K, used 694585K [0x00000000d5580000, 0x0000000100000000, 0x0000000100000000)
  eden space 694272K, 100% used [0x00000000d5580000,0x00000000ffb80000,0x00000000ffb80000)
  from space 2048K, 15% used [0x00000000ffb80000,0x00000000ffbce4e8,0x00000000ffd80000)
  to   space 2048K, 0% used [0x00000000ffe00000,0x00000000ffe00000,0x0000000100000000)
 ParOldGen       total 1398272K, used 34254K [0x0000000080000000, 0x00000000d5580000, 0x00000000d5580000)
  object space 1398272K, 2% used [0x0000000080000000,0x0000000082173bd0,0x00000000d5580000)
 Metaspace       used 18208K, capacity 18478K, committed 18688K, reserved 1067008K
  class space    used 1885K, capacity 1982K, committed 2048K, reserved 1048576K
Event: 93.976 GC heap after
Heap after GC invocations=60 (full 0):
 PSYoungGen      total 696832K, used 448K [0x00000000d5580000, 0x0000000100000000, 0x0000000100000000)
  eden space 694784K, 0% used [0x00000000d5580000,0x00000000d5580000,0x00000000ffc00000)
  from space 2048K, 21% used [0x00000000ffe00000,0x00000000ffe70000,0x0000000100000000)
  to   space 2048K, 0% used [0x00000000ffc00000,0x00000000ffc00000,0x00000000ffe00000)
 ParOldGen       total 1398272K, used 34350K [0x0000000080000000, 0x00000000d5580000, 0x00000000d5580000)
  object space 1398272K, 2% used [0x0000000080000000,0x000000008218bbd0,0x00000000d5580000)
 Metaspace       used 18208K, capacity 18478K, committed 18688K, reserved 1067008K
  class space    used 1885K, capacity 1982K, committed 2048K, reserved 1048576K
}

Deoptimization events (10 events):
Event: 58.238 Thread 0x0000000058a59800 Uncommon trap: reason=unstable_if action=reinterpret pc=0x0000000002c8c368 method=org.netbeans.lib.profiler.server.Monitors$ThreadDataTable.findDeathThreads()V @ 4
Event: 59.198 Thread 0x0000000067b8b800 Uncommon trap: reason=unstable_if action=reinterpret pc=0x0000000002a88e50 method=java.text.DecimalFormat.subformat(Ljava/lang/StringBuffer;Ljava/text/Format$FieldDelegate;ZZIIII)Ljava/lang/StringBuffer; @ 887
Event: 59.198 Thread 0x0000000067b8b800 Uncommon trap: reason=unstable_if action=reinterpret pc=0x0000000002cb3cf0 method=sun.font.FontDesignMetrics.getLatinCharWidth(C)F @ 11
Event: 59.198 Thread 0x0000000067b8b800 Uncommon trap: reason=unstable_if action=reinterpret pc=0x0000000002b17c8c method=sun.font.FileFontStrike.getGlyphImagePtr(I)J @ 21
Event: 69.865 Thread 0x0000000058a5d800 Uncommon trap: reason=bimorphic action=maybe_recompile pc=0x0000000002cb6314 method=java.io.ObjectInputStream$PeekInputStream.peek()I @ 19
Event: 69.865 Thread 0x0000000058a5d800 Uncommon trap: reason=bimorphic action=maybe_recompile pc=0x0000000002a34ac4 method=java.io.ObjectInputStream$PeekInputStream.peek()I @ 19
Event: 69.930 Thread 0x00000000671a9800 Uncommon trap: reason=unstable_if action=reinterpret pc=0x0000000002f2f850 method=java.lang.Long.valueOf(J)Ljava/lang/Long; @ 13
Event: 70.094 Thread 0x00000000671a9800 Uncommon trap: reason=unstable_if action=reinterpret pc=0x000000000307f460 method=java.util.Arrays.equals([I[I)Z @ 23
Event: 70.343 Thread 0x00000000671a9800 Uncommon trap: reason=unstable_if action=reinterpret pc=0x0000000003235098 method=java.util.Arrays.equals([I[I)Z @ 41
Event: 71.089 Thread 0x0000000058a5d800 Uncommon trap: reason=unstable_if action=reinterpret pc=0x0000000002df53f4 method=java.io.ObjectOutputStream$BlockDataOutputStream.write([BIIZ)V @ 49

Internal exceptions (10 events):
Event: 94.096 Thread 0x000000005a525800 Exception <a 'java/lang/NullPointerException'> (0x00000000d7a16838) thrown at [D:\re\puppet\workspace\8-2-build-windows-amd64-cygwin\jdk8u73\6086\hotspot\src\share\vm\prims\jvm.cpp, line 1390]
Event: 94.096 Thread 0x000000005a525800 Exception <a 'java/lang/NullPointerException'> (0x00000000d7a16838) thrown at [D:\re\puppet\workspace\8-2-build-windows-amd64-cygwin\jdk8u73\6086\hotspot\src\share\vm\prims\jvm.cpp, line 1390]
Event: 94.622 Thread 0x000000005a525800 NullPointerException in IC check 0x000000000307e2a0
Event: 94.622 Thread 0x000000005a525800 Exception <a 'java/lang/NullPointerException'> (0x00000000e134ae70) thrown at [D:\re\puppet\workspace\8-2-build-windows-amd64-cygwin\jdk8u73\6086\hotspot\src\share\vm\runtime\sharedRuntime.cpp, line 605]
Event: 94.622 Thread 0x000000005a525800 Exception <a 'java/lang/NullPointerException'> (0x00000000e134ae70) thrown at [D:\re\puppet\workspace\8-2-build-windows-amd64-cygwin\jdk8u73\6086\hotspot\src\share\vm\prims\jvm.cpp, line 1390]
Event: 94.622 Thread 0x000000005a525800 Exception <a 'java/lang/NullPointerException'> (0x00000000e134ae70) thrown at [D:\re\puppet\workspace\8-2-build-windows-amd64-cygwin\jdk8u73\6086\hotspot\src\share\vm\prims\jvm.cpp, line 1390]
Event: 94.978 Thread 0x000000005a525800 NullPointerException in IC check 0x000000000307e2a0
Event: 94.978 Thread 0x000000005a525800 Exception <a 'java/lang/NullPointerException'> (0x00000000e767a4a0) thrown at [D:\re\puppet\workspace\8-2-build-windows-amd64-cygwin\jdk8u73\6086\hotspot\src\share\vm\runtime\sharedRuntime.cpp, line 605]
Event: 94.978 Thread 0x000000005a525800 Exception <a 'java/lang/NullPointerException'> (0x00000000e767a4a0) thrown at [D:\re\puppet\workspace\8-2-build-windows-amd64-cygwin\jdk8u73\6086\hotspot\src\share\vm\prims\jvm.cpp, line 1390]
Event: 94.978 Thread 0x000000005a525800 Exception <a 'java/lang/NullPointerException'> (0x00000000e767a4a0) thrown at [D:\re\puppet\workspace\8-2-build-windows-amd64-cygwin\jdk8u73\6086\hotspot\src\share\vm\prims\jvm.cpp, line 1390]

Events (10 events):
Event: 94.918 Executing VM operation: GetAllStackTraces done
Event: 94.919 Thread 0x00000000671b4000 Thread added: 0x00000000671b4000
Event: 94.928 Executing VM operation: GetAllStackTraces
Event: 94.934 Executing VM operation: GetAllStackTraces done
Event: 94.944 Executing VM operation: GetAllStackTraces
Event: 94.951 Executing VM operation: GetAllStackTraces done
Event: 94.951 Thread 0x00000000671b3800 Thread exited: 0x00000000671b3800
Event: 94.961 Executing VM operation: GetAllStackTraces
Event: 94.972 Executing VM operation: GetAllStackTraces done
Event: 95.002 Executing VM operation: GetAllStackTraces


Dynamic libraries:
0x000000013f550000 - 0x000000013f587000 	C:\Program Files\Java\jdk1.8.0_73\jre\bin\java.exe
0x0000000077ab0000 - 0x0000000077c59000 	C:\Windows\SYSTEM32\ntdll.dll
0x0000000077990000 - 0x0000000077aaf000 	C:\Windows\system32\kernel32.dll
0x000007fefe230000 - 0x000007fefe29b000 	C:\Windows\system32\KERNELBASE.dll
0x000007fefe360000 - 0x000007fefe43b000 	C:\Windows\system32\ADVAPI32.dll
0x000007feffcf0000 - 0x000007feffd8f000 	C:\Windows\system32\msvcrt.dll
0x000007feff770000 - 0x000007feff78f000 	C:\Windows\SYSTEM32\sechost.dll
0x000007feff8e0000 - 0x000007feffa0d000 	C:\Windows\system32\RPCRT4.dll
0x0000000077730000 - 0x000000007782a000 	C:\Windows\system32\USER32.dll
0x000007fefe6c0000 - 0x000007fefe727000 	C:\Windows\system32\GDI32.dll
0x000007feffa20000 - 0x000007feffa2e000 	C:\Windows\system32\LPK.dll
0x000007feff790000 - 0x000007feff859000 	C:\Windows\system32\USP10.dll
0x000007fefc490000 - 0x000007fefc684000 	C:\Windows\WinSxS\amd64_microsoft.windows.common-controls_6595b64144ccf1df_6.0.7601.17514_none_fa396087175ac9ac\COMCTL32.dll
0x000007fefe2e0000 - 0x000007fefe351000 	C:\Windows\system32\SHLWAPI.dll
0x000007feffd90000 - 0x000007feffdbe000 	C:\Windows\system32\IMM32.DLL
0x000007feff640000 - 0x000007feff749000 	C:\Windows\system32\MSCTF.dll
0x00000000707c0000 - 0x0000000070892000 	C:\Program Files\Java\jdk1.8.0_73\jre\bin\msvcr100.dll
0x0000000064680000 - 0x0000000064f10000 	C:\Program Files\Java\jdk1.8.0_73\jre\bin\server\jvm.dll
0x000007fef9d40000 - 0x000007fef9d49000 	C:\Windows\system32\WSOCK32.dll
0x000007feffc40000 - 0x000007feffc8d000 	C:\Windows\system32\WS2_32.dll
0x000007feffa10000 - 0x000007feffa18000 	C:\Windows\system32\NSI.dll
0x000007fefa8f0000 - 0x000007fefa92b000 	C:\Windows\system32\WINMM.dll
0x000007fefd020000 - 0x000007fefd02c000 	C:\Windows\system32\VERSION.dll
0x0000000077c70000 - 0x0000000077c77000 	C:\Windows\system32\PSAPI.DLL
0x0000000073cf0000 - 0x0000000073cff000 	C:\Program Files\Java\jdk1.8.0_73\jre\bin\verify.dll
0x00000000725b0000 - 0x00000000725d9000 	C:\Program Files\Java\jdk1.8.0_73\jre\bin\java.dll
0x000007fef4850000 - 0x000007fef485f000 	C:\Program Files\NetBeans 8.1\profiler\lib\deployed\jdk16\windows-amd64\profilerinterface.dll
0x0000000072590000 - 0x00000000725a6000 	C:\Program Files\Java\jdk1.8.0_73\jre\bin\zip.dll
0x000007fefe730000 - 0x000007feff4b8000 	C:\Windows\system32\SHELL32.dll
0x000007feffa30000 - 0x000007feffc33000 	C:\Windows\system32\ole32.dll
0x000007fefdf10000 - 0x000007fefdf1f000 	C:\Windows\system32\profapi.dll
0x0000000072570000 - 0x000000007258a000 	C:\Program Files\Java\jdk1.8.0_73\jre\bin\net.dll
0x000007fefd780000 - 0x000007fefd7d5000 	C:\Windows\system32\mswsock.dll
0x000007fefd770000 - 0x000007fefd777000 	C:\Windows\System32\wship6.dll
0x0000000070790000 - 0x000000007079d000 	C:\Program Files\Java\jdk1.8.0_73\jre\bin\management.dll
0x00000000707a0000 - 0x00000000707b1000 	C:\Program Files\Java\jdk1.8.0_73\jre\bin\nio.dll
0x000007fefd7e0000 - 0x000007fefd7f7000 	C:\Windows\system32\CRYPTSP.dll
0x000007fefd4e0000 - 0x000007fefd527000 	C:\Windows\system32\rsaenh.dll
0x000007fefd200000 - 0x000007fefd21e000 	C:\Windows\system32\USERENV.dll
0x000007fefde40000 - 0x000007fefde4f000 	C:\Windows\system32\CRYPTBASE.dll
0x000007fefbf70000 - 0x000007fefbf97000 	C:\Windows\system32\IPHLPAPI.DLL
0x000007fefbf60000 - 0x000007fefbf6b000 	C:\Windows\system32\WINNSI.DLL
0x000007fefbde0000 - 0x000007fefbdf8000 	C:\Windows\system32\dhcpcsvc.DLL
0x000007fefbdc0000 - 0x000007fefbdd1000 	C:\Windows\system32\dhcpcsvc6.DLL
0x0000000065f80000 - 0x0000000066118000 	C:\Program Files\Java\jdk1.8.0_73\jre\bin\awt.dll
0x000007feff560000 - 0x000007feff637000 	C:\Windows\system32\OLEAUT32.dll
0x000007fefbe80000 - 0x000007fefbe98000 	C:\Windows\system32\DWMAPI.DLL
0x0000000066490000 - 0x00000000664d7000 	C:\Program Files\Java\jdk1.8.0_73\jre\bin\fontmanager.dll
0x00000000690a0000 - 0x00000000690ca000 	C:\Program Files\Java\jdk1.8.0_73\jre\bin\dcpr.dll
0x0000000066440000 - 0x0000000066482000 	C:\Program Files\Java\jdk1.8.0_73\jre\bin\t2k.dll
0x000007fefa4e0000 - 0x000007fefa605000 	C:\Windows\system32\dbghelp.dll

VM Arguments:
jvm_args: -Dfile.encoding=UTF-8 -Xmx2048m -Xms2048m -agentpath:C:/Program Files/NetBeans 8.1/profiler/lib/deployed/jdk16/windows-amd64/profilerinterface.dll=C:\Program Files\NetBeans 8.1\profiler\lib,5140,10 -XX:+HeapDumpOnOutOfMemoryError -XX:HeapDumpPath=C:\Users\ARODRIGUEZ\Documents\Codes\networkSimUN\nbproject\private\profiler 
java_command: unalcol.agents.NetworkSim.DataReplicationNodeFailingMain load smallworld+v+100+beta+0.5+degree+2.graph 10 0 carriersrep smallworld+v+100+beta+0.5+degree+2.loc -1 replalgon NODELAY 0.001 10
java_class_path (initial): C:\Users\ARODRIGUEZ\Documents\Codes\networkSimUN\lib\autocomplete.jar;C:\Users\ARODRIGUEZ\Documents\Codes\networkSimUN\lib\collections-generic-4.01.jar;C:\Users\ARODRIGUEZ\Documents\Codes\networkSimUN\lib\colt-1.2.0.jar;C:\Users\ARODRIGUEZ\Documents\Codes\networkSimUN\lib\commons-discovery-0.5.jar;C:\Users\ARODRIGUEZ\Documents\Codes\networkSimUN\lib\commons-exec-1.1.jar;C:\Users\ARODRIGUEZ\Documents\Codes\networkSimUN\lib\commons-logging-1.1.1.jar;C:\Users\ARODRIGUEZ\Documents\Codes\networkSimUN\lib\concurrent-1.3.4.jar;C:\Users\ARODRIGUEZ\Documents\Codes\networkSimUN\lib\encog-core-3.0.1.jar;C:\Users\ARODRIGUEZ\Documents\Codes\networkSimUN\lib\flexdock-0.5.1.jar;C:\Users\ARODRIGUEZ\Documents\Codes\networkSimUN\lib\flexdock-demo-0.5.2.jar;C:\Users\ARODRIGUEZ\Documents\Codes\networkSimUN\lib\j3d-core-1.3.1.jar;C:\Users\ARODRIGUEZ\Documents\Codes\networkSimUN\lib\jcommon-1.0.17.jar;C:\Users\ARODRIGUEZ\Documents\Codes\networkSimUN\lib\jdom.jar;C:\Users\ARODRIGUEZ\Documents\Codes\networkSimUN\lib\jfreechart-1.0.14.jar;C:\Users\ARODRIGUEZ\Documents\Codes\networkSimUN\lib\jgap.jar;C:\Users\ARODRIGUEZ\Documents\Codes\networkSimUN\lib\jung-3d-2.0.1.jar;C:\Users\ARODRIGUEZ\Documents\Codes\networkSimUN\lib\jung-3d-demos-2.0.1.jar;C:\Users\ARODRIGUEZ\Documents\Codes\networkSimUN\lib\jung-algorithms-2.0.1.jar;C:\Users\ARODRIGUEZ\Documents\Codes\networkSimUN\lib\jung-api-2.0.1.jar;C:\Users\ARODRIGUEZ\Documents\Codes\networkSimUN\lib\jung-graph-impl-2.0.1.jar;C:\Users\ARODRIGUEZ\Documents\Codes\networkSimUN\lib\jung-io-2.0.1.jar;C:\Users\ARODRIGUEZ\Documents\Codes\networkSimUN\lib\jung-jai-2.0.1.jar;C:\Users\ARODRIGUEZ\Documents\Codes\networkSimUN\lib\jung-jai-samples-2.0.1.jar;C:\Users\ARODRIGUEZ\Documents\Codes\networkSimUN\lib\jung-samples-2.0.1.jar;C:\Users\ARODRIGUEZ\Documents\Codes\networkSimUN\lib\jung-visualization-2.0.1.jar;C:\Users\ARODRIGUEZ\Documents\Codes\networkSimUN\lib\junit.jar;C:\Users\ARODRIGUEZ\Documents\Codes\networkSimUN\lib\log4
Launcher Type: SUN_STANDARD

Environment Variables:
PATH=C:\ProgramData\Oracle\Java\javapath;C:\Program Files\Common Files\Microsoft Shared\Windows Live;C:\Program Files (x86)\Common Files\Microsoft Shared\Windows Live;C:\Program Files (x86)\Intel\iCLS Client\;C:\Program Files\Intel\iCLS Client\;C:\Windows\system32;C:\Windows;C:\Windows\System32\Wbem;C:\Windows\System32\WindowsPowerShell\v1.0\;C:\Program Files\Intel\Intel(R) Management Engine Components\DAL;C:\Program Files\Intel\Intel(R) Management Engine Components\IPT;C:\Program Files (x86)\Intel\Intel(R) Management Engine Components\DAL;C:\Program Files (x86)\Intel\Intel(R) Management Engine Components\IPT;C:\Program Files (x86)\Intel\OpenCL SDK\2.0\bin\x86;C:\Program Files (x86)\Intel\OpenCL SDK\2.0\bin\x64;C:\Program Files\Intel\WiFi\bin\;C:\Program Files\Common Files\Intel\WirelessCommon\;C:\Program Files (x86)\Windows Live\Shared;C:\Program Files (x86)\GtkSharp\2.12\bin;C:\Program Files\Git\cmd;C:\Program Files (x86)\MiKTeX 2.9\miktex\bin\;C:\Program Files (x86)\Skype\Phone\
USERNAME=ARODRIGUEZ
OS=Windows_NT
PROCESSOR_IDENTIFIER=Intel64 Family 6 Model 58 Stepping 9, GenuineIntel



---------------  S Y S T E M  ---------------

OS: Windows 7 , 64 bit Build 7601 (6.1.7601.18015)

CPU:total 4 (2 cores per cpu, 2 threads per core) family 6 model 58 stepping 9, cmov, cx8, fxsr, mmx, sse, sse2, sse3, ssse3, sse4.1, sse4.2, popcnt, avx, aes, clmul, erms, ht, tsc, tscinvbit, tscinv

Memory: 4k page, physical 6191468k(2310528k free), swap 12381072k(5563272k free)

vm_info: Java HotSpot(TM) 64-Bit Server VM (25.73-b02) for windows-amd64 JRE (1.8.0_73-b02), built on Jan 29 2016 17:38:49 by "java_re" with MS VC++ 10.0 (VS2010)

time: Wed Apr 26 16:19:13 2017
elapsed time: 95 seconds (0d 0h 1m 35s)

