#
# A fatal error has been detected by the Java Runtime Environment:
#
#  EXCEPTION_ACCESS_VIOLATION (0xc0000005) at pc=0x0000000077843290, pid=5888, tid=4968
#
# JRE version: Java(TM) SE Runtime Environment (8.0_73-b02) (build 1.8.0_73-b02)
# Java VM: Java HotSpot(TM) 64-Bit Server VM (25.73-b02 mixed mode windows-amd64 compressed oops)
# Problematic frame:
# C  [ntdll.dll+0x53290]
#
# Failed to write core dump. Minidumps are not enabled by default on client versions of Windows
#
# If you would like to submit a bug report, please visit:
#   http://bugreport.java.com/bugreport/crash.jsp
#

---------------  T H R E A D  ---------------

Current thread (0x0000000020b0f000):  Thread [stack: 0x0000000021680000,0x0000000021780000] [id=5536]

siginfo: ExceptionCode=0xc0000005, reading address 0x00000c64b9b671c8

Registers:
RAX=0x0000000021e5e590, RBX=0x00000c64b9b671c0, RCX=0x000000ffffffffff, RDX=0x00000000224ff240
RSP=0x000000002177f9b0, RBP=0x0000000000000000, RSI=0x0000000002150000, RDI=0x00000000224ff250
R8 =0x00000000224ff250, R9 =0x000022b401ea0010, R10=0x0000000000000000, R11=0x0000000000000217
R12=0x0000000000000000, R13=0x0000000000000000, R14=0x0000000000000000, R15=0x0000000000000000
RIP=0x0000000077843290, EFLAGS=0x0000000000010206

Top of Stack: (sp=0x000000002177f9b0)
0x000000002177f9b0:   0000000000000000 0000000000000000
0x000000002177f9c0:   0000000000000000 0000000000000000
0x000000002177f9d0:   0000000000000000 0000000000000000
0x000000002177f9e0:   0000000020b0f000 000007fefdd0133c
0x000000002177f9f0:   0000000000000000 0000000000000000
0x000000002177fa00:   0000000000000000 0000000000000000
0x000000002177fa10:   00000000224ff250 0000000000000000
0x000000002177fa20:   000000002177fb10 000000007729300a
0x000000002177fa30:   0000000000000000 0000000020b0f000
0x000000002177fa40:   00000000560389c0 0000000021b073c0
0x000000002177fa50:   0000000020b0f000 000000005d9a8d94
0x000000002177fa60:   0000000021b073c0 0000000000000000
0x000000002177fa70:   0000000000000000 0000000000000000
0x000000002177fa80:   0000000020b0f000 000000005b270086
0x000000002177fa90:   0000000020b0f000 0000000020b0f000
0x000000002177faa0:   0000000000000000 0000000020b223d0 

Instructions: (pc=0x0000000077843290)
0x0000000077843270:   ff ff 00 00 00 48 33 de 48 23 c1 48 c1 eb 04 48
0x0000000077843280:   33 d8 48 33 1d 3f f1 0d 00 48 c1 e3 04 0f 0d 0b
0x0000000077843290:   4c 8b 63 08 49 bd 01 00 00 00 01 00 00 00 49 be
0x00000000778432a0:   ff 7f 00 00 ff ff ff ff c6 42 0f 80 c6 42 0e 00 


Register to memory mapping:

RAX=0x0000000021e5e590 is an unknown value
RBX=0x00000c64b9b671c0 is an unknown value
RCX=0x000000ffffffffff is an unknown value
RDX=0x00000000224ff240 is an unknown value
RSP=0x000000002177f9b0 is an unknown value
RBP=0x0000000000000000 is an unknown value
RSI=0x0000000002150000 is an unknown value
RDI=0x00000000224ff250 is an unknown value
R8 =0x00000000224ff250 is an unknown value
R9 =0x000022b401ea0010 is an unknown value
R10=0x0000000000000000 is an unknown value
R11=0x0000000000000217 is an unknown value
R12=0x0000000000000000 is an unknown value
R13=0x0000000000000000 is an unknown value
R14=0x0000000000000000 is an unknown value
R15=0x0000000000000000 is an unknown value


Stack: [0x0000000021680000,0x0000000021780000],  sp=0x000000002177f9b0,  free space=1022k
Native frames: (J=compiled Java code, j=interpreted, Vv=VM code, C=native code)


---------------  P R O C E S S  ---------------

Java Threads: ( => current thread )
  0x0000000020b0e800 JavaThread "org.netbeans.modules.debugger.jpda.visual AWT Access Loop" daemon [_thread_blocked, id=2108, stack(0x0000000023b60000,0x0000000023c60000)]
  0x0000000020b0d800 JavaThread "Thread-15" [_thread_blocked, id=5236, stack(0x0000000023c70000,0x0000000023d70000)]
  0x0000000020b0d000 JavaThread "Thread-14" [_thread_blocked, id=3820, stack(0x0000000023a20000,0x0000000023b20000)]
  0x0000000020b0c000 JavaThread "Thread-13" [_thread_blocked, id=5876, stack(0x00000000238e0000,0x00000000239e0000)]
  0x0000000020b0a800 JavaThread "Thread-11" [_thread_blocked, id=5684, stack(0x0000000022e40000,0x0000000022f40000)]
  0x0000000020b0a000 JavaThread "Thread-10" [_thread_blocked, id=4228, stack(0x00000000230a0000,0x00000000231a0000)]
  0x0000000020d67000 JavaThread "Thread-9" [_thread_blocked, id=5952, stack(0x0000000023490000,0x0000000023590000)]
  0x0000000020b84800 JavaThread "Thread-8" [_thread_blocked, id=5612, stack(0x0000000023390000,0x0000000023490000)]
  0x0000000020b83000 JavaThread "Thread-6" [_thread_blocked, id=4788, stack(0x0000000022f40000,0x0000000023040000)]
  0x0000000020c31000 JavaThread "Thread-5" [_thread_blocked, id=2156, stack(0x0000000022d40000,0x0000000022e40000)]
  0x0000000020c35000 JavaThread "Thread-4" [_thread_blocked, id=5364, stack(0x0000000022ac0000,0x0000000022bc0000)]
  0x0000000020c70000 JavaThread "AWT-EventQueue-0" [_thread_blocked, id=5640, stack(0x00000000217b0000,0x00000000218b0000)]
  0x0000000020a9e800 JavaThread "AWT-Windows" daemon [_thread_in_native, id=5968, stack(0x00000000214f0000,0x00000000215f0000)]
  0x0000000020a9c800 JavaThread "AWT-Shutdown" [_thread_blocked, id=4936, stack(0x00000000212f0000,0x00000000213f0000)]
  0x0000000020a9b800 JavaThread "Java2D Disposer" daemon [_thread_blocked, id=4184, stack(0x0000000021130000,0x0000000021230000)]
  0x000000001f728800 JavaThread "Service Thread" daemon [_thread_blocked, id=3544, stack(0x000000001fa90000,0x000000001fb90000)]
  0x000000001f6f1800 JavaThread "C1 CompilerThread2" daemon [_thread_blocked, id=1160, stack(0x0000000020560000,0x0000000020660000)]
  0x000000001f6ce800 JavaThread "C2 CompilerThread1" daemon [_thread_blocked, id=788, stack(0x00000000203f0000,0x00000000204f0000)]
  0x000000001f6b3800 JavaThread "C2 CompilerThread0" daemon [_thread_blocked, id=5388, stack(0x0000000020260000,0x0000000020360000)]
  0x000000001f6a8800 JavaThread "JDWP Command Reader" daemon [_thread_in_native, id=2052, stack(0x0000000020150000,0x0000000020250000)]
  0x000000001f6a1000 JavaThread "JDWP Event Helper Thread" daemon [_thread_blocked, id=4556, stack(0x000000001ffd0000,0x00000000200d0000)]
  0x000000001f69b000 JavaThread "JDWP Transport Listener: dt_shmem" daemon [_thread_blocked, id=6096, stack(0x000000001fdd0000,0x000000001fed0000)]
  0x000000001e079800 JavaThread "Attach Listener" daemon [_thread_blocked, id=1148, stack(0x000000001fbc0000,0x000000001fcc0000)]
  0x000000001e078000 JavaThread "Signal Dispatcher" daemon [_thread_blocked, id=4620, stack(0x000000001f450000,0x000000001f550000)]
  0x000000001e01b000 JavaThread "Finalizer" daemon [_thread_blocked, id=1536, stack(0x000000001f590000,0x000000001f690000)]
  0x000000001e012000 JavaThread "Reference Handler" daemon [_thread_blocked, id=3280, stack(0x000000001f2d0000,0x000000001f3d0000)]
  0x000000000219a000 JavaThread "main" [_thread_blocked, id=5348, stack(0x0000000002520000,0x0000000002620000)]

Other Threads:
  0x000000001e00c000 VMThread [stack: 0x000000001f170000,0x000000001f270000] [id=4828]
  0x000000001f72c800 WatcherThread [stack: 0x0000000020740000,0x0000000020840000] [id=5660]

=>0x0000000020b0f000 (exited) Thread [stack: 0x0000000021680000,0x0000000021780000] [id=5536]

VM state:not at safepoint (normal execution)

VM Mutex/Monitor currently owned by a thread: None

Heap:
 PSYoungGen      total 31232K, used 6931K [0x0000000757d80000, 0x000000075dc80000, 0x00000007c0000000)
  eden space 30720K, 21% used [0x0000000757d80000,0x00000007583fcc68,0x0000000759b80000)
  from space 512K, 56% used [0x000000075db80000,0x000000075dbc8000,0x000000075dc00000)
  to   space 512K, 0% used [0x000000075dc00000,0x000000075dc00000,0x000000075dc80000)
 ParOldGen       total 65536K, used 14213K [0x0000000687800000, 0x000000068b800000, 0x0000000757d80000)
  object space 65536K, 21% used [0x0000000687800000,0x00000006885e16c8,0x000000068b800000)
 Metaspace       used 12208K, capacity 12460K, committed 12672K, reserved 1060864K
  class space    used 1292K, capacity 1377K, committed 1408K, reserved 1048576K

Card table byte_map: [0x0000000011cb0000,0x0000000012680000] byte_map_base: 0x000000000e874000

Marking Bits: (ParMarkBitMap*) 0x000000005b840600
 Begin Bits: [0x0000000013070000, 0x0000000017e90000)
 End Bits:   [0x0000000017e90000, 0x000000001ccb0000)

Polling page: 0x0000000000230000

CodeCache: size=245760Kb used=9320Kb max_used=9529Kb free=236439Kb
 bounds [0x00000000028f0000, 0x00000000032e0000, 0x00000000118f0000]
 total_blobs=2912 nmethods=2458 adapters=373
 compilation: enabled

Compilation events (10 events):
Event: 72.986 Thread 0x000000001f6b3800 3154       4       sun.awt.AWTAutoShutdown::isReadyToShutdown (37 bytes)
Event: 72.987 Thread 0x000000001f6b3800 nmethod 3154 0x00000000030a6a10 code [0x00000000030a6b60, 0x00000000030a6c38]
Event: 75.012 Thread 0x000000001f6ce800 3155   !   4       java.awt.Container::addNotify (81 bytes)
Event: 75.012 Thread 0x000000001f6b3800 3156   !   4       java.awt.Component::addNotify (434 bytes)
Event: 75.027 Thread 0x000000001f6b3800 nmethod 3156 0x0000000002df4010 code [0x0000000002df4200, 0x0000000002df4de8]
Event: 75.034 Thread 0x000000001f6ce800 nmethod 3155 0x0000000002fbfed0 code [0x0000000002fc01c0, 0x0000000002fc1798]
Event: 76.962 Thread 0x000000001f6b3800 3157       4       java.awt.Component::updateZOrder (14 bytes)
Event: 76.963 Thread 0x000000001f6b3800 nmethod 3157 0x00000000029fd6d0 code [0x00000000029fd820, 0x00000000029fd908]
Event: 77.769 Thread 0x000000001f6f1800 3158       3       java.util.concurrent.locks.AbstractQueuedSynchronizer::acquire (27 bytes)
Event: 77.770 Thread 0x000000001f6f1800 nmethod 3158 0x0000000002e30a10 code [0x0000000002e30bc0, 0x0000000002e31078]

GC Heap History (10 events):
Event: 79.314 GC heap before
{Heap before GC invocations=119 (full 0):
 PSYoungGen      total 33792K, used 33536K [0x0000000757d80000, 0x000000075dc80000, 0x00000007c0000000)
  eden space 33280K, 100% used [0x0000000757d80000,0x0000000759e00000,0x0000000759e00000)
  from space 512K, 50% used [0x000000075dc00000,0x000000075dc40000,0x000000075dc80000)
  to   space 512K, 0% used [0x000000075db80000,0x000000075db80000,0x000000075dc00000)
 ParOldGen       total 65536K, used 12559K [0x0000000687800000, 0x000000068b800000, 0x0000000757d80000)
  object space 65536K, 19% used [0x0000000687800000,0x0000000688443f28,0x000000068b800000)
 Metaspace       used 12208K, capacity 12460K, committed 12672K, reserved 1060864K
  class space    used 1292K, capacity 1377K, committed 1408K, reserved 1048576K
Event: 79.317 GC heap after
Heap after GC invocations=119 (full 0):
 PSYoungGen      total 33280K, used 320K [0x0000000757d80000, 0x000000075dc80000, 0x00000007c0000000)
  eden space 32768K, 0% used [0x0000000757d80000,0x0000000757d80000,0x0000000759d80000)
  from space 512K, 62% used [0x000000075db80000,0x000000075dbd0000,0x000000075dc00000)
  to   space 512K, 0% used [0x000000075dc00000,0x000000075dc00000,0x000000075dc80000)
 ParOldGen       total 65536K, used 13077K [0x0000000687800000, 0x000000068b800000, 0x0000000757d80000)
  object space 65536K, 19% used [0x0000000687800000,0x00000006884c56c8,0x000000068b800000)
 Metaspace       used 12208K, capacity 12460K, committed 12672K, reserved 1060864K
  class space    used 1292K, capacity 1377K, committed 1408K, reserved 1048576K
}
Event: 80.574 GC heap before
{Heap before GC invocations=120 (full 0):
 PSYoungGen      total 33280K, used 33088K [0x0000000757d80000, 0x000000075dc80000, 0x00000007c0000000)
  eden space 32768K, 100% used [0x0000000757d80000,0x0000000759d80000,0x0000000759d80000)
  from space 512K, 62% used [0x000000075db80000,0x000000075dbd0000,0x000000075dc00000)
  to   space 512K, 0% used [0x000000075dc00000,0x000000075dc00000,0x000000075dc80000)
 ParOldGen       total 65536K, used 13077K [0x0000000687800000, 0x000000068b800000, 0x0000000757d80000)
  object space 65536K, 19% used [0x0000000687800000,0x00000006884c56c8,0x000000068b800000)
 Metaspace       used 12208K, capacity 12460K, committed 12672K, reserved 1060864K
  class space    used 1292K, capacity 1377K, committed 1408K, reserved 1048576K
Event: 80.575 GC heap after
Heap after GC invocations=120 (full 0):
 PSYoungGen      total 32768K, used 320K [0x0000000757d80000, 0x000000075dc80000, 0x00000007c0000000)
  eden space 32256K, 0% used [0x0000000757d80000,0x0000000757d80000,0x0000000759d00000)
  from space 512K, 62% used [0x000000075dc00000,0x000000075dc50000,0x000000075dc80000)
  to   space 512K, 0% used [0x000000075db80000,0x000000075db80000,0x000000075dc00000)
 ParOldGen       total 65536K, used 13381K [0x0000000687800000, 0x000000068b800000, 0x0000000757d80000)
  object space 65536K, 20% used [0x0000000687800000,0x00000006885116c8,0x000000068b800000)
 Metaspace       used 12208K, capacity 12460K, committed 12672K, reserved 1060864K
  class space    used 1292K, capacity 1377K, committed 1408K, reserved 1048576K
}
Event: 81.803 GC heap before
{Heap before GC invocations=121 (full 0):
 PSYoungGen      total 32768K, used 32576K [0x0000000757d80000, 0x000000075dc80000, 0x00000007c0000000)
  eden space 32256K, 100% used [0x0000000757d80000,0x0000000759d00000,0x0000000759d00000)
  from space 512K, 62% used [0x000000075dc00000,0x000000075dc50000,0x000000075dc80000)
  to   space 512K, 0% used [0x000000075db80000,0x000000075db80000,0x000000075dc00000)
 ParOldGen       total 65536K, used 13381K [0x0000000687800000, 0x000000068b800000, 0x0000000757d80000)
  object space 65536K, 20% used [0x0000000687800000,0x00000006885116c8,0x000000068b800000)
 Metaspace       used 12208K, capacity 12460K, committed 12672K, reserved 1060864K
  class space    used 1292K, capacity 1377K, committed 1408K, reserved 1048576K
Event: 81.805 GC heap after
Heap after GC invocations=121 (full 0):
 PSYoungGen      total 32256K, used 320K [0x0000000757d80000, 0x000000075dc80000, 0x00000007c0000000)
  eden space 31744K, 0% used [0x0000000757d80000,0x0000000757d80000,0x0000000759c80000)
  from space 512K, 62% used [0x000000075db80000,0x000000075dbd0000,0x000000075dc00000)
  to   space 512K, 0% used [0x000000075dc00000,0x000000075dc00000,0x000000075dc80000)
 ParOldGen       total 65536K, used 13661K [0x0000000687800000, 0x000000068b800000, 0x0000000757d80000)
  object space 65536K, 20% used [0x0000000687800000,0x00000006885576c8,0x000000068b800000)
 Metaspace       used 12208K, capacity 12460K, committed 12672K, reserved 1060864K
  class space    used 1292K, capacity 1377K, committed 1408K, reserved 1048576K
}
Event: 83.014 GC heap before
{Heap before GC invocations=122 (full 0):
 PSYoungGen      total 32256K, used 32064K [0x0000000757d80000, 0x000000075dc80000, 0x00000007c0000000)
  eden space 31744K, 100% used [0x0000000757d80000,0x0000000759c80000,0x0000000759c80000)
  from space 512K, 62% used [0x000000075db80000,0x000000075dbd0000,0x000000075dc00000)
  to   space 512K, 0% used [0x000000075dc00000,0x000000075dc00000,0x000000075dc80000)
 ParOldGen       total 65536K, used 13661K [0x0000000687800000, 0x000000068b800000, 0x0000000757d80000)
  object space 65536K, 20% used [0x0000000687800000,0x00000006885576c8,0x000000068b800000)
 Metaspace       used 12208K, capacity 12460K, committed 12672K, reserved 1060864K
  class space    used 1292K, capacity 1377K, committed 1408K, reserved 1048576K
Event: 83.016 GC heap after
Heap after GC invocations=122 (full 0):
 PSYoungGen      total 31744K, used 288K [0x0000000757d80000, 0x000000075dc80000, 0x00000007c0000000)
  eden space 31232K, 0% used [0x0000000757d80000,0x0000000757d80000,0x0000000759c00000)
  from space 512K, 56% used [0x000000075dc00000,0x000000075dc48000,0x000000075dc80000)
  to   space 512K, 0% used [0x000000075db80000,0x000000075db80000,0x000000075dc00000)
 ParOldGen       total 65536K, used 13933K [0x0000000687800000, 0x000000068b800000, 0x0000000757d80000)
  object space 65536K, 21% used [0x0000000687800000,0x000000068859b6c8,0x000000068b800000)
 Metaspace       used 12208K, capacity 12460K, committed 12672K, reserved 1060864K
  class space    used 1292K, capacity 1377K, committed 1408K, reserved 1048576K
}
Event: 83.869 GC heap before
{Heap before GC invocations=123 (full 0):
 PSYoungGen      total 31744K, used 31520K [0x0000000757d80000, 0x000000075dc80000, 0x00000007c0000000)
  eden space 31232K, 100% used [0x0000000757d80000,0x0000000759c00000,0x0000000759c00000)
  from space 512K, 56% used [0x000000075dc00000,0x000000075dc48000,0x000000075dc80000)
  to   space 512K, 0% used [0x000000075db80000,0x000000075db80000,0x000000075dc00000)
 ParOldGen       total 65536K, used 13933K [0x0000000687800000, 0x000000068b800000, 0x0000000757d80000)
  object space 65536K, 21% used [0x0000000687800000,0x000000068859b6c8,0x000000068b800000)
 Metaspace       used 12208K, capacity 12460K, committed 12672K, reserved 1060864K
  class space    used 1292K, capacity 1377K, committed 1408K, reserved 1048576K
Event: 83.872 GC heap after
Heap after GC invocations=123 (full 0):
 PSYoungGen      total 31232K, used 288K [0x0000000757d80000, 0x000000075dc80000, 0x00000007c0000000)
  eden space 30720K, 0% used [0x0000000757d80000,0x0000000757d80000,0x0000000759b80000)
  from space 512K, 56% used [0x000000075db80000,0x000000075dbc8000,0x000000075dc00000)
  to   space 512K, 0% used [0x000000075dc00000,0x000000075dc00000,0x000000075dc80000)
 ParOldGen       total 65536K, used 14213K [0x0000000687800000, 0x000000068b800000, 0x0000000757d80000)
  object space 65536K, 21% used [0x0000000687800000,0x00000006885e16c8,0x000000068b800000)
 Metaspace       used 12208K, capacity 12460K, committed 12672K, reserved 1060864K
  class space    used 1292K, capacity 1377K, committed 1408K, reserved 1048576K
}

Deoptimization events (10 events):
Event: 52.385 Thread 0x0000000020f38000 Uncommon trap: reason=bimorphic action=maybe_recompile pc=0x0000000002e8ecd4 method=java.util.AbstractCollection.toArray()[Ljava/lang/Object; @ 1
Event: 52.398 Thread 0x0000000020b0b800 Uncommon trap: reason=unstable_if action=reinterpret pc=0x0000000003202178 method=unalcol.agents.NetworkSim.environment.NetworkEnvironmentReplication.sense(Lunalcol/agents/Agent;)Lunalcol/agents/Percept; @ 33
Event: 52.398 Thread 0x0000000020b0b800 Uncommon trap: reason=null_check action=make_not_entrant pc=0x0000000002acf334 method=unalcol.agents.NetworkSim.programs.PheromoneReplicationProgram.compute(Lunalcol/agents/Percept;)Lunalcol/agents/Action; @ 16
Event: 52.398 Thread 0x0000000020b0b800 Uncommon trap: reason=null_check action=maybe_recompile pc=0x0000000002b0a854 method=unalcol.agents.NetworkSim.programs.PheromoneReplicationProgram.carry(Ljava/util/Collection;)I @ 29
Event: 52.402 Thread 0x0000000020b84000 Uncommon trap: reason=null_check action=maybe_recompile pc=0x0000000002b0a854 method=unalcol.agents.NetworkSim.programs.PheromoneReplicationProgram.carry(Ljava/util/Collection;)I @ 29
Event: 52.403 Thread 0x0000000020b0c000 Uncommon trap: reason=unstable_if action=reinterpret pc=0x0000000002a6c0e8 method=unalcol.agents.NetworkSim.environment.NetworkEnvironmentPheromoneReplicationNodeFailing.getTopologyNames(Lunalcol/agents/NetworkSim/GraphElements$MyVertex;)Ljava/util/List; @D&fɜ3J@
Event: 52.403 Thread 0x0000000020c35000 Uncommon trap: reason=unstable_if action=reinterpret pc=0x00000000030bd758 method=java.util.ArrayList.batchRemove(Ljava/util/Collection;Z)Z @ 34
Event: 52.415 Thread 0x0000000020c70000 Uncommon trap: reason=unstable_if action=reinterpret pc=0x000000000316e118 method=java.awt.Component.firePropertyChange(Ljava/lang/String;Ljava/lang/Object;Ljava/lang/Object;)V @ 46
Event: 52.428 Thread 0x0000000020b83000 Uncommon trap: reason=unstable_if action=reinterpret pc=0x0000000003223198 method=unalcol.agents.NetworkSim.environment.NetworkEnvironmentReplication.getAgentsLive()I @ 62
Event: 52.446 Thread 0x0000000020c70000 Uncommon trap: reason=unstable_if action=reinterpret pc=0x0000000002b4178c method=java.awt.Component.firePropertyChange(Ljava/lang/String;Ljava/lang/Object;Ljava/lang/Object;)V @ 46

Internal exceptions (10 events):
Event: 0.234 Thread 0x000000000219a000 Exception <a 'java/io/FileNotFoundException'> (0x00000007582f37e0) thrown at [D:\re\puppet\workspace\8-2-build-windows-amd64-cygwin\jdk8u73\6086\hotspot\src\share\vm\prims\jni.cpp, line 709]
Event: 0.271 Thread 0x000000000219a000 Exception <a 'java/lang/NoSuchFieldError': method resolution failed> (0x00000007583be988) thrown at [D:\re\puppet\workspace\8-2-build-windows-amd64-cygwin\jdk8u73\6086\hotspot\src\share\vm\prims\methodHandles.cpp, line 1146]
Event: 0.273 Thread 0x000000000219a000 Exception <a 'java/lang/NoSuchFieldError': method resolution failed> (0x00000007583cbd58) thrown at [D:\re\puppet\workspace\8-2-build-windows-amd64-cygwin\jdk8u73\6086\hotspot\src\share\vm\prims\methodHandles.cpp, line 1146]
Event: 0.319 Thread 0x000000000219a000 Exception <a 'java/io/FileNotFoundException'> (0x000000075845e780) thrown at [D:\re\puppet\workspace\8-2-build-windows-amd64-cygwin\jdk8u73\6086\hotspot\src\share\vm\prims\jni.cpp, line 709]
Event: 0.474 Thread 0x0000000020a9e800 Implicit null exception at 0x0000000002b1a08a to 0x0000000002b1a291
Event: 0.564 Thread 0x0000000020c31000 Implicit null exception at 0x0000000002b19649 to 0x0000000002b198ba
Event: 0.564 Thread 0x0000000020c35000 Implicit null exception at 0x0000000002b19649 to 0x0000000002b198ba
Event: 0.569 Thread 0x0000000020b0a000 Implicit null exception at 0x0000000002b1cea6 to 0x0000000002b1d459
Event: 52.398 Thread 0x0000000020b0b800 Implicit null exception at 0x00000000031ffd6a to 0x000000000320216d
Event: 52.403 Thread 0x0000000020b0c000 Implicit null exception at 0x0000000002a6af9b to 0x0000000002a6c0d4

Events (10 events):
Event: 83.869 Executing VM operation: ParallelGCFailedAllocation
Event: 83.872 Executing VM operation: ParallelGCFailedAllocation done
Event: 83.877 Thread 0x0000000020b0f000 Thread added: 0x0000000020b0f000
Event: 83.886 Thread 0x0000000020b0b800 Thread added: 0x0000000020b0b800
Event: 83.887 Thread 0x0000000020b0b800 Thread exited: 0x0000000020b0b800
Event: 83.910 Thread 0x0000000020b0b800 Thread added: 0x0000000020b0b800
Event: 83.911 Thread 0x0000000020b0b800 Thread exited: 0x0000000020b0b800
Event: 83.938 Thread 0x0000000020b0f000 Thread exited: 0x0000000020b0f000
Event: 83.942 Thread 0x0000000020b0b800 Thread added: 0x0000000020b0b800
Event: 83.946 Thread 0x0000000020b0b800 Thread exited: 0x0000000020b0b800


Dynamic libraries:
0x000000013fd70000 - 0x000000013fda7000 	C:\Program Files\Java\jdk1.8.0_73\jre\bin\java.exe
0x00000000777f0000 - 0x0000000077999000 	C:\Windows\SYSTEM32\ntdll.dll
0x0000000077270000 - 0x000000007738f000 	C:\Windows\system32\kernel32.dll
0x000007fefdd00000 - 0x000007fefdd6b000 	C:\Windows\system32\KERNELBASE.dll
0x000007feff680000 - 0x000007feff75b000 	C:\Windows\system32\ADVAPI32.dll
0x000007feff4a0000 - 0x000007feff53f000 	C:\Windows\system32\msvcrt.dll
0x000007feff270000 - 0x000007feff28f000 	C:\Windows\SYSTEM32\sechost.dll
0x000007feff290000 - 0x000007feff3bd000 	C:\Windows\system32\RPCRT4.dll
0x00000000776f0000 - 0x00000000777ea000 	C:\Windows\system32\USER32.dll
0x000007feff420000 - 0x000007feff487000 	C:\Windows\system32\GDI32.dll
0x000007feff8e0000 - 0x000007feff8ee000 	C:\Windows\system32\LPK.dll
0x000007fefe0f0000 - 0x000007fefe1b9000 	C:\Windows\system32\USP10.dll
0x000007fefc6d0000 - 0x000007fefc8c4000 	C:\Windows\WinSxS\amd64_microsoft.windows.common-controls_6595b64144ccf1df_6.0.7601.17514_none_fa396087175ac9ac\COMCTL32.dll
0x000007feff5e0000 - 0x000007feff651000 	C:\Windows\system32\SHLWAPI.dll
0x000007fefef50000 - 0x000007fefef7e000 	C:\Windows\system32\IMM32.DLL
0x000007fefef80000 - 0x000007feff089000 	C:\Windows\system32\MSCTF.dll
0x000000005d940000 - 0x000000005da12000 	C:\Program Files\Java\jdk1.8.0_73\jre\bin\msvcr100.dll
0x000000005b030000 - 0x000000005b8c0000 	C:\Program Files\Java\jdk1.8.0_73\jre\bin\server\jvm.dll
0x000007fefa030000 - 0x000007fefa039000 	C:\Windows\system32\WSOCK32.dll
0x000007fefe0a0000 - 0x000007fefe0ed000 	C:\Windows\system32\WS2_32.dll
0x000007feff490000 - 0x000007feff498000 	C:\Windows\system32\NSI.dll
0x000007fef8200000 - 0x000007fef823b000 	C:\Windows\system32\WINMM.dll
0x000007fefcd60000 - 0x000007fefcd6c000 	C:\Windows\system32\VERSION.dll
0x00000000779b0000 - 0x00000000779b7000 	C:\Windows\system32\PSAPI.DLL
0x000000006c520000 - 0x000000006c52f000 	C:\Program Files\Java\jdk1.8.0_73\jre\bin\verify.dll
0x000000005caa0000 - 0x000000005cac9000 	C:\Program Files\Java\jdk1.8.0_73\jre\bin\java.dll
0x0000000066020000 - 0x0000000066055000 	C:\Program Files\Java\jdk1.8.0_73\jre\bin\jdwp.dll
0x0000000066190000 - 0x0000000066198000 	C:\Program Files\Java\jdk1.8.0_73\jre\bin\npt.dll
0x000000005fe90000 - 0x000000005fea6000 	C:\Program Files\Java\jdk1.8.0_73\jre\bin\zip.dll
0x000007fefe1c0000 - 0x000007fefef48000 	C:\Windows\system32\SHELL32.dll
0x000007feff8f0000 - 0x000007feffaf3000 	C:\Windows\system32\ole32.dll
0x000007fefdc50000 - 0x000007fefdc5f000 	C:\Windows\system32\profapi.dll
0x00000000661a0000 - 0x00000000661ab000 	C:\Program Files\Java\jdk1.8.0_73\jre\bin\dt_shmem.dll
0x000000005c900000 - 0x000000005ca98000 	C:\Program Files\Java\jdk1.8.0_73\jre\bin\awt.dll
0x000007feff800000 - 0x000007feff8d7000 	C:\Windows\system32\OLEAUT32.dll
0x000007fefbf80000 - 0x000007fefbf98000 	C:\Windows\system32\DWMAPI.DLL
0x000007fefdb80000 - 0x000007fefdb8f000 	C:\Windows\system32\CRYPTBASE.dll
0x000000005c8b0000 - 0x000000005c8f7000 	C:\Program Files\Java\jdk1.8.0_73\jre\bin\fontmanager.dll
0x000000005e000000 - 0x000000005e02a000 	C:\Program Files\Java\jdk1.8.0_73\jre\bin\dcpr.dll
0x000000005dd20000 - 0x000000005dd3a000 	C:\Program Files\Java\jdk1.8.0_73\jre\bin\net.dll
0x000007fefd4c0000 - 0x000007fefd515000 	C:\Windows\system32\mswsock.dll
0x000007fefd4b0000 - 0x000007fefd4b7000 	C:\Windows\System32\wship6.dll
0x000000005d8e0000 - 0x000000005d8f1000 	C:\Program Files\Java\jdk1.8.0_73\jre\bin\nio.dll
0x000000005c860000 - 0x000000005c8a2000 	C:\Program Files\Java\jdk1.8.0_73\jre\bin\t2k.dll
0x000007fef5870000 - 0x000007fef5995000 	C:\Windows\system32\dbghelp.dll

VM Arguments:
jvm_args: -Xdebug -Xrunjdwp:transport=dt_shmem,address=javadebug -Dfile.encoding=UTF-8 -Xmx5000m 
java_command: unalcol.agents.NetworkSim.DataReplicationNodeFailingMain load line+v+3.graph 10 0 carriersrep line+v+3.loc -1 replalgon NODELAY 0.001 2
java_class_path (initial): C:\Users\ARODRIGUEZ\Documents\Codes\networkSimUN\lib\autocomplete.jar;C:\Users\ARODRIGUEZ\Documents\Codes\networkSimUN\lib\collections-generic-4.01.jar;C:\Users\ARODRIGUEZ\Documents\Codes\networkSimUN\lib\colt-1.2.0.jar;C:\Users\ARODRIGUEZ\Documents\Codes\networkSimUN\lib\commons-discovery-0.5.jar;C:\Users\ARODRIGUEZ\Documents\Codes\networkSimUN\lib\commons-exec-1.1.jar;C:\Users\ARODRIGUEZ\Documents\Codes\networkSimUN\lib\commons-logging-1.1.1.jar;C:\Users\ARODRIGUEZ\Documents\Codes\networkSimUN\lib\concurrent-1.3.4.jar;C:\Users\ARODRIGUEZ\Documents\Codes\networkSimUN\lib\encog-core-3.0.1.jar;C:\Users\ARODRIGUEZ\Documents\Codes\networkSimUN\lib\flexdock-0.5.1.jar;C:\Users\ARODRIGUEZ\Documents\Codes\networkSimUN\lib\flexdock-demo-0.5.2.jar;C:\Users\ARODRIGUEZ\Documents\Codes\networkSimUN\lib\j3d-core-1.3.1.jar;C:\Users\ARODRIGUEZ\Documents\Codes\networkSimUN\lib\jcommon-1.0.17.jar;C:\Users\ARODRIGUEZ\Documents\Codes\networkSimUN\lib\jdom.jar;C:\Users\ARODRIGUEZ\Documents\Codes\networkSimUN\lib\jfreechart-1.0.14.jar;C:\Users\ARODRIGUEZ\Documents\Codes\networkSimUN\lib\jgap.jar;C:\Users\ARODRIGUEZ\Documents\Codes\networkSimUN\lib\jung-3d-2.0.1.jar;C:\Users\ARODRIGUEZ\Documents\Codes\networkSimUN\lib\jung-3d-demos-2.0.1.jar;C:\Users\ARODRIGUEZ\Documents\Codes\networkSimUN\lib\jung-algorithms-2.0.1.jar;C:\Users\ARODRIGUEZ\Documents\Codes\networkSimUN\lib\jung-api-2.0.1.jar;C:\Users\ARODRIGUEZ\Documents\Codes\networkSimUN\lib\jung-graph-impl-2.0.1.jar;C:\Users\ARODRIGUEZ\Documents\Codes\networkSimUN\lib\jung-io-2.0.1.jar;C:\Users\ARODRIGUEZ\Documents\Codes\networkSimUN\lib\jung-jai-2.0.1.jar;C:\Users\ARODRIGUEZ\Documents\Codes\networkSimUN\lib\jung-jai-samples-2.0.1.jar;C:\Users\ARODRIGUEZ\Documents\Codes\networkSimUN\lib\jung-samples-2.0.1.jar;C:\Users\ARODRIGUEZ\Documents\Codes\networkSimUN\lib\jung-visualization-2.0.1.jar;C:\Users\ARODRIGUEZ\Documents\Codes\networkSimUN\lib\junit.jar;C:\Users\ARODRIGUEZ\Documents\Codes\networkSimUN\lib\log4
Launcher Type: SUN_STANDARD

Environment Variables:
PATH=C:\ProgramData\Oracle\Java\javapath;C:\Program Files\Common Files\Microsoft Shared\Windows Live;C:\Program Files (x86)\Common Files\Microsoft Shared\Windows Live;C:\Program Files (x86)\Intel\iCLS Client\;C:\Program Files\Intel\iCLS Client\;C:\Windows\system32;C:\Windows;C:\Windows\System32\Wbem;C:\Windows\System32\WindowsPowerShell\v1.0\;C:\Program Files\Intel\Intel(R) Management Engine Components\DAL;C:\Program Files\Intel\Intel(R) Management Engine Components\IPT;C:\Program Files (x86)\Intel\Intel(R) Management Engine Components\DAL;C:\Program Files (x86)\Intel\Intel(R) Management Engine Components\IPT;C:\Program Files (x86)\Intel\OpenCL SDK\2.0\bin\x86;C:\Program Files (x86)\Intel\OpenCL SDK\2.0\bin\x64;C:\Program Files\Intel\WiFi\bin\;C:\Program Files\Common Files\Intel\WirelessCommon\;C:\Program Files (x86)\Windows Live\Shared;C:\Program Files (x86)\Skype\Phone\;C:\Program Files (x86)\GtkSharp\2.12\bin;C:\Program Files\Git\cmd;C:\Program Files (x86)\MiKTeX 2.9\miktex\bin\
USERNAME=ARODRIGUEZ
OS=Windows_NT
PROCESSOR_IDENTIFIER=Intel64 Family 6 Model 58 Stepping 9, GenuineIntel



---------------  S Y S T E M  ---------------

OS: Windows 7 , 64 bit Build 7601 (6.1.7601.18015)

CPU:total 4 (2 cores per cpu, 2 threads per core) family 6 model 58 stepping 9, cmov, cx8, fxsr, mmx, sse, sse2, sse3, ssse3, sse4.1, sse4.2, popcnt, avx, aes, clmul, erms, ht, tsc, tscinvbit, tscinv

Memory: 4k page, physical 6191468k(1964040k free), swap 12381072k(7574012k free)

vm_info: Java HotSpot(TM) 64-Bit Server VM (25.73-b02) for windows-amd64 JRE (1.8.0_73-b02), built on Jan 29 2016 17:38:49 by "java_re" with MS VC++ 10.0 (VS2010)

time: Sat Mar 04 11:50:03 2017
elapsed time: 84 seconds (0d 0h 1m 24s)

