#
# A fatal error has been detected by the Java Runtime Environment:
#
#  EXCEPTION_ACCESS_VIOLATION (0xc0000005) at pc=0x00000000778d3290, pid=5212, tid=5016
#
# JRE version: Java(TM) SE Runtime Environment (8.0_73-b02) (build 1.8.0_73-b02)
# Java VM: Java HotSpot(TM) 64-Bit Server VM (25.73-b02 mixed mode windows-amd64 compressed oops)
# Problematic frame:
# C  [ntdll.dll+0x53290]
#
# Failed to write core dump. Minidumps are not enabled by default on client versions of Windows
#
# If you would like to submit a bug report, please visit:
#   http://bugreport.java.com/bugreport/crash.jsp
#

---------------  T H R E A D  ---------------

Current thread (0x0000000022170800):  Thread [stack: 0x00000000218d0000,0x00000000219d0000] [id=4244]

siginfo: ExceptionCode=0xc0000005, reading address 0x00000512c57355e8

Registers:
RAX=0x0000000020f50290, RBX=0x00000512c57355e0, RCX=0x000000ffffffffff, RDX=0x0000000021ff8830
RSP=0x00000000219cf8c0, RBP=0x0000000000000000, RSI=0x00000000022e0000, RDI=0x0000000021ff8840
R8 =0x0000000021ff8840, R9 =0x5374ac04001e000f, R10=0x0000000000000001, R11=0x000000000000014b
R12=0x0000000000000000, R13=0x0000000000000000, R14=0x0000000000000000, R15=0x0000000000000000
RIP=0x00000000778d3290, EFLAGS=0x0000000000010202

Top of Stack: (sp=0x00000000219cf8c0)
0x00000000219cf8c0:   0000000000000000 0000000000000000
0x00000000219cf8d0:   0000000000000000 0000000000000000
0x00000000219cf8e0:   0000000000000000 0000000000000000
0x00000000219cf8f0:   0000000022170800 000007fefdf6133c
0x00000000219cf900:   0000000000000000 0000000000000000
0x00000000219cf910:   0000000000000000 0000000000000000
0x00000000219cf920:   0000000021ff8840 0000000000000000
0x00000000219cf930:   00000000219cfaa0 00000000771c300a
0x00000000219cf940:   0000000000000000 0000000022170800
0x00000000219cf950:   0000000054745771 0000000022199930
0x00000000219cf960:   0000000022170800 000000005e2b8d94
0x00000000219cf970:   0000000022199930 0000000000000000
0x00000000219cf980:   0000000000000000 0000000000000000
0x00000000219cf990:   0000000022170800 000000005b740086
0x00000000219cf9a0:   0000000022170800 0000000022170800
0x00000000219cf9b0:   0000000000000000 0000000021ff9250 

Instructions: (pc=0x00000000778d3290)
0x00000000778d3270:   ff ff 00 00 00 48 33 de 48 23 c1 48 c1 eb 04 48
0x00000000778d3280:   33 d8 48 33 1d 3f f1 0d 00 48 c1 e3 04 0f 0d 0b
0x00000000778d3290:   4c 8b 63 08 49 bd 01 00 00 00 01 00 00 00 49 be
0x00000000778d32a0:   ff 7f 00 00 ff ff ff ff c6 42 0f 80 c6 42 0e 00 


Register to memory mapping:

RAX=0x0000000020f50290 is an unknown value
RBX=0x00000512c57355e0 is an unknown value
RCX=0x000000ffffffffff is an unknown value
RDX=0x0000000021ff8830 is an unknown value
RSP=0x00000000219cf8c0 is an unknown value
RBP=0x0000000000000000 is an unknown value
RSI=0x00000000022e0000 is an unknown value
RDI=0x0000000021ff8840 is an unknown value
R8 =0x0000000021ff8840 is an unknown value
R9 =0x5374ac04001e000f is an unknown value
R10=0x0000000000000001 is an unknown value
R11=0x000000000000014b is an unknown value
R12=0x0000000000000000 is an unknown value
R13=0x0000000000000000 is an unknown value
R14=0x0000000000000000 is an unknown value
R15=0x0000000000000000 is an unknown value


Stack: [0x00000000218d0000,0x00000000219d0000],  sp=0x00000000219cf8c0,  free space=1022k
Native frames: (J=compiled Java code, j=interpreted, Vv=VM code, C=native code)


---------------  P R O C E S S  ---------------

Java Threads: ( => current thread )
  0x000000002216f000 JavaThread "org.netbeans.modules.debugger.jpda.visual AWT Access Loop" daemon [_thread_blocked, id=3836, stack(0x000000002db30000,0x000000002dc30000)]
  0x000000002216e800 JavaThread "Thread-112" [_thread_blocked, id=6960, stack(0x000000002c810000,0x000000002c910000)]
  0x000000002216d800 JavaThread "Thread-111" [_thread_blocked, id=6580, stack(0x000000002c5f0000,0x000000002c6f0000)]
  0x000000002216d000 JavaThread "Thread-110" [_thread_blocked, id=3472, stack(0x000000002c3f0000,0x000000002c4f0000)]
  0x000000002215e800 JavaThread "Thread-109" [_thread_blocked, id=5992, stack(0x000000002c2e0000,0x000000002c3e0000)]
  0x000000002215e000 JavaThread "Thread-108" [_thread_blocked, id=1452, stack(0x000000002c060000,0x000000002c160000)]
  0x000000002215d000 JavaThread "Thread-107" [_thread_blocked, id=6292, stack(0x0000000029e30000,0x0000000029f30000)]
  0x000000002215c800 JavaThread "Thread-106" [_thread_blocked, id=6832, stack(0x000000002bf40000,0x000000002c040000)]
  0x000000002215b800 JavaThread "Thread-105" [_thread_blocked, id=1336, stack(0x000000002be10000,0x000000002bf10000)]
  0x000000002215b000 JavaThread "Thread-104" [_thread_blocked, id=2016, stack(0x000000002ba00000,0x000000002bb00000)]
  0x000000002215a000 JavaThread "Thread-103" [_thread_blocked, id=2308, stack(0x000000002bce0000,0x000000002bde0000)]
  0x0000000022159800 JavaThread "Thread-102" [_thread_blocked, id=4160, stack(0x000000002bbc0000,0x000000002bcc0000)]
  0x0000000022158800 JavaThread "Thread-101" [_thread_blocked, id=6376, stack(0x000000002b900000,0x000000002ba00000)]
  0x0000000022158000 JavaThread "Thread-100" [_thread_blocked, id=4728, stack(0x000000002aa30000,0x000000002ab30000)]
  0x00000000220f5800 JavaThread "Thread-99" [_thread_blocked, id=5188, stack(0x000000002b790000,0x000000002b890000)]
  0x00000000220f5000 JavaThread "Thread-98" [_thread_blocked, id=4940, stack(0x000000002b690000,0x000000002b790000)]
  0x00000000220f4000 JavaThread "Thread-97" [_thread_blocked, id=5896, stack(0x000000002b460000,0x000000002b560000)]
  0x00000000220f3800 JavaThread "Thread-96" [_thread_blocked, id=6368, stack(0x000000002b580000,0x000000002b680000)]
  0x00000000220f2800 JavaThread "Thread-95" [_thread_blocked, id=2592, stack(0x000000002b350000,0x000000002b450000)]
  0x00000000220f2000 JavaThread "Thread-94" [_thread_blocked, id=524, stack(0x000000002b180000,0x000000002b280000)]
  0x00000000220f1000 JavaThread "Thread-93" [_thread_blocked, id=4688, stack(0x000000002afb0000,0x000000002b0b0000)]
  0x00000000220f0800 JavaThread "Thread-92" [_thread_blocked, id=5176, stack(0x000000002a410000,0x000000002a510000)]
  0x00000000220ef800 JavaThread "Thread-91" [_thread_blocked, id=6344, stack(0x000000002ae90000,0x000000002af90000)]
  0x00000000220ef000 JavaThread "Thread-90" [_thread_blocked, id=4936, stack(0x000000002acd0000,0x000000002add0000)]
  0x00000000220e5800 JavaThread "Thread-89" [_thread_blocked, id=5340, stack(0x000000002a650000,0x000000002a750000)]
  0x00000000220e5000 JavaThread "Thread-88" [_thread_blocked, id=916, stack(0x000000002ab40000,0x000000002ac40000)]
  0x00000000220e4000 JavaThread "Thread-87" [_thread_blocked, id=2900, stack(0x000000002a930000,0x000000002aa30000)]
  0x00000000220e3800 JavaThread "Thread-86" [_thread_blocked, id=5504, stack(0x000000002a750000,0x000000002a850000)]
  0x00000000220e2800 JavaThread "Thread-85" [_thread_blocked, id=5936, stack(0x000000002a530000,0x000000002a630000)]
  0x00000000220e2000 JavaThread "Thread-84" [_thread_blocked, id=4592, stack(0x0000000029af0000,0x0000000029bf0000)]
  0x00000000220e1000 JavaThread "Thread-83" [_thread_blocked, id=5152, stack(0x000000002a2d0000,0x000000002a3d0000)]
  0x00000000220e0800 JavaThread "Thread-82" [_thread_blocked, id=3516, stack(0x000000002a100000,0x000000002a200000)]
  0x00000000220df800 JavaThread "Thread-81" [_thread_blocked, id=5248, stack(0x0000000029f30000,0x000000002a030000)]
  0x00000000220df000 JavaThread "Thread-80" [_thread_blocked, id=6908, stack(0x0000000029860000,0x0000000029960000)]
  0x0000000021ed2000 JavaThread "Thread-79" [_thread_blocked, id=5252, stack(0x0000000029d30000,0x0000000029e30000)]
  0x0000000021ed1000 JavaThread "Thread-78" [_thread_blocked, id=6268, stack(0x0000000029c00000,0x0000000029d00000)]
  0x0000000021ed0800 JavaThread "Thread-77" [_thread_blocked, id=5800, stack(0x00000000291b0000,0x00000000292b0000)]
  0x0000000021ecf800 JavaThread "Thread-76" [_thread_blocked, id=1684, stack(0x0000000029970000,0x0000000029a70000)]
  0x0000000021ecf000 JavaThread "Thread-75" [_thread_blocked, id=3340, stack(0x0000000029750000,0x0000000029850000)]
  0x0000000021ece000 JavaThread "Thread-74" [_thread_blocked, id=4752, stack(0x0000000028a90000,0x0000000028b90000)]
  0x0000000021ecd800 JavaThread "Thread-73" [_thread_blocked, id=4064, stack(0x0000000029650000,0x0000000029750000)]
  0x0000000021ecc800 JavaThread "Thread-72" [_thread_blocked, id=4432, stack(0x00000000279e0000,0x0000000027ae0000)]
  0x0000000021ecc000 JavaThread "Thread-71" [_thread_blocked, id=7064, stack(0x0000000029440000,0x0000000029540000)]
  0x0000000021ecb000 JavaThread "Thread-70" [_thread_blocked, id=6172, stack(0x0000000029330000,0x0000000029430000)]
  0x00000000220d1800 JavaThread "Thread-69" [_thread_blocked, id=5388, stack(0x00000000290b0000,0x00000000291b0000)]
  0x00000000220d0800 JavaThread "Thread-68" [_thread_blocked, id=3496, stack(0x0000000028f10000,0x0000000029010000)]
  0x00000000220d0000 JavaThread "Thread-67" [_thread_blocked, id=6460, stack(0x0000000028df0000,0x0000000028ef0000)]
  0x00000000220cf000 JavaThread "Thread-66" [_thread_blocked, id=6536, stack(0x0000000028cc0000,0x0000000028dc0000)]
  0x00000000220ce800 JavaThread "Thread-65" [_thread_blocked, id=5840, stack(0x0000000028510000,0x0000000028610000)]
  0x00000000220cd800 JavaThread "Thread-64" [_thread_blocked, id=5332, stack(0x0000000028bb0000,0x0000000028cb0000)]
  0x00000000220cd000 JavaThread "Thread-63" [_thread_blocked, id=7156, stack(0x0000000028990000,0x0000000028a90000)]
  0x00000000220cc000 JavaThread "Thread-62" [_thread_blocked, id=4748, stack(0x00000000287b0000,0x00000000288b0000)]
  0x00000000220cb800 JavaThread "Thread-61" [_thread_blocked, id=6632, stack(0x0000000028620000,0x0000000028720000)]
  0x00000000220ca800 JavaThread "Thread-60" [_thread_blocked, id=5816, stack(0x00000000283f0000,0x00000000284f0000)]
  0x0000000021be1000 JavaThread "Thread-59" [_thread_blocked, id=5444, stack(0x0000000025b20000,0x0000000025c20000)]
  0x0000000021be0000 JavaThread "Thread-58" [_thread_blocked, id=3240, stack(0x00000000282a0000,0x00000000283a0000)]
  0x0000000021bdf800 JavaThread "Thread-57" [_thread_blocked, id=2692, stack(0x0000000028100000,0x0000000028200000)]
  0x0000000021bde800 JavaThread "Thread-56" [_thread_blocked, id=2680, stack(0x0000000027fe0000,0x00000000280e0000)]
  0x0000000021bde000 JavaThread "Thread-55" [_thread_blocked, id=3784, stack(0x0000000027df0000,0x0000000027ef0000)]
  0x0000000021bdd000 JavaThread "Thread-54" [_thread_blocked, id=6044, stack(0x0000000027c70000,0x0000000027d70000)]
  0x0000000021bdc800 JavaThread "Thread-53" [_thread_blocked, id=560, stack(0x0000000027ae0000,0x0000000027be0000)]
  0x0000000021bdb800 JavaThread "Thread-52" [_thread_blocked, id=4760, stack(0x00000000278b0000,0x00000000279b0000)]
  0x0000000021bdb000 JavaThread "Thread-51" [_thread_blocked, id=6624, stack(0x00000000275b0000,0x00000000276b0000)]
  0x0000000021bda000 JavaThread "Thread-50" [_thread_blocked, id=4556, stack(0x00000000276d0000,0x00000000277d0000)]
  0x000000002200a800 JavaThread "Thread-49" [_thread_blocked, id=4124, stack(0x0000000026fd0000,0x00000000270d0000)]
  0x000000002200a000 JavaThread "Thread-48" [_thread_blocked, id=5140, stack(0x00000000273e0000,0x00000000274e0000)]
  0x0000000022009000 JavaThread "Thread-47" [_thread_blocked, id=6084, stack(0x0000000027280000,0x0000000027380000)]
  0x0000000022008800 JavaThread "Thread-46" [_thread_blocked, id=5256, stack(0x0000000027130000,0x0000000027230000)]
  0x0000000022007800 JavaThread "Thread-45" [_thread_blocked, id=4864, stack(0x00000000261a0000,0x00000000262a0000)]
  0x0000000022007000 JavaThread "Thread-44" [_thread_blocked, id=4408, stack(0x0000000026660000,0x0000000026760000)]
  0x0000000022006000 JavaThread "Thread-43" [_thread_blocked, id=7028, stack(0x0000000026ec0000,0x0000000026fc0000)]
  0x0000000022005000 JavaThread "Thread-42" [_thread_blocked, id=4980, stack(0x0000000026dc0000,0x0000000026ec0000)]
  0x0000000022004800 JavaThread "Thread-41" [_thread_blocked, id=6484, stack(0x0000000026b90000,0x0000000026c90000)]
  0x0000000022003800 JavaThread "Thread-40" [_thread_blocked, id=2636, stack(0x0000000026c90000,0x0000000026d90000)]
  0x0000000021f16800 JavaThread "Thread-39" [_thread_blocked, id=2792, stack(0x00000000263b0000,0x00000000264b0000)]
  0x0000000021f16000 JavaThread "Thread-38" [_thread_blocked, id=2220, stack(0x0000000026a30000,0x0000000026b30000)]
  0x0000000021f15000 JavaThread "Thread-37" [_thread_blocked, id=6004, stack(0x0000000026880000,0x0000000026980000)]
  0x0000000021f14800 JavaThread "Thread-36" [_thread_blocked, id=4868, stack(0x0000000026770000,0x0000000026870000)]
  0x0000000021f13800 JavaThread "Thread-35" [_thread_blocked, id=3096, stack(0x0000000026550000,0x0000000026650000)]
  0x0000000021f13000 JavaThread "Thread-34" [_thread_blocked, id=6320, stack(0x0000000024840000,0x0000000024940000)]
  0x0000000021f12000 JavaThread "Thread-33" [_thread_blocked, id=5988, stack(0x0000000022fc0000,0x00000000230c0000)]
  0x0000000021f11800 JavaThread "Thread-32" [_thread_blocked, id=4788, stack(0x00000000262a0000,0x00000000263a0000)]
  0x0000000021f10800 JavaThread "Thread-31" [_thread_blocked, id=4100, stack(0x00000000260a0000,0x00000000261a0000)]
  0x0000000021f10000 JavaThread "Thread-30" [_thread_blocked, id=4872, stack(0x0000000025f30000,0x0000000026030000)]
  0x0000000022019000 JavaThread "Thread-29" [_thread_blocked, id=6464, stack(0x0000000025dd0000,0x0000000025ed0000)]
  0x0000000022018800 JavaThread "Thread-28" [_thread_blocked, id=3016, stack(0x0000000025c60000,0x0000000025d60000)]
  0x0000000022017800 JavaThread "Thread-27" [_thread_blocked, id=6428, stack(0x00000000258c0000,0x00000000259c0000)]
  0x0000000022017000 JavaThread "Thread-26" [_thread_blocked, id=6608, stack(0x00000000259d0000,0x0000000025ad0000)]
  0x0000000022016000 JavaThread "Thread-25" [_thread_blocked, id=2940, stack(0x0000000025500000,0x0000000025600000)]
  0x0000000022015800 JavaThread "Thread-24" [_thread_blocked, id=3336, stack(0x0000000025780000,0x0000000025880000)]
  0x0000000022014800 JavaThread "Thread-23" [_thread_blocked, id=6944, stack(0x0000000025600000,0x0000000025700000)]
  0x0000000022014000 JavaThread "Thread-22" [_thread_blocked, id=6724, stack(0x0000000024ec0000,0x0000000024fc0000)]
  0x0000000022013000 JavaThread "Thread-21" [_thread_blocked, id=7092, stack(0x0000000025380000,0x0000000025480000)]
  0x0000000022012800 JavaThread "Thread-20" [_thread_blocked, id=1264, stack(0x0000000025200000,0x0000000025300000)]
  0x0000000021bf4000 JavaThread "Thread-19" [_thread_blocked, id=3296, stack(0x0000000025050000,0x0000000025150000)]
  0x0000000021bf3800 JavaThread "Thread-18" [_thread_blocked, id=6684, stack(0x0000000024a80000,0x0000000024b80000)]
  0x0000000021bf2800 JavaThread "Thread-17" [_thread_blocked, id=4740, stack(0x0000000024dc0000,0x0000000024ec0000)]
  0x0000000021bf2000 JavaThread "Thread-16" [_thread_blocked, id=1992, stack(0x0000000024be0000,0x0000000024ce0000)]
  0x0000000021bf1000 JavaThread "Thread-15" [_thread_blocked, id=4944, stack(0x0000000024950000,0x0000000024a50000)]
  0x0000000021bf0800 JavaThread "Thread-14" [_thread_blocked, id=6912, stack(0x00000000245e0000,0x00000000246e0000)]
  0x0000000021bef800 JavaThread "Thread-13" [_thread_blocked, id=3444, stack(0x0000000024740000,0x0000000024840000)]
  0x0000000021bef000 JavaThread "Thread-12" [_thread_blocked, id=7120, stack(0x00000000244e0000,0x00000000245e0000)]
  0x0000000021bee000 JavaThread "Thread-11" [_thread_blocked, id=5904, stack(0x0000000024360000,0x0000000024460000)]
  0x0000000021bed000 JavaThread "Thread-10" [_thread_blocked, id=6868, stack(0x00000000241c0000,0x00000000242c0000)]
  0x0000000020f80800 JavaThread "Thread-9" [_thread_blocked, id=6340, stack(0x00000000214e0000,0x00000000215e0000)]
  0x0000000020f7e000 JavaThread "Thread-8" [_thread_in_Java, id=5744, stack(0x0000000024060000,0x0000000024160000)]
  0x0000000020f7c800 JavaThread "Thread-7" [_thread_blocked, id=6256, stack(0x0000000023e80000,0x0000000023f80000)]
  0x0000000020f7a800 JavaThread "Thread-6" [_thread_blocked, id=2328, stack(0x0000000023ca0000,0x0000000023da0000)]
  0x00000000220de000 JavaThread "Thread-5" [_thread_blocked, id=7012, stack(0x00000000230c0000,0x00000000231c0000)]
  0x0000000020eb5000 JavaThread "Thread-4" [_thread_blocked, id=5924, stack(0x0000000023b90000,0x0000000023c90000)]
  0x0000000020b42800 JavaThread "Thread-3" [_thread_blocked, id=3148, stack(0x0000000022e90000,0x0000000022f90000)]
  0x0000000020e4d800 JavaThread "AWT-EventQueue-0" [_thread_in_Java, id=844, stack(0x0000000022d70000,0x0000000022e70000)]
  0x0000000020a0b800 JavaThread "AWT-Windows" daemon [_thread_in_native, id=5996, stack(0x00000000213e0000,0x00000000214e0000)]
  0x0000000020c4c000 JavaThread "AWT-Shutdown" [_thread_blocked, id=6412, stack(0x0000000021200000,0x0000000021300000)]
  0x0000000020c4b000 JavaThread "Java2D Disposer" daemon [_thread_blocked, id=6336, stack(0x00000000210e0000,0x00000000211e0000)]
  0x000000001f5ba800 JavaThread "Service Thread" daemon [_thread_blocked, id=5644, stack(0x00000000205b0000,0x00000000206b0000)]
  0x000000001f5a7800 JavaThread "C1 CompilerThread2" daemon [_thread_blocked, id=3936, stack(0x00000000203d0000,0x00000000204d0000)]
  0x000000001f5a4800 JavaThread "C2 CompilerThread1" daemon [_thread_blocked, id=5292, stack(0x0000000020290000,0x0000000020390000)]
  0x000000001f552800 JavaThread "C2 CompilerThread0" daemon [_thread_blocked, id=5308, stack(0x0000000020120000,0x0000000020220000)]
  0x000000001f541000 JavaThread "JDWP Command Reader" daemon [_thread_in_native, id=5912, stack(0x0000000020020000,0x0000000020120000)]
  0x000000001f540000 JavaThread "JDWP Event Helper Thread" daemon [_thread_blocked, id=5408, stack(0x000000001fe20000,0x000000001ff20000)]
  0x000000001e0df800 JavaThread "JDWP Transport Listener: dt_shmem" daemon [_thread_blocked, id=6052, stack(0x000000001fd10000,0x000000001fe10000)]
  0x000000001f532800 JavaThread "Attach Listener" daemon [_thread_blocked, id=5416, stack(0x000000001f980000,0x000000001fa80000)]
  0x000000001e0d6800 JavaThread "Signal Dispatcher" daemon [_thread_blocked, id=2004, stack(0x000000001fa80000,0x000000001fb80000)]
  0x000000001e079000 JavaThread "Finalizer" daemon [_thread_blocked, id=6820, stack(0x000000001f120000,0x000000001f220000)]
  0x000000001e072000 JavaThread "Reference Handler" daemon [_thread_blocked, id=3372, stack(0x000000001f370000,0x000000001f470000)]
  0x0000000001d3a000 JavaThread "main" [_thread_blocked, id=6812, stack(0x00000000025b0000,0x00000000026b0000)]

Other Threads:
  0x000000001e06c000 VMThread [stack: 0x000000001f250000,0x000000001f350000] [id=3248]
  0x000000001f5f9000 WatcherThread [stack: 0x00000000206c0000,0x00000000207c0000] [id=3156]

=>0x0000000022170800 (exited) Thread [stack: 0x00000000218d0000,0x00000000219d0000] [id=4244]

VM state:not at safepoint (normal execution)

VM Mutex/Monitor currently owned by a thread: None

Heap:
 PSYoungGen      total 122368K, used 30767K [0x0000000757d80000, 0x000000078b280000, 0x00000007c0000000)
  eden space 121856K, 25% used [0x0000000757d80000,0x0000000759b7bec0,0x000000075f480000)
  from space 512K, 12% used [0x000000078b200000,0x000000078b210000,0x000000078b280000)
  to   space 512K, 0% used [0x000000078b180000,0x000000078b180000,0x000000078b200000)
 ParOldGen       total 34816K, used 27452K [0x0000000687800000, 0x0000000689a00000, 0x0000000757d80000)
  object space 34816K, 78% used [0x0000000687800000,0x00000006892cf3f0,0x0000000689a00000)
 Metaspace       used 12290K, capacity 12558K, committed 12672K, reserved 1060864K
  class space    used 1302K, capacity 1372K, committed 1408K, reserved 1048576K

Card table byte_map: [0x0000000011d40000,0x0000000012710000] byte_map_base: 0x000000000e904000

Marking Bits: (ParMarkBitMap*) 0x000000005bd10600
 Begin Bits: [0x00000000130d0000, 0x0000000017ef0000)
 End Bits:   [0x0000000017ef0000, 0x000000001cd10000)

Polling page: 0x0000000000130000

CodeCache: size=245760Kb used=10196Kb max_used=10262Kb free=235563Kb
 bounds [0x0000000002980000, 0x00000000033e0000, 0x0000000011980000]
 total_blobs=2977 nmethods=2521 adapters=375
 compilation: enabled

Compilation events (10 events):
Event: 557.698 Thread 0x000000001f5a4800 3370       4       java.util.ArrayList::grow (45 bytes)
Event: 557.701 Thread 0x000000001f5a4800 nmethod 3370 0x00000000032d1e90 code [0x00000000032d1fe0, 0x00000000032d2278]
Event: 558.232 Thread 0x000000001f552800 3371       4       unalcol.agents.NetworkSim.environment.NetworkEnvironmentReplication::nodesComplete (135 bytes)
Event: 558.297 Thread 0x000000001f552800 nmethod 3371 0x00000000031bb690 code [0x00000000031bba00, 0x00000000031be7a0]
Event: 559.958 Thread 0x000000001f5a4800 3372 %     4       unalcol.agents.NetworkSim.environment.NetworkEnvironmentReplication::getCompletionPercentage @ 17 (68 bytes)
Event: 559.980 Thread 0x000000001f5a4800 nmethod 3372% 0x00000000032d4f90 code [0x00000000032d5160, 0x00000000032d5d98]
Event: 561.250 Thread 0x000000001f552800 3373       4       unalcol.agents.NetworkSim.environment.NetworkEnvironmentReplication::getCompletionPercentage (68 bytes)
Event: 561.265 Thread 0x000000001f552800 nmethod 3373 0x000000000325dad0 code [0x000000000325dce0, 0x000000000325eb38]
Event: 590.163 Thread 0x000000001f5a7800 3374   !   3       unalcol.agents.NetworkSim.environment.ObjectSerializer::serialize (69 bytes)
Event: 590.164 Thread 0x000000001f5a7800 nmethod 3374 0x00000000031b9190 code [0x00000000031b9480, 0x00000000031ba8a8]

GC Heap History (10 events):
Event: 594.645 GC heap before
{Heap before GC invocations=2704 (full 1):
 PSYoungGen      total 157184K, used 156736K [0x0000000757d80000, 0x000000078b280000, 0x00000007c0000000)
  eden space 156672K, 100% used [0x0000000757d80000,0x0000000761680000,0x0000000761680000)
  from space 512K, 12% used [0x000000078b200000,0x000000078b210000,0x000000078b280000)
  to   space 512K, 0% used [0x000000078b180000,0x000000078b180000,0x000000078b200000)
 ParOldGen       total 34816K, used 27308K [0x0000000687800000, 0x0000000689a00000, 0x0000000757d80000)
  object space 34816K, 78% used [0x0000000687800000,0x00000006892ab3f0,0x0000000689a00000)
 Metaspace       used 12290K, capacity 12558K, committed 12672K, reserved 1060864K
  class space    used 1302K, capacity 1372K, committed 1408K, reserved 1048576K
Event: 594.646 GC heap after
Heap after GC invocations=2704 (full 1):
 PSYoungGen      total 150528K, used 96K [0x0000000757d80000, 0x000000078b280000, 0x00000007c0000000)
  eden space 150016K, 0% used [0x0000000757d80000,0x0000000757d80000,0x0000000761000000)
  from space 512K, 18% used [0x000000078b180000,0x000000078b198000,0x000000078b200000)
  to   space 512K, 0% used [0x000000078b200000,0x000000078b200000,0x000000078b280000)
 ParOldGen       total 34816K, used 27324K [0x0000000687800000, 0x0000000689a00000, 0x0000000757d80000)
  object space 34816K, 78% used [0x0000000687800000,0x00000006892af3f0,0x0000000689a00000)
 Metaspace       used 12290K, capacity 12558K, committed 12672K, reserved 1060864K
  class space    used 1302K, capacity 1372K, committed 1408K, reserved 1048576K
}
Event: 595.013 GC heap before
{Heap before GC invocations=2705 (full 1):
 PSYoungGen      total 150528K, used 150112K [0x0000000757d80000, 0x000000078b280000, 0x00000007c0000000)
  eden space 150016K, 100% used [0x0000000757d80000,0x0000000761000000,0x0000000761000000)
  from space 512K, 18% used [0x000000078b180000,0x000000078b198000,0x000000078b200000)
  to   space 512K, 0% used [0x000000078b200000,0x000000078b200000,0x000000078b280000)
 ParOldGen       total 34816K, used 27324K [0x0000000687800000, 0x0000000689a00000, 0x0000000757d80000)
  object space 34816K, 78% used [0x0000000687800000,0x00000006892af3f0,0x0000000689a00000)
 Metaspace       used 12290K, capacity 12558K, committed 12672K, reserved 1060864K
  class space    used 1302K, capacity 1372K, committed 1408K, reserved 1048576K
Event: 595.014 GC heap after
Heap after GC invocations=2705 (full 1):
 PSYoungGen      total 144384K, used 128K [0x0000000757d80000, 0x000000078b280000, 0x00000007c0000000)
  eden space 143872K, 0% used [0x0000000757d80000,0x0000000757d80000,0x0000000760a00000)
  from space 512K, 25% used [0x000000078b200000,0x000000078b220000,0x000000078b280000)
  to   space 512K, 0% used [0x000000078b180000,0x000000078b180000,0x000000078b200000)
 ParOldGen       total 34816K, used 27356K [0x0000000687800000, 0x0000000689a00000, 0x0000000757d80000)
  object space 34816K, 78% used [0x0000000687800000,0x00000006892b73f0,0x0000000689a00000)
 Metaspace       used 12290K, capacity 12558K, committed 12672K, reserved 1060864K
  class space    used 1302K, capacity 1372K, committed 1408K, reserved 1048576K
}
Event: 595.344 GC heap before
{Heap before GC invocations=2706 (full 1):
 PSYoungGen      total 144384K, used 144000K [0x0000000757d80000, 0x000000078b280000, 0x00000007c0000000)
  eden space 143872K, 100% used [0x0000000757d80000,0x0000000760a00000,0x0000000760a00000)
  from space 512K, 25% used [0x000000078b200000,0x000000078b220000,0x000000078b280000)
  to   space 512K, 0% used [0x000000078b180000,0x000000078b180000,0x000000078b200000)
 ParOldGen       total 34816K, used 27356K [0x0000000687800000, 0x0000000689a00000, 0x0000000757d80000)
  object space 34816K, 78% used [0x0000000687800000,0x00000006892b73f0,0x0000000689a00000)
 Metaspace       used 12290K, capacity 12558K, committed 12672K, reserved 1060864K
  class space    used 1302K, capacity 1372K, committed 1408K, reserved 1048576K
Event: 595.345 GC heap after
Heap after GC invocations=2706 (full 1):
 PSYoungGen      total 138240K, used 128K [0x0000000757d80000, 0x000000078b280000, 0x00000007c0000000)
  eden space 137728K, 0% used [0x0000000757d80000,0x0000000757d80000,0x0000000760400000)
  from space 512K, 25% used [0x000000078b180000,0x000000078b1a0000,0x000000078b200000)
  to   space 512K, 0% used [0x000000078b200000,0x000000078b200000,0x000000078b280000)
 ParOldGen       total 34816K, used 27388K [0x0000000687800000, 0x0000000689a00000, 0x0000000757d80000)
  object space 34816K, 78% used [0x0000000687800000,0x00000006892bf3f0,0x0000000689a00000)
 Metaspace       used 12290K, capacity 12558K, committed 12672K, reserved 1060864K
  class space    used 1302K, capacity 1372K, committed 1408K, reserved 1048576K
}
Event: 595.665 GC heap before
{Heap before GC invocations=2707 (full 1):
 PSYoungGen      total 138240K, used 137856K [0x0000000757d80000, 0x000000078b280000, 0x00000007c0000000)
  eden space 137728K, 100% used [0x0000000757d80000,0x0000000760400000,0x0000000760400000)
  from space 512K, 25% used [0x000000078b180000,0x000000078b1a0000,0x000000078b200000)
  to   space 512K, 0% used [0x000000078b200000,0x000000078b200000,0x000000078b280000)
 ParOldGen       total 34816K, used 27388K [0x0000000687800000, 0x0000000689a00000, 0x0000000757d80000)
  object space 34816K, 78% used [0x0000000687800000,0x00000006892bf3f0,0x0000000689a00000)
 Metaspace       used 12290K, capacity 12558K, committed 12672K, reserved 1060864K
  class space    used 1302K, capacity 1372K, committed 1408K, reserved 1048576K
Event: 595.666 GC heap after
Heap after GC invocations=2707 (full 1):
 PSYoungGen      total 132608K, used 96K [0x0000000757d80000, 0x000000078b280000, 0x00000007c0000000)
  eden space 132096K, 0% used [0x0000000757d80000,0x0000000757d80000,0x000000075fe80000)
  from space 512K, 18% used [0x000000078b200000,0x000000078b218000,0x000000078b280000)
  to   space 512K, 0% used [0x000000078b180000,0x000000078b180000,0x000000078b200000)
 ParOldGen       total 34816K, used 27412K [0x0000000687800000, 0x0000000689a00000, 0x0000000757d80000)
  object space 34816K, 78% used [0x0000000687800000,0x00000006892c53f0,0x0000000689a00000)
 Metaspace       used 12290K, capacity 12558K, committed 12672K, reserved 1060864K
  class space    used 1302K, capacity 1372K, committed 1408K, reserved 1048576K
}
Event: 595.989 GC heap before
{Heap before GC invocations=2708 (full 1):
 PSYoungGen      total 132608K, used 132192K [0x0000000757d80000, 0x000000078b280000, 0x00000007c0000000)
  eden space 132096K, 100% used [0x0000000757d80000,0x000000075fe80000,0x000000075fe80000)
  from space 512K, 18% used [0x000000078b200000,0x000000078b218000,0x000000078b280000)
  to   space 512K, 0% used [0x000000078b180000,0x000000078b180000,0x000000078b200000)
 ParOldGen       total 34816K, used 27412K [0x0000000687800000, 0x0000000689a00000, 0x0000000757d80000)
  object space 34816K, 78% used [0x0000000687800000,0x00000006892c53f0,0x0000000689a00000)
 Metaspace       used 12290K, capacity 12558K, committed 12672K, reserved 1060864K
  class space    used 1302K, capacity 1372K, committed 1408K, reserved 1048576K
Event: 595.990 GC heap after
Heap after GC invocations=2708 (full 1):
 PSYoungGen      total 127488K, used 96K [0x0000000757d80000, 0x000000078b280000, 0x00000007c0000000)
  eden space 126976K, 0% used [0x0000000757d80000,0x0000000757d80000,0x000000075f980000)
  from space 512K, 18% used [0x000000078b180000,0x000000078b198000,0x000000078b200000)
  to   space 512K, 0% used [0x000000078b200000,0x000000078b200000,0x000000078b280000)
 ParOldGen       total 34816K, used 27436K [0x0000000687800000, 0x0000000689a00000, 0x0000000757d80000)
  object space 34816K, 78% used [0x0000000687800000,0x00000006892cb3f0,0x0000000689a00000)
 Metaspace       used 12290K, capacity 12558K, committed 12672K, reserved 1060864K
  class space    used 1302K, capacity 1372K, committed 1408K, reserved 1048576K
}

Deoptimization events (10 events):
Event: 60.853 Thread 0x000000002215b000 Uncommon trap: reason=unstable_if action=reinterpret pc=0x0000000002c5ee10 method=java.util.Random.next(I)I @ 35
Event: 74.728 Thread 0x000000002215c800 Uncommon trap: reason=unstable_if action=reinterpret pc=0x0000000002ca41f4 method=java.util.Random.next(I)I @ 35
Event: 93.868 Thread 0x000000002215b000 Uncommon trap: reason=unstable_if action=reinterpret pc=0x0000000002cc3f18 method=java.util.Random.next(I)I @ 35
Event: 544.830 Thread 0x000000002216d800 Uncommon trap: reason=unstable_if action=reinterpret pc=0x0000000003390398 method=unalcol.agents.NetworkSim.environment.NetworkEnvironmentPheromoneReplication.act(Lunalcol/agents/Agent;Lunalcol/agents/Action;)Z @ 416
Event: 544.860 Thread 0x00000000220e3800 Uncommon trap: reason=unstable_if action=reinterpret pc=0x0000000002d916ec method=unalcol.agents.NetworkSim.environment.NetworkEnvironmentReplication.getCompletionPercentage()I @ 57
Event: 544.860 Thread 0x00000000220e3800 Uncommon trap: reason=unstable_if action=reinterpret pc=0x0000000002e28368 method=unalcol.agents.NetworkSim.environment.NetworkEnvironmentReplication.nodesComplete()Z @ 57
Event: 544.860 Thread 0x00000000220e3800 Uncommon trap: reason=unstable_if action=reinterpret pc=0x0000000002e6125c method=sun.misc.FloatingDecimal.getBinaryToASCIIConverter(F)Lsun/misc/FloatingDecimal$BinaryToASCIIConverter; @ 67
Event: 544.860 Thread 0x00000000220e3800 Uncommon trap: reason=unstable_if action=reinterpret pc=0x0000000002c727f4 method=sun.misc.FloatingDecimal$BinaryToASCIIBuffer.getChars([C)I @ 47
Event: 545.118 Thread 0x0000000021be0000 Uncommon trap: reason=unstable_if action=reinterpret pc=0x0000000002e0d230 method=unalcol.agents.NetworkSim.environment.NetworkEnvironmentReplication.nodesComplete()Z @ 57
Event: 545.145 Thread 0x00000000220cc000 Uncommon trap: reason=unstable_if action=reinterpret pc=0x0000000002dfd504 method=unalcol.agents.NetworkSim.environment.NetworkEnvironmentReplication.getCompletionPercentage()I @ 57

Internal exceptions (10 events):
Event: 0.825 Thread 0x0000000001d3a000 Exception <a 'java/io/FileNotFoundException'> (0x00000007584c2398) thrown at [D:\re\puppet\workspace\8-2-build-windows-amd64-cygwin\jdk8u73\6086\hotspot\src\share\vm\prims\jni.cpp, line 709]
Event: 0.890 Thread 0x0000000001d3a000 Exception <a 'java/lang/NoSuchFieldError': method resolution failed> (0x000000075858d5a0) thrown at [D:\re\puppet\workspace\8-2-build-windows-amd64-cygwin\jdk8u73\6086\hotspot\src\share\vm\prims\methodHandles.cpp, line 1146]
Event: 0.893 Thread 0x0000000001d3a000 Exception <a 'java/lang/NoSuchFieldError': method resolution failed> (0x000000075859a940) thrown at [D:\re\puppet\workspace\8-2-build-windows-amd64-cygwin\jdk8u73\6086\hotspot\src\share\vm\prims\methodHandles.cpp, line 1146]
Event: 0.948 Thread 0x0000000001d3a000 Exception <a 'java/io/FileNotFoundException'> (0x000000075862cf88) thrown at [D:\re\puppet\workspace\8-2-build-windows-amd64-cygwin\jdk8u73\6086\hotspot\src\share\vm\prims\jni.cpp, line 709]
Event: 1.009 Thread 0x0000000001d3a000 Implicit null exception at 0x0000000002b94c5c to 0x0000000002b950f1
Event: 1.009 Thread 0x0000000001d3a000 Implicit null exception at 0x0000000002b54859 to 0x0000000002b54c9d
Event: 1.013 Thread 0x0000000001d3a000 Implicit null exception at 0x0000000002b5e814 to 0x0000000002b5eabd
Event: 1.017 Thread 0x0000000001d3a000 Implicit null exception at 0x0000000002b1b52f to 0x0000000002b1b59d
Event: 1.326 Thread 0x0000000020f7e000 Implicit null exception at 0x0000000002bfeada to 0x0000000002bff069
Event: 1.328 Thread 0x0000000020f7e000 Implicit null exception at 0x0000000002bffea9 to 0x0000000002c00525

Events (10 events):
Event: 596.089 Thread 0x0000000022171800 Thread added: 0x0000000022171800
Event: 596.089 Thread 0x0000000022171800 Thread exited: 0x0000000022171800
Event: 596.113 Thread 0x0000000022171800 Thread added: 0x0000000022171800
Event: 596.113 Thread 0x0000000022171800 Thread exited: 0x0000000022171800
Event: 596.136 Thread 0x0000000022171800 Thread added: 0x0000000022171800
Event: 596.170 Thread 0x0000000022170800 Thread added: 0x0000000022170800
Event: 596.173 Thread 0x0000000022171800 Thread exited: 0x0000000022171800
Event: 596.173 Thread 0x0000000022170800 Thread exited: 0x0000000022170800
Event: 596.207 Thread 0x0000000022171800 Thread added: 0x0000000022171800
Event: 596.209 Thread 0x0000000022171800 Thread exited: 0x0000000022171800


Dynamic libraries:
0x000000013faf0000 - 0x000000013fb27000 	C:\Program Files\Java\jdk1.8.0_73\jre\bin\java.exe
0x0000000077880000 - 0x0000000077a29000 	C:\Windows\SYSTEM32\ntdll.dll
0x00000000771a0000 - 0x00000000772bf000 	C:\Windows\system32\kernel32.dll
0x000007fefdf60000 - 0x000007fefdfcb000 	C:\Windows\system32\KERNELBASE.dll
0x000007fefe6c0000 - 0x000007fefe79b000 	C:\Windows\system32\ADVAPI32.dll
0x000007fefed40000 - 0x000007fefeddf000 	C:\Windows\system32\msvcrt.dll
0x000007fefede0000 - 0x000007fefedff000 	C:\Windows\SYSTEM32\sechost.dll
0x000007fefe3a0000 - 0x000007fefe4cd000 	C:\Windows\system32\RPCRT4.dll
0x0000000077570000 - 0x000000007766a000 	C:\Windows\system32\USER32.dll
0x000007fefe0b0000 - 0x000007fefe117000 	C:\Windows\system32\GDI32.dll
0x000007fefecc0000 - 0x000007fefecce000 	C:\Windows\system32\LPK.dll
0x000007fefe120000 - 0x000007fefe1e9000 	C:\Windows\system32\USP10.dll
0x000007fefc4a0000 - 0x000007fefc694000 	C:\Windows\WinSxS\amd64_microsoft.windows.common-controls_6595b64144ccf1df_6.0.7601.17514_none_fa396087175ac9ac\COMCTL32.dll
0x000007fefea30000 - 0x000007fefeaa1000 	C:\Windows\system32\SHLWAPI.dll
0x000007fefe250000 - 0x000007fefe27e000 	C:\Windows\system32\IMM32.DLL
0x000007fefe5b0000 - 0x000007fefe6b9000 	C:\Windows\system32\MSCTF.dll
0x000000005e250000 - 0x000000005e322000 	C:\Program Files\Java\jdk1.8.0_73\jre\bin\msvcr100.dll
0x000000005b500000 - 0x000000005bd90000 	C:\Program Files\Java\jdk1.8.0_73\jre\bin\server\jvm.dll
0x000007fef9fc0000 - 0x000007fef9fc9000 	C:\Windows\system32\WSOCK32.dll
0x000007fefecf0000 - 0x000007fefed3d000 	C:\Windows\system32\WS2_32.dll
0x000007fefe840000 - 0x000007fefe848000 	C:\Windows\system32\NSI.dll
0x000007fef5220000 - 0x000007fef525b000 	C:\Windows\system32\WINMM.dll
0x000007fefcdf0000 - 0x000007fefcdfc000 	C:\Windows\system32\VERSION.dll
0x0000000077a50000 - 0x0000000077a57000 	C:\Windows\system32\PSAPI.DLL
0x000000005e8c0000 - 0x000000005e8cf000 	C:\Program Files\Java\jdk1.8.0_73\jre\bin\verify.dll
0x000000005e890000 - 0x000000005e8b9000 	C:\Program Files\Java\jdk1.8.0_73\jre\bin\java.dll
0x000000005ecd0000 - 0x000000005ed05000 	C:\Program Files\Java\jdk1.8.0_73\jre\bin\jdwp.dll
0x000000005ed40000 - 0x000000005ed48000 	C:\Program Files\Java\jdk1.8.0_73\jre\bin\npt.dll
0x000000005cfd0000 - 0x000000005cfe6000 	C:\Program Files\Java\jdk1.8.0_73\jre\bin\zip.dll
0x000007fefee00000 - 0x000007feffb88000 	C:\Windows\system32\SHELL32.dll
0x000007fefeab0000 - 0x000007fefecb3000 	C:\Windows\system32\ole32.dll
0x000007fefdce0000 - 0x000007fefdcef000 	C:\Windows\system32\profapi.dll
0x000000005e380000 - 0x000000005e38b000 	C:\Program Files\Java\jdk1.8.0_73\jre\bin\dt_shmem.dll
0x000000005ce10000 - 0x000000005cfa8000 	C:\Program Files\Java\jdk1.8.0_73\jre\bin\awt.dll
0x000007fefe4d0000 - 0x000007fefe5a7000 	C:\Windows\system32\OLEAUT32.dll
0x000007fefbd10000 - 0x000007fefbd28000 	C:\Windows\system32\DWMAPI.DLL
0x000007fefc0f0000 - 0x000007fefc146000 	C:\Windows\system32\uxtheme.dll
0x000007fefdc10000 - 0x000007fefdc1f000 	C:\Windows\system32\CRYPTBASE.dll
0x000000005cdc0000 - 0x000000005ce07000 	C:\Program Files\Java\jdk1.8.0_73\jre\bin\fontmanager.dll
0x000000005cd20000 - 0x000000005cd4a000 	C:\Program Files\Java\jdk1.8.0_73\jre\bin\dcpr.dll
0x000000005cff0000 - 0x000000005d00a000 	C:\Program Files\Java\jdk1.8.0_73\jre\bin\net.dll
0x000007fefd510000 - 0x000007fefd565000 	C:\Windows\system32\mswsock.dll
0x000007fefd500000 - 0x000007fefd507000 	C:\Windows\System32\wship6.dll
0x000000005cfb0000 - 0x000000005cfc1000 	C:\Program Files\Java\jdk1.8.0_73\jre\bin\nio.dll
0x000000005cd70000 - 0x000000005cdb2000 	C:\Program Files\Java\jdk1.8.0_73\jre\bin\t2k.dll
0x000007fef6370000 - 0x000007fef6495000 	C:\Windows\system32\dbghelp.dll

VM Arguments:
jvm_args: -Xdebug -Xrunjdwp:transport=dt_shmem,address=javadebug -Dfile.encoding=UTF-8 -Xmx5000m 
java_command: unalcol.agents.NetworkSim.DataReplicationMain load scalefree+sn+4+eta+1+numSt+97.graph 10 0 carriersrep scalefree+sn+4+eta+1+numSt+97.loc -1 replalgon NODELAY
java_class_path (initial): C:\Users\ARODRIGUEZ\Documents\Codes\networkSimUN\lib\autocomplete.jar;C:\Users\ARODRIGUEZ\Documents\Codes\networkSimUN\lib\collections-generic-4.01.jar;C:\Users\ARODRIGUEZ\Documents\Codes\networkSimUN\lib\colt-1.2.0.jar;C:\Users\ARODRIGUEZ\Documents\Codes\networkSimUN\lib\commons-discovery-0.5.jar;C:\Users\ARODRIGUEZ\Documents\Codes\networkSimUN\lib\commons-exec-1.1.jar;C:\Users\ARODRIGUEZ\Documents\Codes\networkSimUN\lib\commons-logging-1.1.1.jar;C:\Users\ARODRIGUEZ\Documents\Codes\networkSimUN\lib\concurrent-1.3.4.jar;C:\Users\ARODRIGUEZ\Documents\Codes\networkSimUN\lib\encog-core-3.0.1.jar;C:\Users\ARODRIGUEZ\Documents\Codes\networkSimUN\lib\flexdock-0.5.1.jar;C:\Users\ARODRIGUEZ\Documents\Codes\networkSimUN\lib\flexdock-demo-0.5.2.jar;C:\Users\ARODRIGUEZ\Documents\Codes\networkSimUN\lib\j3d-core-1.3.1.jar;C:\Users\ARODRIGUEZ\Documents\Codes\networkSimUN\lib\jcommon-1.0.17.jar;C:\Users\ARODRIGUEZ\Documents\Codes\networkSimUN\lib\jdom.jar;C:\Users\ARODRIGUEZ\Documents\Codes\networkSimUN\lib\jfreechart-1.0.14.jar;C:\Users\ARODRIGUEZ\Documents\Codes\networkSimUN\lib\jgap.jar;C:\Users\ARODRIGUEZ\Documents\Codes\networkSimUN\lib\jung-3d-2.0.1.jar;C:\Users\ARODRIGUEZ\Documents\Codes\networkSimUN\lib\jung-3d-demos-2.0.1.jar;C:\Users\ARODRIGUEZ\Documents\Codes\networkSimUN\lib\jung-algorithms-2.0.1.jar;C:\Users\ARODRIGUEZ\Documents\Codes\networkSimUN\lib\jung-api-2.0.1.jar;C:\Users\ARODRIGUEZ\Documents\Codes\networkSimUN\lib\jung-graph-impl-2.0.1.jar;C:\Users\ARODRIGUEZ\Documents\Codes\networkSimUN\lib\jung-io-2.0.1.jar;C:\Users\ARODRIGUEZ\Documents\Codes\networkSimUN\lib\jung-jai-2.0.1.jar;C:\Users\ARODRIGUEZ\Documents\Codes\networkSimUN\lib\jung-jai-samples-2.0.1.jar;C:\Users\ARODRIGUEZ\Documents\Codes\networkSimUN\lib\jung-samples-2.0.1.jar;C:\Users\ARODRIGUEZ\Documents\Codes\networkSimUN\lib\jung-visualization-2.0.1.jar;C:\Users\ARODRIGUEZ\Documents\Codes\networkSimUN\lib\junit.jar;C:\Users\ARODRIGUEZ\Documents\Codes\networkSimUN\lib\log4
Launcher Type: SUN_STANDARD

Environment Variables:
PATH=C:\ProgramData\Oracle\Java\javapath;C:\Program Files\Common Files\Microsoft Shared\Windows Live;C:\Program Files (x86)\Common Files\Microsoft Shared\Windows Live;C:\Program Files (x86)\Intel\iCLS Client\;C:\Program Files\Intel\iCLS Client\;C:\Windows\system32;C:\Windows;C:\Windows\System32\Wbem;C:\Windows\System32\WindowsPowerShell\v1.0\;C:\Program Files\Intel\Intel(R) Management Engine Components\DAL;C:\Program Files\Intel\Intel(R) Management Engine Components\IPT;C:\Program Files (x86)\Intel\Intel(R) Management Engine Components\DAL;C:\Program Files (x86)\Intel\Intel(R) Management Engine Components\IPT;C:\Program Files (x86)\Intel\OpenCL SDK\2.0\bin\x86;C:\Program Files (x86)\Intel\OpenCL SDK\2.0\bin\x64;C:\Program Files\Intel\WiFi\bin\;C:\Program Files\Common Files\Intel\WirelessCommon\;C:\Program Files (x86)\Windows Live\Shared;C:\Program Files (x86)\Skype\Phone\;C:\Program Files (x86)\GtkSharp\2.12\bin;C:\Program Files\Git\cmd;C:\Program Files (x86)\MiKTeX 2.9\miktex\bin\
USERNAME=ARODRIGUEZ
OS=Windows_NT
PROCESSOR_IDENTIFIER=Intel64 Family 6 Model 58 Stepping 9, GenuineIntel



---------------  S Y S T E M  ---------------

OS: Windows 7 , 64 bit Build 7601 (6.1.7601.18015)

CPU:total 4 (2 cores per cpu, 2 threads per core) family 6 model 58 stepping 9, cmov, cx8, fxsr, mmx, sse, sse2, sse3, ssse3, sse4.1, sse4.2, popcnt, avx, aes, clmul, erms, ht, tsc, tscinvbit, tscinv

Memory: 4k page, physical 6191468k(1233764k free), swap 12381072k(5749980k free)

vm_info: Java HotSpot(TM) 64-Bit Server VM (25.73-b02) for windows-amd64 JRE (1.8.0_73-b02), built on Jan 29 2016 17:38:49 by "java_re" with MS VC++ 10.0 (VS2010)

time: Thu Jan 12 22:21:47 2017
elapsed time: 596 seconds (0d 0h 9m 56s)

