#
# A fatal error has been detected by the Java Runtime Environment:
#
#  EXCEPTION_ACCESS_VIOLATION (0xc0000005) at pc=0x0000000077983290, pid=7660, tid=4860
#
# JRE version: Java(TM) SE Runtime Environment (8.0_73-b02) (build 1.8.0_73-b02)
# Java VM: Java HotSpot(TM) 64-Bit Server VM (25.73-b02 mixed mode windows-amd64 compressed oops)
# Problematic frame:
# C  [ntdll.dll+0x53290]
#
# Failed to write core dump. Minidumps are not enabled by default on client versions of Windows
#
# If you would like to submit a bug report, please visit:
#   http://bugreport.java.com/bugreport/crash.jsp
#

---------------  T H R E A D  ---------------

Current thread (0x000000001f5dc000):  Thread [stack: 0x0000000024490000,0x0000000024590000] [id=4860]

siginfo: ExceptionCode=0xc0000005, reading address 0x00000ad6c19a8128

Registers:
RAX=0x0000000020c72b10, RBX=0x00000ad6c19a8120, RCX=0x000000ffffffffff, RDX=0x0000000021d557d0
RSP=0x000000002458f520, RBP=0x0000000000000000, RSI=0x0000000002130000, RDI=0x0000000021d557e0
R8 =0x0000000021d557e0, R9 =0x00002b7d00e20023, R10=0x0000000000000000, R11=0x0000000000000213
R12=0x0000000000000000, R13=0x0000000000000000, R14=0x0000000000000000, R15=0x0000000000000000
RIP=0x0000000077983290, EFLAGS=0x0000000000010202

Top of Stack: (sp=0x000000002458f520)
0x000000002458f520:   0000000000000000 0000000000000000
0x000000002458f530:   0000000000000000 0000000000000000
0x000000002458f540:   0000000000000000 0000000000000000
0x000000002458f550:   000000001f5dc000 000007fefde4133c
0x000000002458f560:   0000000000000000 0000000000000000
0x000000002458f570:   0000000000000000 0000000000000000
0x000000002458f580:   0000000021d557e0 0000000000000000
0x000000002458f590:   000000002458f900 000000007783300a
0x000000002458f5a0:   0000000000000000 000000001f5dc000
0x000000002458f5b0:   00000000534016da 0000000021190d50
0x000000002458f5c0:   000000001f5dc000 0000000060a48d94
0x000000002458f5d0:   0000000021190d50 0000000000000000
0x000000002458f5e0:   0000000000000000 0000000000000000
0x000000002458f5f0:   000000001f5dc000 000000005bb40086
0x000000002458f600:   000000001f5dc000 000000001f5dc000
0x000000002458f610:   0000000000000000 00000000232c9d30 

Instructions: (pc=0x0000000077983290)
0x0000000077983270:   ff ff 00 00 00 48 33 de 48 23 c1 48 c1 eb 04 48
0x0000000077983280:   33 d8 48 33 1d 3f f1 0d 00 48 c1 e3 04 0f 0d 0b
0x0000000077983290:   4c 8b 63 08 49 bd 01 00 00 00 01 00 00 00 49 be
0x00000000779832a0:   ff 7f 00 00 ff ff ff ff c6 42 0f 80 c6 42 0e 00 


Register to memory mapping:

RAX=0x0000000020c72b10 is an unknown value
RBX=0x00000ad6c19a8120 is an unknown value
RCX=0x000000ffffffffff is an unknown value
RDX=0x0000000021d557d0 is an unknown value
RSP=0x000000002458f520 is an unknown value
RBP=0x0000000000000000 is an unknown value
RSI=0x0000000002130000 is an unknown value
RDI=0x0000000021d557e0 is an unknown value
R8 =0x0000000021d557e0 is an unknown value
R9 =0x00002b7d00e20023 is an unknown value
R10=0x0000000000000000 is an unknown value
R11=0x0000000000000213 is an unknown value
R12=0x0000000000000000 is an unknown value
R13=0x0000000000000000 is an unknown value
R14=0x0000000000000000 is an unknown value
R15=0x0000000000000000 is an unknown value


Stack: [0x0000000024490000,0x0000000024590000],  sp=0x000000002458f520,  free space=1021k
Native frames: (J=compiled Java code, j=interpreted, Vv=VM code, C=native code)


---------------  P R O C E S S  ---------------

Java Threads: ( => current thread )
  0x0000000020f34000 JavaThread "org.netbeans.modules.debugger.jpda.visual AWT Access Loop" daemon [_thread_blocked, id=9764, stack(0x0000000023110000,0x0000000023210000)]
  0x0000000020d67000 JavaThread "Thread-6" [_thread_blocked, id=6864, stack(0x0000000022e00000,0x0000000022f00000)]
  0x0000000020d66800 JavaThread "Thread-5" [_thread_blocked, id=7388, stack(0x0000000022910000,0x0000000022a10000)]
  0x000000002105d800 JavaThread "Thread-4" [_thread_blocked, id=5896, stack(0x0000000022ca0000,0x0000000022da0000)]
  0x000000002105c800 JavaThread "Thread-3" [_thread_blocked, id=8888, stack(0x0000000022b90000,0x0000000022c90000)]
  0x0000000020ce4000 JavaThread "AWT-EventQueue-0" [_thread_blocked, id=5928, stack(0x0000000021580000,0x0000000021680000)]
  0x0000000020b8c000 JavaThread "AWT-Windows" daemon [_thread_in_native, id=7148, stack(0x00000000213e0000,0x00000000214e0000)]
  0x0000000020b89000 JavaThread "AWT-Shutdown" [_thread_blocked, id=8064, stack(0x0000000021290000,0x0000000021390000)]
  0x0000000020b88000 JavaThread "Java2D Disposer" daemon [_thread_blocked, id=5740, stack(0x00000000205f0000,0x00000000206f0000)]
  0x000000001f59a000 JavaThread "Service Thread" daemon [_thread_blocked, id=4852, stack(0x0000000020730000,0x0000000020830000)]
  0x000000001f508800 JavaThread "C1 CompilerThread2" daemon [_thread_blocked, id=5492, stack(0x0000000020480000,0x0000000020580000)]
  0x000000001f501000 JavaThread "C2 CompilerThread1" daemon [_thread_blocked, id=8344, stack(0x0000000020260000,0x0000000020360000)]
  0x000000001f4fe000 JavaThread "C2 CompilerThread0" daemon [_thread_blocked, id=5360, stack(0x0000000020100000,0x0000000020200000)]
  0x000000001f4fc000 JavaThread "JDWP Command Reader" daemon [_thread_in_native, id=8700, stack(0x000000001f950000,0x000000001fa50000)]
  0x000000001f4ef000 JavaThread "JDWP Event Helper Thread" daemon [_thread_blocked, id=9684, stack(0x000000001ffd0000,0x00000000200d0000)]
  0x000000001e11f000 JavaThread "JDWP Transport Listener: dt_shmem" daemon [_thread_blocked, id=5664, stack(0x000000001fe70000,0x000000001ff70000)]
  0x000000001f4e2800 JavaThread "Attach Listener" daemon [_thread_blocked, id=5420, stack(0x000000001fca0000,0x000000001fda0000)]
  0x000000001e116800 JavaThread "Signal Dispatcher" daemon [_thread_blocked, id=312, stack(0x000000001faa0000,0x000000001fba0000)]
  0x000000001e0b9000 JavaThread "Finalizer" daemon [_thread_blocked, id=4628, stack(0x000000001f3e0000,0x000000001f4e0000)]
  0x000000001e0b2000 JavaThread "Reference Handler" daemon [_thread_blocked, id=7012, stack(0x000000001f2b0000,0x000000001f3b0000)]
  0x000000000217a000 JavaThread "main" [_thread_blocked, id=4260, stack(0x00000000023e0000,0x00000000024e0000)]

Other Threads:
  0x000000001e0ac000 VMThread [stack: 0x000000001f130000,0x000000001f230000] [id=6556]
  0x000000001f5a2800 WatcherThread [stack: 0x00000000208a0000,0x00000000209a0000] [id=9528]

=>0x000000001f5dc000 (exited) Thread [stack: 0x0000000024490000,0x0000000024590000] [id=4860]

VM state:not at safepoint (normal execution)

VM Mutex/Monitor currently owned by a thread: None

Heap:
 PSYoungGen      total 123392K, used 64606K [0x0000000757d80000, 0x0000000769d00000, 0x00000007c0000000)
  eden space 118272K, 54% used [0x0000000757d80000,0x000000075bc77ac8,0x000000075f100000)
  from space 5120K, 2% used [0x0000000769300000,0x0000000769320000,0x0000000769800000)
  to   space 4608K, 0% used [0x0000000769880000,0x0000000769880000,0x0000000769d00000)
 ParOldGen       total 65536K, used 5161K [0x0000000687800000, 0x000000068b800000, 0x0000000757d80000)
  object space 65536K, 7% used [0x0000000687800000,0x0000000687d0a4d0,0x000000068b800000)
 Metaspace       used 11880K, capacity 12058K, committed 12160K, reserved 1060864K
  class space    used 1275K, capacity 1338K, committed 1408K, reserved 1048576K

Card table byte_map: [0x0000000011b70000,0x0000000012540000] byte_map_base: 0x000000000e734000

Marking Bits: (ParMarkBitMap*) 0x000000005c110600
 Begin Bits: [0x0000000013110000, 0x0000000017f30000)
 End Bits:   [0x0000000017f30000, 0x000000001cd50000)

Polling page: 0x0000000000130000

CodeCache: size=245760Kb used=8677Kb max_used=8713Kb free=237082Kb
 bounds [0x00000000027b0000, 0x0000000003070000, 0x00000000117b0000]
 total_blobs=2901 nmethods=2449 adapters=371
 compilation: enabled

Compilation events (10 events):
Event: 26.542 Thread 0x000000001f501000 2594   !   4       java.lang.ThreadGroup::remove (94 bytes)
Event: 26.548 Thread 0x000000001f501000 nmethod 2594 0x00000000029ca7d0 code [0x00000000029ca920, 0x00000000029cafb8]
Event: 26.919 Thread 0x000000001f508800 2595       3       org.netbeans.modules.debugger.jpda.visual.remote.RemoteAWTService::access$000 (4 bytes)
Event: 26.919 Thread 0x000000001f508800 nmethod 2595 0x00000000029c0210 code [0x00000000029c0360, 0x00000000029c04b0]
Event: 26.919 Thread 0x000000001f508800 2596       3       org.netbeans.modules.debugger.jpda.visual.remote.RemoteAWTService::access$100 (4 bytes)
Event: 26.919 Thread 0x000000001f508800 nmethod 2596 0x00000000029c81d0 code [0x00000000029c8320, 0x00000000029c8470]
Event: 29.303 Thread 0x000000001f4fe000 2597       4       java.util.HashMap::tableSizeFor (59 bytes)
Event: 29.304 Thread 0x000000001f4fe000 nmethod 2597 0x0000000002a61f90 code [0x0000000002a620c0, 0x0000000002a62178]
Event: 29.353 Thread 0x000000001f4fe000 2598       4       java.util.HashMap::<init> (98 bytes)
Event: 29.354 Thread 0x000000001f4fe000 nmethod 2598 0x00000000028c82d0 code [0x00000000028c8420, 0x00000000028c85f8]

GC Heap History (10 events):
Event: 23.183 GC heap before
{Heap before GC invocations=17 (full 0):
 PSYoungGen      total 145408K, used 144960K [0x0000000757d80000, 0x000000076a680000, 0x00000007c0000000)
  eden space 144896K, 100% used [0x0000000757d80000,0x0000000760b00000,0x0000000760b00000)
  from space 512K, 12% used [0x000000076a600000,0x000000076a610000,0x000000076a680000)
  to   space 6144K, 0% used [0x0000000769a80000,0x0000000769a80000,0x000000076a080000)
 ParOldGen       total 65536K, used 5044K [0x0000000687800000, 0x000000068b800000, 0x0000000757d80000)
  object space 65536K, 7% used [0x0000000687800000,0x0000000687ced148,0x000000068b800000)
 Metaspace       used 11879K, capacity 12058K, committed 12160K, reserved 1060864K
  class space    used 1275K, capacity 1338K, committed 1408K, reserved 1048576K
Event: 23.184 GC heap after
Heap after GC invocations=17 (full 0):
 PSYoungGen      total 144896K, used 32K [0x0000000757d80000, 0x000000076a680000, 0x00000007c0000000)
  eden space 138752K, 0% used [0x0000000757d80000,0x0000000757d80000,0x0000000760500000)
  from space 6144K, 0% used [0x0000000769a80000,0x0000000769a88000,0x000000076a080000)
  to   space 5632K, 0% used [0x000000076a100000,0x000000076a100000,0x000000076a680000)
 ParOldGen       total 65536K, used 5060K [0x0000000687800000, 0x000000068b800000, 0x0000000757d80000)
  object space 65536K, 7% used [0x0000000687800000,0x0000000687cf1148,0x000000068b800000)
 Metaspace       used 11879K, capacity 12058K, committed 12160K, reserved 1060864K
  class space    used 1275K, capacity 1338K, committed 1408K, reserved 1048576K
}
Event: 24.721 GC heap before
{Heap before GC invocations=18 (full 0):
 PSYoungGen      total 144896K, used 138784K [0x0000000757d80000, 0x000000076a680000, 0x00000007c0000000)
  eden space 138752K, 100% used [0x0000000757d80000,0x0000000760500000,0x0000000760500000)
  from space 6144K, 0% used [0x0000000769a80000,0x0000000769a88000,0x000000076a080000)
  to   space 5632K, 0% used [0x000000076a100000,0x000000076a100000,0x000000076a680000)
 ParOldGen       total 65536K, used 5060K [0x0000000687800000, 0x000000068b800000, 0x0000000757d80000)
  object space 65536K, 7% used [0x0000000687800000,0x0000000687cf1148,0x000000068b800000)
 Metaspace       used 11879K, capacity 12058K, committed 12160K, reserved 1060864K
  class space    used 1275K, capacity 1338K, committed 1408K, reserved 1048576K
Event: 24.722 GC heap after
Heap after GC invocations=18 (full 0):
 PSYoungGen      total 133632K, used 96K [0x0000000757d80000, 0x000000076a180000, 0x00000007c0000000)
  eden space 133120K, 0% used [0x0000000757d80000,0x0000000757d80000,0x000000075ff80000)
  from space 512K, 18% used [0x000000076a100000,0x000000076a118000,0x000000076a180000)
  to   space 5632K, 0% used [0x0000000769680000,0x0000000769680000,0x0000000769c00000)
 ParOldGen       total 65536K, used 5076K [0x0000000687800000, 0x000000068b800000, 0x0000000757d80000)
  object space 65536K, 7% used [0x0000000687800000,0x0000000687cf5148,0x000000068b800000)
 Metaspace       used 11879K, capacity 12058K, committed 12160K, reserved 1060864K
  class space    used 1275K, capacity 1338K, committed 1408K, reserved 1048576K
}
Event: 26.197 GC heap before
{Heap before GC invocations=19 (full 0):
 PSYoungGen      total 133632K, used 133216K [0x0000000757d80000, 0x000000076a180000, 0x00000007c0000000)
  eden space 133120K, 100% used [0x0000000757d80000,0x000000075ff80000,0x000000075ff80000)
  from space 512K, 18% used [0x000000076a100000,0x000000076a118000,0x000000076a180000)
  to   space 5632K, 0% used [0x0000000769680000,0x0000000769680000,0x0000000769c00000)
 ParOldGen       total 65536K, used 5076K [0x0000000687800000, 0x000000068b800000, 0x0000000757d80000)
  object space 65536K, 7% used [0x0000000687800000,0x0000000687cf5148,0x000000068b800000)
 Metaspace       used 11879K, capacity 12058K, committed 12160K, reserved 1060864K
  class space    used 1275K, capacity 1338K, committed 1408K, reserved 1048576K
Event: 26.198 GC heap after
Heap after GC invocations=19 (full 0):
 PSYoungGen      total 133632K, used 64K [0x0000000757d80000, 0x000000076a180000, 0x00000007c0000000)
  eden space 128000K, 0% used [0x0000000757d80000,0x0000000757d80000,0x000000075fa80000)
  from space 5632K, 1% used [0x0000000769680000,0x0000000769690000,0x0000000769c00000)
  to   space 5120K, 0% used [0x0000000769c80000,0x0000000769c80000,0x000000076a180000)
 ParOldGen       total 65536K, used 5116K [0x0000000687800000, 0x000000068b800000, 0x0000000757d80000)
  object space 65536K, 7% used [0x0000000687800000,0x0000000687cff178,0x000000068b800000)
 Metaspace       used 11879K, capacity 12058K, committed 12160K, reserved 1060864K
  class space    used 1275K, capacity 1338K, committed 1408K, reserved 1048576K
}
Event: 27.673 GC heap before
{Heap before GC invocations=20 (full 0):
 PSYoungGen      total 133632K, used 128064K [0x0000000757d80000, 0x000000076a180000, 0x00000007c0000000)
  eden space 128000K, 100% used [0x0000000757d80000,0x000000075fa80000,0x000000075fa80000)
  from space 5632K, 1% used [0x0000000769680000,0x0000000769690000,0x0000000769c00000)
  to   space 5120K, 0% used [0x0000000769c80000,0x0000000769c80000,0x000000076a180000)
 ParOldGen       total 65536K, used 5116K [0x0000000687800000, 0x000000068b800000, 0x0000000757d80000)
  object space 65536K, 7% used [0x0000000687800000,0x0000000687cff178,0x000000068b800000)
 Metaspace       used 11880K, capacity 12058K, committed 12160K, reserved 1060864K
  class space    used 1275K, capacity 1338K, committed 1408K, reserved 1048576K
Event: 27.695 GC heap after
Heap after GC invocations=20 (full 0):
 PSYoungGen      total 123392K, used 64K [0x0000000757d80000, 0x0000000769d00000, 0x00000007c0000000)
  eden space 122880K, 0% used [0x0000000757d80000,0x0000000757d80000,0x000000075f580000)
  from space 512K, 12% used [0x0000000769c80000,0x0000000769c90000,0x0000000769d00000)
  to   space 5120K, 0% used [0x0000000769300000,0x0000000769300000,0x0000000769800000)
 ParOldGen       total 65536K, used 5132K [0x0000000687800000, 0x000000068b800000, 0x0000000757d80000)
  object space 65536K, 7% used [0x0000000687800000,0x0000000687d03178,0x000000068b800000)
 Metaspace       used 11880K, capacity 12058K, committed 12160K, reserved 1060864K
  class space    used 1275K, capacity 1338K, committed 1408K, reserved 1048576K
}
Event: 29.064 GC heap before
{Heap before GC invocations=21 (full 0):
 PSYoungGen      total 123392K, used 122944K [0x0000000757d80000, 0x0000000769d00000, 0x00000007c0000000)
  eden space 122880K, 100% used [0x0000000757d80000,0x000000075f580000,0x000000075f580000)
  from space 512K, 12% used [0x0000000769c80000,0x0000000769c90000,0x0000000769d00000)
  to   space 5120K, 0% used [0x0000000769300000,0x0000000769300000,0x0000000769800000)
 ParOldGen       total 65536K, used 5132K [0x0000000687800000, 0x000000068b800000, 0x0000000757d80000)
  object space 65536K, 7% used [0x0000000687800000,0x0000000687d03178,0x000000068b800000)
 Metaspace       used 11880K, capacity 12058K, committed 12160K, reserved 1060864K
  class space    used 1275K, capacity 1338K, committed 1408K, reserved 1048576K
Event: 29.065 GC heap after
Heap after GC invocations=21 (full 0):
 PSYoungGen      total 123392K, used 128K [0x0000000757d80000, 0x0000000769d00000, 0x00000007c0000000)
  eden space 118272K, 0% used [0x0000000757d80000,0x0000000757d80000,0x000000075f100000)
  from space 5120K, 2% used [0x0000000769300000,0x0000000769320000,0x0000000769800000)
  to   space 4608K, 0% used [0x0000000769880000,0x0000000769880000,0x0000000769d00000)
 ParOldGen       total 65536K, used 5161K [0x0000000687800000, 0x000000068b800000, 0x0000000757d80000)
  object space 65536K, 7% used [0x0000000687800000,0x0000000687d0a4d0,0x000000068b800000)
 Metaspace       used 11880K, capacity 12058K, committed 12160K, reserved 1060864K
  class space    used 1275K, capacity 1338K, committed 1408K, reserved 1048576K
}

Deoptimization events (10 events):
Event: 1.090 Thread 0x0000000020ce4000 Uncommon trap: reason=bimorphic action=maybe_recompile pc=0x00000000029e8810 method=java.util.Collections$UnmodifiableCollection$1.next()Ljava/lang/Object; @ 4
Event: 1.090 Thread 0x0000000020ce4000 Uncommon trap: reason=bimorphic action=maybe_recompile pc=0x00000000029d3df8 method=java.util.Collections$UnmodifiableCollection$1.hasNext()Z @ 4
Event: 1.159 Thread 0x0000000020ce4000 Uncommon trap: reason=class_check action=maybe_recompile pc=0x000000000295ec34 method=java.lang.String.equals(Ljava/lang/Object;)Z @ 8
Event: 1.159 Thread 0x0000000020ce4000 Uncommon trap: reason=class_check action=maybe_recompile pc=0x000000000295ec34 method=java.lang.String.equals(Ljava/lang/Object;)Z @ 8
Event: 1.159 Thread 0x0000000020ce4000 Uncommon trap: reason=class_check action=maybe_recompile pc=0x000000000295ec34 method=java.lang.String.equals(Ljava/lang/Object;)Z @ 8
Event: 1.159 Thread 0x0000000020ce4000 Uncommon trap: reason=class_check action=maybe_recompile pc=0x000000000295ec34 method=java.lang.String.equals(Ljava/lang/Object;)Z @ 8
Event: 1.350 Thread 0x0000000020ce4000 Uncommon trap: reason=unstable_if action=reinterpret pc=0x0000000002af757c method=java.lang.Character.isSurrogate(C)Z @ 3
Event: 1.350 Thread 0x0000000020ce4000 Uncommon trap: reason=unstable_if action=reinterpret pc=0x00000000028d5800 method=java.lang.CharacterData.of(I)Ljava/lang/CharacterData; @ 4
Event: 1.457 Thread 0x0000000020ce4000 Uncommon trap: reason=bimorphic action=maybe_recompile pc=0x00000000029d3df8 method=java.util.Collections$UnmodifiableCollection$1.hasNext()Z @ 4
Event: 1.457 Thread 0x0000000020ce4000 Uncommon trap: reason=bimorphic action=maybe_recompile pc=0x00000000029e8810 method=java.util.Collections$UnmodifiableCollection$1.next()Ljava/lang/Object; @ 4

Internal exceptions (10 events):
Event: 0.464 Thread 0x000000000217a000 Exception <a 'java/security/PrivilegedActionException'> (0x00000007582ed518) thrown at [D:\re\puppet\workspace\8-2-build-windows-amd64-cygwin\jdk8u73\6086\hotspot\src\share\vm\prims\jvm.cpp, line 1386]
Event: 0.465 Thread 0x000000000217a000 Exception <a 'java/security/PrivilegedActionException'> (0x00000007582f1360) thrown at [D:\re\puppet\workspace\8-2-build-windows-amd64-cygwin\jdk8u73\6086\hotspot\src\share\vm\prims\jvm.cpp, line 1386]
Event: 0.465 Thread 0x000000000217a000 Exception <a 'java/security/PrivilegedActionException'> (0x00000007582f1570) thrown at [D:\re\puppet\workspace\8-2-build-windows-amd64-cygwin\jdk8u73\6086\hotspot\src\share\vm\prims\jvm.cpp, line 1386]
Event: 0.468 Thread 0x000000000217a000 Exception <a 'java/io/FileNotFoundException'> (0x00000007582f3840) thrown at [D:\re\puppet\workspace\8-2-build-windows-amd64-cygwin\jdk8u73\6086\hotspot\src\share\vm\prims\jni.cpp, line 709]
Event: 0.516 Thread 0x000000000217a000 Exception <a 'java/lang/NoSuchFieldError': method resolution failed> (0x00000007583bed10) thrown at [D:\re\puppet\workspace\8-2-build-windows-amd64-cygwin\jdk8u73\6086\hotspot\src\share\vm\prims\methodHandles.cpp, line 1146]
Event: 0.519 Thread 0x000000000217a000 Exception <a 'java/lang/NoSuchFieldError': method resolution failed> (0x00000007583cc0e0) thrown at [D:\re\puppet\workspace\8-2-build-windows-amd64-cygwin\jdk8u73\6086\hotspot\src\share\vm\prims\methodHandles.cpp, line 1146]
Event: 0.572 Thread 0x000000000217a000 Exception <a 'java/io/FileNotFoundException'> (0x000000075845e7b8) thrown at [D:\re\puppet\workspace\8-2-build-windows-amd64-cygwin\jdk8u73\6086\hotspot\src\share\vm\prims\jni.cpp, line 709]
Event: 0.747 Thread 0x0000000020b8c000 Implicit null exception at 0x00000000029d418a to 0x00000000029d4395
Event: 0.847 Thread 0x0000000020d66800 Implicit null exception at 0x00000000029de289 to 0x00000000029de511
Event: 0.847 Thread 0x0000000020d66800 Implicit null exception at 0x00000000029ea3e6 to 0x00000000029ea99d

Events (10 events):
Event: 29.787 Thread 0x000000001f5dc000 Thread added: 0x000000001f5dc000
Event: 29.787 Executing VM operation: GetOrSetLocal
Event: 29.787 Executing VM operation: GetOrSetLocal done
Event: 29.790 Thread 0x000000001f5dc000 Thread exited: 0x000000001f5dc000
Event: 29.792 Executing VM operation: GetOrSetLocal
Event: 29.792 Executing VM operation: GetOrSetLocal done
Event: 29.795 Thread 0x000000001f5dc000 Thread added: 0x000000001f5dc000
Event: 29.795 Thread 0x000000001f5dc000 Thread exited: 0x000000001f5dc000
Event: 29.800 Thread 0x000000001f5dc000 Thread added: 0x000000001f5dc000
Event: 29.803 Thread 0x000000001f5dc000 Thread exited: 0x000000001f5dc000


Dynamic libraries:
0x000000013faf0000 - 0x000000013fb27000 	C:\Program Files\Java\jdk1.8.0_73\jre\bin\java.exe
0x0000000077930000 - 0x0000000077ad9000 	C:\Windows\SYSTEM32\ntdll.dll
0x0000000077810000 - 0x000000007792f000 	C:\Windows\system32\kernel32.dll
0x000007fefde40000 - 0x000007fefdeab000 	C:\Windows\system32\KERNELBASE.dll
0x000007feff890000 - 0x000007feff96b000 	C:\Windows\system32\ADVAPI32.dll
0x000007fefe160000 - 0x000007fefe1ff000 	C:\Windows\system32\msvcrt.dll
0x000007feffc20000 - 0x000007feffc3f000 	C:\Windows\SYSTEM32\sechost.dll
0x000007feff420000 - 0x000007feff54d000 	C:\Windows\system32\RPCRT4.dll
0x0000000077500000 - 0x00000000775fa000 	C:\Windows\system32\USER32.dll
0x000007feff270000 - 0x000007feff2d7000 	C:\Windows\system32\GDI32.dll
0x000007feffa90000 - 0x000007feffa9e000 	C:\Windows\system32\LPK.dll
0x000007feff550000 - 0x000007feff619000 	C:\Windows\system32\USP10.dll
0x000007fefc7e0000 - 0x000007fefc9d4000 	C:\Windows\WinSxS\amd64_microsoft.windows.common-controls_6595b64144ccf1df_6.0.7601.17514_none_fa396087175ac9ac\COMCTL32.dll
0x000007feffb70000 - 0x000007feffbe1000 	C:\Windows\system32\SHLWAPI.dll
0x000007feffbf0000 - 0x000007feffc1e000 	C:\Windows\system32\IMM32.DLL
0x000007feff970000 - 0x000007feffa79000 	C:\Windows\system32\MSCTF.dll
0x00000000609e0000 - 0x0000000060ab2000 	C:\Program Files\Java\jdk1.8.0_73\jre\bin\msvcr100.dll
0x000000005b900000 - 0x000000005c190000 	C:\Program Files\Java\jdk1.8.0_73\jre\bin\server\jvm.dll
0x000007fefa770000 - 0x000007fefa779000 	C:\Windows\system32\WSOCK32.dll
0x000007feffb20000 - 0x000007feffb6d000 	C:\Windows\system32\WS2_32.dll
0x000007feffa80000 - 0x000007feffa88000 	C:\Windows\system32\NSI.dll
0x000007fef82e0000 - 0x000007fef831b000 	C:\Windows\system32\WINMM.dll
0x000007fefcea0000 - 0x000007fefceac000 	C:\Windows\system32\VERSION.dll
0x0000000077b00000 - 0x0000000077b07000 	C:\Windows\system32\PSAPI.DLL
0x0000000060b50000 - 0x0000000060b5f000 	C:\Program Files\Java\jdk1.8.0_73\jre\bin\verify.dll
0x0000000060b20000 - 0x0000000060b49000 	C:\Program Files\Java\jdk1.8.0_73\jre\bin\java.dll
0x0000000060be0000 - 0x0000000060c15000 	C:\Program Files\Java\jdk1.8.0_73\jre\bin\jdwp.dll
0x0000000063de0000 - 0x0000000063de8000 	C:\Program Files\Java\jdk1.8.0_73\jre\bin\npt.dll
0x0000000060b00000 - 0x0000000060b16000 	C:\Program Files\Java\jdk1.8.0_73\jre\bin\zip.dll
0x000007fefe4e0000 - 0x000007feff268000 	C:\Windows\system32\SHELL32.dll
0x000007feff620000 - 0x000007feff823000 	C:\Windows\system32\ole32.dll
0x000007fefdd90000 - 0x000007fefdd9f000 	C:\Windows\system32\profapi.dll
0x0000000064620000 - 0x000000006462b000 	C:\Program Files\Java\jdk1.8.0_73\jre\bin\dt_shmem.dll
0x000000005fc70000 - 0x000000005fe08000 	C:\Program Files\Java\jdk1.8.0_73\jre\bin\awt.dll
0x000007fefe200000 - 0x000007fefe2d7000 	C:\Windows\system32\OLEAUT32.dll
0x000007fefc040000 - 0x000007fefc058000 	C:\Windows\system32\DWMAPI.DLL
0x000007fefdcc0000 - 0x000007fefdccf000 	C:\Windows\system32\CRYPTBASE.dll
0x0000000060990000 - 0x00000000609d7000 	C:\Program Files\Java\jdk1.8.0_73\jre\bin\fontmanager.dll
0x000000005fc40000 - 0x000000005fc6a000 	C:\Program Files\Java\jdk1.8.0_73\jre\bin\dcpr.dll
0x0000000060ae0000 - 0x0000000060afa000 	C:\Program Files\Java\jdk1.8.0_73\jre\bin\net.dll
0x000007fefd600000 - 0x000007fefd655000 	C:\Windows\system32\mswsock.dll
0x000007fefd5f0000 - 0x000007fefd5f7000 	C:\Windows\System32\wship6.dll
0x0000000060ac0000 - 0x0000000060ad1000 	C:\Program Files\Java\jdk1.8.0_73\jre\bin\nio.dll
0x0000000060940000 - 0x0000000060982000 	C:\Program Files\Java\jdk1.8.0_73\jre\bin\t2k.dll
0x000007fef8320000 - 0x000007fef8445000 	C:\Windows\system32\dbghelp.dll

VM Arguments:
jvm_args: -Xdebug -Xrunjdwp:transport=dt_shmem,address=javadebug -Dfile.encoding=UTF-8 -Xmx5000m 
java_command: unalcol.agents.NetworkSim.DataReplicationNodeFailingMain load line+v+3.graph 1 0 carriersrep line+v+3.loc -1 replalgon NODELAY 0 3
java_class_path (initial): C:\Users\ARODRIGUEZ\Documents\Codes\networkSimUN\lib\autocomplete.jar;C:\Users\ARODRIGUEZ\Documents\Codes\networkSimUN\lib\collections-generic-4.01.jar;C:\Users\ARODRIGUEZ\Documents\Codes\networkSimUN\lib\colt-1.2.0.jar;C:\Users\ARODRIGUEZ\Documents\Codes\networkSimUN\lib\commons-discovery-0.5.jar;C:\Users\ARODRIGUEZ\Documents\Codes\networkSimUN\lib\commons-exec-1.1.jar;C:\Users\ARODRIGUEZ\Documents\Codes\networkSimUN\lib\commons-logging-1.1.1.jar;C:\Users\ARODRIGUEZ\Documents\Codes\networkSimUN\lib\concurrent-1.3.4.jar;C:\Users\ARODRIGUEZ\Documents\Codes\networkSimUN\lib\encog-core-3.0.1.jar;C:\Users\ARODRIGUEZ\Documents\Codes\networkSimUN\lib\flexdock-0.5.1.jar;C:\Users\ARODRIGUEZ\Documents\Codes\networkSimUN\lib\flexdock-demo-0.5.2.jar;C:\Users\ARODRIGUEZ\Documents\Codes\networkSimUN\lib\j3d-core-1.3.1.jar;C:\Users\ARODRIGUEZ\Documents\Codes\networkSimUN\lib\jcommon-1.0.17.jar;C:\Users\ARODRIGUEZ\Documents\Codes\networkSimUN\lib\jdom.jar;C:\Users\ARODRIGUEZ\Documents\Codes\networkSimUN\lib\jfreechart-1.0.14.jar;C:\Users\ARODRIGUEZ\Documents\Codes\networkSimUN\lib\jgap.jar;C:\Users\ARODRIGUEZ\Documents\Codes\networkSimUN\lib\jung-3d-2.0.1.jar;C:\Users\ARODRIGUEZ\Documents\Codes\networkSimUN\lib\jung-3d-demos-2.0.1.jar;C:\Users\ARODRIGUEZ\Documents\Codes\networkSimUN\lib\jung-algorithms-2.0.1.jar;C:\Users\ARODRIGUEZ\Documents\Codes\networkSimUN\lib\jung-api-2.0.1.jar;C:\Users\ARODRIGUEZ\Documents\Codes\networkSimUN\lib\jung-graph-impl-2.0.1.jar;C:\Users\ARODRIGUEZ\Documents\Codes\networkSimUN\lib\jung-io-2.0.1.jar;C:\Users\ARODRIGUEZ\Documents\Codes\networkSimUN\lib\jung-jai-2.0.1.jar;C:\Users\ARODRIGUEZ\Documents\Codes\networkSimUN\lib\jung-jai-samples-2.0.1.jar;C:\Users\ARODRIGUEZ\Documents\Codes\networkSimUN\lib\jung-samples-2.0.1.jar;C:\Users\ARODRIGUEZ\Documents\Codes\networkSimUN\lib\jung-visualization-2.0.1.jar;C:\Users\ARODRIGUEZ\Documents\Codes\networkSimUN\lib\junit.jar;C:\Users\ARODRIGUEZ\Documents\Codes\networkSimUN\lib\log4
Launcher Type: SUN_STANDARD

Environment Variables:
PATH=C:\ProgramData\Oracle\Java\javapath;C:\Program Files\Common Files\Microsoft Shared\Windows Live;C:\Program Files (x86)\Common Files\Microsoft Shared\Windows Live;C:\Program Files (x86)\Intel\iCLS Client\;C:\Program Files\Intel\iCLS Client\;C:\Windows\system32;C:\Windows;C:\Windows\System32\Wbem;C:\Windows\System32\WindowsPowerShell\v1.0\;C:\Program Files\Intel\Intel(R) Management Engine Components\DAL;C:\Program Files\Intel\Intel(R) Management Engine Components\IPT;C:\Program Files (x86)\Intel\Intel(R) Management Engine Components\DAL;C:\Program Files (x86)\Intel\Intel(R) Management Engine Components\IPT;C:\Program Files (x86)\Intel\OpenCL SDK\2.0\bin\x86;C:\Program Files (x86)\Intel\OpenCL SDK\2.0\bin\x64;C:\Program Files\Intel\WiFi\bin\;C:\Program Files\Common Files\Intel\WirelessCommon\;C:\Program Files (x86)\Windows Live\Shared;C:\Program Files (x86)\GtkSharp\2.12\bin;C:\Program Files\Git\cmd;C:\Program Files (x86)\MiKTeX 2.9\miktex\bin\;C:\Program Files (x86)\Skype\Phone\
USERNAME=ARODRIGUEZ
OS=Windows_NT
PROCESSOR_IDENTIFIER=Intel64 Family 6 Model 58 Stepping 9, GenuineIntel



---------------  S Y S T E M  ---------------

OS: Windows 7 , 64 bit Build 7601 (6.1.7601.18015)

CPU:total 4 (2 cores per cpu, 2 threads per core) family 6 model 58 stepping 9, cmov, cx8, fxsr, mmx, sse, sse2, sse3, ssse3, sse4.1, sse4.2, popcnt, avx, aes, clmul, erms, ht, tsc, tscinvbit, tscinv

Memory: 4k page, physical 6191468k(2871976k free), swap 12381072k(7267296k free)

vm_info: Java HotSpot(TM) 64-Bit Server VM (25.73-b02) for windows-amd64 JRE (1.8.0_73-b02), built on Jan 29 2016 17:38:49 by "java_re" with MS VC++ 10.0 (VS2010)

time: Thu Mar 23 11:33:10 2017
elapsed time: 29 seconds (0d 0h 0m 29s)

