#
# A fatal error has been detected by the Java Runtime Environment:
#
#  EXCEPTION_ACCESS_VIOLATION (0xc0000005) at pc=0x0000000077983290, pid=6704, tid=6032
#
# JRE version: Java(TM) SE Runtime Environment (8.0_73-b02) (build 1.8.0_73-b02)
# Java VM: Java HotSpot(TM) 64-Bit Server VM (25.73-b02 mixed mode windows-amd64 compressed oops)
# Problematic frame:
# C  [ntdll.dll+0x53290]
#
# Failed to write core dump. Minidumps are not enabled by default on client versions of Windows
#
# If you would like to submit a bug report, please visit:
#   http://bugreport.java.com/bugreport/crash.jsp
#

---------------  T H R E A D  ---------------

Current thread (0x000000002249f000):  Thread [stack: 0x00000000243f0000,0x00000000244f0000] [id=6032]

siginfo: ExceptionCode=0xc0000005, reading address 0x00000fa5c988d3f8

Registers:
RAX=0x0000000020c598e0, RBX=0x00000fa5c988d3f0, RCX=0x000000ffffffffff, RDX=0x00000000238238a0
RSP=0x00000000244ef640, RBP=0x0000000000000000, RSI=0x0000000002240000, RDI=0x00000000238238b0
R8 =0x00000000238238b0, R9 =0x00000f7d001e000b, R10=0x0000000000000000, R11=0x0000000000000217
R12=0x0000000000000000, R13=0x0000000000000000, R14=0x0000000000000000, R15=0x0000000000000000
RIP=0x0000000077983290, EFLAGS=0x0000000000010206

Top of Stack: (sp=0x00000000244ef640)
0x00000000244ef640:   0000000002250080 0000000002250170
0x00000000244ef650:   0000000022b46a80 0000000002240000
0x00000000244ef660:   0000000000000000 0000000000000000
0x00000000244ef670:   000000002249f000 000007fefde4133c
0x00000000244ef680:   0000000000000000 0000000000000000
0x00000000244ef690:   0000000000000000 0000000000000000
0x00000000244ef6a0:   00000000238238b0 0000000000000000
0x00000000244ef6b0:   00000000244ef920 000000007783300a
0x00000000244ef6c0:   0000000000000000 000000002249f000
0x00000000244ef6d0:   00000000534f249b 0000000020941520
0x00000000244ef6e0:   000000002249f000 0000000060a48d94
0x00000000244ef6f0:   0000000020941520 0000000000000000
0x00000000244ef700:   0000000000000000 0000000000000000
0x00000000244ef710:   000000002249f000 000000005bb40086
0x00000000244ef720:   000000002249f000 000000002249f000
0x00000000244ef730:   0000000000000000 0000000020ccefd0 

Instructions: (pc=0x0000000077983290)
0x0000000077983270:   ff ff 00 00 00 48 33 de 48 23 c1 48 c1 eb 04 48
0x0000000077983280:   33 d8 48 33 1d 3f f1 0d 00 48 c1 e3 04 0f 0d 0b
0x0000000077983290:   4c 8b 63 08 49 bd 01 00 00 00 01 00 00 00 49 be
0x00000000779832a0:   ff 7f 00 00 ff ff ff ff c6 42 0f 80 c6 42 0e 00 


Register to memory mapping:

RAX=0x0000000020c598e0 is an unknown value
RBX=0x00000fa5c988d3f0 is an unknown value
RCX=0x000000ffffffffff is an unknown value
RDX=0x00000000238238a0 is an unknown value
RSP=0x00000000244ef640 is an unknown value
RBP=0x0000000000000000 is an unknown value
RSI=0x0000000002240000 is an unknown value
RDI=0x00000000238238b0 is an unknown value
R8 =0x00000000238238b0 is an unknown value
R9 =0x00000f7d001e000b is an unknown value
R10=0x0000000000000000 is an unknown value
R11=0x0000000000000217 is an unknown value
R12=0x0000000000000000 is an unknown value
R13=0x0000000000000000 is an unknown value
R14=0x0000000000000000 is an unknown value
R15=0x0000000000000000 is an unknown value


Stack: [0x00000000243f0000,0x00000000244f0000],  sp=0x00000000244ef640,  free space=1021k
Native frames: (J=compiled Java code, j=interpreted, Vv=VM code, C=native code)


---------------  P R O C E S S  ---------------

Java Threads: ( => current thread )
  0x000000002249d800 JavaThread "Thread-224" [_thread_blocked, id=4776, stack(0x0000000024250000,0x0000000024350000)]
  0x0000000020d0f800 JavaThread "org.netbeans.modules.debugger.jpda.visual AWT Access Loop" daemon [_thread_blocked, id=7852, stack(0x0000000021d10000,0x0000000021e10000)]
  0x0000000020a71800 JavaThread "Thread-6" [_thread_blocked, id=9772, stack(0x0000000021b30000,0x0000000021c30000)]
  0x0000000020a6f000 JavaThread "Thread-5" [_thread_blocked, id=6708, stack(0x0000000021a10000,0x0000000021b10000)]
  0x0000000020bbe000 JavaThread "Thread-4" [_thread_blocked, id=7076, stack(0x0000000021910000,0x0000000021a10000)]
  0x0000000020ae1000 JavaThread "Thread-3" [_thread_blocked, id=6584, stack(0x00000000217a0000,0x00000000218a0000)]
  0x0000000020c62800 JavaThread "AWT-EventQueue-0" [_thread_blocked, id=5132, stack(0x0000000021200000,0x0000000021300000)]
  0x000000002090c800 JavaThread "AWT-Windows" daemon [_thread_in_native, id=7328, stack(0x0000000020e80000,0x0000000020f80000)]
  0x000000002090a000 JavaThread "AWT-Shutdown" [_thread_blocked, id=7176, stack(0x0000000020090000,0x0000000020190000)]
  0x0000000020908800 JavaThread "Java2D Disposer" daemon [_thread_blocked, id=6324, stack(0x0000000020f90000,0x0000000021090000)]
  0x000000001f672000 JavaThread "Service Thread" daemon [_thread_blocked, id=5116, stack(0x0000000020560000,0x0000000020660000)]
  0x000000001f5f3000 JavaThread "C1 CompilerThread2" daemon [_thread_blocked, id=6492, stack(0x0000000020320000,0x0000000020420000)]
  0x000000001f5e6800 JavaThread "C2 CompilerThread1" daemon [_thread_blocked, id=5908, stack(0x000000001fb50000,0x000000001fc50000)]
  0x000000001f5e5000 JavaThread "C2 CompilerThread0" daemon [_thread_blocked, id=6232, stack(0x00000000201c0000,0x00000000202c0000)]
  0x000000001f5d6800 JavaThread "JDWP Command Reader" daemon [_thread_in_native, id=7216, stack(0x000000001ff60000,0x0000000020060000)]
  0x000000001f5d3000 JavaThread "JDWP Event Helper Thread" daemon [_thread_blocked, id=9492, stack(0x000000001fe40000,0x000000001ff40000)]
  0x000000001e1ba800 JavaThread "JDWP Transport Listener: dt_shmem" daemon [_thread_blocked, id=6988, stack(0x000000001fc60000,0x000000001fd60000)]
  0x000000001f5c3800 JavaThread "Attach Listener" daemon [_thread_blocked, id=3944, stack(0x000000001fa10000,0x000000001fb10000)]
  0x000000001f5c2800 JavaThread "Signal Dispatcher" daemon [_thread_blocked, id=9228, stack(0x000000001f3a0000,0x000000001f4a0000)]
  0x000000001e159000 JavaThread "Finalizer" daemon [_thread_blocked, id=1744, stack(0x000000001f4c0000,0x000000001f5c0000)]
  0x000000001e152000 JavaThread "Reference Handler" daemon [_thread_blocked, id=6460, stack(0x000000001f1d0000,0x000000001f2d0000)]
  0x000000000228a000 JavaThread "main" [_thread_blocked, id=5856, stack(0x00000000024e0000,0x00000000025e0000)]

Other Threads:
  0x000000001e14c000 VMThread [stack: 0x0000000012fb0000,0x00000000130b0000] [id=9500]
  0x000000001f682800 WatcherThread [stack: 0x0000000020450000,0x0000000020550000] [id=8560]

=>0x000000002249f000 (exited) Thread [stack: 0x00000000243f0000,0x00000000244f0000] [id=6032]

VM state:not at safepoint (normal execution)

VM Mutex/Monitor currently owned by a thread: None

Heap:
 PSYoungGen      total 114176K, used 43419K [0x0000000757d80000, 0x000000076e180000, 0x00000007c0000000)
  eden space 109056K, 39% used [0x0000000757d80000,0x000000075a7cee18,0x000000075e800000)
  from space 5120K, 1% used [0x000000076d780000,0x000000076d798000,0x000000076dc80000)
  to   space 5120K, 0% used [0x000000076dc80000,0x000000076dc80000,0x000000076e180000)
 ParOldGen       total 65536K, used 5769K [0x0000000687800000, 0x000000068b800000, 0x0000000757d80000)
  object space 65536K, 8% used [0x0000000687800000,0x0000000687da2710,0x000000068b800000)
 Metaspace       used 11897K, capacity 12128K, committed 12416K, reserved 1060864K
  class space    used 1277K, capacity 1339K, committed 1408K, reserved 1048576K

Card table byte_map: [0x0000000011c70000,0x0000000012640000] byte_map_base: 0x000000000e834000

Marking Bits: (ParMarkBitMap*) 0x000000005c110600
 Begin Bits: [0x00000000131b0000, 0x0000000017fd0000)
 End Bits:   [0x0000000017fd0000, 0x000000001cdf0000)

Polling page: 0x0000000001b60000

CodeCache: size=245760Kb used=8441Kb max_used=8479Kb free=237318Kb
 bounds [0x00000000028b0000, 0x0000000003110000, 0x00000000118b0000]
 total_blobs=2928 nmethods=2476 adapters=371
 compilation: enabled

Compilation events (10 events):
Event: 30.116 Thread 0x000000001f5e6800 nmethod 2598 0x00000000030e5690 code [0x00000000030e58a0, 0x00000000030e6b68]
Event: 30.116 Thread 0x000000001f5e6800 2600       4       java.awt.geom.QuadCurve2D::getPathIterator (10 bytes)
Event: 30.117 Thread 0x000000001f5e6800 nmethod 2600 0x00000000030d0910 code [0x00000000030d0a60, 0x00000000030d0b58]
Event: 30.314 Thread 0x000000001f5e5000 nmethod 2599 0x00000000030f28d0 code [0x00000000030f2e80, 0x00000000030fd030]
Event: 30.671 Thread 0x000000001f5e6800 2601       4       java.beans.PropertyChangeSupport$PropertyChangeListenerMap::<init> (5 bytes)
Event: 30.672 Thread 0x000000001f5e6800 nmethod 2601 0x00000000030ce9d0 code [0x00000000030ceb00, 0x00000000030ceb58]
Event: 30.701 Thread 0x000000001f5e5000 2602       4       edu.uci.ics.jung.algorithms.layout.ISOMLayout::initialize (71 bytes)
Event: 30.703 Thread 0x000000001f5e6800 2603       4       edu.uci.ics.jung.visualization.transform.MutableAffineTransformer::addChangeListener (11 bytes)
Event: 30.706 Thread 0x000000001f5e6800 nmethod 2603 0x00000000030cfad0 code [0x00000000030cfc40, 0x00000000030d0158]
Event: 30.707 Thread 0x000000001f5e5000 nmethod 2602 0x00000000030e4a50 code [0x00000000030e4c20, 0x00000000030e51f8]

GC Heap History (10 events):
Event: 24.878 GC heap before
{Heap before GC invocations=17 (full 0):
 PSYoungGen      total 133632K, used 133248K [0x0000000757d80000, 0x000000076ec00000, 0x00000007c0000000)
  eden space 133120K, 100% used [0x0000000757d80000,0x000000075ff80000,0x000000075ff80000)
  from space 512K, 25% used [0x000000076eb80000,0x000000076eba0000,0x000000076ec00000)
  to   space 6144K, 0% used [0x000000076e000000,0x000000076e000000,0x000000076e600000)
 ParOldGen       total 65536K, used 5644K [0x0000000687800000, 0x000000068b800000, 0x0000000757d80000)
  object space 65536K, 8% used [0x0000000687800000,0x0000000687d83388,0x000000068b800000)
 Metaspace       used 11895K, capacity 12128K, committed 12416K, reserved 1060864K
  class space    used 1276K, capacity 1339K, committed 1408K, reserved 1048576K
Event: 24.879 GC heap after
Heap after GC invocations=17 (full 0):
 PSYoungGen      total 134144K, used 96K [0x0000000757d80000, 0x000000076ec00000, 0x00000007c0000000)
  eden space 128000K, 0% used [0x0000000757d80000,0x0000000757d80000,0x000000075fa80000)
  from space 6144K, 1% used [0x000000076e000000,0x000000076e018000,0x000000076e600000)
  to   space 6144K, 0% used [0x000000076e600000,0x000000076e600000,0x000000076ec00000)
 ParOldGen       total 65536K, used 5660K [0x0000000687800000, 0x000000068b800000, 0x0000000757d80000)
  object space 65536K, 8% used [0x0000000687800000,0x0000000687d87388,0x000000068b800000)
 Metaspace       used 11895K, capacity 12128K, committed 12416K, reserved 1060864K
  class space    used 1276K, capacity 1339K, committed 1408K, reserved 1048576K
}
Event: 26.298 GC heap before
{Heap before GC invocations=18 (full 0):
 PSYoungGen      total 134144K, used 128096K [0x0000000757d80000, 0x000000076ec00000, 0x00000007c0000000)
  eden space 128000K, 100% used [0x0000000757d80000,0x000000075fa80000,0x000000075fa80000)
  from space 6144K, 1% used [0x000000076e000000,0x000000076e018000,0x000000076e600000)
  to   space 6144K, 0% used [0x000000076e600000,0x000000076e600000,0x000000076ec00000)
 ParOldGen       total 65536K, used 5660K [0x0000000687800000, 0x000000068b800000, 0x0000000757d80000)
  object space 65536K, 8% used [0x0000000687800000,0x0000000687d87388,0x000000068b800000)
 Metaspace       used 11896K, capacity 12128K, committed 12416K, reserved 1060864K
  class space    used 1276K, capacity 1339K, committed 1408K, reserved 1048576K
Event: 26.299 GC heap after
Heap after GC invocations=18 (full 0):
 PSYoungGen      total 123392K, used 64K [0x0000000757d80000, 0x000000076e680000, 0x00000007c0000000)
  eden space 122880K, 0% used [0x0000000757d80000,0x0000000757d80000,0x000000075f580000)
  from space 512K, 12% used [0x000000076e600000,0x000000076e610000,0x000000076e680000)
  to   space 5632K, 0% used [0x000000076db80000,0x000000076db80000,0x000000076e100000)
 ParOldGen       total 65536K, used 5708K [0x0000000687800000, 0x000000068b800000, 0x0000000757d80000)
  object space 65536K, 8% used [0x0000000687800000,0x0000000687d933b8,0x000000068b800000)
 Metaspace       used 11896K, capacity 12128K, committed 12416K, reserved 1060864K
  class space    used 1276K, capacity 1339K, committed 1408K, reserved 1048576K
}
Event: 27.658 GC heap before
{Heap before GC invocations=19 (full 0):
 PSYoungGen      total 123392K, used 122944K [0x0000000757d80000, 0x000000076e680000, 0x00000007c0000000)
  eden space 122880K, 100% used [0x0000000757d80000,0x000000075f580000,0x000000075f580000)
  from space 512K, 12% used [0x000000076e600000,0x000000076e610000,0x000000076e680000)
  to   space 5632K, 0% used [0x000000076db80000,0x000000076db80000,0x000000076e100000)
 ParOldGen       total 65536K, used 5708K [0x0000000687800000, 0x000000068b800000, 0x0000000757d80000)
  object space 65536K, 8% used [0x0000000687800000,0x0000000687d933b8,0x000000068b800000)
 Metaspace       used 11896K, capacity 12128K, committed 12416K, reserved 1060864K
  class space    used 1276K, capacity 1339K, committed 1408K, reserved 1048576K
Event: 27.673 GC heap after
Heap after GC invocations=19 (full 0):
 PSYoungGen      total 123904K, used 64K [0x0000000757d80000, 0x000000076e680000, 0x00000007c0000000)
  eden space 118272K, 0% used [0x0000000757d80000,0x0000000757d80000,0x000000075f100000)
  from space 5632K, 1% used [0x000000076db80000,0x000000076db90000,0x000000076e100000)
  to   space 5632K, 0% used [0x000000076e100000,0x000000076e100000,0x000000076e680000)
 ParOldGen       total 65536K, used 5729K [0x0000000687800000, 0x000000068b800000, 0x0000000757d80000)
  object space 65536K, 8% used [0x0000000687800000,0x0000000687d98710,0x000000068b800000)
 Metaspace       used 11896K, capacity 12128K, committed 12416K, reserved 1060864K
  class space    used 1276K, capacity 1339K, committed 1408K, reserved 1048576K
}
Event: 28.981 GC heap before
{Heap before GC invocations=20 (full 0):
 PSYoungGen      total 123904K, used 118336K [0x0000000757d80000, 0x000000076e680000, 0x00000007c0000000)
  eden space 118272K, 100% used [0x0000000757d80000,0x000000075f100000,0x000000075f100000)
  from space 5632K, 1% used [0x000000076db80000,0x000000076db90000,0x000000076e100000)
  to   space 5632K, 0% used [0x000000076e100000,0x000000076e100000,0x000000076e680000)
 ParOldGen       total 65536K, used 5729K [0x0000000687800000, 0x000000068b800000, 0x0000000757d80000)
  object space 65536K, 8% used [0x0000000687800000,0x0000000687d98710,0x000000068b800000)
 Metaspace       used 11896K, capacity 12128K, committed 12416K, reserved 1060864K
  class space    used 1276K, capacity 1339K, committed 1408K, reserved 1048576K
Event: 28.982 GC heap after
Heap after GC invocations=20 (full 0):
 PSYoungGen      total 114176K, used 64K [0x0000000757d80000, 0x000000076e180000, 0x00000007c0000000)
  eden space 113664K, 0% used [0x0000000757d80000,0x0000000757d80000,0x000000075ec80000)
  from space 512K, 12% used [0x000000076e100000,0x000000076e110000,0x000000076e180000)
  to   space 5120K, 0% used [0x000000076d780000,0x000000076d780000,0x000000076dc80000)
 ParOldGen       total 65536K, used 5745K [0x0000000687800000, 0x000000068b800000, 0x0000000757d80000)
  object space 65536K, 8% used [0x0000000687800000,0x0000000687d9c710,0x000000068b800000)
 Metaspace       used 11896K, capacity 12128K, committed 12416K, reserved 1060864K
  class space    used 1276K, capacity 1339K, committed 1408K, reserved 1048576K
}
Event: 30.254 GC heap before
{Heap before GC invocations=21 (full 0):
 PSYoungGen      total 114176K, used 113728K [0x0000000757d80000, 0x000000076e180000, 0x00000007c0000000)
  eden space 113664K, 100% used [0x0000000757d80000,0x000000075ec80000,0x000000075ec80000)
  from space 512K, 12% used [0x000000076e100000,0x000000076e110000,0x000000076e180000)
  to   space 5120K, 0% used [0x000000076d780000,0x000000076d780000,0x000000076dc80000)
 ParOldGen       total 65536K, used 5745K [0x0000000687800000, 0x000000068b800000, 0x0000000757d80000)
  object space 65536K, 8% used [0x0000000687800000,0x0000000687d9c710,0x000000068b800000)
 Metaspace       used 11897K, capacity 12128K, committed 12416K, reserved 1060864K
  class space    used 1277K, capacity 1339K, committed 1408K, reserved 1048576K
Event: 30.256 GC heap after
Heap after GC invocations=21 (full 0):
 PSYoungGen      total 114176K, used 96K [0x0000000757d80000, 0x000000076e180000, 0x00000007c0000000)
  eden space 109056K, 0% used [0x0000000757d80000,0x0000000757d80000,0x000000075e800000)
  from space 5120K, 1% used [0x000000076d780000,0x000000076d798000,0x000000076dc80000)
  to   space 5120K, 0% used [0x000000076dc80000,0x000000076dc80000,0x000000076e180000)
 ParOldGen       total 65536K, used 5769K [0x0000000687800000, 0x000000068b800000, 0x0000000757d80000)
  object space 65536K, 8% used [0x0000000687800000,0x0000000687da2710,0x000000068b800000)
 Metaspace       used 11897K, capacity 12128K, committed 12416K, reserved 1060864K
  class space    used 1277K, capacity 1339K, committed 1408K, reserved 1048576K
}

Deoptimization events (10 events):
Event: 0.710 Thread 0x0000000020c62800 Uncommon trap: reason=bimorphic action=maybe_recompile pc=0x0000000002accc38 method=java.util.Collections$UnmodifiableCollection$1.hasNext()Z @ 4
Event: 0.710 Thread 0x0000000020c62800 Uncommon trap: reason=bimorphic action=maybe_recompile pc=0x0000000002accc38 method=java.util.Collections$UnmodifiableCollection$1.hasNext()Z @ 4
Event: 0.778 Thread 0x0000000020c62800 Uncommon trap: reason=class_check action=maybe_recompile pc=0x0000000002a60074 method=java.lang.String.equals(Ljava/lang/Object;)Z @ 8
Event: 0.778 Thread 0x0000000020c62800 Uncommon trap: reason=class_check action=maybe_recompile pc=0x0000000002a60074 method=java.lang.String.equals(Ljava/lang/Object;)Z @ 8
Event: 0.778 Thread 0x0000000020c62800 Uncommon trap: reason=class_check action=maybe_recompile pc=0x0000000002a60074 method=java.lang.String.equals(Ljava/lang/Object;)Z @ 8
Event: 0.778 Thread 0x0000000020c62800 Uncommon trap: reason=class_check action=maybe_recompile pc=0x0000000002a60074 method=java.lang.String.equals(Ljava/lang/Object;)Z @ 8
Event: 1.031 Thread 0x0000000020c62800 Uncommon trap: reason=unstable_if action=reinterpret pc=0x00000000029d5a00 method=java.lang.CharacterData.of(I)Ljava/lang/CharacterData; @ 4
Event: 1.155 Thread 0x0000000020c62800 Uncommon trap: reason=bimorphic action=maybe_recompile pc=0x0000000002accc38 method=java.util.Collections$UnmodifiableCollection$1.hasNext()Z @ 4
Event: 3.169 Thread 0x0000000020a71800 Uncommon trap: reason=unstable_if action=reinterpret pc=0x0000000002b17f10 method=java.lang.Integer.getChars(II[C)V @ 7
Event: 3.555 Thread 0x0000000020a6f000 Uncommon trap: reason=unstable_if action=reinterpret pc=0x0000000002d94068 method=java.util.HashMap$HashIterator.<init>(Ljava/util/HashMap;)V @ 45

Internal exceptions (10 events):
Event: 0.305 Thread 0x000000000228a000 Exception <a 'java/security/PrivilegedActionException'> (0x00000007582f19a0) thrown at [D:\re\puppet\workspace\8-2-build-windows-amd64-cygwin\jdk8u73\6086\hotspot\src\share\vm\prims\jvm.cpp, line 1386]
Event: 0.308 Thread 0x000000000228a000 Exception <a 'java/io/FileNotFoundException'> (0x00000007582f3c70) thrown at [D:\re\puppet\workspace\8-2-build-windows-amd64-cygwin\jdk8u73\6086\hotspot\src\share\vm\prims\jni.cpp, line 709]
Event: 0.345 Thread 0x000000000228a000 Exception <a 'java/lang/NoSuchFieldError': method resolution failed> (0x00000007583bee58) thrown at [D:\re\puppet\workspace\8-2-build-windows-amd64-cygwin\jdk8u73\6086\hotspot\src\share\vm\prims\methodHandles.cpp, line 1146]
Event: 0.347 Thread 0x000000000228a000 Exception <a 'java/lang/NoSuchFieldError': method resolution failed> (0x00000007583cc228) thrown at [D:\re\puppet\workspace\8-2-build-windows-amd64-cygwin\jdk8u73\6086\hotspot\src\share\vm\prims\methodHandles.cpp, line 1146]
Event: 0.393 Thread 0x000000000228a000 Exception <a 'java/io/FileNotFoundException'> (0x000000075845e948) thrown at [D:\re\puppet\workspace\8-2-build-windows-amd64-cygwin\jdk8u73\6086\hotspot\src\share\vm\prims\jni.cpp, line 709]
Event: 0.554 Thread 0x000000002090c800 Implicit null exception at 0x0000000002aceeca to 0x0000000002acf0d5
Event: 0.643 Thread 0x0000000020ae1000 Implicit null exception at 0x0000000002adb489 to 0x0000000002adb711
Event: 0.643 Thread 0x0000000020a6f000 Implicit null exception at 0x0000000002adb489 to 0x0000000002adb711
Event: 0.643 Thread 0x0000000020bbe000 Implicit null exception at 0x0000000002adb489 to 0x0000000002adb711
Event: 0.643 Thread 0x0000000020a6f000 Implicit null exception at 0x0000000002adbde6 to 0x0000000002adc39d

Events (10 events):
Event: 30.671 loading class java/beans/PropertyChangeSupport$1
Event: 30.671 loading class java/beans/PropertyChangeSupport$1 done
Event: 30.687 Thread 0x000000002249f000 Thread added: 0x000000002249f000
Event: 30.687 Thread 0x000000002249f000 Thread exited: 0x000000002249f000
Event: 30.695 Thread 0x000000002249f000 Thread added: 0x000000002249f000
Event: 30.695 Thread 0x000000002249f000 Thread exited: 0x000000002249f000
Event: 30.703 Thread 0x000000002249f000 Thread added: 0x000000002249f000
Event: 30.703 Thread 0x000000002249f000 Thread exited: 0x000000002249f000
Event: 30.719 Thread 0x000000002249f000 Thread added: 0x000000002249f000
Event: 30.719 Thread 0x000000002249f000 Thread exited: 0x000000002249f000


Dynamic libraries:
0x000000013fdc0000 - 0x000000013fdf7000 	C:\Program Files\Java\jdk1.8.0_73\jre\bin\java.exe
0x0000000077930000 - 0x0000000077ad9000 	C:\Windows\SYSTEM32\ntdll.dll
0x0000000077810000 - 0x000000007792f000 	C:\Windows\system32\kernel32.dll
0x000007fefde40000 - 0x000007fefdeab000 	C:\Windows\system32\KERNELBASE.dll
0x000007feff890000 - 0x000007feff96b000 	C:\Windows\system32\ADVAPI32.dll
0x000007fefe160000 - 0x000007fefe1ff000 	C:\Windows\system32\msvcrt.dll
0x000007feffc20000 - 0x000007feffc3f000 	C:\Windows\SYSTEM32\sechost.dll
0x000007feff420000 - 0x000007feff54d000 	C:\Windows\system32\RPCRT4.dll
0x0000000077500000 - 0x00000000775fa000 	C:\Windows\system32\USER32.dll
0x000007feff270000 - 0x000007feff2d7000 	C:\Windows\system32\GDI32.dll
0x000007feffa90000 - 0x000007feffa9e000 	C:\Windows\system32\LPK.dll
0x000007feff550000 - 0x000007feff619000 	C:\Windows\system32\USP10.dll
0x000007fefc7e0000 - 0x000007fefc9d4000 	C:\Windows\WinSxS\amd64_microsoft.windows.common-controls_6595b64144ccf1df_6.0.7601.17514_none_fa396087175ac9ac\COMCTL32.dll
0x000007feffb70000 - 0x000007feffbe1000 	C:\Windows\system32\SHLWAPI.dll
0x000007feffbf0000 - 0x000007feffc1e000 	C:\Windows\system32\IMM32.DLL
0x000007feff970000 - 0x000007feffa79000 	C:\Windows\system32\MSCTF.dll
0x00000000609e0000 - 0x0000000060ab2000 	C:\Program Files\Java\jdk1.8.0_73\jre\bin\msvcr100.dll
0x000000005b900000 - 0x000000005c190000 	C:\Program Files\Java\jdk1.8.0_73\jre\bin\server\jvm.dll
0x000007fefa770000 - 0x000007fefa779000 	C:\Windows\system32\WSOCK32.dll
0x000007feffb20000 - 0x000007feffb6d000 	C:\Windows\system32\WS2_32.dll
0x000007feffa80000 - 0x000007feffa88000 	C:\Windows\system32\NSI.dll
0x000007fef82e0000 - 0x000007fef831b000 	C:\Windows\system32\WINMM.dll
0x000007fefcea0000 - 0x000007fefceac000 	C:\Windows\system32\VERSION.dll
0x0000000077b00000 - 0x0000000077b07000 	C:\Windows\system32\PSAPI.DLL
0x0000000060b50000 - 0x0000000060b5f000 	C:\Program Files\Java\jdk1.8.0_73\jre\bin\verify.dll
0x0000000060b20000 - 0x0000000060b49000 	C:\Program Files\Java\jdk1.8.0_73\jre\bin\java.dll
0x0000000060be0000 - 0x0000000060c15000 	C:\Program Files\Java\jdk1.8.0_73\jre\bin\jdwp.dll
0x0000000063de0000 - 0x0000000063de8000 	C:\Program Files\Java\jdk1.8.0_73\jre\bin\npt.dll
0x0000000060b00000 - 0x0000000060b16000 	C:\Program Files\Java\jdk1.8.0_73\jre\bin\zip.dll
0x000007fefe4e0000 - 0x000007feff268000 	C:\Windows\system32\SHELL32.dll
0x000007feff620000 - 0x000007feff823000 	C:\Windows\system32\ole32.dll
0x000007fefdd90000 - 0x000007fefdd9f000 	C:\Windows\system32\profapi.dll
0x0000000064620000 - 0x000000006462b000 	C:\Program Files\Java\jdk1.8.0_73\jre\bin\dt_shmem.dll
0x000000005fc70000 - 0x000000005fe08000 	C:\Program Files\Java\jdk1.8.0_73\jre\bin\awt.dll
0x000007fefe200000 - 0x000007fefe2d7000 	C:\Windows\system32\OLEAUT32.dll
0x000007fefc040000 - 0x000007fefc058000 	C:\Windows\system32\DWMAPI.DLL
0x000007fefdcc0000 - 0x000007fefdccf000 	C:\Windows\system32\CRYPTBASE.dll
0x0000000060990000 - 0x00000000609d7000 	C:\Program Files\Java\jdk1.8.0_73\jre\bin\fontmanager.dll
0x000000005fc40000 - 0x000000005fc6a000 	C:\Program Files\Java\jdk1.8.0_73\jre\bin\dcpr.dll
0x0000000060ae0000 - 0x0000000060afa000 	C:\Program Files\Java\jdk1.8.0_73\jre\bin\net.dll
0x000007fefd600000 - 0x000007fefd655000 	C:\Windows\system32\mswsock.dll
0x000007fefd5f0000 - 0x000007fefd5f7000 	C:\Windows\System32\wship6.dll
0x0000000060ac0000 - 0x0000000060ad1000 	C:\Program Files\Java\jdk1.8.0_73\jre\bin\nio.dll
0x0000000060940000 - 0x0000000060982000 	C:\Program Files\Java\jdk1.8.0_73\jre\bin\t2k.dll
0x000007fef8320000 - 0x000007fef8445000 	C:\Windows\system32\dbghelp.dll

VM Arguments:
jvm_args: -Xdebug -Xrunjdwp:transport=dt_shmem,address=javadebug -Dfile.encoding=UTF-8 -Xmx5000m 
java_command: unalcol.agents.NetworkSim.DataReplicationNodeFailingMain load line+v+3.graph 1 0 carriersrep line+v+3.loc -1 replalgon NODELAY 0 3
java_class_path (initial): C:\Users\ARODRIGUEZ\Documents\Codes\networkSimUN\lib\autocomplete.jar;C:\Users\ARODRIGUEZ\Documents\Codes\networkSimUN\lib\collections-generic-4.01.jar;C:\Users\ARODRIGUEZ\Documents\Codes\networkSimUN\lib\colt-1.2.0.jar;C:\Users\ARODRIGUEZ\Documents\Codes\networkSimUN\lib\commons-discovery-0.5.jar;C:\Users\ARODRIGUEZ\Documents\Codes\networkSimUN\lib\commons-exec-1.1.jar;C:\Users\ARODRIGUEZ\Documents\Codes\networkSimUN\lib\commons-logging-1.1.1.jar;C:\Users\ARODRIGUEZ\Documents\Codes\networkSimUN\lib\concurrent-1.3.4.jar;C:\Users\ARODRIGUEZ\Documents\Codes\networkSimUN\lib\encog-core-3.0.1.jar;C:\Users\ARODRIGUEZ\Documents\Codes\networkSimUN\lib\flexdock-0.5.1.jar;C:\Users\ARODRIGUEZ\Documents\Codes\networkSimUN\lib\flexdock-demo-0.5.2.jar;C:\Users\ARODRIGUEZ\Documents\Codes\networkSimUN\lib\j3d-core-1.3.1.jar;C:\Users\ARODRIGUEZ\Documents\Codes\networkSimUN\lib\jcommon-1.0.17.jar;C:\Users\ARODRIGUEZ\Documents\Codes\networkSimUN\lib\jdom.jar;C:\Users\ARODRIGUEZ\Documents\Codes\networkSimUN\lib\jfreechart-1.0.14.jar;C:\Users\ARODRIGUEZ\Documents\Codes\networkSimUN\lib\jgap.jar;C:\Users\ARODRIGUEZ\Documents\Codes\networkSimUN\lib\jung-3d-2.0.1.jar;C:\Users\ARODRIGUEZ\Documents\Codes\networkSimUN\lib\jung-3d-demos-2.0.1.jar;C:\Users\ARODRIGUEZ\Documents\Codes\networkSimUN\lib\jung-algorithms-2.0.1.jar;C:\Users\ARODRIGUEZ\Documents\Codes\networkSimUN\lib\jung-api-2.0.1.jar;C:\Users\ARODRIGUEZ\Documents\Codes\networkSimUN\lib\jung-graph-impl-2.0.1.jar;C:\Users\ARODRIGUEZ\Documents\Codes\networkSimUN\lib\jung-io-2.0.1.jar;C:\Users\ARODRIGUEZ\Documents\Codes\networkSimUN\lib\jung-jai-2.0.1.jar;C:\Users\ARODRIGUEZ\Documents\Codes\networkSimUN\lib\jung-jai-samples-2.0.1.jar;C:\Users\ARODRIGUEZ\Documents\Codes\networkSimUN\lib\jung-samples-2.0.1.jar;C:\Users\ARODRIGUEZ\Documents\Codes\networkSimUN\lib\jung-visualization-2.0.1.jar;C:\Users\ARODRIGUEZ\Documents\Codes\networkSimUN\lib\junit.jar;C:\Users\ARODRIGUEZ\Documents\Codes\networkSimUN\lib\log4
Launcher Type: SUN_STANDARD

Environment Variables:
PATH=C:\ProgramData\Oracle\Java\javapath;C:\Program Files\Common Files\Microsoft Shared\Windows Live;C:\Program Files (x86)\Common Files\Microsoft Shared\Windows Live;C:\Program Files (x86)\Intel\iCLS Client\;C:\Program Files\Intel\iCLS Client\;C:\Windows\system32;C:\Windows;C:\Windows\System32\Wbem;C:\Windows\System32\WindowsPowerShell\v1.0\;C:\Program Files\Intel\Intel(R) Management Engine Components\DAL;C:\Program Files\Intel\Intel(R) Management Engine Components\IPT;C:\Program Files (x86)\Intel\Intel(R) Management Engine Components\DAL;C:\Program Files (x86)\Intel\Intel(R) Management Engine Components\IPT;C:\Program Files (x86)\Intel\OpenCL SDK\2.0\bin\x86;C:\Program Files (x86)\Intel\OpenCL SDK\2.0\bin\x64;C:\Program Files\Intel\WiFi\bin\;C:\Program Files\Common Files\Intel\WirelessCommon\;C:\Program Files (x86)\Windows Live\Shared;C:\Program Files (x86)\GtkSharp\2.12\bin;C:\Program Files\Git\cmd;C:\Program Files (x86)\MiKTeX 2.9\miktex\bin\;C:\Program Files (x86)\Skype\Phone\
USERNAME=ARODRIGUEZ
OS=Windows_NT
PROCESSOR_IDENTIFIER=Intel64 Family 6 Model 58 Stepping 9, GenuineIntel



---------------  S Y S T E M  ---------------

OS: Windows 7 , 64 bit Build 7601 (6.1.7601.18015)

CPU:total 4 (2 cores per cpu, 2 threads per core) family 6 model 58 stepping 9, cmov, cx8, fxsr, mmx, sse, sse2, sse3, ssse3, sse4.1, sse4.2, popcnt, avx, aes, clmul, erms, ht, tsc, tscinvbit, tscinv

Memory: 4k page, physical 6191468k(2672704k free), swap 12381072k(6944112k free)

vm_info: Java HotSpot(TM) 64-Bit Server VM (25.73-b02) for windows-amd64 JRE (1.8.0_73-b02), built on Jan 29 2016 17:38:49 by "java_re" with MS VC++ 10.0 (VS2010)

time: Thu Mar 23 11:40:54 2017
elapsed time: 30 seconds (0d 0h 0m 30s)

