#
# A fatal error has been detected by the Java Runtime Environment:
#
#  EXCEPTION_ACCESS_VIOLATION (0xc0000005) at pc=0x00000000778d3290, pid=2852, tid=5532
#
# JRE version: Java(TM) SE Runtime Environment (8.0_73-b02) (build 1.8.0_73-b02)
# Java VM: Java HotSpot(TM) 64-Bit Server VM (25.73-b02 mixed mode windows-amd64 compressed oops)
# Problematic frame:
# C  [ntdll.dll+0x53290]
#
# Failed to write core dump. Minidumps are not enabled by default on client versions of Windows
#
# If you would like to submit a bug report, please visit:
#   http://bugreport.java.com/bugreport/crash.jsp
#

---------------  T H R E A D  ---------------

Current thread (0x00000000222ff800):  Thread [stack: 0x00000000213c0000,0x00000000214c0000] [id=6768]

siginfo: ExceptionCode=0xc0000005, reading address 0x00000521deafa718

Registers:
RAX=0x0000000021edf190, RBX=0x00000521deafa710, RCX=0x000000ffffffffff, RDX=0x0000000022c9d800
RSP=0x00000000214bf4f0, RBP=0x0000000000000000, RSI=0x0000000000620000, RDI=0x0000000022c9d810
R8 =0x0000000022c9d810, R9 =0x0073d6080006000b, R10=0x0000000000000000, R11=0x0000000000000207
R12=0x0000000000000000, R13=0x0000000000000000, R14=0x0000000000000000, R15=0x0000000000000000
RIP=0x00000000778d3290, EFLAGS=0x0000000000010202

Top of Stack: (sp=0x00000000214bf4f0)
0x00000000214bf4f0:   0000000000000000 0000000000000000
0x00000000214bf500:   0000000000000000 0000000000000000
0x00000000214bf510:   0000000000000000 0000000000000000
0x00000000214bf520:   00000000222ff800 000007fefdf6133c
0x00000000214bf530:   0000000000000000 0000000000000000
0x00000000214bf540:   0000000000000000 0000000000000000
0x00000000214bf550:   0000000022c9d810 0000000000000000
0x00000000214bf560:   00000000214bf950 00000000771c300a
0x00000000214bf570:   0000000000000000 00000000222ff800
0x00000000214bf580:   0000000056ca9a16 000000001f7d2ea0
0x00000000214bf590:   00000000222ff800 000000005e2b8d94
0x00000000214bf5a0:   000000001f7d2ea0 0000000000000000
0x00000000214bf5b0:   0000000000000000 0000000000000000
0x00000000214bf5c0:   00000000222ff800 000000005b740086
0x00000000214bf5d0:   00000000222ff800 00000000222ff800
0x00000000214bf5e0:   0000000000000000 0000000022306ad0 

Instructions: (pc=0x00000000778d3290)
0x00000000778d3270:   ff ff 00 00 00 48 33 de 48 23 c1 48 c1 eb 04 48
0x00000000778d3280:   33 d8 48 33 1d 3f f1 0d 00 48 c1 e3 04 0f 0d 0b
0x00000000778d3290:   4c 8b 63 08 49 bd 01 00 00 00 01 00 00 00 49 be
0x00000000778d32a0:   ff 7f 00 00 ff ff ff ff c6 42 0f 80 c6 42 0e 00 


Register to memory mapping:

RAX=0x0000000021edf190 is an unknown value
RBX=0x00000521deafa710 is an unknown value
RCX=0x000000ffffffffff is an unknown value
RDX=0x0000000022c9d800 is an unknown value
RSP=0x00000000214bf4f0 is an unknown value
RBP=0x0000000000000000 is an unknown value
RSI=0x0000000000620000 is an unknown value
RDI=0x0000000022c9d810 is an unknown value
R8 =0x0000000022c9d810 is an unknown value
R9 =0x0073d6080006000b is an unknown value
R10=0x0000000000000000 is an unknown value
R11=0x0000000000000207 is an unknown value
R12=0x0000000000000000 is an unknown value
R13=0x0000000000000000 is an unknown value
R14=0x0000000000000000 is an unknown value
R15=0x0000000000000000 is an unknown value


Stack: [0x00000000213c0000,0x00000000214c0000],  sp=0x00000000214bf4f0,  free space=1021k
Native frames: (J=compiled Java code, j=interpreted, Vv=VM code, C=native code)


---------------  P R O C E S S  ---------------

Java Threads: ( => current thread )
  0x00000000222fe000 JavaThread "org.netbeans.modules.debugger.jpda.visual AWT Access Loop" daemon [_thread_blocked, id=6776, stack(0x000000002c740000,0x000000002c840000)]
  0x00000000222fb000 JavaThread "Thread-103" [_thread_blocked, id=5680, stack(0x000000002c260000,0x000000002c360000)]
  0x00000000222fa800 JavaThread "Thread-102" [_thread_blocked, id=5832, stack(0x000000002c010000,0x000000002c110000)]
  0x00000000222f9800 JavaThread "Thread-101" [_thread_blocked, id=5844, stack(0x000000002bec0000,0x000000002bfc0000)]
  0x00000000222ed800 JavaThread "Thread-100" [_thread_blocked, id=5272, stack(0x000000002b8d0000,0x000000002b9d0000)]
  0x00000000222ec800 JavaThread "Thread-99" [_thread_blocked, id=6288, stack(0x000000002bc70000,0x000000002bd70000)]
  0x00000000222ec000 JavaThread "Thread-98" [_thread_blocked, id=6772, stack(0x000000002bb40000,0x000000002bc40000)]
  0x00000000222eb000 JavaThread "Thread-97" [_thread_blocked, id=3236, stack(0x000000002ba10000,0x000000002bb10000)]
  0x00000000222ea800 JavaThread "Thread-96" [_thread_blocked, id=4232, stack(0x000000002b7b0000,0x000000002b8b0000)]
  0x00000000222e9800 JavaThread "Thread-95" [_thread_blocked, id=6940, stack(0x000000002b660000,0x000000002b760000)]
  0x00000000222e9000 JavaThread "Thread-94" [_thread_blocked, id=6928, stack(0x000000002aeb0000,0x000000002afb0000)]
  0x00000000222e8000 JavaThread "Thread-93" [_thread_blocked, id=5224, stack(0x0000000029d40000,0x0000000029e40000)]
  0x00000000222e7800 JavaThread "Thread-92" [_thread_blocked, id=5420, stack(0x000000002b440000,0x000000002b540000)]
  0x00000000222e6800 JavaThread "Thread-91" [_thread_blocked, id=2880, stack(0x000000002a590000,0x000000002a690000)]
  0x00000000222d8800 JavaThread "Thread-90" [_thread_blocked, id=7024, stack(0x000000002b2d0000,0x000000002b3d0000)]
  0x00000000222d7800 JavaThread "Thread-89" [_thread_blocked, id=6796, stack(0x000000002b1d0000,0x000000002b2d0000)]
  0x00000000222d7000 JavaThread "Thread-88" [_thread_blocked, id=5256, stack(0x0000000029950000,0x0000000029a50000)]
  0x00000000222d6000 JavaThread "Thread-87" [_thread_blocked, id=4740, stack(0x000000002aff0000,0x000000002b0f0000)]
  0x00000000222d5800 JavaThread "Thread-86" [_thread_blocked, id=5252, stack(0x000000002adb0000,0x000000002aeb0000)]
  0x00000000222d4800 JavaThread "Thread-85" [_thread_blocked, id=3784, stack(0x000000002ac40000,0x000000002ad40000)]
  0x00000000222d4000 JavaThread "Thread-84" [_thread_blocked, id=3080, stack(0x000000002a210000,0x000000002a310000)]
  0x00000000222d3000 JavaThread "Thread-83" [_thread_blocked, id=6892, stack(0x000000002aa50000,0x000000002ab50000)]
  0x00000000222d2800 JavaThread "Thread-82" [_thread_blocked, id=5856, stack(0x000000002a890000,0x000000002a990000)]
  0x00000000222d1800 JavaThread "Thread-81" [_thread_blocked, id=6060, stack(0x000000002a690000,0x000000002a790000)]
  0x00000000222c5800 JavaThread "Thread-80" [_thread_blocked, id=5776, stack(0x000000002a470000,0x000000002a570000)]
  0x00000000222c4800 JavaThread "Thread-79" [_thread_blocked, id=628, stack(0x000000002a340000,0x000000002a440000)]
  0x00000000222c4000 JavaThread "Thread-78" [_thread_blocked, id=6872, stack(0x000000002a0f0000,0x000000002a1f0000)]
  0x00000000222c3000 JavaThread "Thread-77" [_thread_blocked, id=6160, stack(0x0000000029740000,0x0000000029840000)]
  0x00000000222c2800 JavaThread "Thread-76" [_thread_blocked, id=1804, stack(0x00000000294e0000,0x00000000295e0000)]
  0x00000000222c1800 JavaThread "Thread-75" [_thread_blocked, id=6976, stack(0x0000000029fe0000,0x000000002a0e0000)]
  0x00000000222c1000 JavaThread "Thread-74" [_thread_blocked, id=6492, stack(0x0000000029e50000,0x0000000029f50000)]
  0x00000000222c0000 JavaThread "Thread-73" [_thread_blocked, id=7032, stack(0x0000000029c30000,0x0000000029d30000)]
  0x00000000222bf800 JavaThread "Thread-72" [_thread_blocked, id=6840, stack(0x00000000290c0000,0x00000000291c0000)]
  0x00000000222be800 JavaThread "Thread-71" [_thread_blocked, id=6836, stack(0x0000000029a50000,0x0000000029b50000)]
  0x00000000221cc800 JavaThread "Thread-70" [_thread_blocked, id=5920, stack(0x0000000029850000,0x0000000029950000)]
  0x00000000221cb800 JavaThread "Thread-69" [_thread_blocked, id=6056, stack(0x0000000029640000,0x0000000029740000)]
  0x00000000221cb000 JavaThread "Thread-68" [_thread_blocked, id=5456, stack(0x00000000293c0000,0x00000000294c0000)]
  0x00000000221ca000 JavaThread "Thread-67" [_thread_blocked, id=6524, stack(0x00000000291e0000,0x00000000292e0000)]
  0x00000000221c9800 JavaThread "Thread-66" [_thread_blocked, id=6132, stack(0x0000000028fb0000,0x00000000290b0000)]
  0x00000000221c8800 JavaThread "Thread-65" [_thread_blocked, id=6588, stack(0x0000000024380000,0x0000000024480000)]
  0x00000000221c8000 JavaThread "Thread-64" [_thread_blocked, id=6352, stack(0x0000000028e90000,0x0000000028f90000)]
  0x00000000221c7000 JavaThread "Thread-63" [_thread_blocked, id=6088, stack(0x00000000287c0000,0x00000000288c0000)]
  0x00000000221c6800 JavaThread "Thread-62" [_thread_blocked, id=5364, stack(0x0000000028d70000,0x0000000028e70000)]
  0x00000000221c5800 JavaThread "Thread-61" [_thread_blocked, id=6172, stack(0x0000000027fe0000,0x00000000280e0000)]
  0x0000000022105800 JavaThread "Thread-60" [_thread_blocked, id=4128, stack(0x0000000028b90000,0x0000000028c90000)]
  0x0000000022105000 JavaThread "Thread-59" [_thread_blocked, id=5860, stack(0x0000000028a00000,0x0000000028b00000)]
  0x0000000022104000 JavaThread "Thread-58" [_thread_blocked, id=6868, stack(0x00000000288e0000,0x00000000289e0000)]
  0x0000000022103800 JavaThread "Thread-57" [_thread_blocked, id=2056, stack(0x0000000028680000,0x0000000028780000)]
  0x0000000022102800 JavaThread "Thread-56" [_thread_blocked, id=6844, stack(0x0000000028200000,0x0000000028300000)]
  0x0000000022102000 JavaThread "Thread-55" [_thread_blocked, id=6192, stack(0x00000000284a0000,0x00000000285a0000)]
  0x0000000022101000 JavaThread "Thread-54" [_thread_blocked, id=4256, stack(0x0000000028350000,0x0000000028450000)]
  0x0000000022100800 JavaThread "Thread-53" [_thread_blocked, id=7144, stack(0x0000000027250000,0x0000000027350000)]
  0x00000000220ff800 JavaThread "Thread-52" [_thread_blocked, id=3332, stack(0x0000000028100000,0x0000000028200000)]
  0x00000000220ff000 JavaThread "Thread-51" [_thread_blocked, id=5228, stack(0x0000000027eb0000,0x0000000027fb0000)]
  0x00000000221bb800 JavaThread "Thread-50" [_thread_blocked, id=400, stack(0x0000000027d50000,0x0000000027e50000)]
  0x00000000221ba800 JavaThread "Thread-49" [_thread_blocked, id=4048, stack(0x00000000278a0000,0x00000000279a0000)]
  0x00000000221ba000 JavaThread "Thread-48" [_thread_blocked, id=7092, stack(0x0000000025e10000,0x0000000025f10000)]
  0x00000000221b9000 JavaThread "Thread-47" [_thread_blocked, id=3064, stack(0x0000000027b70000,0x0000000027c70000)]
  0x00000000221b8800 JavaThread "Thread-46" [_thread_blocked, id=6500, stack(0x00000000279c0000,0x0000000027ac0000)]
  0x00000000221b7800 JavaThread "Thread-45" [_thread_blocked, id=6756, stack(0x0000000027770000,0x0000000027870000)]
  0x00000000221b7000 JavaThread "Thread-44" [_thread_blocked, id=5620, stack(0x0000000026eb0000,0x0000000026fb0000)]
  0x00000000221b6000 JavaThread "Thread-43" [_thread_blocked, id=6164, stack(0x00000000275e0000,0x00000000276e0000)]
  0x00000000221b5800 JavaThread "Thread-42" [_thread_blocked, id=1164, stack(0x00000000274a0000,0x00000000275a0000)]
  0x00000000221b4800 JavaThread "Thread-41" [_thread_blocked, id=764, stack(0x0000000027360000,0x0000000027460000)]
  0x0000000021ee8800 JavaThread "Thread-40" [_thread_blocked, id=4984, stack(0x0000000027140000,0x0000000027240000)]
  0x0000000021ee8000 JavaThread "Thread-39" [_thread_blocked, id=6332, stack(0x0000000026fc0000,0x00000000270c0000)]
  0x0000000021ee7000 JavaThread "Thread-38" [_thread_blocked, id=6680, stack(0x0000000026d60000,0x0000000026e60000)]
  0x0000000021ee6800 JavaThread "Thread-37" [_thread_blocked, id=3852, stack(0x0000000026bf0000,0x0000000026cf0000)]
  0x0000000021ee5800 JavaThread "Thread-36" [_thread_blocked, id=3364, stack(0x0000000026a00000,0x0000000026b00000)]
  0x0000000021ee5000 JavaThread "Thread-35" [_thread_blocked, id=3168, stack(0x0000000026820000,0x0000000026920000)]
  0x0000000021ee4000 JavaThread "Thread-34" [_thread_blocked, id=3900, stack(0x00000000266a0000,0x00000000267a0000)]
  0x0000000021ee3800 JavaThread "Thread-33" [_thread_blocked, id=6084, stack(0x00000000265a0000,0x00000000266a0000)]
  0x0000000021ee2800 JavaThread "Thread-32" [_thread_blocked, id=1900, stack(0x0000000025770000,0x0000000025870000)]
  0x0000000021ee2000 JavaThread "Thread-31" [_thread_blocked, id=1684, stack(0x00000000263d0000,0x00000000264d0000)]
  0x00000000222b6800 JavaThread "Thread-30" [_thread_blocked, id=6652, stack(0x00000000261e0000,0x00000000262e0000)]
  0x00000000222b5800 JavaThread "Thread-29" [_thread_blocked, id=6196, stack(0x00000000260b0000,0x00000000261b0000)]
  0x00000000222b5000 JavaThread "Thread-28" [_thread_blocked, id=5376, stack(0x0000000025f10000,0x0000000026010000)]
  0x00000000222b4000 JavaThread "Thread-27" [_thread_blocked, id=5948, stack(0x0000000025d00000,0x0000000025e00000)]
  0x00000000222b3800 JavaThread "Thread-26" [_thread_blocked, id=6168, stack(0x0000000025400000,0x0000000025500000)]
  0x00000000222b2800 JavaThread "Thread-25" [_thread_blocked, id=6856, stack(0x0000000025b70000,0x0000000025c70000)]
  0x00000000222b2000 JavaThread "Thread-24" [_thread_blocked, id=6896, stack(0x00000000259b0000,0x0000000025ab0000)]
  0x00000000222b1000 JavaThread "Thread-23" [_thread_blocked, id=5600, stack(0x0000000025880000,0x0000000025980000)]
  0x00000000222b0800 JavaThread "Thread-22" [_thread_blocked, id=5220, stack(0x0000000025610000,0x0000000025710000)]
  0x00000000222af800 JavaThread "Thread-21" [_thread_blocked, id=5756, stack(0x0000000025500000,0x0000000025600000)]
  0x0000000021f55000 JavaThread "Thread-20" [_thread_blocked, id=5516, stack(0x00000000252c0000,0x00000000253c0000)]
  0x0000000021f54800 JavaThread "Thread-19" [_thread_blocked, id=6080, stack(0x00000000250f0000,0x00000000251f0000)]
  0x0000000021f53800 JavaThread "Thread-18" [_thread_blocked, id=5232, stack(0x0000000024f00000,0x0000000025000000)]
  0x0000000021f53000 JavaThread "Thread-17" [_thread_blocked, id=6676, stack(0x0000000024d50000,0x0000000024e50000)]
  0x0000000021f52000 JavaThread "Thread-16" [_thread_blocked, id=3984, stack(0x0000000024c10000,0x0000000024d10000)]
  0x0000000021f51800 JavaThread "Thread-15" [_thread_blocked, id=5308, stack(0x0000000024a60000,0x0000000024b60000)]
  0x0000000021f50800 JavaThread "Thread-14" [_thread_blocked, id=1564, stack(0x00000000248a0000,0x00000000249a0000)]
  0x0000000021f50000 JavaThread "Thread-13" [_thread_blocked, id=4528, stack(0x0000000024180000,0x0000000024280000)]
  0x0000000021f4f000 JavaThread "Thread-12" [_thread_blocked, id=3968, stack(0x0000000024730000,0x0000000024830000)]
  0x0000000021f4e800 JavaThread "Thread-11" [_thread_blocked, id=5320, stack(0x00000000245a0000,0x00000000246a0000)]
  0x00000000220bd000 JavaThread "Thread-10" [_thread_blocked, id=7088, stack(0x0000000024490000,0x0000000024590000)]
  0x0000000021fdb800 JavaThread "Thread-9" [_thread_blocked, id=6508, stack(0x0000000024280000,0x0000000024380000)]
  0x0000000021fdb000 JavaThread "Thread-8" [_thread_blocked, id=6556, stack(0x0000000023fb0000,0x00000000240b0000)]
  0x0000000022097800 JavaThread "Thread-7" [_thread_blocked, id=5404, stack(0x0000000023010000,0x0000000023110000)]
  0x0000000022097000 JavaThread "Thread-6" [_thread_blocked, id=5592, stack(0x0000000023e20000,0x0000000023f20000)]
  0x0000000022096800 JavaThread "Thread-5" [_thread_blocked, id=6396, stack(0x0000000023b10000,0x0000000023c10000)]
  0x00000000223dc800 JavaThread "Thread-4" [_thread_blocked, id=4932, stack(0x0000000023c50000,0x0000000023d50000)]
  0x0000000020949000 JavaThread "AWT-EventQueue-0" [_thread_blocked, id=6724, stack(0x0000000021ba0000,0x0000000021ca0000)]
  0x00000000208c6800 JavaThread "AWT-Windows" daemon [_thread_in_native, id=3000, stack(0x0000000021260000,0x0000000021360000)]
  0x00000000208c5000 JavaThread "AWT-Shutdown" [_thread_blocked, id=6780, stack(0x00000000210f0000,0x00000000211f0000)]
  0x00000000208c2800 JavaThread "Java2D Disposer" daemon [_thread_blocked, id=3812, stack(0x0000000020ef0000,0x0000000020ff0000)]
  0x000000001f78b000 JavaThread "Service Thread" daemon [_thread_blocked, id=1880, stack(0x0000000020430000,0x0000000020530000)]
  0x000000001f709800 JavaThread "C1 CompilerThread2" daemon [_thread_blocked, id=3052, stack(0x0000000020330000,0x0000000020430000)]
  0x000000001f702000 JavaThread "C2 CompilerThread1" daemon [_thread_blocked, id=860, stack(0x000000001faf0000,0x000000001fbf0000)]
  0x000000001f6ff000 JavaThread "C2 CompilerThread0" daemon [_thread_blocked, id=6580, stack(0x0000000020100000,0x0000000020200000)]
  0x000000001f6f1000 JavaThread "JDWP Command Reader" daemon [_thread_in_native, id=3092, stack(0x000000001ff70000,0x0000000020070000)]
  0x000000001e25f000 JavaThread "JDWP Event Helper Thread" daemon [_thread_blocked, id=4696, stack(0x000000001fe20000,0x000000001ff20000)]
  0x000000001e25b000 JavaThread "JDWP Transport Listener: dt_shmem" daemon [_thread_blocked, id=4296, stack(0x000000001f2b0000,0x000000001f3b0000)]
  0x000000001e256000 JavaThread "Attach Listener" daemon [_thread_blocked, id=1012, stack(0x000000001f4e0000,0x000000001f5e0000)]
  0x000000001e255000 JavaThread "Signal Dispatcher" daemon [_thread_blocked, id=6600, stack(0x000000001fc10000,0x000000001fd10000)]
  0x000000001e1f9000 JavaThread "Finalizer" daemon [_thread_blocked, id=7040, stack(0x000000001f5e0000,0x000000001f6e0000)]
  0x000000001e1f2000 JavaThread "Reference Handler" daemon [_thread_blocked, id=6008, stack(0x000000001f3d0000,0x000000001f4d0000)]
  0x000000000218a000 JavaThread "main" [_thread_blocked, id=4760, stack(0x00000000024b0000,0x00000000025b0000)]

Other Threads:
  0x000000001e1ec000 VMThread [stack: 0x000000001f140000,0x000000001f240000] [id=5128]
  0x000000001f79a000 WatcherThread [stack: 0x0000000020230000,0x0000000020330000] [id=3056]

=>0x00000000222ff800 (exited) Thread [stack: 0x00000000213c0000,0x00000000214c0000] [id=6768]

VM state:not at safepoint (normal execution)

VM Mutex/Monitor currently owned by a thread: None

Heap:
 PSYoungGen      total 492544K, used 285600K [0x0000000757d80000, 0x00000007bd980000, 0x00000007c0000000)
  eden space 491008K, 58% used [0x0000000757d80000,0x00000007694481c8,0x0000000775d00000)
  from space 1536K, 8% used [0x00000007bd680000,0x00000007bd6a0000,0x00000007bd800000)
  to   space 1536K, 0% used [0x00000007bd800000,0x00000007bd800000,0x00000007bd980000)
 ParOldGen       total 65536K, used 7182K [0x0000000687800000, 0x000000068b800000, 0x0000000757d80000)
  object space 65536K, 10% used [0x0000000687800000,0x0000000687f03ad0,0x000000068b800000)
 Metaspace       used 12655K, capacity 12866K, committed 13056K, reserved 1060864K
  class space    used 1360K, capacity 1434K, committed 1536K, reserved 1048576K

Card table byte_map: [0x0000000011c40000,0x0000000012610000] byte_map_base: 0x000000000e804000

Marking Bits: (ParMarkBitMap*) 0x000000005bd10600
 Begin Bits: [0x0000000013250000, 0x0000000018070000)
 End Bits:   [0x0000000018070000, 0x000000001ce90000)

Polling page: 0x0000000000440000

CodeCache: size=245760Kb used=8468Kb max_used=8927Kb free=237292Kb
 bounds [0x0000000002880000, 0x0000000003160000, 0x0000000011880000]
 total_blobs=2763 nmethods=2298 adapters=385
 compilation: enabled

Compilation events (10 events):
Event: 484.845 Thread 0x000000001f6ff000 2934       4       javax.swing.JComponent::firePropertyChange (8 bytes)
Event: 484.846 Thread 0x000000001f6ff000 nmethod 2934 0x0000000002b9b890 code [0x0000000002b9b9c0, 0x0000000002b9ba58]
Event: 490.012 Thread 0x000000001f702000 2935  s    4       sun.font.T2KFontScaler::getGlyphImage (39 bytes)
Event: 490.015 Thread 0x000000001f702000 nmethod 2935 0x0000000002c6f990 code [0x0000000002c6fae0, 0x0000000002c6fea8]
Event: 492.197 Thread 0x000000001f709800 2936       3       java.io.ObjectOutputStream$HandleTable::lookup (56 bytes)
Event: 492.198 Thread 0x000000001f709800 nmethod 2936 0x0000000002dcd410 code [0x0000000002dcd5a0, 0x0000000002dcd968]
Event: 518.693 Thread 0x000000001f702000 2937       4       edu.uci.ics.jung.visualization.renderers.DefaultVertexLabelRenderer::setBackground (6 bytes)
Event: 518.693 Thread 0x000000001f6ff000 2938       4       edu.uci.ics.jung.visualization.renderers.DefaultEdgeLabelRenderer::setBackground (6 bytes)
Event: 518.701 Thread 0x000000001f6ff000 nmethod 2938 0x0000000002ae0f90 code [0x0000000002ae1120, 0x0000000002ae1568]
Event: 518.701 Thread 0x000000001f702000 nmethod 2937 0x0000000002a27b10 code [0x0000000002a27ca0, 0x0000000002a280e8]

GC Heap History (10 events):
Event: 519.223 GC heap before
{Heap before GC invocations=37 (full 0):
 PSYoungGen      total 626688K, used 626464K [0x0000000757d80000, 0x00000007bdc00000, 0x00000007c0000000)
  eden space 626176K, 100% used [0x0000000757d80000,0x000000077e100000,0x000000077e100000)
  from space 512K, 56% used [0x00000007bdb80000,0x00000007bdbc8030,0x00000007bdc00000)
  to   space 2048K, 0% used [0x00000007bd800000,0x00000007bd800000,0x00000007bda00000)
 ParOldGen       total 65536K, used 6852K [0x0000000687800000, 0x000000068b800000, 0x0000000757d80000)
  object space 65536K, 10% used [0x0000000687800000,0x0000000687eb11d0,0x000000068b800000)
 Metaspace       used 12655K, capacity 12866K, committed 13056K, reserved 1060864K
  class space    used 1360K, capacity 1434K, committed 1536K, reserved 1048576K
Event: 519.224 GC heap after
Heap after GC invocations=37 (full 0):
 PSYoungGen      total 598528K, used 128K [0x0000000757d80000, 0x00000007bdc00000, 0x00000007c0000000)
  eden space 596480K, 0% used [0x0000000757d80000,0x0000000757d80000,0x000000077c400000)
  from space 2048K, 6% used [0x00000007bd800000,0x00000007bd820000,0x00000007bda00000)
  to   space 2048K, 0% used [0x00000007bda00000,0x00000007bda00000,0x00000007bdc00000)
 ParOldGen       total 65536K, used 7004K [0x0000000687800000, 0x000000068b800000, 0x0000000757d80000)
  object space 65536K, 10% used [0x0000000687800000,0x0000000687ed7200,0x000000068b800000)
 Metaspace       used 12655K, capacity 12866K, committed 13056K, reserved 1060864K
  class space    used 1360K, capacity 1434K, committed 1536K, reserved 1048576K
}
Event: 523.703 GC heap before
{Heap before GC invocations=38 (full 0):
 PSYoungGen      total 598528K, used 596608K [0x0000000757d80000, 0x00000007bdc00000, 0x00000007c0000000)
  eden space 596480K, 100% used [0x0000000757d80000,0x000000077c400000,0x000000077c400000)
  from space 2048K, 6% used [0x00000007bd800000,0x00000007bd820000,0x00000007bda00000)
  to   space 2048K, 0% used [0x00000007bda00000,0x00000007bda00000,0x00000007bdc00000)
 ParOldGen       total 65536K, used 7004K [0x0000000687800000, 0x000000068b800000, 0x0000000757d80000)
  object space 65536K, 10% used [0x0000000687800000,0x0000000687ed7220,0x000000068b800000)
 Metaspace       used 12655K, capacity 12866K, committed 13056K, reserved 1060864K
  class space    used 1360K, capacity 1434K, committed 1536K, reserved 1048576K
Event: 523.704 GC heap after
Heap after GC invocations=38 (full 0):
 PSYoungGen      total 568832K, used 160K [0x0000000757d80000, 0x00000007bda80000, 0x00000007c0000000)
  eden space 568320K, 0% used [0x0000000757d80000,0x0000000757d80000,0x000000077a880000)
  from space 512K, 31% used [0x00000007bda00000,0x00000007bda28000,0x00000007bda80000)
  to   space 2048K, 0% used [0x00000007bd680000,0x00000007bd680000,0x00000007bd880000)
 ParOldGen       total 65536K, used 7060K [0x0000000687800000, 0x000000068b800000, 0x0000000757d80000)
  object space 65536K, 10% used [0x0000000687800000,0x0000000687ee5220,0x000000068b800000)
 Metaspace       used 12655K, capacity 12866K, committed 13056K, reserved 1060864K
  class space    used 1360K, capacity 1434K, committed 1536K, reserved 1048576K
}
Event: 529.840 GC heap before
{Heap before GC invocations=39 (full 0):
 PSYoungGen      total 568832K, used 568480K [0x0000000757d80000, 0x00000007bda80000, 0x00000007c0000000)
  eden space 568320K, 100% used [0x0000000757d80000,0x000000077a880000,0x000000077a880000)
  from space 512K, 31% used [0x00000007bda00000,0x00000007bda28000,0x00000007bda80000)
  to   space 2048K, 0% used [0x00000007bd680000,0x00000007bd680000,0x00000007bd880000)
 ParOldGen       total 65536K, used 7062K [0x0000000687800000, 0x000000068b800000, 0x0000000757d80000)
  object space 65536K, 10% used [0x0000000687800000,0x0000000687ee5ad0,0x000000068b800000)
 Metaspace       used 12655K, capacity 12866K, committed 13056K, reserved 1060864K
  class space    used 1360K, capacity 1434K, committed 1536K, reserved 1048576K
Event: 529.841 GC heap after
Heap after GC invocations=39 (full 0):
 PSYoungGen      total 543232K, used 128K [0x0000000757d80000, 0x00000007bda80000, 0x00000007c0000000)
  eden space 541184K, 0% used [0x0000000757d80000,0x0000000757d80000,0x0000000778e00000)
  from space 2048K, 6% used [0x00000007bd680000,0x00000007bd6a0000,0x00000007bd880000)
  to   space 1536K, 0% used [0x00000007bd900000,0x00000007bd900000,0x00000007bda80000)
 ParOldGen       total 65536K, used 7102K [0x0000000687800000, 0x000000068b800000, 0x0000000757d80000)
  object space 65536K, 10% used [0x0000000687800000,0x0000000687eefad0,0x000000068b800000)
 Metaspace       used 12655K, capacity 12866K, committed 13056K, reserved 1060864K
  class space    used 1360K, capacity 1434K, committed 1536K, reserved 1048576K
}
Event: 533.554 GC heap before
{Heap before GC invocations=40 (full 0):
 PSYoungGen      total 543232K, used 541312K [0x0000000757d80000, 0x00000007bda80000, 0x00000007c0000000)
  eden space 541184K, 100% used [0x0000000757d80000,0x0000000778e00000,0x0000000778e00000)
  from space 2048K, 6% used [0x00000007bd680000,0x00000007bd6a0000,0x00000007bd880000)
  to   space 1536K, 0% used [0x00000007bd900000,0x00000007bd900000,0x00000007bda80000)
 ParOldGen       total 65536K, used 7102K [0x0000000687800000, 0x000000068b800000, 0x0000000757d80000)
  object space 65536K, 10% used [0x0000000687800000,0x0000000687eefad0,0x000000068b800000)
 Metaspace       used 12655K, capacity 12866K, committed 13056K, reserved 1060864K
  class space    used 1360K, capacity 1434K, committed 1536K, reserved 1048576K
Event: 533.556 GC heap after
Heap after GC invocations=40 (full 0):
 PSYoungGen      total 516096K, used 160K [0x0000000757d80000, 0x00000007bd980000, 0x00000007c0000000)
  eden space 515584K, 0% used [0x0000000757d80000,0x0000000757d80000,0x0000000777500000)
  from space 512K, 31% used [0x00000007bd900000,0x00000007bd928000,0x00000007bd980000)
  to   space 1536K, 0% used [0x00000007bd680000,0x00000007bd680000,0x00000007bd800000)
 ParOldGen       total 65536K, used 7142K [0x0000000687800000, 0x000000068b800000, 0x0000000757d80000)
  object space 65536K, 10% used [0x0000000687800000,0x0000000687ef9ad0,0x000000068b800000)
 Metaspace       used 12655K, capacity 12866K, committed 13056K, reserved 1060864K
  class space    used 1360K, capacity 1434K, committed 1536K, reserved 1048576K
}
Event: 543.621 GC heap before
{Heap before GC invocations=41 (full 0):
 PSYoungGen      total 516096K, used 515744K [0x0000000757d80000, 0x00000007bd980000, 0x00000007c0000000)
  eden space 515584K, 100% used [0x0000000757d80000,0x0000000777500000,0x0000000777500000)
  from space 512K, 31% used [0x00000007bd900000,0x00000007bd928000,0x00000007bd980000)
  to   space 1536K, 0% used [0x00000007bd680000,0x00000007bd680000,0x00000007bd800000)
 ParOldGen       total 65536K, used 7142K [0x0000000687800000, 0x000000068b800000, 0x0000000757d80000)
  object space 65536K, 10% used [0x0000000687800000,0x0000000687ef9ad0,0x000000068b800000)
 Metaspace       used 12655K, capacity 12866K, committed 13056K, reserved 1060864K
  class space    used 1360K, capacity 1434K, committed 1536K, reserved 1048576K
Event: 543.622 GC heap after
Heap after GC invocations=41 (full 0):
 PSYoungGen      total 492544K, used 128K [0x0000000757d80000, 0x00000007bd980000, 0x00000007c0000000)
  eden space 491008K, 0% used [0x0000000757d80000,0x0000000757d80000,0x0000000775d00000)
  from space 1536K, 8% used [0x00000007bd680000,0x00000007bd6a0000,0x00000007bd800000)
  to   space 1536K, 0% used [0x00000007bd800000,0x00000007bd800000,0x00000007bd980000)
 ParOldGen       total 65536K, used 7182K [0x0000000687800000, 0x000000068b800000, 0x0000000757d80000)
  object space 65536K, 10% used [0x0000000687800000,0x0000000687f03ad0,0x000000068b800000)
 Metaspace       used 12655K, capacity 12866K, committed 13056K, reserved 1060864K
  class space    used 1360K, capacity 1434K, committed 1536K, reserved 1048576K
}

Deoptimization events (10 events):
Event: 68.456 Thread 0x0000000020949000 Uncommon trap: reason=range_check action=make_not_entrant pc=0x0000000002efa4cc method=java.awt.geom.AffineTransform.getMatrix([D)V @ 6
Event: 263.008 Thread 0x0000000021ee8800 Uncommon trap: reason=unstable_if action=reinterpret pc=0x0000000002f9d42c method=unalcol.agents.NetworkSim.environment.NetworkEnvironmentReplication.getAgentsLive()I @ 62
Event: 263.009 Thread 0x0000000021ee8800 Uncommon trap: reason=unstable_if action=reinterpret pc=0x0000000002e77800 method=unalcol.agents.NetworkSim.environment.NetworkEnvironmentReplication.getAmountGlobalInfo()Ljava/lang/Double; @ 160
Event: 263.009 Thread 0x0000000021ee8800 Uncommon trap: reason=unstable_if action=reinterpret pc=0x0000000002e55a18 method=unalcol.agents.NetworkSim.environment.NetworkEnvironmentReplication.getAmountGlobalInfo()Ljava/lang/Double; @ 160
Event: 263.011 Thread 0x0000000021ee8800 Uncommon trap: reason=unstable_if action=reinterpret pc=0x000000000308916c method=unalcol.agents.NetworkSim.environment.NetworkEnvironmentReplication.areAllAgentsDead()Z @ 57
Event: 274.308 Thread 0x0000000020949000 Uncommon trap: reason=unstable_if action=reinterpret pc=0x0000000002f58dc8 method=java.util.HashMap.containsValue(Ljava/lang/Object;)Z @ 45
Event: 274.331 Thread 0x0000000020949000 Uncommon trap: reason=unstable_if action=reinterpret pc=0x0000000002b6bcc4 method=java.util.HashMap.containsValue(Ljava/lang/Object;)Z @ 45
Event: 274.352 Thread 0x0000000020949000 Uncommon trap: reason=unstable_if action=reinterpret pc=0x0000000002e727f0 method=java.util.HashMap.containsValue(Ljava/lang/Object;)Z @ 45
Event: 278.233 Thread 0x0000000021ee5000 Uncommon trap: reason=unstable_if action=reinterpret pc=0x0000000002d899e0 method=java.util.HashMap$HashIterator.<init>(Ljava/util/HashMap;)V @ 45
Event: 278.233 Thread 0x0000000021ee5000 Uncommon trap: reason=unstable_if action=reinterpret pc=0x0000000002ae2e68 method=java.util.HashMap$HashIterator.<init>(Ljava/util/HashMap;)V @ 45

Internal exceptions (10 events):
Event: 0.377 Thread 0x000000000218a000 Exception <a 'java/security/PrivilegedActionException'> (0x000000075830df58) thrown at [D:\re\puppet\workspace\8-2-build-windows-amd64-cygwin\jdk8u73\6086\hotspot\src\share\vm\prims\jvm.cpp, line 1386]
Event: 0.448 Thread 0x000000000218a000 Exception <a 'java/io/FileNotFoundException'> (0x0000000758480858) thrown at [D:\re\puppet\workspace\8-2-build-windows-amd64-cygwin\jdk8u73\6086\hotspot\src\share\vm\prims\jni.cpp, line 709]
Event: 0.501 Thread 0x000000000218a000 Exception <a 'java/lang/NoSuchFieldError': method resolution failed> (0x000000075854bba8) thrown at [D:\re\puppet\workspace\8-2-build-windows-amd64-cygwin\jdk8u73\6086\hotspot\src\share\vm\prims\methodHandles.cpp, line 1146]
Event: 0.510 Thread 0x000000000218a000 Exception <a 'java/lang/NoSuchFieldError': method resolution failed> (0x0000000758558f18) thrown at [D:\re\puppet\workspace\8-2-build-windows-amd64-cygwin\jdk8u73\6086\hotspot\src\share\vm\prims\methodHandles.cpp, line 1146]
Event: 0.566 Thread 0x000000000218a000 Exception <a 'java/io/FileNotFoundException'> (0x00000007585fdc60) thrown at [D:\re\puppet\workspace\8-2-build-windows-amd64-cygwin\jdk8u73\6086\hotspot\src\share\vm\prims\jni.cpp, line 709]
Event: 0.615 Thread 0x000000000218a000 Implicit null exception at 0x0000000002a72b5c to 0x0000000002a72ff1
Event: 0.616 Thread 0x000000000218a000 Implicit null exception at 0x0000000002a40219 to 0x0000000002a4065d
Event: 0.620 Thread 0x000000000218a000 Implicit null exception at 0x0000000002ac5ed4 to 0x0000000002ac617d
Event: 1.292 Thread 0x00000000222ff000 Implicit null exception at 0x0000000002aea7da to 0x0000000002aead69
Event: 1.303 Thread 0x00000000222ff000 Implicit null exception at 0x0000000002aed3e9 to 0x0000000002aeda69

Events (10 events):
Event: 545.076 Executing VM operation: GetOrSetLocal
Event: 545.077 Executing VM operation: GetOrSetLocal done
Event: 545.077 Executing VM operation: GetOrSetLocal
Event: 545.077 Executing VM operation: GetOrSetLocal done
Event: 545.080 Thread 0x00000000222ff800 Thread added: 0x00000000222ff800
Event: 545.081 Thread 0x00000000222ff800 Thread exited: 0x00000000222ff800
Event: 545.109 Thread 0x00000000222ff800 Thread added: 0x00000000222ff800
Event: 545.119 Thread 0x00000000222ff800 Thread exited: 0x00000000222ff800
Event: 545.144 Thread 0x00000000222ff000 Thread added: 0x00000000222ff000
Event: 545.144 Thread 0x00000000222ff000 Thread exited: 0x00000000222ff000


Dynamic libraries:
0x000000013fa20000 - 0x000000013fa57000 	C:\Program Files\Java\jdk1.8.0_73\jre\bin\java.exe
0x0000000077880000 - 0x0000000077a29000 	C:\Windows\SYSTEM32\ntdll.dll
0x00000000771a0000 - 0x00000000772bf000 	C:\Windows\system32\kernel32.dll
0x000007fefdf60000 - 0x000007fefdfcb000 	C:\Windows\system32\KERNELBASE.dll
0x000007fefe6c0000 - 0x000007fefe79b000 	C:\Windows\system32\ADVAPI32.dll
0x000007fefed40000 - 0x000007fefeddf000 	C:\Windows\system32\msvcrt.dll
0x000007fefede0000 - 0x000007fefedff000 	C:\Windows\SYSTEM32\sechost.dll
0x000007fefe3a0000 - 0x000007fefe4cd000 	C:\Windows\system32\RPCRT4.dll
0x0000000077570000 - 0x000000007766a000 	C:\Windows\system32\USER32.dll
0x000007fefe0b0000 - 0x000007fefe117000 	C:\Windows\system32\GDI32.dll
0x000007fefecc0000 - 0x000007fefecce000 	C:\Windows\system32\LPK.dll
0x000007fefe120000 - 0x000007fefe1e9000 	C:\Windows\system32\USP10.dll
0x000007fefc4a0000 - 0x000007fefc694000 	C:\Windows\WinSxS\amd64_microsoft.windows.common-controls_6595b64144ccf1df_6.0.7601.17514_none_fa396087175ac9ac\COMCTL32.dll
0x000007fefea30000 - 0x000007fefeaa1000 	C:\Windows\system32\SHLWAPI.dll
0x000007fefe250000 - 0x000007fefe27e000 	C:\Windows\system32\IMM32.DLL
0x000007fefe5b0000 - 0x000007fefe6b9000 	C:\Windows\system32\MSCTF.dll
0x000000005e250000 - 0x000000005e322000 	C:\Program Files\Java\jdk1.8.0_73\jre\bin\msvcr100.dll
0x000000005b500000 - 0x000000005bd90000 	C:\Program Files\Java\jdk1.8.0_73\jre\bin\server\jvm.dll
0x000007fef9fc0000 - 0x000007fef9fc9000 	C:\Windows\system32\WSOCK32.dll
0x000007fefecf0000 - 0x000007fefed3d000 	C:\Windows\system32\WS2_32.dll
0x000007fefe840000 - 0x000007fefe848000 	C:\Windows\system32\NSI.dll
0x000007fef5220000 - 0x000007fef525b000 	C:\Windows\system32\WINMM.dll
0x000007fefcdf0000 - 0x000007fefcdfc000 	C:\Windows\system32\VERSION.dll
0x0000000077a50000 - 0x0000000077a57000 	C:\Windows\system32\PSAPI.DLL
0x000000005e8c0000 - 0x000000005e8cf000 	C:\Program Files\Java\jdk1.8.0_73\jre\bin\verify.dll
0x000000005e890000 - 0x000000005e8b9000 	C:\Program Files\Java\jdk1.8.0_73\jre\bin\java.dll
0x000000005d850000 - 0x000000005d885000 	C:\Program Files\Java\jdk1.8.0_73\jre\bin\jdwp.dll
0x000000005e350000 - 0x000000005e358000 	C:\Program Files\Java\jdk1.8.0_73\jre\bin\npt.dll
0x000000005cfd0000 - 0x000000005cfe6000 	C:\Program Files\Java\jdk1.8.0_73\jre\bin\zip.dll
0x000007fefee00000 - 0x000007feffb88000 	C:\Windows\system32\SHELL32.dll
0x000007fefeab0000 - 0x000007fefecb3000 	C:\Windows\system32\ole32.dll
0x000007fefdce0000 - 0x000007fefdcef000 	C:\Windows\system32\profapi.dll
0x000000005e380000 - 0x000000005e38b000 	C:\Program Files\Java\jdk1.8.0_73\jre\bin\dt_shmem.dll
0x000000005ce10000 - 0x000000005cfa8000 	C:\Program Files\Java\jdk1.8.0_73\jre\bin\awt.dll
0x000007fefe4d0000 - 0x000007fefe5a7000 	C:\Windows\system32\OLEAUT32.dll
0x000007fefbd10000 - 0x000007fefbd28000 	C:\Windows\system32\DWMAPI.DLL
0x000007fefc0f0000 - 0x000007fefc146000 	C:\Windows\system32\uxtheme.dll
0x000007fefdc10000 - 0x000007fefdc1f000 	C:\Windows\system32\CRYPTBASE.dll
0x000000005cdc0000 - 0x000000005ce07000 	C:\Program Files\Java\jdk1.8.0_73\jre\bin\fontmanager.dll
0x000000005cd20000 - 0x000000005cd4a000 	C:\Program Files\Java\jdk1.8.0_73\jre\bin\dcpr.dll
0x000000005cff0000 - 0x000000005d00a000 	C:\Program Files\Java\jdk1.8.0_73\jre\bin\net.dll
0x000007fefd510000 - 0x000007fefd565000 	C:\Windows\system32\mswsock.dll
0x000007fefd500000 - 0x000007fefd507000 	C:\Windows\System32\wship6.dll
0x000000005cfb0000 - 0x000000005cfc1000 	C:\Program Files\Java\jdk1.8.0_73\jre\bin\nio.dll
0x000000005cd70000 - 0x000000005cdb2000 	C:\Program Files\Java\jdk1.8.0_73\jre\bin\t2k.dll
0x000007fef6370000 - 0x000007fef6495000 	C:\Windows\system32\dbghelp.dll

VM Arguments:
jvm_args: -Xdebug -Xrunjdwp:transport=dt_shmem,address=javadebug -Dfile.encoding=UTF-8 -Xmx5000m 
java_command: unalcol.agents.NetworkSim.DataReplicationMain load scalefree+sn+4+eta+1+numSt+97.graph 10 0.9 carriersrep scalefree+sn+4+eta+1+numSt+97.loc -1 replalgon 1000
java_class_path (initial): C:\Users\ARODRIGUEZ\Documents\Codes\networkSimUN\lib\autocomplete.jar;C:\Users\ARODRIGUEZ\Documents\Codes\networkSimUN\lib\collections-generic-4.01.jar;C:\Users\ARODRIGUEZ\Documents\Codes\networkSimUN\lib\colt-1.2.0.jar;C:\Users\ARODRIGUEZ\Documents\Codes\networkSimUN\lib\commons-discovery-0.5.jar;C:\Users\ARODRIGUEZ\Documents\Codes\networkSimUN\lib\commons-exec-1.1.jar;C:\Users\ARODRIGUEZ\Documents\Codes\networkSimUN\lib\commons-logging-1.1.1.jar;C:\Users\ARODRIGUEZ\Documents\Codes\networkSimUN\lib\concurrent-1.3.4.jar;C:\Users\ARODRIGUEZ\Documents\Codes\networkSimUN\lib\encog-core-3.0.1.jar;C:\Users\ARODRIGUEZ\Documents\Codes\networkSimUN\lib\flexdock-0.5.1.jar;C:\Users\ARODRIGUEZ\Documents\Codes\networkSimUN\lib\flexdock-demo-0.5.2.jar;C:\Users\ARODRIGUEZ\Documents\Codes\networkSimUN\lib\j3d-core-1.3.1.jar;C:\Users\ARODRIGUEZ\Documents\Codes\networkSimUN\lib\jcommon-1.0.17.jar;C:\Users\ARODRIGUEZ\Documents\Codes\networkSimUN\lib\jdom.jar;C:\Users\ARODRIGUEZ\Documents\Codes\networkSimUN\lib\jfreechart-1.0.14.jar;C:\Users\ARODRIGUEZ\Documents\Codes\networkSimUN\lib\jgap.jar;C:\Users\ARODRIGUEZ\Documents\Codes\networkSimUN\lib\jung-3d-2.0.1.jar;C:\Users\ARODRIGUEZ\Documents\Codes\networkSimUN\lib\jung-3d-demos-2.0.1.jar;C:\Users\ARODRIGUEZ\Documents\Codes\networkSimUN\lib\jung-algorithms-2.0.1.jar;C:\Users\ARODRIGUEZ\Documents\Codes\networkSimUN\lib\jung-api-2.0.1.jar;C:\Users\ARODRIGUEZ\Documents\Codes\networkSimUN\lib\jung-graph-impl-2.0.1.jar;C:\Users\ARODRIGUEZ\Documents\Codes\networkSimUN\lib\jung-io-2.0.1.jar;C:\Users\ARODRIGUEZ\Documents\Codes\networkSimUN\lib\jung-jai-2.0.1.jar;C:\Users\ARODRIGUEZ\Documents\Codes\networkSimUN\lib\jung-jai-samples-2.0.1.jar;C:\Users\ARODRIGUEZ\Documents\Codes\networkSimUN\lib\jung-samples-2.0.1.jar;C:\Users\ARODRIGUEZ\Documents\Codes\networkSimUN\lib\jung-visualization-2.0.1.jar;C:\Users\ARODRIGUEZ\Documents\Codes\networkSimUN\lib\junit.jar;C:\Users\ARODRIGUEZ\Documents\Codes\networkSimUN\lib\log4
Launcher Type: SUN_STANDARD

Environment Variables:
PATH=C:\ProgramData\Oracle\Java\javapath;C:\Program Files\Common Files\Microsoft Shared\Windows Live;C:\Program Files (x86)\Common Files\Microsoft Shared\Windows Live;C:\Program Files (x86)\Intel\iCLS Client\;C:\Program Files\Intel\iCLS Client\;C:\Windows\system32;C:\Windows;C:\Windows\System32\Wbem;C:\Windows\System32\WindowsPowerShell\v1.0\;C:\Program Files\Intel\Intel(R) Management Engine Components\DAL;C:\Program Files\Intel\Intel(R) Management Engine Components\IPT;C:\Program Files (x86)\Intel\Intel(R) Management Engine Components\DAL;C:\Program Files (x86)\Intel\Intel(R) Management Engine Components\IPT;C:\Program Files (x86)\Intel\OpenCL SDK\2.0\bin\x86;C:\Program Files (x86)\Intel\OpenCL SDK\2.0\bin\x64;C:\Program Files\Intel\WiFi\bin\;C:\Program Files\Common Files\Intel\WirelessCommon\;C:\Program Files (x86)\Windows Live\Shared;C:\Program Files (x86)\Skype\Phone\;C:\Program Files (x86)\GtkSharp\2.12\bin;C:\Program Files\Git\cmd;C:\Program Files (x86)\MiKTeX 2.9\miktex\bin\
USERNAME=ARODRIGUEZ
OS=Windows_NT
PROCESSOR_IDENTIFIER=Intel64 Family 6 Model 58 Stepping 9, GenuineIntel



---------------  S Y S T E M  ---------------

OS: Windows 7 , 64 bit Build 7601 (6.1.7601.18015)

CPU:total 4 (2 cores per cpu, 2 threads per core) family 6 model 58 stepping 9, cmov, cx8, fxsr, mmx, sse, sse2, sse3, ssse3, sse4.1, sse4.2, popcnt, avx, aes, clmul, erms, ht, tsc, tscinvbit, tscinv

Memory: 4k page, physical 6191468k(1110284k free), swap 12381072k(5199692k free)

vm_info: Java HotSpot(TM) 64-Bit Server VM (25.73-b02) for windows-amd64 JRE (1.8.0_73-b02), built on Jan 29 2016 17:38:49 by "java_re" with MS VC++ 10.0 (VS2010)

time: Thu Jan 12 12:37:23 2017
elapsed time: 545 seconds (0d 0h 9m 5s)

