#
# A fatal error has been detected by the Java Runtime Environment:
#
#  EXCEPTION_ACCESS_VIOLATION (0xc0000005) at pc=0x00000000779f3290, pid=5444, tid=4488
#
# JRE version: Java(TM) SE Runtime Environment (8.0_73-b02) (build 1.8.0_73-b02)
# Java VM: Java HotSpot(TM) 64-Bit Server VM (25.73-b02 mixed mode windows-amd64 compressed oops)
# Problematic frame:
# C  [ntdll.dll+0x53290]
#
# Failed to write core dump. Minidumps are not enabled by default on client versions of Windows
#
# If you would like to submit a bug report, please visit:
#   http://bugreport.java.com/bugreport/crash.jsp
#

---------------  T H R E A D  ---------------

Current thread (0x000000002121f800):  Thread [stack: 0x0000000022a30000,0x0000000022b30000] [id=4488]

siginfo: ExceptionCode=0xc0000005, reading address 0x00000c9380e5cd28

Registers:
RAX=0x0000000020f10800, RBX=0x00000c9380e5cd20, RCX=0x000000ffffffffff, RDX=0x0000000020f01db0
RSP=0x0000000022b2f560, RBP=0x0000000000000000, RSI=0x0000000002330000, RDI=0x0000000020f01dc0
R8 =0x0000000020f01dc0, R9 =0x0001182d003a000c, R10=0x0000000000000000, R11=0x0000000000000203
R12=0x0000000000000000, R13=0x0000000000000000, R14=0x0000000000000000, R15=0x0000000000000000
RIP=0x00000000779f3290, EFLAGS=0x0000000000010202

Top of Stack: (sp=0x0000000022b2f560)
0x0000000022b2f560:   0000000000000000 0000000000000000
0x0000000022b2f570:   0000000000000000 0000000000000000
0x0000000022b2f580:   0000000000000000 0000000000000000
0x0000000022b2f590:   000000002121f800 000007fefdf5133c
0x0000000022b2f5a0:   0000000000000000 0000000000000000
0x0000000022b2f5b0:   0000000000000000 0000000000000000
0x0000000022b2f5c0:   0000000020f01dc0 0000000000000000
0x0000000022b2f5d0:   0000000022b2f9c0 00000000773e300a
0x0000000022b2f5e0:   0000000000000000 000000002121f800
0x0000000022b2f5f0:   0000000055860cba 0000000020f105f0
0x0000000022b2f600:   000000002121f800 000000005e298d94
0x0000000022b2f610:   0000000020f105f0 0000000000000000
0x0000000022b2f620:   0000000000000000 0000000000000000
0x0000000022b2f630:   000000002121f800 000000005cb90086
0x0000000022b2f640:   000000002121f800 000000002121f800
0x0000000022b2f650:   0000000000000000 0000000022471d60 

Instructions: (pc=0x00000000779f3290)
0x00000000779f3270:   ff ff 00 00 00 48 33 de 48 23 c1 48 c1 eb 04 48
0x00000000779f3280:   33 d8 48 33 1d 3f f1 0d 00 48 c1 e3 04 0f 0d 0b
0x00000000779f3290:   4c 8b 63 08 49 bd 01 00 00 00 01 00 00 00 49 be
0x00000000779f32a0:   ff 7f 00 00 ff ff ff ff c6 42 0f 80 c6 42 0e 00 


Register to memory mapping:

RAX=0x0000000020f10800 is an unknown value
RBX=0x00000c9380e5cd20 is an unknown value
RCX=0x000000ffffffffff is an unknown value
RDX=0x0000000020f01db0 is an unknown value
RSP=0x0000000022b2f560 is an unknown value
RBP=0x0000000000000000 is an unknown value
RSI=0x0000000002330000 is an unknown value
RDI=0x0000000020f01dc0 is an unknown value
R8 =0x0000000020f01dc0 is an unknown value
R9 =0x0001182d003a000c is an unknown value
R10=0x0000000000000000 is an unknown value
R11=0x0000000000000203 is an unknown value
R12=0x0000000000000000 is an unknown value
R13=0x0000000000000000 is an unknown value
R14=0x0000000000000000 is an unknown value
R15=0x0000000000000000 is an unknown value


Stack: [0x0000000022a30000,0x0000000022b30000],  sp=0x0000000022b2f560,  free space=1021k
Native frames: (J=compiled Java code, j=interpreted, Vv=VM code, C=native code)


---------------  P R O C E S S  ---------------

Java Threads: ( => current thread )
  0x0000000021059800 JavaThread "Thread-39935" [_thread_new, id=5828, stack(0x0000000000000000,0x0000000000000000)]
  0x0000000020ecd800 JavaThread "org.netbeans.modules.debugger.jpda.visual AWT Access Loop" daemon [_thread_blocked, id=3440, stack(0x00000000244c0000,0x00000000245c0000)]
  0x0000000020ecd000 JavaThread "Thread-15" [_thread_blocked, id=4340, stack(0x0000000023b90000,0x0000000023c90000)]
  0x0000000020ecc000 JavaThread "Thread-14" [_thread_blocked, id=5140, stack(0x0000000023950000,0x0000000023a50000)]
  0x0000000020ecb800 JavaThread "Thread-13" [_thread_blocked, id=5040, stack(0x0000000023800000,0x0000000023900000)]
  0x0000000020eca800 JavaThread "Thread-12" [_thread_blocked, id=5004, stack(0x0000000023600000,0x0000000023700000)]
  0x0000000020eca000 JavaThread "Thread-11" [_thread_blocked, id=680, stack(0x0000000023040000,0x0000000023140000)]
  0x0000000020ec9000 JavaThread "Thread-10" [_thread_blocked, id=5252, stack(0x0000000023420000,0x0000000023520000)]
  0x0000000020f5c800 JavaThread "Thread-9" [_thread_blocked, id=2788, stack(0x0000000023310000,0x0000000023410000)]
  0x0000000020f5a800 JavaThread "Thread-8" [_thread_blocked, id=5064, stack(0x0000000023170000,0x0000000023270000)]
  0x0000000020f5a000 JavaThread "Thread-7" [_thread_in_Java, id=2560, stack(0x0000000022e80000,0x0000000022f80000)]
  0x00000000210fa000 JavaThread "Thread-6" [_thread_blocked, id=6028, stack(0x0000000022d20000,0x0000000022e20000)]
  0x0000000020f86000 JavaThread "AWT-EventQueue-0" [_thread_blocked, id=2504, stack(0x0000000022510000,0x0000000022610000)]
  0x0000000020e8e800 JavaThread "AWT-Windows" daemon [_thread_in_native, id=4192, stack(0x000000001f840000,0x000000001f940000)]
  0x0000000020ec7000 JavaThread "AWT-Shutdown" [_thread_blocked, id=2140, stack(0x000000001fba0000,0x000000001fca0000)]
  0x0000000020ec5000 JavaThread "Java2D Disposer" daemon [_thread_blocked, id=5260, stack(0x00000000213f0000,0x00000000214f0000)]
  0x0000000020001800 JavaThread "Service Thread" daemon [_thread_blocked, id=4352, stack(0x00000000208d0000,0x00000000209d0000)]
  0x000000001ff9d000 JavaThread "C1 CompilerThread2" daemon [_thread_blocked, id=4652, stack(0x00000000206f0000,0x00000000207f0000)]
  0x000000001e33e800 JavaThread "C2 CompilerThread1" daemon [_thread_blocked, id=5836, stack(0x00000000205e0000,0x00000000206e0000)]
  0x000000001ff9a000 JavaThread "C2 CompilerThread0" daemon [_thread_blocked, id=5268, stack(0x0000000020460000,0x0000000020560000)]
  0x000000001e33c000 JavaThread "JDWP Command Reader" daemon [_thread_in_native, id=3748, stack(0x000000001fe90000,0x000000001ff90000)]
  0x000000001e335000 JavaThread "JDWP Event Helper Thread" daemon [_thread_blocked, id=3016, stack(0x000000001fcd0000,0x000000001fdd0000)]
  0x000000001e329000 JavaThread "JDWP Transport Listener: dt_shmem" daemon [_thread_blocked, id=5728, stack(0x000000001faa0000,0x000000001fba0000)]
  0x000000001e31d800 JavaThread "Attach Listener" daemon [_thread_blocked, id=5816, stack(0x000000001f980000,0x000000001fa80000)]
  0x000000001e31c000 JavaThread "Signal Dispatcher" daemon [_thread_blocked, id=832, stack(0x000000001f710000,0x000000001f810000)]
  0x000000001e2fd000 JavaThread "Finalizer" daemon [_thread_blocked, id=864, stack(0x000000001f440000,0x000000001f540000)]
  0x000000001e2f6000 JavaThread "Reference Handler" daemon [_thread_blocked, id=1940, stack(0x000000001f540000,0x000000001f640000)]
  0x000000000237a000 JavaThread "main" [_thread_blocked, id=5356, stack(0x00000000025d0000,0x00000000026d0000)]

Other Threads:
  0x000000001e2f2000 VMThread [stack: 0x000000001f2d0000,0x000000001f3d0000] [id=2368]
  0x000000002001a800 WatcherThread [stack: 0x0000000020ae0000,0x0000000020be0000] [id=5892]

=>0x000000002121f800 (exited) Thread [stack: 0x0000000022a30000,0x0000000022b30000] [id=4488]

VM state:not at safepoint (normal execution)

VM Mutex/Monitor currently owned by a thread: None

Heap:
 PSYoungGen      total 164864K, used 1651K [0x0000000757d80000, 0x0000000772400000, 0x00000007c0000000)
  eden space 164352K, 0% used [0x0000000757d80000,0x0000000757ed4df0,0x0000000761e00000)
  from space 512K, 56% used [0x0000000772380000,0x00000007723c8000,0x0000000772400000)
  to   space 512K, 0% used [0x0000000772300000,0x0000000772300000,0x0000000772380000)
 ParOldGen       total 80896K, used 57363K [0x0000000687800000, 0x000000068c700000, 0x0000000757d80000)
  object space 80896K, 70% used [0x0000000687800000,0x000000068b004f08,0x000000068c700000)
 Metaspace       used 12049K, capacity 12296K, committed 12416K, reserved 1060864K
  class space    used 1287K, capacity 1373K, committed 1408K, reserved 1048576K

Card table byte_map: [0x0000000011d60000,0x0000000012730000] byte_map_base: 0x000000000e924000

Marking Bits: (ParMarkBitMap*) 0x000000005d160600
 Begin Bits: [0x0000000013330000, 0x0000000018150000)
 End Bits:   [0x0000000018150000, 0x000000001cf70000)

Polling page: 0x0000000000230000

CodeCache: size=245760Kb used=9042Kb max_used=10137Kb free=236717Kb
 bounds [0x00000000029a0000, 0x0000000003460000, 0x00000000119a0000]
 total_blobs=2814 nmethods=2358 adapters=375
 compilation: enabled

Compilation events (10 events):
Event: 66.048 Thread 0x000000001ff9d000 3049       1       org.netbeans.modules.debugger.jpda.visual.remote.RemoteAWTService::access$400 (4 bytes)
Event: 66.048 Thread 0x000000001ff9d000 nmethod 3049 0x0000000002fcb2d0 code [0x0000000002fcb420, 0x0000000002fcb510]
Event: 79.809 Thread 0x000000001ff9a000 3050  s!   4       unalcol.agents.NetworkSim.util.DataReplicationNodeFailingObserver::update (690 bytes)
Event: 80.279 Thread 0x000000001ff9a000 nmethod 3050 0x00000000030169d0 code [0x00000000030170c0, 0x000000000301eb18]
Event: 130.071 Thread 0x000000001ff9d000 3051       1       org.netbeans.modules.debugger.jpda.visual.remote.RemoteAWTService::access$000 (4 bytes)
Event: 130.071 Thread 0x000000001ff9d000 nmethod 3051 0x0000000003009c10 code [0x0000000003009d60, 0x0000000003009e50]
Event: 130.072 Thread 0x000000001ff9d000 3052       1       org.netbeans.modules.debugger.jpda.visual.remote.RemoteAWTService::access$100 (4 bytes)
Event: 130.072 Thread 0x000000001ff9d000 nmethod 3052 0x000000000300f190 code [0x000000000300f2e0, 0x000000000300f3d0]
Event: 133.007 Thread 0x000000001ff9a000 3053       4       unalcol.agents.NetworkSim.environment.NetworkEnvironmentPheromoneReplicationNodeFailing::evaporatePheromone (54 bytes)
Event: 133.029 Thread 0x000000001ff9a000 nmethod 3053 0x0000000003036350 code [0x0000000003036560, 0x00000000030371f8]

GC Heap History (10 events):
Event: 132.945 GC heap before
{Heap before GC invocations=292 (full 1):
 PSYoungGen      total 90624K, used 90272K [0x0000000757d80000, 0x0000000772400000, 0x00000007c0000000)
  eden space 90112K, 100% used [0x0000000757d80000,0x000000075d580000,0x000000075d580000)
  from space 512K, 31% used [0x0000000772380000,0x00000007723a8000,0x0000000772400000)
  to   space 512K, 0% used [0x0000000772300000,0x0000000772300000,0x0000000772380000)
 ParOldGen       total 80896K, used 56431K [0x0000000687800000, 0x000000068c700000, 0x0000000757d80000)
  object space 80896K, 69% used [0x0000000687800000,0x000000068af1bf78,0x000000068c700000)
 Metaspace       used 12049K, capacity 12296K, committed 12416K, reserved 1060864K
  class space    used 1287K, capacity 1373K, committed 1408K, reserved 1048576K
Event: 132.946 GC heap after
Heap after GC invocations=292 (full 1):
 PSYoungGen      total 87552K, used 160K [0x0000000757d80000, 0x0000000772400000, 0x00000007c0000000)
  eden space 87040K, 0% used [0x0000000757d80000,0x0000000757d80000,0x000000075d280000)
  from space 512K, 31% used [0x0000000772300000,0x0000000772328000,0x0000000772380000)
  to   space 512K, 0% used [0x0000000772380000,0x0000000772380000,0x0000000772400000)
 ParOldGen       total 80896K, used 56551K [0x0000000687800000, 0x000000068c700000, 0x0000000757d80000)
  object space 80896K, 69% used [0x0000000687800000,0x000000068af39f78,0x000000068c700000)
 Metaspace       used 12049K, capacity 12296K, committed 12416K, reserved 1060864K
  class space    used 1287K, capacity 1373K, committed 1408K, reserved 1048576K
}
Event: 133.236 GC heap before
{Heap before GC invocations=293 (full 1):
 PSYoungGen      total 87552K, used 87200K [0x0000000757d80000, 0x0000000772400000, 0x00000007c0000000)
  eden space 87040K, 100% used [0x0000000757d80000,0x000000075d280000,0x000000075d280000)
  from space 512K, 31% used [0x0000000772300000,0x0000000772328000,0x0000000772380000)
  to   space 512K, 0% used [0x0000000772380000,0x0000000772380000,0x0000000772400000)
 ParOldGen       total 80896K, used 56553K [0x0000000687800000, 0x000000068c700000, 0x0000000757d80000)
  object space 80896K, 69% used [0x0000000687800000,0x000000068af3a6f0,0x000000068c700000)
 Metaspace       used 12049K, capacity 12296K, committed 12416K, reserved 1060864K
  class space    used 1287K, capacity 1373K, committed 1408K, reserved 1048576K
Event: 133.253 GC heap after
Heap after GC invocations=293 (full 1):
 PSYoungGen      total 103936K, used 192K [0x0000000757d80000, 0x0000000772400000, 0x00000007c0000000)
  eden space 103424K, 0% used [0x0000000757d80000,0x0000000757d80000,0x000000075e280000)
  from space 512K, 37% used [0x0000000772380000,0x00000007723b0000,0x0000000772400000)
  to   space 512K, 0% used [0x0000000772300000,0x0000000772300000,0x0000000772380000)
 ParOldGen       total 80896K, used 56681K [0x0000000687800000, 0x000000068c700000, 0x0000000757d80000)
  object space 80896K, 70% used [0x0000000687800000,0x000000068af5a6f0,0x000000068c700000)
 Metaspace       used 12049K, capacity 12296K, committed 12416K, reserved 1060864K
  class space    used 1287K, capacity 1373K, committed 1408K, reserved 1048576K
}
Event: 133.597 GC heap before
{Heap before GC invocations=294 (full 1):
 PSYoungGen      total 103936K, used 103616K [0x0000000757d80000, 0x0000000772400000, 0x00000007c0000000)
  eden space 103424K, 100% used [0x0000000757d80000,0x000000075e280000,0x000000075e280000)
  from space 512K, 37% used [0x0000000772380000,0x00000007723b0000,0x0000000772400000)
  to   space 512K, 0% used [0x0000000772300000,0x0000000772300000,0x0000000772380000)
 ParOldGen       total 80896K, used 56681K [0x0000000687800000, 0x000000068c700000, 0x0000000757d80000)
  object space 80896K, 70% used [0x0000000687800000,0x000000068af5a718,0x000000068c700000)
 Metaspace       used 12049K, capacity 12296K, committed 12416K, reserved 1060864K
  class space    used 1287K, capacity 1373K, committed 1408K, reserved 1048576K
Event: 133.598 GC heap after
Heap after GC invocations=294 (full 1):
 PSYoungGen      total 123392K, used 224K [0x0000000757d80000, 0x0000000772400000, 0x00000007c0000000)
  eden space 122880K, 0% used [0x0000000757d80000,0x0000000757d80000,0x000000075f580000)
  from space 512K, 43% used [0x0000000772300000,0x0000000772338000,0x0000000772380000)
  to   space 512K, 0% used [0x0000000772380000,0x0000000772380000,0x0000000772400000)
 ParOldGen       total 80896K, used 56817K [0x0000000687800000, 0x000000068c700000, 0x0000000757d80000)
  object space 80896K, 70% used [0x0000000687800000,0x000000068af7c718,0x000000068c700000)
 Metaspace       used 12049K, capacity 12296K, committed 12416K, reserved 1060864K
  class space    used 1287K, capacity 1373K, committed 1408K, reserved 1048576K
}
Event: 134.014 GC heap before
{Heap before GC invocations=295 (full 1):
 PSYoungGen      total 123392K, used 123104K [0x0000000757d80000, 0x0000000772400000, 0x00000007c0000000)
  eden space 122880K, 100% used [0x0000000757d80000,0x000000075f580000,0x000000075f580000)
  from space 512K, 43% used [0x0000000772300000,0x0000000772338000,0x0000000772380000)
  to   space 512K, 0% used [0x0000000772380000,0x0000000772380000,0x0000000772400000)
 ParOldGen       total 80896K, used 56819K [0x0000000687800000, 0x000000068c700000, 0x0000000757d80000)
  object space 80896K, 70% used [0x0000000687800000,0x000000068af7cf08,0x000000068c700000)
 Metaspace       used 12049K, capacity 12296K, committed 12416K, reserved 1060864K
  class space    used 1287K, capacity 1373K, committed 1408K, reserved 1048576K
Event: 134.015 GC heap after
Heap after GC invocations=295 (full 1):
 PSYoungGen      total 145920K, used 256K [0x0000000757d80000, 0x0000000772400000, 0x00000007c0000000)
  eden space 145408K, 0% used [0x0000000757d80000,0x0000000757d80000,0x0000000760b80000)
  from space 512K, 50% used [0x0000000772380000,0x00000007723c0000,0x0000000772400000)
  to   space 512K, 0% used [0x0000000772300000,0x0000000772300000,0x0000000772380000)
 ParOldGen       total 80896K, used 56971K [0x0000000687800000, 0x000000068c700000, 0x0000000757d80000)
  object space 80896K, 70% used [0x0000000687800000,0x000000068afa2f08,0x000000068c700000)
 Metaspace       used 12049K, capacity 12296K, committed 12416K, reserved 1060864K
  class space    used 1287K, capacity 1373K, committed 1408K, reserved 1048576K
}
Event: 134.508 GC heap before
{Heap before GC invocations=296 (full 1):
 PSYoungGen      total 145920K, used 145664K [0x0000000757d80000, 0x0000000772400000, 0x00000007c0000000)
  eden space 145408K, 100% used [0x0000000757d80000,0x0000000760b80000,0x0000000760b80000)
  from space 512K, 50% used [0x0000000772380000,0x00000007723c0000,0x0000000772400000)
  to   space 512K, 0% used [0x0000000772300000,0x0000000772300000,0x0000000772380000)
 ParOldGen       total 80896K, used 56971K [0x0000000687800000, 0x000000068c700000, 0x0000000757d80000)
  object space 80896K, 70% used [0x0000000687800000,0x000000068afa2f08,0x000000068c700000)
 Metaspace       used 12049K, capacity 12296K, committed 12416K, reserved 1060864K
  class space    used 1287K, capacity 1373K, committed 1408K, reserved 1048576K
Event: 134.510 GC heap after
Heap after GC invocations=296 (full 1):
 PSYoungGen      total 172032K, used 288K [0x0000000757d80000, 0x0000000772400000, 0x00000007c0000000)
  eden space 171520K, 0% used [0x0000000757d80000,0x0000000757d80000,0x0000000762500000)
  from space 512K, 56% used [0x0000000772300000,0x0000000772348000,0x0000000772380000)
  to   space 512K, 0% used [0x0000000772380000,0x0000000772380000,0x0000000772400000)
 ParOldGen       total 80896K, used 57155K [0x0000000687800000, 0x000000068c700000, 0x0000000757d80000)
  object space 80896K, 70% used [0x0000000687800000,0x000000068afd0f08,0x000000068c700000)
 Metaspace       used 12049K, capacity 12296K, committed 12416K, reserved 1060864K
  class space    used 1287K, capacity 1373K, committed 1408K, reserved 1048576K
}

Deoptimization events (10 events):
Event: 14.170 Thread 0x0000000020f86000 Uncommon trap: reason=unstable_if action=reinterpret pc=0x0000000003249254 method=sun.awt.PostEventQueue.flush()V @ 37
Event: 14.170 Thread 0x0000000020f86000 Uncommon trap: reason=speculate_class_check action=maybe_recompile pc=0x0000000002c43b74 method=java.awt.EventQueue.eventToCacheIndex(Ljava/awt/AWTEvent;)I @ 68
Event: 14.170 Thread 0x0000000020f86000 Uncommon trap: reason=speculate_class_check action=maybe_recompile pc=0x0000000002c43b74 method=java.awt.EventQueue.eventToCacheIndex(Ljava/awt/AWTEvent;)I @ 68
Event: 14.170 Thread 0x0000000020f86000 Uncommon trap: reason=unstable_if action=reinterpret pc=0x0000000003307a3c method=java.awt.EventQueue.getNextEventPrivate()Ljava/awt/AWTEvent; @ 45
Event: 14.171 Thread 0x0000000020f86000 Uncommon trap: reason=speculate_class_check action=maybe_recompile pc=0x0000000002c43b74 method=java.awt.EventQueue.eventToCacheIndex(Ljava/awt/AWTEvent;)I @ 68
Event: 14.176 Thread 0x0000000020e8e800 Uncommon trap: reason=unstable_if action=reinterpret pc=0x00000000031eacf8 method=sun.awt.SunToolkit.getAppContext(Ljava/lang/Object;)Lsun/awt/AppContext; @ 4
Event: 14.176 Thread 0x0000000020f86000 Uncommon trap: reason=unstable_if action=reinterpret pc=0x0000000002b86344 method=sun.awt.AWTAutoShutdown.isReadyToShutdown()Z @ 4
Event: 14.224 Thread 0x00000000210fa000 Uncommon trap: reason=unstable_if action=reinterpret pc=0x00000000032569f4 method=sun.awt.PostEventQueue.flush()V @ 23
Event: 14.331 Thread 0x0000000020eca800 Uncommon trap: reason=speculate_class_check action=maybe_recompile pc=0x0000000002c43b74 method=java.awt.EventQueue.eventToCacheIndex(Ljava/awt/AWTEvent;)I @ 68
Event: 60.174 Thread 0x0000000020eca000 Uncommon trap: reason=unstable_if action=reinterpret pc=0x000000000342c284 method=java.lang.ThreadGroup.add(Ljava/lang/Thread;)V @ 46

Internal exceptions (10 events):
Event: 0.581 Thread 0x0000000020e8e800 Implicit null exception at 0x0000000002bc6a0a to 0x0000000002bc6c15
Event: 0.727 Thread 0x00000000210f7800 Implicit null exception at 0x0000000002bc6389 to 0x0000000002bc65fa
Event: 0.737 Thread 0x0000000020f5a800 Implicit null exception at 0x0000000002bca826 to 0x0000000002bcaddd
Event: 10.893 Thread 0x00000000210f7800 NullPointerException at vtable entry 0x0000000002ab9280
Event: 10.894 Thread 0x00000000210f7800 Exception <a 'java/lang/NullPointerException'> (0x0000000760d72c30) thrown at [D:\re\puppet\workspace\8-2-build-windows-amd64-cygwin\jdk8u73\6086\hotspot\src\share\vm\runtime\sharedRuntime.cpp, line 605]
Event: 10.894 Thread 0x00000000211e8800 NullPointerException at vtable entry 0x0000000002ab9280
Event: 10.894 Thread 0x00000000211e8800 Exception <a 'java/lang/NullPointerException'> (0x0000000760fe0a50) thrown at [D:\re\puppet\workspace\8-2-build-windows-amd64-cygwin\jdk8u73\6086\hotspot\src\share\vm\runtime\sharedRuntime.cpp, line 605]
Event: 10.898 Thread 0x00000000210f8800 NullPointerException at vtable entry 0x0000000002ab9280
Event: 10.898 Thread 0x00000000210f8800 Exception <a 'java/lang/NullPointerException'> (0x00000007612506d0) thrown at [D:\re\puppet\workspace\8-2-build-windows-amd64-cygwin\jdk8u73\6086\hotspot\src\share\vm\runtime\sharedRuntime.cpp, line 605]
Event: 14.168 Thread 0x0000000020e8e800 Implicit null exception at 0x0000000003222ace to 0x0000000003222bd5

Events (10 events):
Event: 135.089 Thread 0x000000002121f800 Thread added: 0x000000002121f800
Event: 135.091 Thread 0x000000002105c800 Thread exited: 0x000000002105c800
Event: 135.091 Thread 0x000000002121f000 Thread exited: 0x000000002121f000
Event: 135.091 Thread 0x0000000021059800 Thread exited: 0x0000000021059800
Event: 135.094 Thread 0x000000002121f000 Thread added: 0x000000002121f000
Event: 135.096 Thread 0x000000002121f000 Thread exited: 0x000000002121f000
Event: 135.097 Thread 0x0000000020273000 Thread exited: 0x0000000020273000
Event: 135.097 Thread 0x0000000020ecf800 Thread exited: 0x0000000020ecf800
Event: 135.097 Thread 0x0000000020274800 Thread exited: 0x0000000020274800
Event: 135.097 Thread 0x000000002121f800 Thread exited: 0x000000002121f800


Dynamic libraries:
0x000000013f970000 - 0x000000013f9a7000 	C:\Program Files\Java\jdk1.8.0_73\jre\bin\java.exe
0x00000000779a0000 - 0x0000000077b49000 	C:\Windows\SYSTEM32\ntdll.dll
0x00000000773c0000 - 0x00000000774df000 	C:\Windows\system32\kernel32.dll
0x000007fefdf50000 - 0x000007fefdfbb000 	C:\Windows\system32\KERNELBASE.dll
0x000007fefe1d0000 - 0x000007fefe2ab000 	C:\Windows\system32\ADVAPI32.dll
0x000007fefe570000 - 0x000007fefe60f000 	C:\Windows\system32\msvcrt.dll
0x000007fefe2c0000 - 0x000007fefe2df000 	C:\Windows\SYSTEM32\sechost.dll
0x000007fefea20000 - 0x000007fefeb4d000 	C:\Windows\system32\RPCRT4.dll
0x00000000772c0000 - 0x00000000773ba000 	C:\Windows\system32\USER32.dll
0x000007feffc40000 - 0x000007feffca7000 	C:\Windows\system32\GDI32.dll
0x000007fefe2b0000 - 0x000007fefe2be000 	C:\Windows\system32\LPK.dll
0x000007fefe400000 - 0x000007fefe4c9000 	C:\Windows\system32\USP10.dll
0x000007fefc5c0000 - 0x000007fefc7b4000 	C:\Windows\WinSxS\amd64_microsoft.windows.common-controls_6595b64144ccf1df_6.0.7601.17514_none_fa396087175ac9ac\COMCTL32.dll
0x000007fefe380000 - 0x000007fefe3f1000 	C:\Windows\system32\SHLWAPI.dll
0x000007feffbc0000 - 0x000007feffbee000 	C:\Windows\system32\IMM32.DLL
0x000007fefe820000 - 0x000007fefe929000 	C:\Windows\system32\MSCTF.dll
0x000000005e230000 - 0x000000005e302000 	C:\Program Files\Java\jdk1.8.0_73\jre\bin\msvcr100.dll
0x000000005c950000 - 0x000000005d1e0000 	C:\Program Files\Java\jdk1.8.0_73\jre\bin\server\jvm.dll
0x000007fefad60000 - 0x000007fefad69000 	C:\Windows\system32\WSOCK32.dll
0x000007feffbf0000 - 0x000007feffc3d000 	C:\Windows\system32\WS2_32.dll
0x000007fefea10000 - 0x000007fefea18000 	C:\Windows\system32\NSI.dll
0x000007fef82f0000 - 0x000007fef832b000 	C:\Windows\system32\WINMM.dll
0x000007fefcf10000 - 0x000007fefcf1c000 	C:\Windows\system32\VERSION.dll
0x0000000077b60000 - 0x0000000077b67000 	C:\Windows\system32\PSAPI.DLL
0x000000005e3a0000 - 0x000000005e3af000 	C:\Program Files\Java\jdk1.8.0_73\jre\bin\verify.dll
0x000000005e370000 - 0x000000005e399000 	C:\Program Files\Java\jdk1.8.0_73\jre\bin\java.dll
0x0000000066070000 - 0x00000000660a5000 	C:\Program Files\Java\jdk1.8.0_73\jre\bin\jdwp.dll
0x00000000660e0000 - 0x00000000660e8000 	C:\Program Files\Java\jdk1.8.0_73\jre\bin\npt.dll
0x000000005e350000 - 0x000000005e366000 	C:\Program Files\Java\jdk1.8.0_73\jre\bin\zip.dll
0x000007fefee30000 - 0x000007feffbb8000 	C:\Windows\system32\SHELL32.dll
0x000007fefe610000 - 0x000007fefe813000 	C:\Windows\system32\ole32.dll
0x000007fefde00000 - 0x000007fefde0f000 	C:\Windows\system32\profapi.dll
0x0000000065570000 - 0x000000006557b000 	C:\Program Files\Java\jdk1.8.0_73\jre\bin\dt_shmem.dll
0x000000005e090000 - 0x000000005e228000 	C:\Program Files\Java\jdk1.8.0_73\jre\bin\awt.dll
0x000007fefeb70000 - 0x000007fefec47000 	C:\Windows\system32\OLEAUT32.dll
0x000007fefbc80000 - 0x000007fefbc98000 	C:\Windows\system32\DWMAPI.DLL
0x000007fefdd30000 - 0x000007fefdd3f000 	C:\Windows\system32\CRYPTBASE.dll
0x000000005e040000 - 0x000000005e087000 	C:\Program Files\Java\jdk1.8.0_73\jre\bin\fontmanager.dll
0x000000005dfb0000 - 0x000000005dfda000 	C:\Program Files\Java\jdk1.8.0_73\jre\bin\dcpr.dll
0x000000005e330000 - 0x000000005e34a000 	C:\Program Files\Java\jdk1.8.0_73\jre\bin\net.dll
0x000007fefd670000 - 0x000007fefd6c5000 	C:\Windows\system32\mswsock.dll
0x000007fefd660000 - 0x000007fefd667000 	C:\Windows\System32\wship6.dll
0x000000005e310000 - 0x000000005e321000 	C:\Program Files\Java\jdk1.8.0_73\jre\bin\nio.dll
0x000000005dff0000 - 0x000000005e032000 	C:\Program Files\Java\jdk1.8.0_73\jre\bin\t2k.dll
0x000007fef8ca0000 - 0x000007fef8dc5000 	C:\Windows\system32\dbghelp.dll

VM Arguments:
jvm_args: -Xdebug -Xrunjdwp:transport=dt_shmem,address=javadebug -Dfile.encoding=UTF-8 -Xmx5000m 
java_command: unalcol.agents.NetworkSim.DataReplicationNodeFailingMain load line+v+3.graph 10 0 carriersrep line+v+3.loc -1 replalgon NODELAY 0.005 3
java_class_path (initial): C:\Users\ARODRIGUEZ\Documents\Codes\networkSimUN\lib\autocomplete.jar;C:\Users\ARODRIGUEZ\Documents\Codes\networkSimUN\lib\collections-generic-4.01.jar;C:\Users\ARODRIGUEZ\Documents\Codes\networkSimUN\lib\colt-1.2.0.jar;C:\Users\ARODRIGUEZ\Documents\Codes\networkSimUN\lib\commons-discovery-0.5.jar;C:\Users\ARODRIGUEZ\Documents\Codes\networkSimUN\lib\commons-exec-1.1.jar;C:\Users\ARODRIGUEZ\Documents\Codes\networkSimUN\lib\commons-logging-1.1.1.jar;C:\Users\ARODRIGUEZ\Documents\Codes\networkSimUN\lib\concurrent-1.3.4.jar;C:\Users\ARODRIGUEZ\Documents\Codes\networkSimUN\lib\encog-core-3.0.1.jar;C:\Users\ARODRIGUEZ\Documents\Codes\networkSimUN\lib\flexdock-0.5.1.jar;C:\Users\ARODRIGUEZ\Documents\Codes\networkSimUN\lib\flexdock-demo-0.5.2.jar;C:\Users\ARODRIGUEZ\Documents\Codes\networkSimUN\lib\j3d-core-1.3.1.jar;C:\Users\ARODRIGUEZ\Documents\Codes\networkSimUN\lib\jcommon-1.0.17.jar;C:\Users\ARODRIGUEZ\Documents\Codes\networkSimUN\lib\jdom.jar;C:\Users\ARODRIGUEZ\Documents\Codes\networkSimUN\lib\jfreechart-1.0.14.jar;C:\Users\ARODRIGUEZ\Documents\Codes\networkSimUN\lib\jgap.jar;C:\Users\ARODRIGUEZ\Documents\Codes\networkSimUN\lib\jung-3d-2.0.1.jar;C:\Users\ARODRIGUEZ\Documents\Codes\networkSimUN\lib\jung-3d-demos-2.0.1.jar;C:\Users\ARODRIGUEZ\Documents\Codes\networkSimUN\lib\jung-algorithms-2.0.1.jar;C:\Users\ARODRIGUEZ\Documents\Codes\networkSimUN\lib\jung-api-2.0.1.jar;C:\Users\ARODRIGUEZ\Documents\Codes\networkSimUN\lib\jung-graph-impl-2.0.1.jar;C:\Users\ARODRIGUEZ\Documents\Codes\networkSimUN\lib\jung-io-2.0.1.jar;C:\Users\ARODRIGUEZ\Documents\Codes\networkSimUN\lib\jung-jai-2.0.1.jar;C:\Users\ARODRIGUEZ\Documents\Codes\networkSimUN\lib\jung-jai-samples-2.0.1.jar;C:\Users\ARODRIGUEZ\Documents\Codes\networkSimUN\lib\jung-samples-2.0.1.jar;C:\Users\ARODRIGUEZ\Documents\Codes\networkSimUN\lib\jung-visualization-2.0.1.jar;C:\Users\ARODRIGUEZ\Documents\Codes\networkSimUN\lib\junit.jar;C:\Users\ARODRIGUEZ\Documents\Codes\networkSimUN\lib\log4
Launcher Type: SUN_STANDARD

Environment Variables:
PATH=C:\ProgramData\Oracle\Java\javapath;C:\Program Files\Common Files\Microsoft Shared\Windows Live;C:\Program Files (x86)\Common Files\Microsoft Shared\Windows Live;C:\Program Files (x86)\Intel\iCLS Client\;C:\Program Files\Intel\iCLS Client\;C:\Windows\system32;C:\Windows;C:\Windows\System32\Wbem;C:\Windows\System32\WindowsPowerShell\v1.0\;C:\Program Files\Intel\Intel(R) Management Engine Components\DAL;C:\Program Files\Intel\Intel(R) Management Engine Components\IPT;C:\Program Files (x86)\Intel\Intel(R) Management Engine Components\DAL;C:\Program Files (x86)\Intel\Intel(R) Management Engine Components\IPT;C:\Program Files (x86)\Intel\OpenCL SDK\2.0\bin\x86;C:\Program Files (x86)\Intel\OpenCL SDK\2.0\bin\x64;C:\Program Files\Intel\WiFi\bin\;C:\Program Files\Common Files\Intel\WirelessCommon\;C:\Program Files (x86)\Windows Live\Shared;C:\Program Files (x86)\Skype\Phone\;C:\Program Files (x86)\GtkSharp\2.12\bin;C:\Program Files\Git\cmd;C:\Program Files (x86)\MiKTeX 2.9\miktex\bin\
USERNAME=ARODRIGUEZ
OS=Windows_NT
PROCESSOR_IDENTIFIER=Intel64 Family 6 Model 58 Stepping 9, GenuineIntel



---------------  S Y S T E M  ---------------

OS: Windows 7 , 64 bit Build 7601 (6.1.7601.18015)

CPU:total 4 (2 cores per cpu, 2 threads per core) family 6 model 58 stepping 9, cmov, cx8, fxsr, mmx, sse, sse2, sse3, ssse3, sse4.1, sse4.2, popcnt, avx, aes, clmul, erms, ht, tsc, tscinvbit, tscinv

Memory: 4k page, physical 6191468k(2022172k free), swap 12381072k(6372804k free)

vm_info: Java HotSpot(TM) 64-Bit Server VM (25.73-b02) for windows-amd64 JRE (1.8.0_73-b02), built on Jan 29 2016 17:38:49 by "java_re" with MS VC++ 10.0 (VS2010)

time: Thu Mar 09 18:05:06 2017
elapsed time: 135 seconds (0d 0h 2m 15s)

