#
# A fatal error has been detected by the Java Runtime Environment:
#
#  EXCEPTION_ACCESS_VIOLATION (0xc0000005) at pc=0x000000005c1651b3, pid=6408, tid=3440
#
# JRE version: Java(TM) SE Runtime Environment (8.0_73-b02) (build 1.8.0_73-b02)
# Java VM: Java HotSpot(TM) 64-Bit Server VM (25.73-b02 mixed mode windows-amd64 compressed oops)
# Problematic frame:
# V  [jvm.dll+0x2151b3]
#
# Failed to write core dump. Minidumps are not enabled by default on client versions of Windows
#
# If you would like to submit a bug report, please visit:
#   http://bugreport.java.com/bugreport/crash.jsp
#

---------------  T H R E A D  ---------------

Current thread (0x000000001f5f6800):  JavaThread "JDWP Transport Listener: dt_shmem" daemon [_thread_in_vm, id=3440, stack(0x000000001fbf0000,0x000000001fcf0000)]

siginfo: ExceptionCode=0xc0000005, reading address 0x0000000000000358

Registers:
RAX=0x0000000000000300, RBX=0x0000000000000300, RCX=0x0000000000000000, RDX=0x0000000020ec7d60
RSP=0x000000001fcef920, RBP=0x0000000000000000, RSI=0x0000000000000006, RDI=0x0000000020ec7d60
R8 =0x0000000000000300, R9 =0x000000001f5f6800, R10=0x0000000000000000, R11=0x0000000000000000
R12=0x0000000000000000, R13=0x000000001f5fcb78, R14=0x0000000000000000, R15=0x0000000000000000
RIP=0x000000005c1651b3, EFLAGS=0x0000000000010206

Top of Stack: (sp=0x000000001fcef920)
0x000000001fcef920:   000000001f5f6800 0000000020ec7d60
0x000000001fcef930:   000000001fcefa38 000000005c10e857
0x000000001fcef940:   000000001f613800 000000005c0f2437
0x000000001fcef950:   0000000020ec7d60 000000001fcefa38
0x000000001fcef960:   0000000000000006 000000005c0f7d65
0x000000001fcef970:   000000001f613800 000000005c0f4299
0x000000001fcef980:   0000000000000005 0000000000000000
0x000000001fcef990:   000000001e2edcd0 000000005b87101e
0x000000001fcef9a0:   000000001fcefa38 000000005c27e5c8
0x000000001fcef9b0:   000000001f5f6800 00000000021d8d30
0x000000001fcef9c0:   0000000020e83cb0 000000005c08ca60
0x000000001fcef9d0:   000000001f5f6800 0000000000000000
0x000000001fcef9e0:   0000000000000000 0000000000000000
0x000000001fcef9f0:   000000001fcefa70 000000005b86d38b
0x000000001fcefa00:   000000001fcefa78 0000000020e83cb0
0x000000001fcefa10:   0000000020e83cb0 0000000000000000 

Instructions: (pc=0x000000005c1651b3)
0x000000005c165193:   39 61 00 00 4c 8b 1f 49 f7 c3 fe ff ff ff 74 32
0x000000005c1651a3:   41 f6 c3 01 74 89 eb 2a 48 83 e3 fe 48 89 5f 10
0x000000005c1651b3:   48 8b 43 58 48 89 47 10 48 89 5f 18 e8 0c 61 00
0x000000005c1651c3:   00 4c 8b 1f 41 f6 c3 01 75 08 48 8b cb e8 db 14 


Register to memory mapping:

RAX=0x0000000000000300 is an unknown value
RBX=0x0000000000000300 is an unknown value
RCX=0x0000000000000000 is an unknown value
RDX=0x0000000020ec7d60 is an unknown value
RSP=0x000000001fcef920 is pointing into the stack for thread: 0x000000001f5f6800
RBP=0x0000000000000000 is an unknown value
RSI=0x0000000000000006 is an unknown value
RDI=0x0000000020ec7d60 is an unknown value
R8 =0x0000000000000300 is an unknown value
R9 =0x000000001f5f6800 is a thread
R10=0x0000000000000000 is an unknown value
R11=0x0000000000000000 is an unknown value
R12=0x0000000000000000 is an unknown value
R13=0x000000001f5fcb78 is an unknown value
R14=0x0000000000000000 is an unknown value
R15=0x0000000000000000 is an unknown value


Stack: [0x000000001fbf0000,0x000000001fcf0000],  sp=0x000000001fcef920,  free space=1022k
Native frames: (J=compiled Java code, j=interpreted, Vv=VM code, C=native code)


---------------  P R O C E S S  ---------------

Java Threads: ( => current thread )
  0x0000000021153000 JavaThread "Thread-3336" [_thread_blocked, id=3456, stack(0x0000000021ad0000,0x0000000021bd0000)]
  0x0000000021152000 JavaThread "Thread-3335" [_thread_blocked, id=5364, stack(0x00000000279c0000,0x0000000027ac0000)]
  0x0000000021151800 JavaThread "Thread-3334" [_thread_blocked, id=6992, stack(0x00000000278c0000,0x00000000279c0000)]
  0x0000000021150800 JavaThread "Thread-3333" [_thread_blocked, id=668, stack(0x00000000273a0000,0x00000000274a0000)]
  0x0000000021150000 JavaThread "Thread-3332" [_thread_blocked, id=6612, stack(0x0000000027600000,0x0000000027700000)]
  0x000000002114f000 JavaThread "Thread-3331" [_thread_blocked, id=3716, stack(0x00000000274e0000,0x00000000275e0000)]
  0x000000002114e800 JavaThread "Thread-3330" [_thread_blocked, id=5752, stack(0x00000000272a0000,0x00000000273a0000)]
  0x000000002114d800 JavaThread "Thread-3329" [_thread_blocked, id=5924, stack(0x0000000026f30000,0x0000000027030000)]
  0x000000001f613800 JavaThread "Thread-3328" [_thread_blocked, id=5988, stack(0x0000000027190000,0x0000000027290000)]
  0x000000001f60b000 JavaThread "Thread-3277" [_thread_blocked, id=6980, stack(0x0000000027040000,0x0000000027140000)]
  0x000000001f611000 JavaThread "Thread-3280" [_thread_blocked, id=7120, stack(0x0000000026e20000,0x0000000026f20000)]
  0x000000001f614000 JavaThread "Thread-3279" [_thread_blocked, id=3660, stack(0x0000000025bd0000,0x0000000025cd0000)]
  0x000000001f607800 JavaThread "Thread-3278" [_thread_blocked, id=6896, stack(0x00000000219d0000,0x0000000021ad0000)]
  0x000000001f612800 JavaThread "Thread-3225" [_thread_blocked, id=6848, stack(0x0000000025ce0000,0x0000000025de0000)]
  0x000000001f60e000 JavaThread "Thread-3228" [_thread_blocked, id=6436, stack(0x0000000025ad0000,0x0000000025bd0000)]
  0x000000001f612000 JavaThread "Thread-3227" [_thread_blocked, id=2008, stack(0x0000000025870000,0x0000000025970000)]
  0x000000001f60f000 JavaThread "Thread-3226" [_thread_blocked, id=4012, stack(0x0000000025350000,0x0000000025450000)]
  0x000000001f60f800 JavaThread "Thread-2427" [_thread_blocked, id=6236, stack(0x0000000025750000,0x0000000025850000)]
  0x000000001f609000 JavaThread "Thread-2426" [_thread_blocked, id=6116, stack(0x0000000024110000,0x0000000024210000)]
  0x000000001f610800 JavaThread "Thread-2425" [_thread_blocked, id=5240, stack(0x0000000021ea0000,0x0000000021fa0000)]
  0x000000001f60c800 JavaThread "org.netbeans.modules.debugger.jpda.visual AWT Access Loop" daemon [_thread_blocked, id=6724, stack(0x0000000021d30000,0x0000000021e30000)]
  0x000000001f609800 JavaThread "Thread-6" [_thread_blocked, id=5800, stack(0x0000000021ff0000,0x00000000220f0000)]
  0x000000001f608000 JavaThread "Thread-4" [_thread_blocked, id=4156, stack(0x0000000021be0000,0x0000000021ce0000)]
  0x000000001f606800 JavaThread "AWT-EventQueue-0" [_thread_blocked, id=6420, stack(0x0000000020480000,0x0000000020580000)]
  0x000000001f606000 JavaThread "AWT-Windows" daemon [_thread_in_native, id=6148, stack(0x00000000215b0000,0x00000000216b0000)]
  0x0000000020de2800 JavaThread "AWT-Shutdown" [_thread_blocked, id=6668, stack(0x00000000213f0000,0x00000000214f0000)]
  0x0000000020de1000 JavaThread "Java2D Disposer" daemon [_thread_blocked, id=6832, stack(0x00000000208d0000,0x00000000209d0000)]
  0x000000001f692800 JavaThread "Service Thread" daemon [_thread_blocked, id=1496, stack(0x0000000020780000,0x0000000020880000)]
  0x000000001f676800 JavaThread "C1 CompilerThread2" daemon [_thread_blocked, id=6752, stack(0x00000000205a0000,0x00000000206a0000)]
  0x000000001f626800 JavaThread "C2 CompilerThread1" daemon [_thread_blocked, id=5196, stack(0x0000000020330000,0x0000000020430000)]
  0x000000001f621000 JavaThread "C2 CompilerThread0" daemon [_thread_blocked, id=5916, stack(0x0000000020040000,0x0000000020140000)]
  0x000000001f605000 JavaThread "JDWP Command Reader" daemon [_thread_in_native, id=5356, stack(0x0000000020190000,0x0000000020290000)]
  0x000000001f604000 JavaThread "JDWP Event Helper Thread" daemon [_thread_blocked, id=4048, stack(0x000000001fef0000,0x000000001fff0000)]
=>0x000000001f5f6800 JavaThread "JDWP Transport Listener: dt_shmem" daemon [_thread_in_vm, id=3440, stack(0x000000001fbf0000,0x000000001fcf0000)]
  0x000000001e2eb000 JavaThread "Attach Listener" daemon [_thread_blocked, id=6720, stack(0x000000001fd30000,0x000000001fe30000)]
  0x000000001e2ea000 JavaThread "Signal Dispatcher" daemon [_thread_blocked, id=6524, stack(0x000000001fa70000,0x000000001fb70000)]
  0x000000001e28c800 JavaThread "Finalizer" daemon [_thread_blocked, id=3604, stack(0x000000001f3d0000,0x000000001f4d0000)]
  0x000000001e286000 JavaThread "Reference Handler" daemon [_thread_blocked, id=5696, stack(0x000000001f4f0000,0x000000001f5f0000)]
  0x00000000020ea000 JavaThread "main" [_thread_blocked, id=6768, stack(0x00000000024e0000,0x00000000025e0000)]

Other Threads:
  0x000000001e27c000 VMThread [stack: 0x000000001f290000,0x000000001f390000] [id=5504]
  0x000000001f696000 WatcherThread [stack: 0x00000000209e0000,0x0000000020ae0000] [id=5488]

VM state:synchronizing (normal execution)

VM Mutex/Monitor currently owned by a thread:  ([mutex/lock_event])
[0x00000000020e8980] Threads_lock - owner thread: 0x000000001e27c000
[0x00000000020e8e80] Heap_lock - owner thread: 0x000000001f60b000

Heap:
 PSYoungGen      total 129024K, used 126048K [0x0000000757d80000, 0x0000000769680000, 0x00000007c0000000)
  eden space 125952K, 100% used [0x0000000757d80000,0x000000075f880000,0x000000075f880000)
  from space 3072K, 3% used [0x0000000769080000,0x0000000769098000,0x0000000769380000)
  to   space 3072K, 0% used [0x0000000769380000,0x0000000769380000,0x0000000769680000)
 ParOldGen       total 65536K, used 5288K [0x0000000687800000, 0x000000068b800000, 0x0000000757d80000)
  object space 65536K, 8% used [0x0000000687800000,0x0000000687d2a0f0,0x000000068b800000)
 Metaspace       used 12208K, capacity 12432K, committed 12672K, reserved 1060864K
  class space    used 1290K, capacity 1373K, committed 1408K, reserved 1048576K

Card table byte_map: [0x0000000011c70000,0x0000000012640000] byte_map_base: 0x000000000e834000

Marking Bits: (ParMarkBitMap*) 0x000000005c760600
 Begin Bits: [0x00000000132e0000, 0x0000000018100000)
 End Bits:   [0x0000000018100000, 0x000000001cf20000)

Polling page: 0x0000000000140000

CodeCache: size=245760Kb used=9652Kb max_used=10515Kb free=236107Kb
 bounds [0x00000000028b0000, 0x0000000003380000, 0x00000000118b0000]
 total_blobs=2963 nmethods=2505 adapters=375
 compilation: enabled

Compilation events (10 events):
Event: 26.916 Thread 0x000000001f621000 3126       4       java.util.HashMap::readObject (253 bytes)
Event: 26.934 Thread 0x000000001f676800 3132       3       sun.font.CompositeStrike::getStrikeForSlot (42 bytes)
Event: 26.934 Thread 0x000000001f676800 nmethod 3132 0x0000000002b02550 code [0x0000000002b02700, 0x0000000002b02d18]
Event: 27.006 Thread 0x000000001f621000 nmethod 3126 0x0000000002cfb950 code [0x0000000002cfbce0, 0x0000000002cff228]
Event: 27.006 Thread 0x000000001f621000 3131  s    4       java.awt.DefaultKeyboardFocusManager::discardKeyEvents (160 bytes)
Event: 27.011 Thread 0x000000001f621000 nmethod 3131 0x0000000002b03e90 code [0x0000000002b03fe0, 0x0000000002b044d8]
Event: 27.011 Thread 0x000000001f621000 3129       4       java.security.AccessControlContext::<init> (30 bytes)
Event: 27.012 Thread 0x000000001f621000 nmethod 3129 0x0000000002ff8090 code [0x0000000002ff81c0, 0x0000000002ff8258]
Event: 27.015 Thread 0x000000001f621000 3133       4       java.awt.geom.QuadCurve2D::getPathIterator (10 bytes)
Event: 27.017 Thread 0x000000001f621000 nmethod 3133 0x00000000030a3bd0 code [0x00000000030a3d20, 0x00000000030a3e18]

GC Heap History (10 events):
Event: 24.307 GC heap before
{Heap before GC invocations=23 (full 0):
 PSYoungGen      total 114176K, used 113760K [0x0000000757d80000, 0x0000000769c00000, 0x00000007c0000000)
  eden space 113664K, 100% used [0x0000000757d80000,0x000000075ec80000,0x000000075ec80000)
  from space 512K, 18% used [0x0000000769b80000,0x0000000769b98000,0x0000000769c00000)
  to   space 3584K, 0% used [0x0000000769500000,0x0000000769500000,0x0000000769880000)
 ParOldGen       total 65536K, used 5134K [0x0000000687800000, 0x000000068b800000, 0x0000000757d80000)
  object space 65536K, 7% used [0x0000000687800000,0x0000000687d03978,0x000000068b800000)
 Metaspace       used 12206K, capacity 12432K, committed 12672K, reserved 1060864K
  class space    used 1289K, capacity 1373K, committed 1408K, reserved 1048576K
Event: 24.308 GC heap after
Heap after GC invocations=23 (full 0):
 PSYoungGen      total 112640K, used 64K [0x0000000757d80000, 0x0000000769c00000, 0x00000007c0000000)
  eden space 109056K, 0% used [0x0000000757d80000,0x0000000757d80000,0x000000075e800000)
  from space 3584K, 1% used [0x0000000769500000,0x0000000769510000,0x0000000769880000)
  to   space 3584K, 0% used [0x0000000769880000,0x0000000769880000,0x0000000769c00000)
 ParOldGen       total 65536K, used 5158K [0x0000000687800000, 0x000000068b800000, 0x0000000757d80000)
  object space 65536K, 7% used [0x0000000687800000,0x0000000687d09978,0x000000068b800000)
 Metaspace       used 12206K, capacity 12432K, committed 12672K, reserved 1060864K
  class space    used 1289K, capacity 1373K, committed 1408K, reserved 1048576K
}
Event: 24.810 GC heap before
{Heap before GC invocations=24 (full 0):
 PSYoungGen      total 112640K, used 109120K [0x0000000757d80000, 0x0000000769c00000, 0x00000007c0000000)
  eden space 109056K, 100% used [0x0000000757d80000,0x000000075e800000,0x000000075e800000)
  from space 3584K, 1% used [0x0000000769500000,0x0000000769510000,0x0000000769880000)
  to   space 3584K, 0% used [0x0000000769880000,0x0000000769880000,0x0000000769c00000)
 ParOldGen       total 65536K, used 5158K [0x0000000687800000, 0x000000068b800000, 0x0000000757d80000)
  object space 65536K, 7% used [0x0000000687800000,0x0000000687d09b88,0x000000068b800000)
 Metaspace       used 12207K, capacity 12432K, committed 12672K, reserved 1060864K
  class space    used 1290K, capacity 1373K, committed 1408K, reserved 1048576K
Event: 24.813 GC heap after
Heap after GC invocations=24 (full 0):
 PSYoungGen      total 105472K, used 64K [0x0000000757d80000, 0x0000000769900000, 0x00000007c0000000)
  eden space 104960K, 0% used [0x0000000757d80000,0x0000000757d80000,0x000000075e400000)
  from space 512K, 12% used [0x0000000769880000,0x0000000769890000,0x0000000769900000)
  to   space 3584K, 0% used [0x0000000769200000,0x0000000769200000,0x0000000769580000)
 ParOldGen       total 65536K, used 5166K [0x0000000687800000, 0x000000068b800000, 0x0000000757d80000)
  object space 65536K, 7% used [0x0000000687800000,0x0000000687d0bb88,0x000000068b800000)
 Metaspace       used 12207K, capacity 12432K, committed 12672K, reserved 1060864K
  class space    used 1290K, capacity 1373K, committed 1408K, reserved 1048576K
}
Event: 25.306 GC heap before
{Heap before GC invocations=25 (full 0):
 PSYoungGen      total 105472K, used 105024K [0x0000000757d80000, 0x0000000769900000, 0x00000007c0000000)
  eden space 104960K, 100% used [0x0000000757d80000,0x000000075e400000,0x000000075e400000)
  from space 512K, 12% used [0x0000000769880000,0x0000000769890000,0x0000000769900000)
  to   space 3584K, 0% used [0x0000000769200000,0x0000000769200000,0x0000000769580000)
 ParOldGen       total 65536K, used 5168K [0x0000000687800000, 0x000000068b800000, 0x0000000757d80000)
  object space 65536K, 7% used [0x0000000687800000,0x0000000687d0c250,0x000000068b800000)
 Metaspace       used 12207K, capacity 12432K, committed 12672K, reserved 1060864K
  class space    used 1290K, capacity 1373K, committed 1408K, reserved 1048576K
Event: 25.323 GC heap after
Heap after GC invocations=25 (full 0):
 PSYoungGen      total 140288K, used 128K [0x0000000757d80000, 0x0000000769900000, 0x00000007c0000000)
  eden space 136704K, 0% used [0x0000000757d80000,0x0000000757d80000,0x0000000760300000)
  from space 3584K, 3% used [0x0000000769200000,0x0000000769220000,0x0000000769580000)
  to   space 3072K, 0% used [0x0000000769600000,0x0000000769600000,0x0000000769900000)
 ParOldGen       total 65536K, used 5192K [0x0000000687800000, 0x000000068b800000, 0x0000000757d80000)
  object space 65536K, 7% used [0x0000000687800000,0x0000000687d12250,0x000000068b800000)
 Metaspace       used 12207K, capacity 12432K, committed 12672K, reserved 1060864K
  class space    used 1290K, capacity 1373K, committed 1408K, reserved 1048576K
}
Event: 25.950 GC heap before
{Heap before GC invocations=26 (full 0):
 PSYoungGen      total 140288K, used 136832K [0x0000000757d80000, 0x0000000769900000, 0x00000007c0000000)
  eden space 136704K, 100% used [0x0000000757d80000,0x0000000760300000,0x0000000760300000)
  from space 3584K, 3% used [0x0000000769200000,0x0000000769220000,0x0000000769580000)
  to   space 3072K, 0% used [0x0000000769600000,0x0000000769600000,0x0000000769900000)
 ParOldGen       total 65536K, used 5192K [0x0000000687800000, 0x000000068b800000, 0x0000000757d80000)
  object space 65536K, 7% used [0x0000000687800000,0x0000000687d12250,0x000000068b800000)
 Metaspace       used 12207K, capacity 12432K, committed 12672K, reserved 1060864K
  class space    used 1290K, capacity 1373K, committed 1408K, reserved 1048576K
Event: 25.951 GC heap after
Heap after GC invocations=26 (full 0):
 PSYoungGen      total 131584K, used 128K [0x0000000757d80000, 0x0000000769680000, 0x00000007c0000000)
  eden space 131072K, 0% used [0x0000000757d80000,0x0000000757d80000,0x000000075fd80000)
  from space 512K, 25% used [0x0000000769600000,0x0000000769620000,0x0000000769680000)
  to   space 3072K, 0% used [0x0000000769080000,0x0000000769080000,0x0000000769380000)
 ParOldGen       total 65536K, used 5216K [0x0000000687800000, 0x000000068b800000, 0x0000000757d80000)
  object space 65536K, 7% used [0x0000000687800000,0x0000000687d18250,0x000000068b800000)
 Metaspace       used 12207K, capacity 12432K, committed 12672K, reserved 1060864K
  class space    used 1290K, capacity 1373K, committed 1408K, reserved 1048576K
}
Event: 26.555 GC heap before
{Heap before GC invocations=27 (full 0):
 PSYoungGen      total 131584K, used 131200K [0x0000000757d80000, 0x0000000769680000, 0x00000007c0000000)
  eden space 131072K, 100% used [0x0000000757d80000,0x000000075fd80000,0x000000075fd80000)
  from space 512K, 25% used [0x0000000769600000,0x0000000769620000,0x0000000769680000)
  to   space 3072K, 0% used [0x0000000769080000,0x0000000769080000,0x0000000769380000)
 ParOldGen       total 65536K, used 5259K [0x0000000687800000, 0x000000068b800000, 0x0000000757d80000)
  object space 65536K, 8% used [0x0000000687800000,0x0000000687d22f60,0x000000068b800000)
 Metaspace       used 12207K, capacity 12432K, committed 12672K, reserved 1060864K
  class space    used 1290K, capacity 1373K, committed 1408K, reserved 1048576K
Event: 26.556 GC heap after
Heap after GC invocations=27 (full 0):
 PSYoungGen      total 129024K, used 96K [0x0000000757d80000, 0x0000000769680000, 0x00000007c0000000)
  eden space 125952K, 0% used [0x0000000757d80000,0x0000000757d80000,0x000000075f880000)
  from space 3072K, 3% used [0x0000000769080000,0x0000000769098000,0x0000000769380000)
  to   space 3072K, 0% used [0x0000000769380000,0x0000000769380000,0x0000000769680000)
 ParOldGen       total 65536K, used 5286K [0x0000000687800000, 0x000000068b800000, 0x0000000757d80000)
  object space 65536K, 8% used [0x0000000687800000,0x0000000687d29ad0,0x000000068b800000)
 Metaspace       used 12207K, capacity 12432K, committed 12672K, reserved 1060864K
  class space    used 1290K, capacity 1373K, committed 1408K, reserved 1048576K
}

Deoptimization events (10 events):
Event: 26.623 Thread 0x000000001f606800 Uncommon trap: reason=class_check action=maybe_recompile pc=0x0000000003017e60 method=java.awt.Component.isShowing()Z @ 24
Event: 26.623 Thread 0x000000001f606800 Uncommon trap: reason=unstable_if action=reinterpret pc=0x00000000029efc90 method=sun.java2d.SunGraphics2D.constrain(IIIILsun/java2d/pipe/Region;)V @ 176
Event: 26.624 Thread 0x000000001f606800 Uncommon trap: reason=unstable_if action=reinterpret pc=0x0000000003305850 method=java.awt.EventQueue.removeSourceEvents(Ljava/lang/Object;Z)V @ 39
Event: 26.624 Thread 0x000000001f606800 Uncommon trap: reason=unstable_if action=reinterpret pc=0x000000000320d528 method=java.awt.EventQueue.removeSourceEvents(Ljava/lang/Object;Z)V @ 39
Event: 26.662 Thread 0x000000001f606800 Uncommon trap: reason=unstable_if action=reinterpret pc=0x00000000032d4b7c method=sun.font.CompositeStrike.getStrikeForSlot(I)Lsun/font/PhysicalStrike; @ 8
Event: 26.662 Thread 0x000000001f606800 Uncommon trap: reason=range_check action=make_not_entrant pc=0x0000000002be804c method=java.awt.geom.AffineTransform.getMatrix([D)V @ 6
Event: 26.698 Thread 0x000000001f608000 Uncommon trap: reason=unstable_if action=reinterpret pc=0x0000000002b4e50c method=java.util.Random.next(I)I @ 35
Event: 26.813 Thread 0x000000001f607800 Uncommon trap: reason=bimorphic action=maybe_recompile pc=0x00000000032d0ca0 method=java.util.AbstractCollection.toArray()[Ljava/lang/Object; @ 1
Event: 26.841 Thread 0x000000001f606800 Uncommon trap: reason=class_check action=maybe_recompile pc=0x000000000308c9c0 method=java.util.HashMap.containsValue(Ljava/lang/Object;)Z @ 54
Event: 26.842 Thread 0x000000001f606800 Uncommon trap: reason=unstable_if action=reinterpret pc=0x00000000032dc324 method=sun.font.CompositeStrike.getStrikeForSlot(I)Lsun/font/PhysicalStrike; @ 8

Internal exceptions (10 events):
Event: 2.419 Thread 0x00000000020ea000 Exception <a 'java/io/FileNotFoundException'> (0x00000007582f3ae8) thrown at [D:\re\puppet\workspace\8-2-build-windows-amd64-cygwin\jdk8u73\6086\hotspot\src\share\vm\prims\jni.cpp, line 709]
Event: 2.459 Thread 0x00000000020ea000 Exception <a 'java/lang/NoSuchFieldError': method resolution failed> (0x00000007583bed00) thrown at [D:\re\puppet\workspace\8-2-build-windows-amd64-cygwin\jdk8u73\6086\hotspot\src\share\vm\prims\methodHandles.cpp, line 1146]
Event: 2.482 Thread 0x00000000020ea000 Exception <a 'java/lang/NoSuchFieldError': method resolution failed> (0x00000007583cc0d0) thrown at [D:\re\puppet\workspace\8-2-build-windows-amd64-cygwin\jdk8u73\6086\hotspot\src\share\vm\prims\methodHandles.cpp, line 1146]
Event: 2.591 Thread 0x00000000020ea000 Exception <a 'java/io/FileNotFoundException'> (0x000000075845e5b0) thrown at [D:\re\puppet\workspace\8-2-build-windows-amd64-cygwin\jdk8u73\6086\hotspot\src\share\vm\prims\jni.cpp, line 709]
Event: 2.767 Thread 0x000000001f606000 Implicit null exception at 0x0000000002ac1a4a to 0x0000000002ac1c51
Event: 2.859 Thread 0x000000001f608000 Implicit null exception at 0x0000000002ad4ba6 to 0x0000000002ad5159
Event: 2.889 Thread 0x000000001f607800 Implicit null exception at 0x0000000002ad07c9 to 0x0000000002ad0a3a
Event: 22.950 Thread 0x000000001f606800 Implicit null exception at 0x00000000031d7128 to 0x00000000031d75b1
Event: 22.950 Thread 0x000000001f606800 Implicit null exception at 0x000000000321566e to 0x0000000003215884
Event: 22.951 Thread 0x000000001f606800 Implicit null exception at 0x0000000003149ee8 to 0x000000000314a135

Events (10 events):
Event: 27.017 Thread 0x000000001f613800 Thread added: 0x000000001f613800
Event: 27.020 Thread 0x000000002114d800 Thread added: 0x000000002114d800
Event: 27.024 Thread 0x000000002114e800 Thread added: 0x000000002114e800
Event: 27.027 Thread 0x000000002114f000 Thread added: 0x000000002114f000
Event: 27.030 Thread 0x0000000021150000 Thread added: 0x0000000021150000
Event: 27.033 Thread 0x0000000021150800 Thread added: 0x0000000021150800
Event: 27.036 Thread 0x0000000021151800 Thread added: 0x0000000021151800
Event: 27.039 Thread 0x0000000021152000 Thread added: 0x0000000021152000
Event: 27.041 Thread 0x0000000021153000 Thread added: 0x0000000021153000
Event: 27.043 Executing VM operation: ParallelGCFailedAllocation


Dynamic libraries:
0x000000013ffd0000 - 0x0000000140007000 	C:\Program Files\Java\jdk1.8.0_73\jre\bin\java.exe
0x0000000077470000 - 0x0000000077619000 	C:\Windows\SYSTEM32\ntdll.dll
0x00000000770a0000 - 0x00000000771bf000 	C:\Windows\system32\kernel32.dll
0x000007fefdc30000 - 0x000007fefdc9b000 	C:\Windows\system32\KERNELBASE.dll
0x000007fefe3a0000 - 0x000007fefe47b000 	C:\Windows\system32\ADVAPI32.dll
0x000007feff320000 - 0x000007feff3bf000 	C:\Windows\system32\msvcrt.dll
0x000007feff3c0000 - 0x000007feff3df000 	C:\Windows\SYSTEM32\sechost.dll
0x000007fefdd30000 - 0x000007fefde5d000 	C:\Windows\system32\RPCRT4.dll
0x0000000076fa0000 - 0x000000007709a000 	C:\Windows\system32\USER32.dll
0x000007fefdcc0000 - 0x000007fefdd27000 	C:\Windows\system32\GDI32.dll
0x000007fefe480000 - 0x000007fefe48e000 	C:\Windows\system32\LPK.dll
0x000007fefe490000 - 0x000007fefe559000 	C:\Windows\system32\USP10.dll
0x000007fefbfb0000 - 0x000007fefc1a4000 	C:\Windows\WinSxS\amd64_microsoft.windows.common-controls_6595b64144ccf1df_6.0.7601.17514_none_fa396087175ac9ac\COMCTL32.dll
0x000007feff3e0000 - 0x000007feff451000 	C:\Windows\system32\SHLWAPI.dll
0x000007fefe560000 - 0x000007fefe58e000 	C:\Windows\system32\IMM32.DLL
0x000007fefde60000 - 0x000007fefdf69000 	C:\Windows\system32\MSCTF.dll
0x000000005ed10000 - 0x000000005ede2000 	C:\Program Files\Java\jdk1.8.0_73\jre\bin\msvcr100.dll
0x000000005bf50000 - 0x000000005c7e0000 	C:\Program Files\Java\jdk1.8.0_73\jre\bin\server\jvm.dll
0x000007fefa7b0000 - 0x000007fefa7b9000 	C:\Windows\system32\WSOCK32.dll
0x000007fefe350000 - 0x000007fefe39d000 	C:\Windows\system32\WS2_32.dll
0x000007fefdf70000 - 0x000007fefdf78000 	C:\Windows\system32\NSI.dll
0x000007fef8210000 - 0x000007fef824b000 	C:\Windows\system32\WINMM.dll
0x000007fefc9e0000 - 0x000007fefc9ec000 	C:\Windows\system32\VERSION.dll
0x0000000077630000 - 0x0000000077637000 	C:\Windows\system32\PSAPI.DLL
0x000000005ee80000 - 0x000000005ee8f000 	C:\Program Files\Java\jdk1.8.0_73\jre\bin\verify.dll
0x000000005ee50000 - 0x000000005ee79000 	C:\Program Files\Java\jdk1.8.0_73\jre\bin\java.dll
0x000000005b850000 - 0x000000005b885000 	C:\Program Files\Java\jdk1.8.0_73\jre\bin\jdwp.dll
0x000000005e050000 - 0x000000005e058000 	C:\Program Files\Java\jdk1.8.0_73\jre\bin\npt.dll
0x000000005ee30000 - 0x000000005ee46000 	C:\Program Files\Java\jdk1.8.0_73\jre\bin\zip.dll
0x000007fefe590000 - 0x000007feff318000 	C:\Windows\system32\SHELL32.dll
0x000007fefe060000 - 0x000007fefe263000 	C:\Windows\system32\ole32.dll
0x000007fefd8d0000 - 0x000007fefd8df000 	C:\Windows\system32\profapi.dll
0x000000005e6c0000 - 0x000000005e6cb000 	C:\Program Files\Java\jdk1.8.0_73\jre\bin\dt_shmem.dll
0x000000005e8e0000 - 0x000000005ea78000 	C:\Program Files\Java\jdk1.8.0_73\jre\bin\awt.dll
0x000007fefe270000 - 0x000007fefe347000 	C:\Windows\system32\OLEAUT32.dll
0x000007fefb660000 - 0x000007fefb678000 	C:\Windows\system32\DWMAPI.DLL
0x000007fefd800000 - 0x000007fefd80f000 	C:\Windows\system32\CRYPTBASE.dll
0x000000005e890000 - 0x000000005e8d7000 	C:\Program Files\Java\jdk1.8.0_73\jre\bin\fontmanager.dll
0x000000005e800000 - 0x000000005e82a000 	C:\Program Files\Java\jdk1.8.0_73\jre\bin\dcpr.dll
0x000000005ee10000 - 0x000000005ee2a000 	C:\Program Files\Java\jdk1.8.0_73\jre\bin\net.dll
0x000007fefd140000 - 0x000007fefd195000 	C:\Windows\system32\mswsock.dll
0x000007fefd130000 - 0x000007fefd137000 	C:\Windows\System32\wship6.dll
0x000000005edf0000 - 0x000000005ee01000 	C:\Program Files\Java\jdk1.8.0_73\jre\bin\nio.dll
0x000000005e840000 - 0x000000005e882000 	C:\Program Files\Java\jdk1.8.0_73\jre\bin\t2k.dll
0x000007fef7e30000 - 0x000007fef7f55000 	C:\Windows\system32\dbghelp.dll

VM Arguments:
jvm_args: -Xdebug -Xrunjdwp:transport=dt_shmem,address=javadebug -Dfile.encoding=UTF-8 -Xmx5000m 
java_command: unalcol.agents.NetworkSim.DataReplicationNodeFailingMain load line+v+3.graph 1 0 carriersrep line+v+3.loc -1 replalgon NODELAY 0.001 3
java_class_path (initial): C:\Users\ARODRIGUEZ\Documents\Codes\networkSimUN\lib\autocomplete.jar;C:\Users\ARODRIGUEZ\Documents\Codes\networkSimUN\lib\collections-generic-4.01.jar;C:\Users\ARODRIGUEZ\Documents\Codes\networkSimUN\lib\colt-1.2.0.jar;C:\Users\ARODRIGUEZ\Documents\Codes\networkSimUN\lib\commons-discovery-0.5.jar;C:\Users\ARODRIGUEZ\Documents\Codes\networkSimUN\lib\commons-exec-1.1.jar;C:\Users\ARODRIGUEZ\Documents\Codes\networkSimUN\lib\commons-logging-1.1.1.jar;C:\Users\ARODRIGUEZ\Documents\Codes\networkSimUN\lib\concurrent-1.3.4.jar;C:\Users\ARODRIGUEZ\Documents\Codes\networkSimUN\lib\encog-core-3.0.1.jar;C:\Users\ARODRIGUEZ\Documents\Codes\networkSimUN\lib\flexdock-0.5.1.jar;C:\Users\ARODRIGUEZ\Documents\Codes\networkSimUN\lib\flexdock-demo-0.5.2.jar;C:\Users\ARODRIGUEZ\Documents\Codes\networkSimUN\lib\j3d-core-1.3.1.jar;C:\Users\ARODRIGUEZ\Documents\Codes\networkSimUN\lib\jcommon-1.0.17.jar;C:\Users\ARODRIGUEZ\Documents\Codes\networkSimUN\lib\jdom.jar;C:\Users\ARODRIGUEZ\Documents\Codes\networkSimUN\lib\jfreechart-1.0.14.jar;C:\Users\ARODRIGUEZ\Documents\Codes\networkSimUN\lib\jgap.jar;C:\Users\ARODRIGUEZ\Documents\Codes\networkSimUN\lib\jung-3d-2.0.1.jar;C:\Users\ARODRIGUEZ\Documents\Codes\networkSimUN\lib\jung-3d-demos-2.0.1.jar;C:\Users\ARODRIGUEZ\Documents\Codes\networkSimUN\lib\jung-algorithms-2.0.1.jar;C:\Users\ARODRIGUEZ\Documents\Codes\networkSimUN\lib\jung-api-2.0.1.jar;C:\Users\ARODRIGUEZ\Documents\Codes\networkSimUN\lib\jung-graph-impl-2.0.1.jar;C:\Users\ARODRIGUEZ\Documents\Codes\networkSimUN\lib\jung-io-2.0.1.jar;C:\Users\ARODRIGUEZ\Documents\Codes\networkSimUN\lib\jung-jai-2.0.1.jar;C:\Users\ARODRIGUEZ\Documents\Codes\networkSimUN\lib\jung-jai-samples-2.0.1.jar;C:\Users\ARODRIGUEZ\Documents\Codes\networkSimUN\lib\jung-samples-2.0.1.jar;C:\Users\ARODRIGUEZ\Documents\Codes\networkSimUN\lib\jung-visualization-2.0.1.jar;C:\Users\ARODRIGUEZ\Documents\Codes\networkSimUN\lib\junit.jar;C:\Users\ARODRIGUEZ\Documents\Codes\networkSimUN\lib\log4
Launcher Type: SUN_STANDARD

Environment Variables:
PATH=C:\ProgramData\Oracle\Java\javapath;C:\Program Files\Common Files\Microsoft Shared\Windows Live;C:\Program Files (x86)\Common Files\Microsoft Shared\Windows Live;C:\Program Files (x86)\Intel\iCLS Client\;C:\Program Files\Intel\iCLS Client\;C:\Windows\system32;C:\Windows;C:\Windows\System32\Wbem;C:\Windows\System32\WindowsPowerShell\v1.0\;C:\Program Files\Intel\Intel(R) Management Engine Components\DAL;C:\Program Files\Intel\Intel(R) Management Engine Components\IPT;C:\Program Files (x86)\Intel\Intel(R) Management Engine Components\DAL;C:\Program Files (x86)\Intel\Intel(R) Management Engine Components\IPT;C:\Program Files (x86)\Intel\OpenCL SDK\2.0\bin\x86;C:\Program Files (x86)\Intel\OpenCL SDK\2.0\bin\x64;C:\Program Files\Intel\WiFi\bin\;C:\Program Files\Common Files\Intel\WirelessCommon\;C:\Program Files (x86)\Windows Live\Shared;C:\Program Files (x86)\Skype\Phone\;C:\Program Files (x86)\GtkSharp\2.12\bin;C:\Program Files\Git\cmd;C:\Program Files (x86)\MiKTeX 2.9\miktex\bin\
USERNAME=ARODRIGUEZ
OS=Windows_NT
PROCESSOR_IDENTIFIER=Intel64 Family 6 Model 58 Stepping 9, GenuineIntel



---------------  S Y S T E M  ---------------

OS: Windows 7 , 64 bit Build 7601 (6.1.7601.18015)

CPU:total 4 (2 cores per cpu, 2 threads per core) family 6 model 58 stepping 9, cmov, cx8, fxsr, mmx, sse, sse2, sse3, ssse3, sse4.1, sse4.2, popcnt, avx, aes, clmul, erms, ht, tsc, tscinvbit, tscinv

Memory: 4k page, physical 6191468k(2928288k free), swap 12381072k(6784292k free)

vm_info: Java HotSpot(TM) 64-Bit Server VM (25.73-b02) for windows-amd64 JRE (1.8.0_73-b02), built on Jan 29 2016 17:38:49 by "java_re" with MS VC++ 10.0 (VS2010)

time: Thu Mar 16 13:07:11 2017
elapsed time: 27 seconds (0d 0h 0m 27s)

