#
# A fatal error has been detected by the Java Runtime Environment:
#
#  EXCEPTION_ACCESS_VIOLATION (0xc0000005) at pc=0x0000000077983290, pid=10532, tid=5024
#
# JRE version: Java(TM) SE Runtime Environment (8.0_73-b02) (build 1.8.0_73-b02)
# Java VM: Java HotSpot(TM) 64-Bit Server VM (25.73-b02 mixed mode windows-amd64 compressed oops)
# Problematic frame:
# C  [ntdll.dll+0x53290]
#
# Failed to write core dump. Minidumps are not enabled by default on client versions of Windows
#
# If you would like to submit a bug report, please visit:
#   http://bugreport.java.com/bugreport/crash.jsp
#

---------------  T H R E A D  ---------------

Current thread (0x0000000023442800):  Thread [stack: 0x0000000023240000,0x0000000023340000] [id=10076]

siginfo: ExceptionCode=0xc0000005, reading address 0x000009827b4884d8

Registers:
RAX=0x0000000020ddd370, RBX=0x000009827b4884d0, RCX=0x000000ffffffffff, RDX=0x0000000020ddd360
RSP=0x000000002333f690, RBP=0x0000000000000000, RSI=0x00000000020e0000, RDI=0x0000000020ddd370
R8 =0x0000000020ddd370, R9 =0x0000420f014e003a, R10=0x0000000000000000, R11=0x0000000000000207
R12=0x0000000000000000, R13=0x0000000000000000, R14=0x0000000000000000, R15=0x0000000000000000
RIP=0x0000000077983290, EFLAGS=0x0000000000010202

Top of Stack: (sp=0x000000002333f690)
0x000000002333f690:   0000000000000000 0000000000000000
0x000000002333f6a0:   0000000000000000 0000000000000000
0x000000002333f6b0:   0000000000000000 0000000000000000
0x000000002333f6c0:   0000000023442800 000007fefde4133c
0x000000002333f6d0:   0000000000000000 0000000000000000
0x000000002333f6e0:   0000000000000000 0000000000000000
0x000000002333f6f0:   0000000020ddd370 0000000000000000
0x000000002333f700:   000000002333f870 000000007783300a
0x000000002333f710:   0000000000000000 0000000023442800
0x000000002333f720:   0000000055c30f8e 00000000218c30f0
0x000000002333f730:   0000000023442800 0000000060a48d94
0x000000002333f740:   00000000218c30f0 0000000000000000
0x000000002333f750:   0000000000000000 0000000000000000
0x000000002333f760:   0000000023442800 000000005bb40086
0x000000002333f770:   0000000023442800 0000000023442800
0x000000002333f780:   0000000000000000 0000000020ca8150 

Instructions: (pc=0x0000000077983290)
0x0000000077983270:   ff ff 00 00 00 48 33 de 48 23 c1 48 c1 eb 04 48
0x0000000077983280:   33 d8 48 33 1d 3f f1 0d 00 48 c1 e3 04 0f 0d 0b
0x0000000077983290:   4c 8b 63 08 49 bd 01 00 00 00 01 00 00 00 49 be
0x00000000779832a0:   ff 7f 00 00 ff ff ff ff c6 42 0f 80 c6 42 0e 00 


Register to memory mapping:

RAX=0x0000000020ddd370 is an unknown value
RBX=0x000009827b4884d0 is an unknown value
RCX=0x000000ffffffffff is an unknown value
RDX=0x0000000020ddd360 is an unknown value
RSP=0x000000002333f690 is an unknown value
RBP=0x0000000000000000 is an unknown value
RSI=0x00000000020e0000 is an unknown value
RDI=0x0000000020ddd370 is an unknown value
R8 =0x0000000020ddd370 is an unknown value
R9 =0x0000420f014e003a is an unknown value
R10=0x0000000000000000 is an unknown value
R11=0x0000000000000207 is an unknown value
R12=0x0000000000000000 is an unknown value
R13=0x0000000000000000 is an unknown value
R14=0x0000000000000000 is an unknown value
R15=0x0000000000000000 is an unknown value


Stack: [0x0000000023240000,0x0000000023340000],  sp=0x000000002333f690,  free space=1021k
Native frames: (J=compiled Java code, j=interpreted, Vv=VM code, C=native code)


---------------  P R O C E S S  ---------------

Java Threads: ( => current thread )
  0x0000000020f3e800 JavaThread "org.netbeans.modules.debugger.jpda.visual AWT Access Loop" daemon [_thread_blocked, id=6404, stack(0x0000000023140000,0x0000000023240000)]
  0x0000000020e94000 JavaThread "Thread-6" [_thread_blocked, id=5044, stack(0x0000000022f00000,0x0000000023000000)]
  0x0000000020e93000 JavaThread "Thread-5" [_thread_blocked, id=6412, stack(0x0000000022d70000,0x0000000022e70000)]
  0x0000000020e91800 JavaThread "Thread-4" [_thread_blocked, id=5996, stack(0x00000000228a0000,0x00000000229a0000)]
  0x0000000020c49800 JavaThread "Thread-3" [_thread_blocked, id=11608, stack(0x0000000022b60000,0x0000000022c60000)]
  0x0000000020abd800 JavaThread "AWT-EventQueue-0" [_thread_blocked, id=2444, stack(0x0000000021570000,0x0000000021670000)]
  0x0000000020a51800 JavaThread "AWT-Windows" daemon [_thread_in_native, id=11372, stack(0x00000000213a0000,0x00000000214a0000)]
  0x0000000020a4e000 JavaThread "AWT-Shutdown" [_thread_blocked, id=10104, stack(0x0000000021200000,0x0000000021300000)]
  0x0000000020a4b000 JavaThread "Java2D Disposer" daemon [_thread_blocked, id=7312, stack(0x0000000020fb0000,0x00000000210b0000)]
  0x000000001f6bc000 JavaThread "Service Thread" daemon [_thread_blocked, id=10404, stack(0x00000000206b0000,0x00000000207b0000)]
  0x000000001f638800 JavaThread "C1 CompilerThread2" daemon [_thread_blocked, id=5440, stack(0x0000000020580000,0x0000000020680000)]
  0x000000001f62f800 JavaThread "C2 CompilerThread1" daemon [_thread_blocked, id=9332, stack(0x00000000203c0000,0x00000000204c0000)]
  0x000000001f62d800 JavaThread "C2 CompilerThread0" daemon [_thread_blocked, id=7436, stack(0x00000000202b0000,0x00000000203b0000)]
  0x000000001f622000 JavaThread "JDWP Command Reader" daemon [_thread_in_native, id=6888, stack(0x00000000200d0000,0x00000000201d0000)]
  0x000000001f61f000 JavaThread "JDWP Event Helper Thread" daemon [_thread_blocked, id=10348, stack(0x000000001f400000,0x000000001f500000)]
  0x000000001f618800 JavaThread "JDWP Transport Listener: dt_shmem" daemon [_thread_blocked, id=11556, stack(0x000000001fe60000,0x000000001ff60000)]
  0x000000001e249000 JavaThread "Attach Listener" daemon [_thread_blocked, id=8312, stack(0x000000001fcc0000,0x000000001fdc0000)]
  0x000000001e247800 JavaThread "Signal Dispatcher" daemon [_thread_blocked, id=2960, stack(0x000000001fa70000,0x000000001fb70000)]
  0x000000001e1ea800 JavaThread "Finalizer" daemon [_thread_blocked, id=10324, stack(0x000000001f510000,0x000000001f610000)]
  0x000000001e1e3800 JavaThread "Reference Handler" daemon [_thread_blocked, id=5128, stack(0x000000001f130000,0x000000001f230000)]
  0x000000000222a000 JavaThread "main" [_thread_blocked, id=9548, stack(0x00000000024a0000,0x00000000025a0000)]

Other Threads:
  0x000000001e1dd800 VMThread [stack: 0x000000001f2e0000,0x000000001f3e0000] [id=6420]
  0x000000001f6c1000 WatcherThread [stack: 0x000000001ff60000,0x0000000020060000] [id=6648]

=>0x0000000023442800 (exited) Thread [stack: 0x0000000023240000,0x0000000023340000] [id=10076]

VM state:not at safepoint (normal execution)

VM Mutex/Monitor currently owned by a thread: None

Heap:
 PSYoungGen      total 28160K, used 24404K [0x0000000757d80000, 0x000000075c700000, 0x00000007c0000000)
  eden space 27648K, 87% used [0x0000000757d80000,0x000000075953d020,0x0000000759880000)
  from space 512K, 18% used [0x000000075c680000,0x000000075c698000,0x000000075c700000)
  to   space 512K, 0% used [0x000000075c600000,0x000000075c600000,0x000000075c680000)
 ParOldGen       total 65536K, used 7044K [0x0000000687800000, 0x000000068b800000, 0x0000000757d80000)
  object space 65536K, 10% used [0x0000000687800000,0x0000000687ee11b0,0x000000068b800000)
 Metaspace       used 12141K, capacity 12368K, committed 12672K, reserved 1060864K
  class space    used 1281K, capacity 1373K, committed 1408K, reserved 1048576K

Card table byte_map: [0x0000000011c30000,0x0000000012600000] byte_map_base: 0x000000000e7f4000

Marking Bits: (ParMarkBitMap*) 0x000000005c110600
 Begin Bits: [0x0000000013240000, 0x0000000018060000)
 End Bits:   [0x0000000018060000, 0x000000001ce80000)

Polling page: 0x0000000001c60000

CodeCache: size=245760Kb used=8715Kb max_used=8715Kb free=237044Kb
 bounds [0x0000000002870000, 0x0000000003110000, 0x0000000011870000]
 total_blobs=2877 nmethods=2425 adapters=371
 compilation: enabled

Compilation events (10 events):
Event: 101.511 Thread 0x000000001f638800 2861       3       java.io.ByteArrayInputStream::<init> (26 bytes)
Event: 101.511 Thread 0x000000001f638800 nmethod 2861 0x0000000002ccbad0 code [0x0000000002ccbc40, 0x0000000002ccbe90]
Event: 101.511 Thread 0x000000001f638800 2862       3       java.util.HashMap::readObject (253 bytes)
Event: 101.513 Thread 0x000000001f638800 nmethod 2862 0x0000000002d7f810 code [0x0000000002d7fbe0, 0x0000000002d81858]
Event: 101.513 Thread 0x000000001f638800 2863   !   3       java.io.ObjectInputStream::readNonProxyDesc (184 bytes)
Event: 101.515 Thread 0x000000001f638800 nmethod 2863 0x00000000030dc950 code [0x00000000030dcce0, 0x00000000030de4b8]
Event: 101.739 Thread 0x000000001f62f800 2864       4       java.io.ObjectInputStream$PeekInputStream::readFully (48 bytes)
Event: 101.741 Thread 0x000000001f62f800 nmethod 2864 0x0000000002cd0d10 code [0x0000000002cd0e60, 0x0000000002cd0f48]
Event: 101.829 Thread 0x000000001f638800 2865       3       java.io.FilterOutputStream::<init> (10 bytes)
Event: 101.829 Thread 0x000000001f638800 nmethod 2865 0x0000000002cd0890 code [0x0000000002cd0a00, 0x0000000002cd0c30]

GC Heap History (10 events):
Event: 100.628 GC heap before
{Heap before GC invocations=92 (full 0):
 PSYoungGen      total 26112K, used 25664K [0x0000000757d80000, 0x000000075c700000, 0x00000007c0000000)
  eden space 25600K, 100% used [0x0000000757d80000,0x0000000759680000,0x0000000759680000)
  from space 512K, 12% used [0x000000075c600000,0x000000075c610000,0x000000075c680000)
  to   space 512K, 0% used [0x000000075c680000,0x000000075c680000,0x000000075c700000)
 ParOldGen       total 65536K, used 6922K [0x0000000687800000, 0x000000068b800000, 0x0000000757d80000)
  object space 65536K, 10% used [0x0000000687800000,0x0000000687ec29c8,0x000000068b800000)
 Metaspace       used 12121K, capacity 12368K, committed 12672K, reserved 1060864K
  class space    used 1281K, capacity 1373K, committed 1408K, reserved 1048576K
Event: 100.636 GC heap after
Heap after GC invocations=92 (full 0):
 PSYoungGen      total 31232K, used 64K [0x0000000757d80000, 0x000000075c700000, 0x00000007c0000000)
  eden space 30720K, 0% used [0x0000000757d80000,0x0000000757d80000,0x0000000759b80000)
  from space 512K, 12% used [0x000000075c680000,0x000000075c690000,0x000000075c700000)
  to   space 512K, 0% used [0x000000075c600000,0x000000075c600000,0x000000075c680000)
 ParOldGen       total 65536K, used 6930K [0x0000000687800000, 0x000000068b800000, 0x0000000757d80000)
  object space 65536K, 10% used [0x0000000687800000,0x0000000687ec49c8,0x000000068b800000)
 Metaspace       used 12121K, capacity 12368K, committed 12672K, reserved 1060864K
  class space    used 1281K, capacity 1373K, committed 1408K, reserved 1048576K
}
Event: 100.932 GC heap before
{Heap before GC invocations=93 (full 0):
 PSYoungGen      total 31232K, used 30784K [0x0000000757d80000, 0x000000075c700000, 0x00000007c0000000)
  eden space 30720K, 100% used [0x0000000757d80000,0x0000000759b80000,0x0000000759b80000)
  from space 512K, 12% used [0x000000075c680000,0x000000075c690000,0x000000075c700000)
  to   space 512K, 0% used [0x000000075c600000,0x000000075c600000,0x000000075c680000)
 ParOldGen       total 65536K, used 6930K [0x0000000687800000, 0x000000068b800000, 0x0000000757d80000)
  object space 65536K, 10% used [0x0000000687800000,0x0000000687ec49c8,0x000000068b800000)
 Metaspace       used 12121K, capacity 12368K, committed 12672K, reserved 1060864K
  class space    used 1281K, capacity 1373K, committed 1408K, reserved 1048576K
Event: 100.933 GC heap after
Heap after GC invocations=93 (full 0):
 PSYoungGen      total 30720K, used 128K [0x0000000757d80000, 0x000000075c700000, 0x00000007c0000000)
  eden space 30208K, 0% used [0x0000000757d80000,0x0000000757d80000,0x0000000759b00000)
  from space 512K, 25% used [0x000000075c600000,0x000000075c620000,0x000000075c680000)
  to   space 512K, 0% used [0x000000075c680000,0x000000075c680000,0x000000075c700000)
 ParOldGen       total 65536K, used 6954K [0x0000000687800000, 0x000000068b800000, 0x0000000757d80000)
  object space 65536K, 10% used [0x0000000687800000,0x0000000687eca9c8,0x000000068b800000)
 Metaspace       used 12121K, capacity 12368K, committed 12672K, reserved 1060864K
  class space    used 1281K, capacity 1373K, committed 1408K, reserved 1048576K
}
Event: 101.283 GC heap before
{Heap before GC invocations=94 (full 0):
 PSYoungGen      total 30720K, used 30336K [0x0000000757d80000, 0x000000075c700000, 0x00000007c0000000)
  eden space 30208K, 100% used [0x0000000757d80000,0x0000000759b00000,0x0000000759b00000)
  from space 512K, 25% used [0x000000075c600000,0x000000075c620000,0x000000075c680000)
  to   space 512K, 0% used [0x000000075c680000,0x000000075c680000,0x000000075c700000)
 ParOldGen       total 65536K, used 6954K [0x0000000687800000, 0x000000068b800000, 0x0000000757d80000)
  object space 65536K, 10% used [0x0000000687800000,0x0000000687eca9c8,0x000000068b800000)
 Metaspace       used 12122K, capacity 12368K, committed 12672K, reserved 1060864K
  class space    used 1281K, capacity 1373K, committed 1408K, reserved 1048576K
Event: 101.284 GC heap after
Heap after GC invocations=94 (full 0):
 PSYoungGen      total 30208K, used 64K [0x0000000757d80000, 0x000000075c700000, 0x00000007c0000000)
  eden space 29696K, 0% used [0x0000000757d80000,0x0000000757d80000,0x0000000759a80000)
  from space 512K, 12% used [0x000000075c680000,0x000000075c690000,0x000000075c700000)
  to   space 512K, 0% used [0x000000075c600000,0x000000075c600000,0x000000075c680000)
 ParOldGen       total 65536K, used 6962K [0x0000000687800000, 0x000000068b800000, 0x0000000757d80000)
  object space 65536K, 10% used [0x0000000687800000,0x0000000687ecc9c8,0x000000068b800000)
 Metaspace       used 12122K, capacity 12368K, committed 12672K, reserved 1060864K
  class space    used 1281K, capacity 1373K, committed 1408K, reserved 1048576K
}
Event: 101.581 GC heap before
{Heap before GC invocations=95 (full 0):
 PSYoungGen      total 30208K, used 29760K [0x0000000757d80000, 0x000000075c700000, 0x00000007c0000000)
  eden space 29696K, 100% used [0x0000000757d80000,0x0000000759a80000,0x0000000759a80000)
  from space 512K, 12% used [0x000000075c680000,0x000000075c690000,0x000000075c700000)
  to   space 512K, 0% used [0x000000075c600000,0x000000075c600000,0x000000075c680000)
 ParOldGen       total 65536K, used 6962K [0x0000000687800000, 0x000000068b800000, 0x0000000757d80000)
  object space 65536K, 10% used [0x0000000687800000,0x0000000687ecc9f0,0x000000068b800000)
 Metaspace       used 12125K, capacity 12368K, committed 12672K, reserved 1060864K
  class space    used 1281K, capacity 1373K, committed 1408K, reserved 1048576K
Event: 101.582 GC heap after
Heap after GC invocations=95 (full 0):
 PSYoungGen      total 29696K, used 96K [0x0000000757d80000, 0x000000075c700000, 0x00000007c0000000)
  eden space 29184K, 0% used [0x0000000757d80000,0x0000000757d80000,0x0000000759a00000)
  from space 512K, 18% used [0x000000075c600000,0x000000075c618000,0x000000075c680000)
  to   space 512K, 0% used [0x000000075c680000,0x000000075c680000,0x000000075c700000)
 ParOldGen       total 65536K, used 6986K [0x0000000687800000, 0x000000068b800000, 0x0000000757d80000)
  object space 65536K, 10% used [0x0000000687800000,0x0000000687ed29f0,0x000000068b800000)
 Metaspace       used 12125K, capacity 12368K, committed 12672K, reserved 1060864K
  class space    used 1281K, capacity 1373K, committed 1408K, reserved 1048576K
}
Event: 101.872 GC heap before
{Heap before GC invocations=96 (full 0):
 PSYoungGen      total 29696K, used 29280K [0x0000000757d80000, 0x000000075c700000, 0x00000007c0000000)
  eden space 29184K, 100% used [0x0000000757d80000,0x0000000759a00000,0x0000000759a00000)
  from space 512K, 18% used [0x000000075c600000,0x000000075c618000,0x000000075c680000)
  to   space 512K, 0% used [0x000000075c680000,0x000000075c680000,0x000000075c700000)
 ParOldGen       total 65536K, used 6988K [0x0000000687800000, 0x000000068b800000, 0x0000000757d80000)
  object space 65536K, 10% used [0x0000000687800000,0x0000000687ed31b0,0x000000068b800000)
 Metaspace       used 12125K, capacity 12368K, committed 12672K, reserved 1060864K
  class space    used 1281K, capacity 1373K, committed 1408K, reserved 1048576K
Event: 101.873 GC heap after
Heap after GC invocations=96 (full 0):
 PSYoungGen      total 29184K, used 128K [0x0000000757d80000, 0x000000075c700000, 0x00000007c0000000)
  eden space 28672K, 0% used [0x0000000757d80000,0x0000000757d80000,0x0000000759980000)
  from space 512K, 25% used [0x000000075c680000,0x000000075c6a0000,0x000000075c700000)
  to   space 512K, 0% used [0x000000075c600000,0x000000075c600000,0x000000075c680000)
 ParOldGen       total 65536K, used 7020K [0x0000000687800000, 0x000000068b800000, 0x0000000757d80000)
  object space 65536K, 10% used [0x0000000687800000,0x0000000687edb1b0,0x000000068b800000)
 Metaspace       used 12125K, capacity 12368K, committed 12672K, reserved 1060864K
  class space    used 1281K, capacity 1373K, committed 1408K, reserved 1048576K
}

Deoptimization events (10 events):
Event: 1.865 Thread 0x0000000020abd800 Uncommon trap: reason=class_check action=maybe_recompile pc=0x0000000002a216a8 method=java.lang.String.equals(Ljava/lang/Object;)Z @ 8
Event: 2.075 Thread 0x0000000020abd800 Uncommon trap: reason=unstable_if action=reinterpret pc=0x0000000002b7f3fc method=java.lang.Character.isSurrogate(C)Z @ 3
Event: 2.075 Thread 0x0000000020abd800 Uncommon trap: reason=unstable_if action=reinterpret pc=0x0000000002ae029c method=java.lang.String.toLowerCase(Ljava/util/Locale;)Ljava/lang/String; @ 37
Event: 2.075 Thread 0x0000000020abd800 Uncommon trap: reason=unstable_if action=reinterpret pc=0x00000000029a0340 method=java.lang.CharacterData.of(I)Ljava/lang/CharacterData; @ 4
Event: 2.268 Thread 0x0000000020abd800 Uncommon trap: reason=bimorphic action=maybe_recompile pc=0x0000000002a95af8 method=java.util.Collections$UnmodifiableCollection$1.hasNext()Z @ 4
Event: 2.269 Thread 0x0000000020abd800 Uncommon trap: reason=bimorphic action=maybe_recompile pc=0x0000000002a9d810 method=java.util.Collections$UnmodifiableCollection$1.next()Ljava/lang/Object; @ 4
Event: 66.562 Thread 0x0000000020e94000 Uncommon trap: reason=unstable_if action=reinterpret pc=0x0000000002bbbdd0 method=java.lang.Integer.getChars(II[C)V @ 7
Event: 68.093 Thread 0x0000000020abd800 Uncommon trap: reason=unstable_if action=reinterpret pc=0x0000000002bbe934 method=java.util.concurrent.locks.ReentrantLock$NonfairSync.lock()V @ 6
Event: 74.243 Thread 0x0000000020e94000 Uncommon trap: reason=unstable_if action=reinterpret pc=0x0000000002a9e790 method=java.util.Random.next(I)I @ 35
Event: 84.109 Thread 0x0000000020c49800 Uncommon trap: reason=unstable_if action=reinterpret pc=0x0000000002bfd5a4 method=java.util.Random.next(I)I @ 35

Internal exceptions (10 events):
Event: 1.194 Thread 0x000000000222a000 Exception <a 'java/security/PrivilegedActionException'> (0x00000007582ee220) thrown at [D:\re\puppet\workspace\8-2-build-windows-amd64-cygwin\jdk8u73\6086\hotspot\src\share\vm\prims\jvm.cpp, line 1386]
Event: 1.195 Thread 0x000000000222a000 Exception <a 'java/security/PrivilegedActionException'> (0x00000007582f2068) thrown at [D:\re\puppet\workspace\8-2-build-windows-amd64-cygwin\jdk8u73\6086\hotspot\src\share\vm\prims\jvm.cpp, line 1386]
Event: 1.195 Thread 0x000000000222a000 Exception <a 'java/security/PrivilegedActionException'> (0x00000007582f2278) thrown at [D:\re\puppet\workspace\8-2-build-windows-amd64-cygwin\jdk8u73\6086\hotspot\src\share\vm\prims\jvm.cpp, line 1386]
Event: 1.199 Thread 0x000000000222a000 Exception <a 'java/io/FileNotFoundException'> (0x00000007582f4548) thrown at [D:\re\puppet\workspace\8-2-build-windows-amd64-cygwin\jdk8u73\6086\hotspot\src\share\vm\prims\jni.cpp, line 709]
Event: 1.249 Thread 0x000000000222a000 Exception <a 'java/lang/NoSuchFieldError': method resolution failed> (0x00000007583bfaf8) thrown at [D:\re\puppet\workspace\8-2-build-windows-amd64-cygwin\jdk8u73\6086\hotspot\src\share\vm\prims\methodHandles.cpp, line 1146]
Event: 1.252 Thread 0x000000000222a000 Exception <a 'java/lang/NoSuchFieldError': method resolution failed> (0x00000007583ccec8) thrown at [D:\re\puppet\workspace\8-2-build-windows-amd64-cygwin\jdk8u73\6086\hotspot\src\share\vm\prims\methodHandles.cpp, line 1146]
Event: 1.312 Thread 0x000000000222a000 Exception <a 'java/io/FileNotFoundException'> (0x000000075845f630) thrown at [D:\re\puppet\workspace\8-2-build-windows-amd64-cygwin\jdk8u73\6086\hotspot\src\share\vm\prims\jni.cpp, line 709]
Event: 1.534 Thread 0x0000000020a51800 Implicit null exception at 0x0000000002a9beca to 0x0000000002a9c0d1
Event: 1.783 Thread 0x0000000020abd800 Implicit null exception at 0x0000000002a9ab26 to 0x0000000002a9b0d9
Event: 1.795 Thread 0x0000000020abd800 Implicit null exception at 0x0000000002a9c6c9 to 0x0000000002a9c951

Events (10 events):
Event: 101.861 Thread 0x0000000023443000 Thread added: 0x0000000023443000
Event: 101.861 Thread 0x0000000023443000 Thread exited: 0x0000000023443000
Event: 101.870 Thread 0x0000000023443000 Thread added: 0x0000000023443000
Event: 101.870 Thread 0x0000000023443000 Thread exited: 0x0000000023443000
Event: 101.872 Executing VM operation: ParallelGCFailedAllocation
Event: 101.873 Executing VM operation: ParallelGCFailedAllocation done
Event: 101.874 Thread 0x0000000023443000 Thread added: 0x0000000023443000
Event: 101.875 Thread 0x0000000023443000 Thread exited: 0x0000000023443000
Event: 101.880 Thread 0x0000000023443000 Thread added: 0x0000000023443000
Event: 101.880 Thread 0x0000000023443000 Thread exited: 0x0000000023443000


Dynamic libraries:
0x000000013fd50000 - 0x000000013fd87000 	C:\Program Files\Java\jdk1.8.0_73\jre\bin\java.exe
0x0000000077930000 - 0x0000000077ad9000 	C:\Windows\SYSTEM32\ntdll.dll
0x0000000077810000 - 0x000000007792f000 	C:\Windows\system32\kernel32.dll
0x000007fefde40000 - 0x000007fefdeab000 	C:\Windows\system32\KERNELBASE.dll
0x000007feff890000 - 0x000007feff96b000 	C:\Windows\system32\ADVAPI32.dll
0x000007fefe160000 - 0x000007fefe1ff000 	C:\Windows\system32\msvcrt.dll
0x000007feffc20000 - 0x000007feffc3f000 	C:\Windows\SYSTEM32\sechost.dll
0x000007feff420000 - 0x000007feff54d000 	C:\Windows\system32\RPCRT4.dll
0x0000000077500000 - 0x00000000775fa000 	C:\Windows\system32\USER32.dll
0x000007feff270000 - 0x000007feff2d7000 	C:\Windows\system32\GDI32.dll
0x000007feffa90000 - 0x000007feffa9e000 	C:\Windows\system32\LPK.dll
0x000007feff550000 - 0x000007feff619000 	C:\Windows\system32\USP10.dll
0x000007fefc7e0000 - 0x000007fefc9d4000 	C:\Windows\WinSxS\amd64_microsoft.windows.common-controls_6595b64144ccf1df_6.0.7601.17514_none_fa396087175ac9ac\COMCTL32.dll
0x000007feffb70000 - 0x000007feffbe1000 	C:\Windows\system32\SHLWAPI.dll
0x000007feffbf0000 - 0x000007feffc1e000 	C:\Windows\system32\IMM32.DLL
0x000007feff970000 - 0x000007feffa79000 	C:\Windows\system32\MSCTF.dll
0x00000000609e0000 - 0x0000000060ab2000 	C:\Program Files\Java\jdk1.8.0_73\jre\bin\msvcr100.dll
0x000000005b900000 - 0x000000005c190000 	C:\Program Files\Java\jdk1.8.0_73\jre\bin\server\jvm.dll
0x000007fefa770000 - 0x000007fefa779000 	C:\Windows\system32\WSOCK32.dll
0x000007feffb20000 - 0x000007feffb6d000 	C:\Windows\system32\WS2_32.dll
0x000007feffa80000 - 0x000007feffa88000 	C:\Windows\system32\NSI.dll
0x000007fef82e0000 - 0x000007fef831b000 	C:\Windows\system32\WINMM.dll
0x000007fefcea0000 - 0x000007fefceac000 	C:\Windows\system32\VERSION.dll
0x0000000077b00000 - 0x0000000077b07000 	C:\Windows\system32\PSAPI.DLL
0x0000000060b50000 - 0x0000000060b5f000 	C:\Program Files\Java\jdk1.8.0_73\jre\bin\verify.dll
0x0000000060b20000 - 0x0000000060b49000 	C:\Program Files\Java\jdk1.8.0_73\jre\bin\java.dll
0x0000000064090000 - 0x00000000640c5000 	C:\Program Files\Java\jdk1.8.0_73\jre\bin\jdwp.dll
0x00000000643f0000 - 0x00000000643f8000 	C:\Program Files\Java\jdk1.8.0_73\jre\bin\npt.dll
0x0000000060b00000 - 0x0000000060b16000 	C:\Program Files\Java\jdk1.8.0_73\jre\bin\zip.dll
0x000007fefe4e0000 - 0x000007feff268000 	C:\Windows\system32\SHELL32.dll
0x000007feff620000 - 0x000007feff823000 	C:\Windows\system32\ole32.dll
0x000007fefdd90000 - 0x000007fefdd9f000 	C:\Windows\system32\profapi.dll
0x0000000064620000 - 0x000000006462b000 	C:\Program Files\Java\jdk1.8.0_73\jre\bin\dt_shmem.dll
0x000000005fc70000 - 0x000000005fe08000 	C:\Program Files\Java\jdk1.8.0_73\jre\bin\awt.dll
0x000007fefe200000 - 0x000007fefe2d7000 	C:\Windows\system32\OLEAUT32.dll
0x000007fefc040000 - 0x000007fefc058000 	C:\Windows\system32\DWMAPI.DLL
0x000007fefdcc0000 - 0x000007fefdccf000 	C:\Windows\system32\CRYPTBASE.dll
0x0000000060990000 - 0x00000000609d7000 	C:\Program Files\Java\jdk1.8.0_73\jre\bin\fontmanager.dll
0x000000005fc40000 - 0x000000005fc6a000 	C:\Program Files\Java\jdk1.8.0_73\jre\bin\dcpr.dll
0x0000000060ae0000 - 0x0000000060afa000 	C:\Program Files\Java\jdk1.8.0_73\jre\bin\net.dll
0x000007fefd600000 - 0x000007fefd655000 	C:\Windows\system32\mswsock.dll
0x000007fefd5f0000 - 0x000007fefd5f7000 	C:\Windows\System32\wship6.dll
0x0000000060ac0000 - 0x0000000060ad1000 	C:\Program Files\Java\jdk1.8.0_73\jre\bin\nio.dll
0x0000000060940000 - 0x0000000060982000 	C:\Program Files\Java\jdk1.8.0_73\jre\bin\t2k.dll
0x000007fef8320000 - 0x000007fef8445000 	C:\Windows\system32\dbghelp.dll

VM Arguments:
jvm_args: -Xdebug -Xrunjdwp:transport=dt_shmem,address=javadebug -Dfile.encoding=UTF-8 -Xmx5000m 
java_command: unalcol.agents.NetworkSim.DataReplicationNodeFailingMain load line+v+3.graph 1 0 carriersrep line+v+3.loc -1 replalgon NODELAY 0 3
java_class_path (initial): C:\Users\ARODRIGUEZ\Documents\Codes\networkSimUN\lib\autocomplete.jar;C:\Users\ARODRIGUEZ\Documents\Codes\networkSimUN\lib\collections-generic-4.01.jar;C:\Users\ARODRIGUEZ\Documents\Codes\networkSimUN\lib\colt-1.2.0.jar;C:\Users\ARODRIGUEZ\Documents\Codes\networkSimUN\lib\commons-discovery-0.5.jar;C:\Users\ARODRIGUEZ\Documents\Codes\networkSimUN\lib\commons-exec-1.1.jar;C:\Users\ARODRIGUEZ\Documents\Codes\networkSimUN\lib\commons-logging-1.1.1.jar;C:\Users\ARODRIGUEZ\Documents\Codes\networkSimUN\lib\concurrent-1.3.4.jar;C:\Users\ARODRIGUEZ\Documents\Codes\networkSimUN\lib\encog-core-3.0.1.jar;C:\Users\ARODRIGUEZ\Documents\Codes\networkSimUN\lib\flexdock-0.5.1.jar;C:\Users\ARODRIGUEZ\Documents\Codes\networkSimUN\lib\flexdock-demo-0.5.2.jar;C:\Users\ARODRIGUEZ\Documents\Codes\networkSimUN\lib\j3d-core-1.3.1.jar;C:\Users\ARODRIGUEZ\Documents\Codes\networkSimUN\lib\jcommon-1.0.17.jar;C:\Users\ARODRIGUEZ\Documents\Codes\networkSimUN\lib\jdom.jar;C:\Users\ARODRIGUEZ\Documents\Codes\networkSimUN\lib\jfreechart-1.0.14.jar;C:\Users\ARODRIGUEZ\Documents\Codes\networkSimUN\lib\jgap.jar;C:\Users\ARODRIGUEZ\Documents\Codes\networkSimUN\lib\jung-3d-2.0.1.jar;C:\Users\ARODRIGUEZ\Documents\Codes\networkSimUN\lib\jung-3d-demos-2.0.1.jar;C:\Users\ARODRIGUEZ\Documents\Codes\networkSimUN\lib\jung-algorithms-2.0.1.jar;C:\Users\ARODRIGUEZ\Documents\Codes\networkSimUN\lib\jung-api-2.0.1.jar;C:\Users\ARODRIGUEZ\Documents\Codes\networkSimUN\lib\jung-graph-impl-2.0.1.jar;C:\Users\ARODRIGUEZ\Documents\Codes\networkSimUN\lib\jung-io-2.0.1.jar;C:\Users\ARODRIGUEZ\Documents\Codes\networkSimUN\lib\jung-jai-2.0.1.jar;C:\Users\ARODRIGUEZ\Documents\Codes\networkSimUN\lib\jung-jai-samples-2.0.1.jar;C:\Users\ARODRIGUEZ\Documents\Codes\networkSimUN\lib\jung-samples-2.0.1.jar;C:\Users\ARODRIGUEZ\Documents\Codes\networkSimUN\lib\jung-visualization-2.0.1.jar;C:\Users\ARODRIGUEZ\Documents\Codes\networkSimUN\lib\junit.jar;C:\Users\ARODRIGUEZ\Documents\Codes\networkSimUN\lib\log4
Launcher Type: SUN_STANDARD

Environment Variables:
PATH=C:\ProgramData\Oracle\Java\javapath;C:\Program Files\Common Files\Microsoft Shared\Windows Live;C:\Program Files (x86)\Common Files\Microsoft Shared\Windows Live;C:\Program Files (x86)\Intel\iCLS Client\;C:\Program Files\Intel\iCLS Client\;C:\Windows\system32;C:\Windows;C:\Windows\System32\Wbem;C:\Windows\System32\WindowsPowerShell\v1.0\;C:\Program Files\Intel\Intel(R) Management Engine Components\DAL;C:\Program Files\Intel\Intel(R) Management Engine Components\IPT;C:\Program Files (x86)\Intel\Intel(R) Management Engine Components\DAL;C:\Program Files (x86)\Intel\Intel(R) Management Engine Components\IPT;C:\Program Files (x86)\Intel\OpenCL SDK\2.0\bin\x86;C:\Program Files (x86)\Intel\OpenCL SDK\2.0\bin\x64;C:\Program Files\Intel\WiFi\bin\;C:\Program Files\Common Files\Intel\WirelessCommon\;C:\Program Files (x86)\Windows Live\Shared;C:\Program Files (x86)\GtkSharp\2.12\bin;C:\Program Files\Git\cmd;C:\Program Files (x86)\MiKTeX 2.9\miktex\bin\;C:\Program Files (x86)\Skype\Phone\
USERNAME=ARODRIGUEZ
OS=Windows_NT
PROCESSOR_IDENTIFIER=Intel64 Family 6 Model 58 Stepping 9, GenuineIntel



---------------  S Y S T E M  ---------------

OS: Windows 7 , 64 bit Build 7601 (6.1.7601.18015)

CPU:total 4 (2 cores per cpu, 2 threads per core) family 6 model 58 stepping 9, cmov, cx8, fxsr, mmx, sse, sse2, sse3, ssse3, sse4.1, sse4.2, popcnt, avx, aes, clmul, erms, ht, tsc, tscinvbit, tscinv

Memory: 4k page, physical 6191468k(2552332k free), swap 12381072k(6823732k free)

vm_info: Java HotSpot(TM) 64-Bit Server VM (25.73-b02) for windows-amd64 JRE (1.8.0_73-b02), built on Jan 29 2016 17:38:49 by "java_re" with MS VC++ 10.0 (VS2010)

time: Thu Mar 23 15:30:17 2017
elapsed time: 102 seconds (0d 0h 1m 42s)

