#
# There is insufficient memory for the Java Runtime Environment to continue.
# Native memory allocation (malloc) failed to allocate 409468928 bytes for committing reserved memory.
# Possible reasons:
#   The system is out of physical RAM or swap space
#   In 32 bit mode, the process size limit was hit
# Possible solutions:
#   Reduce memory load on the system
#   Increase physical memory or swap space
#   Check if swap backing store is full
#   Use 64 bit Java on a 64 bit OS
#   Decrease Java heap size (-Xmx/-Xms)
#   Decrease number of Java threads
#   Decrease Java thread stack sizes (-Xss)
#   Set larger code cache with -XX:ReservedCodeCacheSize=
# This output file may be truncated or incomplete.
#
#  Out of Memory Error (os_linux.cpp:2827), pid=18699, tid=140510866491136
#
# JRE version: OpenJDK Runtime Environment (7.0_111-b01) (build 1.7.0_111-b01)
# Java VM: OpenJDK 64-Bit Server VM (24.111-b01 mixed mode linux-amd64 compressed oops)
# Derivative: IcedTea 2.6.7
# Distribution: Debian GNU/Linux 8.6 (jessie), package 7u111-2.6.7-2~deb8u1
# Failed to write core dump. Core dumps have been disabled. To enable core dumping, try "ulimit -c unlimited" before starting Java again
#

---------------  T H R E A D  ---------------

Current thread (0x00007fcb48071000):  VMThread [stack: 0x00007fcb3c38c000,0x00007fcb3c48d000] [id=18708]

Stack: [0x00007fcb3c38c000,0x00007fcb3c48d000],  sp=0x00007fcb3c48b4e0,  free space=1021k
Native frames: (J=compiled Java code, j=interpreted, Vv=VM code, C=native code)
V  [libjvm.so+0x98e646]
V  [libjvm.so+0x4980c2]
V  [libjvm.so+0x7ff3db]
V  [libjvm.so+0x7f99fe]
V  [libjvm.so+0x86db6b]
V  [libjvm.so+0x86ea23]
V  [libjvm.so+0x86f13b]
V  [libjvm.so+0x86b1c1]
V  [libjvm.so+0x86ba38]
V  [libjvm.so+0x822a73]
V  [libjvm.so+0x98ff22]
V  [libjvm.so+0x9943a7]
V  [libjvm.so+0x992b1b]
V  [libjvm.so+0x9931c6]
V  [libjvm.so+0x993691]
V  [libjvm.so+0x7fc2a2]

VM_Operation (0x00007fcaf88c7350): ParallelGCFailedAllocation, mode: safepoint, requested by thread 0x00007fcb48416000


---------------  P R O C E S S  ---------------

Java Threads: ( => current thread )
  0x00007fcafc00d000 JavaThread "Thread-288" [_thread_blocked, id=20062, stack(0x00007fcaf8bcc000,0x00007fcaf8ccd000)]
  0x00007fcb20009000 JavaThread "Thread-250" [_thread_blocked, id=19914, stack(0x00007fcaf8acb000,0x00007fcaf8bcc000)]
  0x00007fcb14002000 JavaThread "Thread-232" [_thread_blocked, id=19841, stack(0x00007fcaf8dce000,0x00007fcaf8ecf000)]
  0x00007fcb04008000 JavaThread "Thread-213" [_thread_blocked, id=19756, stack(0x00007fcaf88c9000,0x00007fcaf89ca000)]
  0x00007fcb1400a800 JavaThread "Thread-159" [_thread_blocked, id=19466, stack(0x00007fcaf7f51000,0x00007fcaf8052000)]
  0x00007fcb30011000 JavaThread "Thread-111" [_thread_blocked, id=18960, stack(0x00007fcaf81b2000,0x00007fcaf82b3000)]
  0x00007fcb48416000 JavaThread "Thread-107" [_thread_blocked, id=18930, stack(0x00007fcaf87c8000,0x00007fcaf88c9000)]
  0x00007fcb48411800 JavaThread "Thread-105" [_thread_blocked, id=18928, stack(0x00007fcaf89ca000,0x00007fcaf8acb000)]
  0x00007fcb4840b800 JavaThread "Thread-102" [_thread_blocked, id=18925, stack(0x00007fcaf8ccd000,0x00007fcaf8dce000)]
  0x00007fcb48407800 JavaThread "Thread-100" [_thread_blocked, id=18923, stack(0x00007fcaf8ecf000,0x00007fcaf8fd0000)]
  0x00007fcb48405000 JavaThread "Thread-99" [_thread_blocked, id=18922, stack(0x00007fcaf8fd0000,0x00007fcaf90d1000)]
  0x00007fcb48403000 JavaThread "Thread-98" [_thread_blocked, id=18921, stack(0x00007fcaf90d1000,0x00007fcaf91d2000)]
  0x00007fcb48401000 JavaThread "Thread-97" [_thread_blocked, id=18920, stack(0x00007fcaf91d2000,0x00007fcaf92d3000)]
  0x00007fcb483ff000 JavaThread "Thread-96" [_thread_blocked, id=18919, stack(0x00007fcaf92d3000,0x00007fcaf93d4000)]
  0x00007fcb483fd000 JavaThread "Thread-95" [_thread_blocked, id=18917, stack(0x00007fcaf93d4000,0x00007fcaf94d5000)]
  0x00007fcb483fa800 JavaThread "Thread-94" [_thread_blocked, id=18914, stack(0x00007fcaf94d5000,0x00007fcaf95d6000)]
  0x00007fcb483f8800 JavaThread "Thread-93" [_thread_blocked, id=18913, stack(0x00007fcaf95d6000,0x00007fcaf96d7000)]
  0x00007fcb483f6800 JavaThread "Thread-92" [_thread_blocked, id=18912, stack(0x00007fcaf96d7000,0x00007fcaf97d8000)]
  0x00007fcb483f4800 JavaThread "Thread-91" [_thread_blocked, id=18911, stack(0x00007fcaf97d8000,0x00007fcaf98d9000)]
  0x00007fcb483f2800 JavaThread "Thread-90" [_thread_blocked, id=18910, stack(0x00007fcaf98d9000,0x00007fcaf99da000)]
  0x00007fcb483f0800 JavaThread "Thread-89" [_thread_blocked, id=18909, stack(0x00007fcaf99da000,0x00007fcaf9adb000)]
  0x00007fcb483ee800 JavaThread "Thread-88" [_thread_blocked, id=18908, stack(0x00007fcaf9adb000,0x00007fcaf9bdc000)]
  0x00007fcb483ec000 JavaThread "Thread-87" [_thread_blocked, id=18907, stack(0x00007fcaf9bdc000,0x00007fcaf9cdd000)]
  0x00007fcb483ea000 JavaThread "Thread-86" [_thread_blocked, id=18906, stack(0x00007fcaf9cdd000,0x00007fcaf9dde000)]
  0x00007fcb483e8000 JavaThread "Thread-85" [_thread_blocked, id=18905, stack(0x00007fcaf9dde000,0x00007fcaf9edf000)]
  0x00007fcb483e6000 JavaThread "Thread-84" [_thread_blocked, id=18904, stack(0x00007fcaf9edf000,0x00007fcaf9fe0000)]
  0x00007fcb483e4000 JavaThread "Thread-83" [_thread_blocked, id=18903, stack(0x00007fcaf9fe0000,0x00007fcafa0e1000)]
  0x00007fcb483e2000 JavaThread "Thread-82" [_thread_blocked, id=18902, stack(0x00007fcafa0e1000,0x00007fcafa1e2000)]
  0x00007fcb483e0000 JavaThread "Thread-81" [_thread_blocked, id=18901, stack(0x00007fcafa1e2000,0x00007fcafa2e3000)]
  0x00007fcb483dd800 JavaThread "Thread-80" [_thread_blocked, id=18900, stack(0x00007fcafa2e3000,0x00007fcafa3e4000)]
  0x00007fcb483db800 JavaThread "Thread-79" [_thread_blocked, id=18899, stack(0x00007fcafa3e4000,0x00007fcafa4e5000)]
  0x00007fcb483d9800 JavaThread "Thread-78" [_thread_blocked, id=18897, stack(0x00007fcafa4e5000,0x00007fcafa5e6000)]
  0x00007fcb483d7800 JavaThread "Thread-77" [_thread_blocked, id=18895, stack(0x00007fcafa5e6000,0x00007fcafa6e7000)]
  0x00007fcb483d5800 JavaThread "Thread-76" [_thread_blocked, id=18894, stack(0x00007fcafa6e7000,0x00007fcafa7e8000)]
  0x00007fcb483d3000 JavaThread "Thread-75" [_thread_blocked, id=18892, stack(0x00007fcafa7e8000,0x00007fcafa8e9000)]
  0x00007fcb483d1000 JavaThread "Thread-74" [_thread_blocked, id=18891, stack(0x00007fcafa8e9000,0x00007fcafa9ea000)]
  0x00007fcb483cf000 JavaThread "Thread-73" [_thread_blocked, id=18889, stack(0x00007fcafa9ea000,0x00007fcafaaeb000)]
  0x00007fcb483cd000 JavaThread "Thread-72" [_thread_blocked, id=18888, stack(0x00007fcafaaeb000,0x00007fcafabec000)]
  0x00007fcb483cb000 JavaThread "Thread-71" [_thread_blocked, id=18887, stack(0x00007fcafabec000,0x00007fcafaced000)]
  0x00007fcb483c9000 JavaThread "Thread-70" [_thread_blocked, id=18886, stack(0x00007fcafaced000,0x00007fcafadee000)]
  0x00007fcb483c7000 JavaThread "Thread-69" [_thread_blocked, id=18885, stack(0x00007fcafadee000,0x00007fcafaeef000)]
  0x00007fcb483c4800 JavaThread "Thread-68" [_thread_blocked, id=18884, stack(0x00007fcafaeef000,0x00007fcafaff0000)]
  0x00007fcb483c2800 JavaThread "Thread-67" [_thread_blocked, id=18883, stack(0x00007fcafaff0000,0x00007fcafb0f1000)]
  0x00007fcb483c0800 JavaThread "Thread-66" [_thread_blocked, id=18882, stack(0x00007fcafb0f1000,0x00007fcafb1f2000)]
  0x00007fcb483be800 JavaThread "Thread-65" [_thread_blocked, id=18881, stack(0x00007fcafb1f2000,0x00007fcafb2f3000)]
  0x00007fcb483bc800 JavaThread "Thread-64" [_thread_blocked, id=18879, stack(0x00007fcafb2f3000,0x00007fcafb3f4000)]
  0x00007fcb483ba000 JavaThread "Thread-63" [_thread_blocked, id=18878, stack(0x00007fcafb3f4000,0x00007fcafb4f5000)]
  0x00007fcb483b8000 JavaThread "Thread-62" [_thread_blocked, id=18877, stack(0x00007fcafb4f5000,0x00007fcafb5f6000)]
  0x00007fcb483b6000 JavaThread "Thread-61" [_thread_blocked, id=18876, stack(0x00007fcafb5f6000,0x00007fcafb6f7000)]
  0x00007fcb483b4000 JavaThread "Thread-60" [_thread_blocked, id=18875, stack(0x00007fcafb6f7000,0x00007fcafb7f8000)]
  0x00007fcb483b2000 JavaThread "Thread-59" [_thread_blocked, id=18874, stack(0x00007fcafb7f8000,0x00007fcafb8f9000)]
  0x00007fcb483b0000 JavaThread "Thread-58" [_thread_blocked, id=18873, stack(0x00007fcafb8f9000,0x00007fcafb9fa000)]
  0x00007fcb483ae000 JavaThread "Thread-57" [_thread_blocked, id=18872, stack(0x00007fcafb9fa000,0x00007fcafbafb000)]
  0x00007fcb483ab800 JavaThread "Thread-56" [_thread_blocked, id=18871, stack(0x00007fcafbafb000,0x00007fcafbbfc000)]
  0x00007fcb483a9800 JavaThread "Thread-55" [_thread_blocked, id=18870, stack(0x00007fcafbbfc000,0x00007fcafbcfd000)]
  0x00007fcb483a7800 JavaThread "Thread-54" [_thread_blocked, id=18869, stack(0x00007fcafbcfd000,0x00007fcafbdfe000)]
  0x00007fcb483a5800 JavaThread "Thread-53" [_thread_blocked, id=18868, stack(0x00007fcafbdfe000,0x00007fcafbeff000)]
  0x00007fcb483a3800 JavaThread "Thread-52" [_thread_blocked, id=18866, stack(0x00007fcafbeff000,0x00007fcafc000000)]
  0x00007fcb483a1800 JavaThread "Thread-51" [_thread_blocked, id=18864, stack(0x00007fcb0c054000,0x00007fcb0c155000)]
  0x00007fcb4839f800 JavaThread "Thread-50" [_thread_blocked, id=18863, stack(0x00007fcb0c155000,0x00007fcb0c256000)]
  0x00007fcb4839d000 JavaThread "Thread-49" [_thread_blocked, id=18862, stack(0x00007fcb0c256000,0x00007fcb0c357000)]
  0x00007fcb4839b800 JavaThread "Thread-48" [_thread_blocked, id=18861, stack(0x00007fcb0c357000,0x00007fcb0c458000)]
  0x00007fcb4839a000 JavaThread "Thread-47" [_thread_blocked, id=18860, stack(0x00007fcb0c458000,0x00007fcb0c559000)]
  0x00007fcb48398000 JavaThread "Thread-46" [_thread_blocked, id=18859, stack(0x00007fcb0c559000,0x00007fcb0c65a000)]
  0x00007fcb48396800 JavaThread "Thread-45" [_thread_blocked, id=18858, stack(0x00007fcb0c65a000,0x00007fcb0c75b000)]
  0x00007fcb48394000 JavaThread "Thread-44" [_thread_blocked, id=18856, stack(0x00007fcb0c75b000,0x00007fcb0c85c000)]
  0x00007fcb48392000 JavaThread "Thread-43" [_thread_blocked, id=18855, stack(0x00007fcb0c85c000,0x00007fcb0c95d000)]
  0x00007fcb48390000 JavaThread "Thread-42" [_thread_blocked, id=18853, stack(0x00007fcb0c95d000,0x00007fcb0ca5e000)]
  0x00007fcb4838e000 JavaThread "Thread-41" [_thread_blocked, id=18852, stack(0x00007fcb0ca5e000,0x00007fcb0cb5f000)]
  0x00007fcb4838c800 JavaThread "Thread-40" [_thread_blocked, id=18851, stack(0x00007fcb0cb5f000,0x00007fcb0cc60000)]
  0x00007fcb4838a800 JavaThread "Thread-39" [_thread_blocked, id=18849, stack(0x00007fcb0cc60000,0x00007fcb0cd61000)]
  0x00007fcb48388800 JavaThread "Thread-38" [_thread_blocked, id=18847, stack(0x00007fcb0cd61000,0x00007fcb0ce62000)]
  0x00007fcb48386000 JavaThread "Thread-37" [_thread_blocked, id=18846, stack(0x00007fcb0ce62000,0x00007fcb0cf63000)]
  0x00007fcb48384800 JavaThread "Thread-36" [_thread_blocked, id=18845, stack(0x00007fcb0cf63000,0x00007fcb0d064000)]
  0x00007fcb48383000 JavaThread "Thread-35" [_thread_blocked, id=18844, stack(0x00007fcb0d064000,0x00007fcb0d165000)]
  0x00007fcb48381000 JavaThread "Thread-34" [_thread_blocked, id=18843, stack(0x00007fcb0d165000,0x00007fcb0d266000)]
  0x00007fcb4837f800 JavaThread "Thread-33" [_thread_blocked, id=18842, stack(0x00007fcb0d266000,0x00007fcb0d367000)]
  0x00007fcb4837e000 JavaThread "Thread-32" [_thread_blocked, id=18841, stack(0x00007fcb0d367000,0x00007fcb0d468000)]
  0x00007fcb4837c000 JavaThread "Thread-31" [_thread_blocked, id=18840, stack(0x00007fcb0d468000,0x00007fcb0d569000)]
  0x00007fcb4837a000 JavaThread "Thread-30" [_thread_blocked, id=18839, stack(0x00007fcb0d569000,0x00007fcb0d66a000)]
  0x00007fcb48377800 JavaThread "Thread-29" [_thread_blocked, id=18838, stack(0x00007fcb0d66a000,0x00007fcb0d76b000)]
  0x00007fcb48375800 JavaThread "Thread-28" [_thread_blocked, id=18837, stack(0x00007fcb0d76b000,0x00007fcb0d86c000)]
  0x00007fcb48373800 JavaThread "Thread-27" [_thread_blocked, id=18836, stack(0x00007fcb0d86c000,0x00007fcb0d96d000)]
  0x00007fcb48371800 JavaThread "Thread-26" [_thread_blocked, id=18835, stack(0x00007fcb0d96d000,0x00007fcb0da6e000)]
  0x00007fcb4836f800 JavaThread "Thread-25" [_thread_blocked, id=18834, stack(0x00007fcb0da6e000,0x00007fcb0db6f000)]
  0x00007fcb4836d800 JavaThread "Thread-24" [_thread_blocked, id=18833, stack(0x00007fcb0db6f000,0x00007fcb0dc70000)]
  0x00007fcb4836b800 JavaThread "Thread-23" [_thread_blocked, id=18832, stack(0x00007fcb0dc70000,0x00007fcb0dd71000)]
  0x00007fcb48369000 JavaThread "Thread-22" [_thread_blocked, id=18830, stack(0x00007fcb0dd71000,0x00007fcb0de72000)]
  0x00007fcb48367000 JavaThread "Thread-21" [_thread_blocked, id=18829, stack(0x00007fcb0de72000,0x00007fcb0df73000)]
  0x00007fcb48365000 JavaThread "Thread-20" [_thread_blocked, id=18828, stack(0x00007fcb0df73000,0x00007fcb0e074000)]
  0x00007fcb48363000 JavaThread "Thread-19" [_thread_blocked, id=18827, stack(0x00007fcb0e074000,0x00007fcb0e175000)]
  0x00007fcb48361000 JavaThread "Thread-18" [_thread_blocked, id=18826, stack(0x00007fcb0e68f000,0x00007fcb0e790000)]
  0x00007fcb4835f000 JavaThread "Thread-17" [_thread_blocked, id=18825, stack(0x00007fcb0e790000,0x00007fcb0e891000)]
  0x00007fcb4835c800 JavaThread "Thread-16" [_thread_blocked, id=18824, stack(0x00007fcb0e891000,0x00007fcb0e992000)]
  0x00007fcb4835a800 JavaThread "Thread-15" [_thread_blocked, id=18823, stack(0x00007fcb0e992000,0x00007fcb0ea93000)]
  0x00007fcb48358800 JavaThread "Thread-14" [_thread_blocked, id=18822, stack(0x00007fcb0ea93000,0x00007fcb0eb94000)]
  0x00007fcb48356800 JavaThread "Thread-13" [_thread_blocked, id=18821, stack(0x00007fcb0eb94000,0x00007fcb0ec95000)]
  0x00007fcb48354800 JavaThread "Thread-12" [_thread_blocked, id=18820, stack(0x00007fcb0ec95000,0x00007fcb0ed96000)]
  0x00007fcb48352800 JavaThread "Thread-11" [_thread_blocked, id=18818, stack(0x00007fcb0efec000,0x00007fcb0f0ed000)]
  0x00007fcb48350000 JavaThread "Thread-10" [_thread_blocked, id=18817, stack(0x00007fcb0f0ed000,0x00007fcb0f1ee000)]
  0x00007fcb4833e800 JavaThread "Thread-9" [_thread_blocked, id=18816, stack(0x00007fcb0f1ee000,0x00007fcb0f2ef000)]
  0x00007fcb4833d000 JavaThread "Thread-8" [_thread_blocked, id=18815, stack(0x00007fcb0f2ef000,0x00007fcb0f3f0000)]
  0x00007fcb4833b800 JavaThread "Thread-7" [_thread_blocked, id=18813, stack(0x00007fcb0f3f0000,0x00007fcb0f4f1000)]
  0x00007fcb4833a000 JavaThread "Thread-6" [_thread_blocked, id=18812, stack(0x00007fcb0f4f1000,0x00007fcb0f5f2000)]
  0x00007fcb48337800 JavaThread "Thread-5" [_thread_blocked, id=18811, stack(0x00007fcb0f5f2000,0x00007fcb0f6f3000)]
  0x00007fcb48335800 JavaThread "Thread-4" [_thread_blocked, id=18809, stack(0x00007fcb0f6f3000,0x00007fcb0f7f4000)]
  0x00007fcb48333800 JavaThread "Thread-3" [_thread_blocked, id=18807, stack(0x00007fcb0f7f4000,0x00007fcb0f8f5000)]
  0x00007fcb48331800 JavaThread "Thread-2" [_thread_blocked, id=18806, stack(0x00007fcb0f8f5000,0x00007fcb0f9f6000)]
  0x00007fcb4834b000 JavaThread "Thread-1" [_thread_blocked, id=18805, stack(0x00007fcb0f9f6000,0x00007fcb0faf7000)]
  0x00007fcb48349800 JavaThread "AWT-EventQueue-0" [_thread_blocked, id=18804, stack(0x00007fcb0faf7000,0x00007fcb0fbf8000)]
  0x00007fcb48348000 JavaThread "AWT-Shutdown" [_thread_blocked, id=18803, stack(0x00007fcb0fbf8000,0x00007fcb0fcf9000)]
  0x00007fcb4831a800 JavaThread "Thread-0" [_thread_blocked, id=18790, stack(0x00007fcb0fcf9000,0x00007fcb0fdfa000)]
  0x00007fcb482d3000 JavaThread "AWT-XAWT" daemon [_thread_in_native, id=18770, stack(0x00007fcb240b1000,0x00007fcb241b2000)]
  0x00007fcb48273800 JavaThread "Java2D Disposer" daemon [_thread_blocked, id=18769, stack(0x00007fcb243bd000,0x00007fcb244be000)]
  0x00007fcb480ab800 JavaThread "Service Thread" daemon [_thread_blocked, id=18720, stack(0x00007fcb27bfc000,0x00007fcb27cfd000)]
  0x00007fcb480a9000 JavaThread "C2 CompilerThread1" daemon [_thread_blocked, id=18719, stack(0x00007fcb27cfd000,0x00007fcb27dfe000)]
  0x00007fcb480a6000 JavaThread "C2 CompilerThread0" daemon [_thread_blocked, id=18718, stack(0x00007fcb27dfe000,0x00007fcb27eff000)]
  0x00007fcb480a4000 JavaThread "Signal Dispatcher" daemon [_thread_blocked, id=18715, stack(0x00007fcb27eff000,0x00007fcb28000000)]
  0x00007fcb48077800 JavaThread "Finalizer" daemon [_thread_blocked, id=18710, stack(0x00007fcb3c18a000,0x00007fcb3c28b000)]
  0x00007fcb48075800 JavaThread "Reference Handler" daemon [_thread_blocked, id=18709, stack(0x00007fcb3c28b000,0x00007fcb3c38c000)]
  0x00007fcb4800a000 JavaThread "main" [_thread_blocked, id=18701, stack(0x00007fcb51670000,0x00007fcb51771000)]

Other Threads:
=>0x00007fcb48071000 VMThread [stack: 0x00007fcb3c38c000,0x00007fcb3c48d000] [id=18708]
  0x00007fcb480b6000 WatcherThread [stack: 0x00007fcb27afb000,0x00007fcb27bfc000] [id=18721]

VM state:at safepoint (normal execution)

VM Mutex/Monitor currently owned by a thread:  ([mutex/lock_event])
[0x00007fcb48006390] Threads_lock - owner thread: 0x00007fcb48071000
[0x00007fcb48006890] Heap_lock - owner thread: 0x00007fcb48416000

Heap
 PSYoungGen      total 1027584K, used 1504K [0x00000007a8800000, 0x00000007e7880000, 0x0000000800000000)
  eden space 1022464K, 0% used [0x00000007a8800000,0x00000007a8800000,0x00000007e6e80000)
  from space 5120K, 29% used [0x00000007e6e80000,0x00000007e6ff8000,0x00000007e7380000)
  to   space 5120K, 0% used [0x00000007e7380000,0x00000007e7380000,0x00000007e7880000)
 ParOldGen       total 79872K, used 4482K [0x00000006f9800000, 0x00000006fe600000, 0x00000007a8800000)
  object space 79872K, 5% used [0x00000006f9800000,0x00000006f9c609b8,0x00000006fe600000)
 PSPermGen       total 21504K, used 12258K [0x00000006ef200000, 0x00000006f0700000, 0x00000006f9800000)
  object space 21504K, 57% used [0x00000006ef200000,0x00000006efdf88e0,0x00000006f0700000)

Card table byte_map: [0x00007fcb4d9e9000,0x00007fcb4e271000] byte_map_base: 0x00007fcb4a270000

Polling page: 0x00007fcb5177c000

Code Cache  [0x00007fcb45000000, 0x00007fcb45270000, 0x00007fcb48000000)
 total_blobs=1254 nmethods=793 adapters=414 free_code_cache=46875Kb largest_free_block=47944320

Compilation events (10 events):
Event: 53.663 Thread 0x00007fcb480a9000  835             java.lang.ref.Reference::<init> (25 bytes)
Event: 53.664 Thread 0x00007fcb480a9000 nmethod 835 0x00007fcb45240d90 code [0x00007fcb45240ec0, 0x00007fcb45240f78]
Event: 53.945 Thread 0x00007fcb480a9000  836             java.lang.String::split (326 bytes)
Event: 54.099 Thread 0x00007fcb480a9000 nmethod 836 0x00007fcb45193210 code [0x00007fcb45193480, 0x00007fcb45194710]
Event: 54.616 Thread 0x00007fcb480a6000  837             java.util.concurrent.locks.ReentrantLock$Sync::nonfairTryAcquire (67 bytes)
Event: 54.617 Thread 0x00007fcb480a6000 nmethod 837 0x00007fcb45242650 code [0x00007fcb452427a0, 0x00007fcb45242898]
Event: 55.418 Thread 0x00007fcb480a6000  838             java.util.Arrays::fill (28 bytes)
Event: 55.422 Thread 0x00007fcb480a6000 nmethod 838 0x00007fcb45192d50 code [0x00007fcb45192ea0, 0x00007fcb45193098]
Event: 56.363 Thread 0x00007fcb480a9000  839             java.util.ArrayList::subListRangeCheck (110 bytes)
Event: 56.364 Thread 0x00007fcb480a9000 nmethod 839 0x00007fcb45192a90 code [0x00007fcb45192be0, 0x00007fcb45192c78]

GC Heap History (10 events):
Event: 27.247 GC heap after
Heap after GC invocations=10 (full 0):
 PSYoungGen      total 404480K, used 320K [0x00000007a8800000, 0x00000007c1800000, 0x0000000800000000)
  eden space 399360K, 0% used [0x00000007a8800000,0x00000007a8800000,0x00000007c0e00000)
  from space 5120K, 6% used [0x00000007c1300000,0x00000007c1350000,0x00000007c1800000)
  to   space 5120K, 0% used [0x00000007c0e00000,0x00000007c0e00000,0x00000007c1300000)
 ParOldGen       total 79872K, used 3484K [0x00000006f9800000, 0x00000006fe600000, 0x00000007a8800000)
  object space 79872K, 4% used [0x00000006f9800000,0x00000006f9b671a8,0x00000006fe600000)
 PSPermGen       total 21504K, used 12187K [0x00000006ef200000, 0x00000006f0700000, 0x00000006f9800000)
  object space 21504K, 56% used [0x00000006ef200000,0x00000006efde6ce8,0x00000006f0700000)
}
Event: 33.628 GC heap before
{Heap before GC invocations=11 (full 0):
 PSYoungGen      total 404480K, used 399680K [0x00000007a8800000, 0x00000007c1800000, 0x0000000800000000)
  eden space 399360K, 100% used [0x00000007a8800000,0x00000007c0e00000,0x00000007c0e00000)
  from space 5120K, 6% used [0x00000007c1300000,0x00000007c1350000,0x00000007c1800000)
  to   space 5120K, 0% used [0x00000007c0e00000,0x00000007c0e00000,0x00000007c1300000)
 ParOldGen       total 79872K, used 3484K [0x00000006f9800000, 0x00000006fe600000, 0x00000007a8800000)
  object space 79872K, 4% used [0x00000006f9800000,0x00000006f9b671a8,0x00000006fe600000)
 PSPermGen       total 21504K, used 12204K [0x00000006ef200000, 0x00000006f0700000, 0x00000006f9800000)
  object space 21504K, 56% used [0x00000006ef200000,0x00000006efdeb028,0x00000006f0700000)
Event: 33.632 GC heap after
Heap after GC invocations=11 (full 0):
 PSYoungGen      total 404480K, used 498K [0x00000007a8800000, 0x00000007d0200000, 0x0000000800000000)
  eden space 399360K, 0% used [0x00000007a8800000,0x00000007a8800000,0x00000007c0e00000)
  from space 5120K, 9% used [0x00000007c0e00000,0x00000007c0e7cb18,0x00000007c1300000)
  to   space 5120K, 0% used [0x00000007cfd00000,0x00000007cfd00000,0x00000007d0200000)
 ParOldGen       total 79872K, used 3548K [0x00000006f9800000, 0x00000006fe600000, 0x00000007a8800000)
  object space 79872K, 4% used [0x00000006f9800000,0x00000006f9b771a8,0x00000006fe600000)
 PSPermGen       total 21504K, used 12204K [0x00000006ef200000, 0x00000006f0700000, 0x00000006f9800000)
  object space 21504K, 56% used [0x00000006ef200000,0x00000006efdeb028,0x00000006f0700000)
}
Event: 37.733 GC heap before
{Heap before GC invocations=12 (full 0):
 PSYoungGen      total 404480K, used 399858K [0x00000007a8800000, 0x00000007d0200000, 0x0000000800000000)
  eden space 399360K, 100% used [0x00000007a8800000,0x00000007c0e00000,0x00000007c0e00000)
  from space 5120K, 9% used [0x00000007c0e00000,0x00000007c0e7cb18,0x00000007c1300000)
  to   space 5120K, 0% used [0x00000007cfd00000,0x00000007cfd00000,0x00000007d0200000)
 ParOldGen       total 79872K, used 3548K [0x00000006f9800000, 0x00000006fe600000, 0x00000007a8800000)
  object space 79872K, 4% used [0x00000006f9800000,0x00000006f9b771a8,0x00000006fe600000)
 PSPermGen       total 21504K, used 12216K [0x00000006ef200000, 0x00000006f0700000, 0x00000006f9800000)
  object space 21504K, 56% used [0x00000006ef200000,0x00000006efdee3b0,0x00000006f0700000)
Event: 37.739 GC heap after
Heap after GC invocations=12 (full 0):
 PSYoungGen      total 644096K, used 485K [0x00000007a8800000, 0x00000007d0200000, 0x0000000800000000)
  eden space 638976K, 0% used [0x00000007a8800000,0x00000007a8800000,0x00000007cf800000)
  from space 5120K, 9% used [0x00000007cfd00000,0x00000007cfd79628,0x00000007d0200000)
  to   space 5120K, 0% used [0x00000007cf800000,0x00000007cf800000,0x00000007cfd00000)
 ParOldGen       total 79872K, used 3724K [0x00000006f9800000, 0x00000006fe600000, 0x00000007a8800000)
  object space 79872K, 4% used [0x00000006f9800000,0x00000006f9ba31a8,0x00000006fe600000)
 PSPermGen       total 21504K, used 12216K [0x00000006ef200000, 0x00000006f0700000, 0x00000006f9800000)
  object space 21504K, 56% used [0x00000006ef200000,0x00000006efdee3b0,0x00000006f0700000)
}
Event: 44.343 GC heap before
{Heap before GC invocations=13 (full 0):
 PSYoungGen      total 644096K, used 639461K [0x00000007a8800000, 0x00000007d0200000, 0x0000000800000000)
  eden space 638976K, 100% used [0x00000007a8800000,0x00000007cf800000,0x00000007cf800000)
  from space 5120K, 9% used [0x00000007cfd00000,0x00000007cfd79628,0x00000007d0200000)
  to   space 5120K, 0% used [0x00000007cf800000,0x00000007cf800000,0x00000007cfd00000)
 ParOldGen       total 79872K, used 3724K [0x00000006f9800000, 0x00000006fe600000, 0x00000007a8800000)
  object space 79872K, 4% used [0x00000006f9800000,0x00000006f9ba31a8,0x00000006fe600000)
 PSPermGen       total 21504K, used 12230K [0x00000006ef200000, 0x00000006f0700000, 0x00000006f9800000)
  object space 21504K, 56% used [0x00000006ef200000,0x00000006efdf1880,0x00000006f0700000)
Event: 44.346 GC heap after
Heap after GC invocations=13 (full 0):
 PSYoungGen      total 644096K, used 837K [0x00000007a8800000, 0x00000007e7880000, 0x0000000800000000)
  eden space 638976K, 0% used [0x00000007a8800000,0x00000007a8800000,0x00000007cf800000)
  from space 5120K, 16% used [0x00000007cf800000,0x00000007cf8d1628,0x00000007cfd00000)
  to   space 5120K, 0% used [0x00000007e7380000,0x00000007e7380000,0x00000007e7880000)
 ParOldGen       total 79872K, used 3804K [0x00000006f9800000, 0x00000006fe600000, 0x00000007a8800000)
  object space 79872K, 4% used [0x00000006f9800000,0x00000006f9bb71a8,0x00000006fe600000)
 PSPermGen       total 21504K, used 12230K [0x00000006ef200000, 0x00000006f0700000, 0x00000006f9800000)
  object space 21504K, 56% used [0x00000006ef200000,0x00000006efdf1880,0x00000006f0700000)
}
Event: 49.341 GC heap before
{Heap before GC invocations=14 (full 0):
 PSYoungGen      total 644096K, used 639813K [0x00000007a8800000, 0x00000007e7880000, 0x0000000800000000)
  eden space 638976K, 100% used [0x00000007a8800000,0x00000007cf800000,0x00000007cf800000)
  from space 5120K, 16% used [0x00000007cf800000,0x00000007cf8d1628,0x00000007cfd00000)
  to   space 5120K, 0% used [0x00000007e7380000,0x00000007e7380000,0x00000007e7880000)
 ParOldGen       total 79872K, used 3804K [0x00000006f9800000, 0x00000006fe600000, 0x00000007a8800000)
  object space 79872K, 4% used [0x00000006f9800000,0x00000006f9bb71a8,0x00000006fe600000)
 PSPermGen       total 21504K, used 12247K [0x00000006ef200000, 0x00000006f0700000, 0x00000006f9800000)
  object space 21504K, 56% used [0x00000006ef200000,0x00000006efdf5f20,0x00000006f0700000)
Event: 49.344 GC heap after
Heap after GC invocations=14 (full 0):
 PSYoungGen      total 1027584K, used 1010K [0x00000007a8800000, 0x00000007e7880000, 0x0000000800000000)
  eden space 1022464K, 0% used [0x00000007a8800000,0x00000007a8800000,0x00000007e6e80000)
  from space 5120K, 19% used [0x00000007e7380000,0x00000007e747cb10,0x00000007e7880000)
  to   space 5120K, 0% used [0x00000007e6e80000,0x00000007e6e80000,0x00000007e7380000)
 ParOldGen       total 79872K, used 4194K [0x00000006f9800000, 0x00000006fe600000, 0x00000007a8800000)
  object space 79872K, 5% used [0x00000006f9800000,0x00000006f9c189b8,0x00000006fe600000)
 PSPermGen       total 21504K, used 12247K [0x00000006ef200000, 0x00000006f0700000, 0x00000006f9800000)
  object space 21504K, 56% used [0x00000006ef200000,0x00000006efdf5f20,0x00000006f0700000)
}
Event: 56.439 GC heap before
{Heap before GC invocations=15 (full 0):
 PSYoungGen      total 1027584K, used 1023474K [0x00000007a8800000, 0x00000007e7880000, 0x0000000800000000)
  eden space 1022464K, 100% used [0x00000007a8800000,0x00000007e6e80000,0x00000007e6e80000)
  from space 5120K, 19% used [0x00000007e7380000,0x00000007e747cb10,0x00000007e7880000)
  to   space 5120K, 0% used [0x00000007e6e80000,0x00000007e6e80000,0x00000007e7380000)
 ParOldGen       total 79872K, used 4194K [0x00000006f9800000, 0x00000006fe600000, 0x00000007a8800000)
  object space 79872K, 5% used [0x00000006f9800000,0x00000006f9c189b8,0x00000006fe600000)
 PSPermGen       total 21504K, used 12258K [0x00000006ef200000, 0x00000006f0700000, 0x00000006f9800000)
  object space 21504K, 57% used [0x00000006ef200000,0x00000006efdf88e0,0x00000006f0700000)

Deoptimization events (10 events):
Event: 39.425 Thread 0x00007fcb48349800 Uncommon trap: reason=unstable_if action=reinterpret pc=0x00007fcb45193068 method=sun.java2d.pisces.Stroker.quadTo(FFFF)V @ 228
Event: 43.001 Thread 0x00007fcb48416000 Uncommon trap: reason=unstable_if action=reinterpret pc=0x00007fcb451384d0 method=unalcol.agents.NetworkSim.environment.NetworkEnvironmentReplication.areAllAgentsDead()Z @ 57
Event: 49.302 Thread 0x00007fcb48367000 Uncommon trap: reason=predicate action=maybe_recompile pc=0x00007fcb4523ac70 method=java.util.AbstractCollection.toArray([Ljava/lang/Object;)[Ljava/lang/Object; @ 49
Event: 49.576 Thread 0x00007fcb48416000 Uncommon trap: reason=predicate action=maybe_recompile pc=0x00007fcb4523b9a8 method=java.util.Arrays.fill([Ljava/lang/Object;IILjava/lang/Object;)V @ 16
Event: 50.664 Thread 0x00007fcb48367000 Uncommon trap: reason=array_check action=maybe_recompile pc=0x00007fcb4523f16c method=java.util.AbstractCollection.toArray([Ljava/lang/Object;)[Ljava/lang/Object; @ 119
Event: 50.664 Thread 0x00007fcb48367000 Uncommon trap: reason=array_check action=maybe_recompile pc=0x00007fcb4523f16c method=java.util.AbstractCollection.toArray([Ljava/lang/Object;)[Ljava/lang/Object; @ 119
Event: 50.664 Thread 0x00007fcb48367000 Uncommon trap: reason=array_check action=maybe_recompile pc=0x00007fcb4523f16c method=java.util.AbstractCollection.toArray([Ljava/lang/Object;)[Ljava/lang/Object; @ 119
Event: 50.664 Thread 0x00007fcb48367000 Uncommon trap: reason=array_check action=maybe_recompile pc=0x00007fcb4523f16c method=java.util.AbstractCollection.toArray([Ljava/lang/Object;)[Ljava/lang/Object; @ 119
Event: 56.161 Thread 0x00007fcb4840b800 Uncommon trap: reason=array_check action=maybe_recompile pc=0x00007fcb4519301c method=java.util.Arrays.fill([Ljava/lang/Object;IILjava/lang/Object;)V @ 20
Event: 56.391 Thread 0x00007fcb48411800 Uncommon trap: reason=array_check action=maybe_recompile pc=0x00007fcb4519301c method=java.util.Arrays.fill([Ljava/lang/Object;IILjava/lang/Object;)V @ 20

Internal exceptions (10 events):
Event: 5.088 Thread 0x00007fcb4841c000 Threw 0x00000007a8800d50 at /home/jmm/scratch/jdk/openjdk-7-7u111-2.6.7/build/openjdk/hotspot/src/share/vm/prims/jvm.cpp:1322
Event: 5.151 Thread 0x00007fcb4841c000 Threw 0x00000007a8844790 at /home/jmm/scratch/jdk/openjdk-7-7u111-2.6.7/build/openjdk/hotspot/src/share/vm/prims/jvm.cpp:1322
Event: 5.152 Thread 0x00007fcb4841c000 Threw 0x00000007a8849838 at /home/jmm/scratch/jdk/openjdk-7-7u111-2.6.7/build/openjdk/hotspot/src/share/vm/prims/jvm.cpp:1322
Event: 5.204 Thread 0x00007fcb4839b800 Threw 0x00000007a9182260 at /home/jmm/scratch/jdk/openjdk-7-7u111-2.6.7/build/openjdk/hotspot/src/share/vm/prims/jvm.cpp:1322
Event: 6.502 Thread 0x00007fcb48349800 Threw 0x00000007aba0dbc0 at /home/jmm/scratch/jdk/openjdk-7-7u111-2.6.7/build/openjdk/hotspot/src/share/vm/prims/jvm.cpp:1322
Event: 6.503 Thread 0x00007fcb48349800 Threw 0x00000007aba16580 at /home/jmm/scratch/jdk/openjdk-7-7u111-2.6.7/build/openjdk/hotspot/src/share/vm/prims/jvm.cpp:1322
Event: 7.501 Thread 0x00007fcb48349800 Threw 0x00000007aa374518 at /home/jmm/scratch/jdk/openjdk-7-7u111-2.6.7/build/openjdk/hotspot/src/share/vm/prims/jni.cpp:747
Event: 28.668 Thread 0x00007fcb48363000 Implicit null exception at 0x00007fcb450cb362 to 0x00007fcb450cbfa1
Event: 28.669 Thread 0x00007fcb483cb000 Implicit null exception at 0x00007fcb450c4101 to 0x00007fcb450c4655
Event: 30.039 Thread 0x00007fcb48413800 Threw 0x00000007a98e5888 at /home/jmm/scratch/jdk/openjdk-7-7u111-2.6.7/build/openjdk/hotspot/src/share/vm/prims/jvm.cpp:1322

Events (10 events):
Event: 56.116 Thread 0x00007fcb10002000 Thread exited: 0x00007fcb10002000
Event: 56.161 Thread 0x00007fcb4840b800 Uncommon trap: trap_request=0xffffffd6 fr.pc=0x00007fcb4519301c
Event: 56.161 Thread 0x00007fcb4840b800 DEOPT PACKING pc=0x00007fcb4519301c sp=0x00007fcaf8dcc720
Event: 56.161 Thread 0x00007fcb4840b800 DEOPT UNPACKING pc=0x00007fcb45039445 sp=0x00007fcaf8dcc6f0 mode 2
Event: 56.258 Thread 0x00007fcb20009800 Thread added: 0x00007fcb20009800
Event: 56.259 Thread 0x00007fcb20009800 Thread exited: 0x00007fcb20009800
Event: 56.391 Thread 0x00007fcb48411800 Uncommon trap: trap_request=0xffffffd6 fr.pc=0x00007fcb4519301c
Event: 56.391 Thread 0x00007fcb48411800 DEOPT PACKING pc=0x00007fcb4519301c sp=0x00007fcaf8ac9720
Event: 56.391 Thread 0x00007fcb48411800 DEOPT UNPACKING pc=0x00007fcb45039445 sp=0x00007fcaf8ac96f0 mode 2
Event: 56.425 Executing VM operation: ParallelGCFailedAllocation


Dynamic libraries:
00400000-00401000 r-xp 00000000 08:01 274833                             /usr/lib/jvm/java-7-openjdk-amd64/jre/bin/java
00600000-00601000 r--p 00000000 08:01 274833                             /usr/lib/jvm/java-7-openjdk-amd64/jre/bin/java
00601000-00602000 rw-p 00001000 08:01 274833                             /usr/lib/jvm/java-7-openjdk-amd64/jre/bin/java
01f1f000-02119000 rw-p 00000000 00:00 0                                  [heap]
6ef200000-6f0700000 rw-p 00000000 00:00 0 
6f0700000-6f9800000 rw-p 00000000 00:00 0 
6f9800000-6fe600000 rw-p 00000000 00:00 0 
6fe600000-7a8800000 rw-p 00000000 00:00 0 
7a8800000-7e7880000 rw-p 00000000 00:00 0 
7fff00000-800000000 rw-p 00000000 00:00 0 
7fcaf7e50000-7fcaf7e53000 ---p 00000000 00:00 0 
7fcaf7e53000-7fcaf7f51000 rw-p 00000000 00:00 0 
7fcaf7f51000-7fcaf7f54000 ---p 00000000 00:00 0 
7fcaf7f54000-7fcaf8052000 rw-p 00000000 00:00 0                          [stack:19466]
7fcaf8052000-7fcaf81b2000 rw-s 00000000 00:04 25853956                   /SYSV00000000 (deleted)
7fcaf81b2000-7fcaf81b5000 ---p 00000000 00:00 0 
7fcaf81b5000-7fcaf82b3000 rw-p 00000000 00:00 0                          [stack:18960]
7fcaf82b3000-7fcaf82c4000 r-xp 00000000 08:01 147333                     /usr/lib/jvm/java-7-openjdk-amd64/jre/lib/amd64/libnio.so
7fcaf82c4000-7fcaf84c3000 ---p 00011000 08:01 147333                     /usr/lib/jvm/java-7-openjdk-amd64/jre/lib/amd64/libnio.so
7fcaf84c3000-7fcaf84c4000 r--p 00010000 08:01 147333                     /usr/lib/jvm/java-7-openjdk-amd64/jre/lib/amd64/libnio.so
7fcaf84c4000-7fcaf84c5000 rw-p 00011000 08:01 147333                     /usr/lib/jvm/java-7-openjdk-amd64/jre/lib/amd64/libnio.so
7fcaf84c5000-7fcaf84c8000 ---p 00000000 00:00 0 
7fcaf84c8000-7fcaf85c6000 rw-p 00000000 00:00 0 
7fcaf85c6000-7fcaf85c9000 ---p 00000000 00:00 0 
7fcaf85c9000-7fcaf86c7000 rw-p 00000000 00:00 0 
7fcaf86c7000-7fcaf86ca000 ---p 00000000 00:00 0 
7fcaf86ca000-7fcaf87c8000 rw-p 00000000 00:00 0 
7fcaf87c8000-7fcaf87cb000 ---p 00000000 00:00 0 
7fcaf87cb000-7fcaf88c9000 rw-p 00000000 00:00 0                          [stack:18930]
7fcaf88c9000-7fcaf88cc000 ---p 00000000 00:00 0 
7fcaf88cc000-7fcaf89ca000 rw-p 00000000 00:00 0                          [stack:19756]
7fcaf89ca000-7fcaf89cd000 ---p 00000000 00:00 0 
7fcaf89cd000-7fcaf8acb000 rw-p 00000000 00:00 0                          [stack:18928]
7fcaf8acb000-7fcaf8ace000 ---p 00000000 00:00 0 
7fcaf8ace000-7fcaf8bcc000 rw-p 00000000 00:00 0                          [stack:19914]
7fcaf8bcc000-7fcaf8bcf000 ---p 00000000 00:00 0 
7fcaf8bcf000-7fcaf8ccd000 rw-p 00000000 00:00 0                          [stack:20062]
7fcaf8ccd000-7fcaf8cd0000 ---p 00000000 00:00 0 
7fcaf8cd0000-7fcaf8dce000 rw-p 00000000 00:00 0                          [stack:18925]
7fcaf8dce000-7fcaf8dd1000 ---p 00000000 00:00 0 
7fcaf8dd1000-7fcaf8ecf000 rw-p 00000000 00:00 0                          [stack:19841]
7fcaf8ecf000-7fcaf8ed2000 ---p 00000000 00:00 0 
7fcaf8ed2000-7fcaf8fd0000 rw-p 00000000 00:00 0                          [stack:18923]
7fcaf8fd0000-7fcaf8fd3000 ---p 00000000 00:00 0 
7fcaf8fd3000-7fcaf90d1000 rw-p 00000000 00:00 0                          [stack:18922]
7fcaf90d1000-7fcaf90d4000 ---p 00000000 00:00 0 
7fcaf90d4000-7fcaf91d2000 rw-p 00000000 00:00 0                          [stack:18921]
7fcaf91d2000-7fcaf91d5000 ---p 00000000 00:00 0 
7fcaf91d5000-7fcaf92d3000 rw-p 00000000 00:00 0                          [stack:18920]
7fcaf92d3000-7fcaf92d6000 ---p 00000000 00:00 0 
7fcaf92d6000-7fcaf93d4000 rw-p 00000000 00:00 0                          [stack:18919]
7fcaf93d4000-7fcaf93d7000 ---p 00000000 00:00 0 
7fcaf93d7000-7fcaf94d5000 rw-p 00000000 00:00 0                          [stack:18917]
7fcaf94d5000-7fcaf94d8000 ---p 00000000 00:00 0 
7fcaf94d8000-7fcaf95d6000 rw-p 00000000 00:00 0                          [stack:18914]
7fcaf95d6000-7fcaf95d9000 ---p 00000000 00:00 0 
7fcaf95d9000-7fcaf96d7000 rw-p 00000000 00:00 0                          [stack:18913]
7fcaf96d7000-7fcaf96da000 ---p 00000000 00:00 0 
7fcaf96da000-7fcaf97d8000 rw-p 00000000 00:00 0                          [stack:18912]
7fcaf97d8000-7fcaf97db000 ---p 00000000 00:00 0 
7fcaf97db000-7fcaf98d9000 rw-p 00000000 00:00 0                          [stack:18911]
7fcaf98d9000-7fcaf98dc000 ---p 00000000 00:00 0 
7fcaf98dc000-7fcaf99da000 rw-p 00000000 00:00 0                          [stack:18910]
7fcaf99da000-7fcaf99dd000 ---p 00000000 00:00 0 
7fcaf99dd000-7fcaf9adb000 rw-p 00000000 00:00 0                          [stack:18909]
7fcaf9adb000-7fcaf9ade000 ---p 00000000 00:00 0 
7fcaf9ade000-7fcaf9bdc000 rw-p 00000000 00:00 0                          [stack:18908]
7fcaf9bdc000-7fcaf9bdf000 ---p 00000000 00:00 0 
7fcaf9bdf000-7fcaf9cdd000 rw-p 00000000 00:00 0                          [stack:18907]
7fcaf9cdd000-7fcaf9ce0000 ---p 00000000 00:00 0 
7fcaf9ce0000-7fcaf9dde000 rw-p 00000000 00:00 0                          [stack:18906]
7fcaf9dde000-7fcaf9de1000 ---p 00000000 00:00 0 
7fcaf9de1000-7fcaf9edf000 rw-p 00000000 00:00 0                          [stack:18905]
7fcaf9edf000-7fcaf9ee2000 ---p 00000000 00:00 0 
7fcaf9ee2000-7fcaf9fe0000 rw-p 00000000 00:00 0                          [stack:18904]
7fcaf9fe0000-7fcaf9fe3000 ---p 00000000 00:00 0 
7fcaf9fe3000-7fcafa0e1000 rw-p 00000000 00:00 0                          [stack:18903]
7fcafa0e1000-7fcafa0e4000 ---p 00000000 00:00 0 
7fcafa0e4000-7fcafa1e2000 rw-p 00000000 00:00 0                          [stack:18902]
7fcafa1e2000-7fcafa1e5000 ---p 00000000 00:00 0 
7fcafa1e5000-7fcafa2e3000 rw-p 00000000 00:00 0                          [stack:18901]
7fcafa2e3000-7fcafa2e6000 ---p 00000000 00:00 0 
7fcafa2e6000-7fcafa3e4000 rw-p 00000000 00:00 0                          [stack:18900]
7fcafa3e4000-7fcafa3e7000 ---p 00000000 00:00 0 
7fcafa3e7000-7fcafa4e5000 rw-p 00000000 00:00 0                          [stack:18899]
7fcafa4e5000-7fcafa4e8000 ---p 00000000 00:00 0 
7fcafa4e8000-7fcafa5e6000 rw-p 00000000 00:00 0                          [stack:18897]
7fcafa5e6000-7fcafa5e9000 ---p 00000000 00:00 0 
7fcafa5e9000-7fcafa6e7000 rw-p 00000000 00:00 0                          [stack:18895]
7fcafa6e7000-7fcafa6ea000 ---p 00000000 00:00 0 
7fcafa6ea000-7fcafa7e8000 rw-p 00000000 00:00 0                          [stack:18894]
7fcafa7e8000-7fcafa7eb000 ---p 00000000 00:00 0 
7fcafa7eb000-7fcafa8e9000 rw-p 00000000 00:00 0                          [stack:18892]
7fcafa8e9000-7fcafa8ec000 ---p 00000000 00:00 0 
7fcafa8ec000-7fcafa9ea000 rw-p 00000000 00:00 0                          [stack:18891]
7fcafa9ea000-7fcafa9ed000 ---p 00000000 00:00 0 
7fcafa9ed000-7fcafaaeb000 rw-p 00000000 00:00 0                          [stack:18889]
7fcafaaeb000-7fcafaaee000 ---p 00000000 00:00 0 
7fcafaaee000-7fcafabec000 rw-p 00000000 00:00 0                          [stack:18888]
7fcafabec000-7fcafabef000 ---p 00000000 00:00 0 
7fcafabef000-7fcafaced000 rw-p 00000000 00:00 0                          [stack:18887]
7fcafaced000-7fcafacf0000 ---p 00000000 00:00 0 
7fcafacf0000-7fcafadee000 rw-p 00000000 00:00 0                          [stack:18886]
7fcafadee000-7fcafadf1000 ---p 00000000 00:00 0 
7fcafadf1000-7fcafaeef000 rw-p 00000000 00:00 0                          [stack:18885]
7fcafaeef000-7fcafaef2000 ---p 00000000 00:00 0 
7fcafaef2000-7fcafaff0000 rw-p 00000000 00:00 0                          [stack:18884]
7fcafaff0000-7fcafaff3000 ---p 00000000 00:00 0 
7fcafaff3000-7fcafb0f1000 rw-p 00000000 00:00 0                          [stack:18883]
7fcafb0f1000-7fcafb0f4000 ---p 00000000 00:00 0 
7fcafb0f4000-7fcafb1f2000 rw-p 00000000 00:00 0                          [stack:18882]
7fcafb1f2000-7fcafb1f5000 ---p 00000000 00:00 0 
7fcafb1f5000-7fcafb2f3000 rw-p 00000000 00:00 0                          [stack:18881]
7fcafb2f3000-7fcafb2f6000 ---p 00000000 00:00 0 
7fcafb2f6000-7fcafb3f4000 rw-p 00000000 00:00 0                          [stack:18879]
7fcafb3f4000-7fcafb3f7000 ---p 00000000 00:00 0 
7fcafb3f7000-7fcafb4f5000 rw-p 00000000 00:00 0                          [stack:18878]
7fcafb4f5000-7fcafb4f8000 ---p 00000000 00:00 0 
7fcafb4f8000-7fcafb5f6000 rw-p 00000000 00:00 0                          [stack:18877]
7fcafb5f6000-7fcafb5f9000 ---p 00000000 00:00 0 
7fcafb5f9000-7fcafb6f7000 rw-p 00000000 00:00 0                          [stack:18876]
7fcafb6f7000-7fcafb6fa000 ---p 00000000 00:00 0 
7fcafb6fa000-7fcafb7f8000 rw-p 00000000 00:00 0                          [stack:18875]
7fcafb7f8000-7fcafb7fb000 ---p 00000000 00:00 0 
7fcafb7fb000-7fcafb8f9000 rw-p 00000000 00:00 0                          [stack:18874]
7fcafb8f9000-7fcafb8fc000 ---p 00000000 00:00 0 
7fcafb8fc000-7fcafb9fa000 rw-p 00000000 00:00 0                          [stack:18873]
7fcafb9fa000-7fcafb9fd000 ---p 00000000 00:00 0 
7fcafb9fd000-7fcafbafb000 rw-p 00000000 00:00 0                          [stack:18872]
7fcafbafb000-7fcafbafe000 ---p 00000000 00:00 0 
7fcafbafe000-7fcafbbfc000 rw-p 00000000 00:00 0                          [stack:18871]
7fcafbbfc000-7fcafbbff000 ---p 00000000 00:00 0 
7fcafbbff000-7fcafbcfd000 rw-p 00000000 00:00 0                          [stack:18870]
7fcafbcfd000-7fcafbd00000 ---p 00000000 00:00 0 
7fcafbd00000-7fcafbdfe000 rw-p 00000000 00:00 0                          [stack:18869]
7fcafbdfe000-7fcafbe01000 ---p 00000000 00:00 0 
7fcafbe01000-7fcafbeff000 rw-p 00000000 00:00 0                          [stack:18868]
7fcafbeff000-7fcafbf02000 ---p 00000000 00:00 0 
7fcafbf02000-7fcafc000000 rw-p 00000000 00:00 0                          [stack:18866]
7fcafc000000-7fcafc021000 rw-p 00000000 00:00 0 
7fcafc021000-7fcb00000000 ---p 00000000 00:00 0 
7fcb00000000-7fcb00021000 rw-p 00000000 00:00 0 
7fcb00021000-7fcb04000000 ---p 00000000 00:00 0 
7fcb04000000-7fcb04021000 rw-p 00000000 00:00 0 
7fcb04021000-7fcb08000000 ---p 00000000 00:00 0 
7fcb08000000-7fcb08021000 rw-p 00000000 00:00 0 
7fcb08021000-7fcb0c000000 ---p 00000000 00:00 0 
7fcb0c054000-7fcb0c057000 ---p 00000000 00:00 0 
7fcb0c057000-7fcb0c155000 rw-p 00000000 00:00 0                          [stack:18864]
7fcb0c155000-7fcb0c158000 ---p 00000000 00:00 0 
7fcb0c158000-7fcb0c256000 rw-p 00000000 00:00 0                          [stack:18863]
7fcb0c256000-7fcb0c259000 ---p 00000000 00:00 0 
7fcb0c259000-7fcb0c357000 rw-p 00000000 00:00 0                          [stack:18862]
7fcb0c357000-7fcb0c35a000 ---p 00000000 00:00 0 
7fcb0c35a000-7fcb0c458000 rw-p 00000000 00:00 0                          [stack:18861]
7fcb0c458000-7fcb0c45b000 ---p 00000000 00:00 0 
7fcb0c45b000-7fcb0c559000 rw-p 00000000 00:00 0                          [stack:18860]
7fcb0c559000-7fcb0c55c000 ---p 00000000 00:00 0 
7fcb0c55c000-7fcb0c65a000 rw-p 00000000 00:00 0                          [stack:18859]
7fcb0c65a000-7fcb0c65d000 ---p 00000000 00:00 0 
7fcb0c65d000-7fcb0c75b000 rw-p 00000000 00:00 0                          [stack:18858]
7fcb0c75b000-7fcb0c75e000 ---p 00000000 00:00 0 
7fcb0c75e000-7fcb0c85c000 rw-p 00000000 00:00 0                          [stack:18856]
7fcb0c85c000-7fcb0c85f000 ---p 00000000 00:00 0 
7fcb0c85f000-7fcb0c95d000 rw-p 00000000 00:00 0                          [stack:18855]
7fcb0c95d000-7fcb0c960000 ---p 00000000 00:00 0 
7fcb0c960000-7fcb0ca5e000 rw-p 00000000 00:00 0                          [stack:18853]
7fcb0ca5e000-7fcb0ca61000 ---p 00000000 00:00 0 
7fcb0ca61000-7fcb0cb5f000 rw-p 00000000 00:00 0                          [stack:18852]
7fcb0cb5f000-7fcb0cb62000 ---p 00000000 00:00 0 
7fcb0cb62000-7fcb0cc60000 rw-p 00000000 00:00 0                          [stack:18851]
7fcb0cc60000-7fcb0cc63000 ---p 00000000 00:00 0 
7fcb0cc63000-7fcb0cd61000 rw-p 00000000 00:00 0                          [stack:18849]
7fcb0cd61000-7fcb0cd64000 ---p 00000000 00:00 0 
7fcb0cd64000-7fcb0ce62000 rw-p 00000000 00:00 0                          [stack:18847]
7fcb0ce62000-7fcb0ce65000 ---p 00000000 00:00 0 
7fcb0ce65000-7fcb0cf63000 rw-p 00000000 00:00 0                          [stack:18846]
7fcb0cf63000-7fcb0cf66000 ---p 00000000 00:00 0 
7fcb0cf66000-7fcb0d064000 rw-p 00000000 00:00 0                          [stack:18845]
7fcb0d064000-7fcb0d067000 ---p 00000000 00:00 0 
7fcb0d067000-7fcb0d165000 rw-p 00000000 00:00 0                          [stack:18844]
7fcb0d165000-7fcb0d168000 ---p 00000000 00:00 0 
7fcb0d168000-7fcb0d266000 rw-p 00000000 00:00 0                          [stack:18843]
7fcb0d266000-7fcb0d269000 ---p 00000000 00:00 0 
7fcb0d269000-7fcb0d367000 rw-p 00000000 00:00 0                          [stack:18842]
7fcb0d367000-7fcb0d36a000 ---p 00000000 00:00 0 
7fcb0d36a000-7fcb0d468000 rw-p 00000000 00:00 0                          [stack:18841]
7fcb0d468000-7fcb0d46b000 ---p 00000000 00:00 0 
7fcb0d46b000-7fcb0d569000 rw-p 00000000 00:00 0                          [stack:18840]
7fcb0d569000-7fcb0d56c000 ---p 00000000 00:00 0 
7fcb0d56c000-7fcb0d66a000 rw-p 00000000 00:00 0                          [stack:18839]
7fcb0d66a000-7fcb0d66d000 ---p 00000000 00:00 0 
7fcb0d66d000-7fcb0d76b000 rw-p 00000000 00:00 0                          [stack:18838]
7fcb0d76b000-7fcb0d76e000 ---p 00000000 00:00 0 
7fcb0d76e000-7fcb0d86c000 rw-p 00000000 00:00 0                          [stack:18837]
7fcb0d86c000-7fcb0d86f000 ---p 00000000 00:00 0 
7fcb0d86f000-7fcb0d96d000 rw-p 00000000 00:00 0                          [stack:18836]
7fcb0d96d000-7fcb0d970000 ---p 00000000 00:00 0 
7fcb0d970000-7fcb0da6e000 rw-p 00000000 00:00 0                          [stack:18835]
7fcb0da6e000-7fcb0da71000 ---p 00000000 00:00 0 
7fcb0da71000-7fcb0db6f000 rw-p 00000000 00:00 0                          [stack:18834]
7fcb0db6f000-7fcb0db72000 ---p 00000000 00:00 0 
7fcb0db72000-7fcb0dc70000 rw-p 00000000 00:00 0                          [stack:18833]
7fcb0dc70000-7fcb0dc73000 ---p 00000000 00:00 0 
7fcb0dc73000-7fcb0dd71000 rw-p 00000000 00:00 0                          [stack:18832]
7fcb0dd71000-7fcb0dd74000 ---p 00000000 00:00 0 
7fcb0dd74000-7fcb0de72000 rw-p 00000000 00:00 0                          [stack:18830]
7fcb0de72000-7fcb0de75000 ---p 00000000 00:00 0 
7fcb0de75000-7fcb0df73000 rw-p 00000000 00:00 0                          [stack:18829]
7fcb0df73000-7fcb0df76000 ---p 00000000 00:00 0 
7fcb0df76000-7fcb0e074000 rw-p 00000000 00:00 0                          [stack:18828]
7fcb0e074000-7fcb0e077000 ---p 00000000 00:00 0 
7fcb0e077000-7fcb0e476000 rw-p 00000000 00:00 0                          [stack:18827]
7fcb0e476000-7fcb0e48e000 r-xp 00000000 08:01 147330                     /usr/lib/jvm/java-7-openjdk-amd64/jre/lib/amd64/libnet.so
7fcb0e48e000-7fcb0e68d000 ---p 00018000 08:01 147330                     /usr/lib/jvm/java-7-openjdk-amd64/jre/lib/amd64/libnet.so
7fcb0e68d000-7fcb0e68e000 r--p 00017000 08:01 147330                     /usr/lib/jvm/java-7-openjdk-amd64/jre/lib/amd64/libnet.so
7fcb0e68e000-7fcb0e68f000 rw-p 00018000 08:01 147330                     /usr/lib/jvm/java-7-openjdk-amd64/jre/lib/amd64/libnet.so
7fcb0e68f000-7fcb0e692000 ---p 00000000 00:00 0 
7fcb0e692000-7fcb0e790000 rw-p 00000000 00:00 0                          [stack:18826]
7fcb0e790000-7fcb0e793000 ---p 00000000 00:00 0 
7fcb0e793000-7fcb0e891000 rw-p 00000000 00:00 0                          [stack:18825]
7fcb0e891000-7fcb0e894000 ---p 00000000 00:00 0 
7fcb0e894000-7fcb0e992000 rw-p 00000000 00:00 0                          [stack:18824]
7fcb0e992000-7fcb0e995000 ---p 00000000 00:00 0 
7fcb0e995000-7fcb0ea93000 rw-p 00000000 00:00 0                          [stack:18823]
7fcb0ea93000-7fcb0ea96000 ---p 00000000 00:00 0 
7fcb0ea96000-7fcb0eb94000 rw-p 00000000 00:00 0                          [stack:18822]
7fcb0eb94000-7fcb0eb97000 ---p 00000000 00:00 0 
7fcb0eb97000-7fcb0ec95000 rw-p 00000000 00:00 0                          [stack:18821]
7fcb0ec95000-7fcb0ec98000 ---p 00000000 00:00 0 
7fcb0ec98000-7fcb0ed96000 rw-p 00000000 00:00 0                          [stack:18820]
7fcb0ed96000-7fcb0ede9000 r-xp 00000000 08:01 147325                     /usr/lib/jvm/java-7-openjdk-amd64/jre/lib/amd64/libfontmanager.so
7fcb0ede9000-7fcb0efe8000 ---p 00053000 08:01 147325                     /usr/lib/jvm/java-7-openjdk-amd64/jre/lib/amd64/libfontmanager.so
7fcb0efe8000-7fcb0efeb000 r--p 00052000 08:01 147325                     /usr/lib/jvm/java-7-openjdk-amd64/jre/lib/amd64/libfontmanager.so
7fcb0efeb000-7fcb0efec000 rw-p 00055000 08:01 147325                     /usr/lib/jvm/java-7-openjdk-amd64/jre/lib/amd64/libfontmanager.so
7fcb0efec000-7fcb0efef000 ---p 00000000 00:00 0 
7fcb0efef000-7fcb0f0ed000 rw-p 00000000 00:00 0                          [stack:18818]
7fcb0f0ed000-7fcb0f0f0000 ---p 00000000 00:00 0 
7fcb0f0f0000-7fcb0f1ee000 rw-p 00000000 00:00 0                          [stack:18817]
7fcb0f1ee000-7fcb0f1f1000 ---p 00000000 00:00 0 
7fcb0f1f1000-7fcb0f2ef000 rw-p 00000000 00:00 0                          [stack:18816]
7fcb0f2ef000-7fcb0f2f2000 ---p 00000000 00:00 0 
7fcb0f2f2000-7fcb0f3f0000 rw-p 00000000 00:00 0                          [stack:18815]
7fcb0f3f0000-7fcb0f3f3000 ---p 00000000 00:00 0 
7fcb0f3f3000-7fcb0f4f1000 rw-p 00000000 00:00 0                          [stack:18813]
7fcb0f4f1000-7fcb0f4f4000 ---p 00000000 00:00 0 
7fcb0f4f4000-7fcb0f5f2000 rw-p 00000000 00:00 0                          [stack:18812]
7fcb0f5f2000-7fcb0f5f5000 ---p 00000000 00:00 0 
7fcb0f5f5000-7fcb0f6f3000 rw-p 00000000 00:00 0                          [stack:18811]
7fcb0f6f3000-7fcb0f6f6000 ---p 00000000 00:00 0 
7fcb0f6f6000-7fcb0f7f4000 rw-p 00000000 00:00 0                          [stack:18809]
7fcb0f7f4000-7fcb0f7f7000 ---p 00000000 00:00 0 
7fcb0f7f7000-7fcb0f8f5000 rw-p 00000000 00:00 0                          [stack:18807]
7fcb0f8f5000-7fcb0f8f8000 ---p 00000000 00:00 0 
7fcb0f8f8000-7fcb0f9f6000 rw-p 00000000 00:00 0                          [stack:18806]
7fcb0f9f6000-7fcb0f9f9000 ---p 00000000 00:00 0 
7fcb0f9f9000-7fcb0faf7000 rw-p 00000000 00:00 0                          [stack:18805]
7fcb0faf7000-7fcb0fafa000 ---p 00000000 00:00 0 
7fcb0fafa000-7fcb0fbf8000 rw-p 00000000 00:00 0                          [stack:18804]
7fcb0fbf8000-7fcb0fbfb000 ---p 00000000 00:00 0 
7fcb0fbfb000-7fcb0fcf9000 rw-p 00000000 00:00 0                          [stack:18803]
7fcb0fcf9000-7fcb0fcfc000 ---p 00000000 00:00 0 
7fcb0fcfc000-7fcb0fdfa000 rw-p 00000000 00:00 0                          [stack:18790]
7fcb0fdfa000-7fcb0fdff000 r-xp 00000000 08:01 146525                     /usr/lib/x86_64-linux-gnu/libXfixes.so.3.1.0
7fcb0fdff000-7fcb0fffe000 ---p 00005000 08:01 146525                     /usr/lib/x86_64-linux-gnu/libXfixes.so.3.1.0
7fcb0fffe000-7fcb0ffff000 r--p 00004000 08:01 146525                     /usr/lib/x86_64-linux-gnu/libXfixes.so.3.1.0
7fcb0ffff000-7fcb10000000 rw-p 00005000 08:01 146525                     /usr/lib/x86_64-linux-gnu/libXfixes.so.3.1.0
7fcb10000000-7fcb10021000 rw-p 00000000 00:00 0 
7fcb10021000-7fcb14000000 ---p 00000000 00:00 0 
7fcb14000000-7fcb14021000 rw-p 00000000 00:00 0 
7fcb14021000-7fcb18000000 ---p 00000000 00:00 0 
7fcb18000000-7fcb1864a000 rw-p 00000000 00:00 0 
7fcb1864a000-7fcb1c000000 ---p 00000000 00:00 0 
7fcb1c000000-7fcb1c695000 rw-p 00000000 00:00 0 
7fcb1c695000-7fcb20000000 ---p 00000000 00:00 0 
7fcb20000000-7fcb20021000 rw-p 00000000 00:00 0 
7fcb20021000-7fcb24000000 ---p 00000000 00:00 0 
7fcb24079000-7fcb2407a000 rw-p 00000000 00:00 0 
7fcb2407a000-7fcb24085000 r--s 00000000 08:01 526324                     /var/cache/fontconfig/d589a48862398ed80a3d6066f4f56f4c-le64.cache-4
7fcb24085000-7fcb24086000 r--s 00004000 08:01 401764                     /home/rsa-key-20161222/20161222hs/dist/lib/unalcol_random.jar
7fcb24086000-7fcb24087000 r--s 00004000 08:01 401763                     /home/rsa-key-20161222/20161222hs/dist/lib/unalcol_primitives.jar
7fcb24087000-7fcb24089000 r--s 00006000 08:01 401762                     /home/rsa-key-20161222/20161222hs/dist/lib/unalcol_math.jar
7fcb24089000-7fcb2408b000 r--s 00008000 08:01 401761                     /home/rsa-key-20161222/20161222hs/dist/lib/unalcol_filesystem.jar
7fcb2408b000-7fcb2408d000 r--s 0000a000 08:01 401760                     /home/rsa-key-20161222/20161222hs/dist/lib/unalcol_core.jar
7fcb2408d000-7fcb24095000 r--s 00051000 08:01 401759                     /home/rsa-key-20161222/20161222hs/dist/lib/trove.jar
7fcb24095000-7fcb2409d000 r--s 00051000 08:01 401756                     /home/rsa-key-20161222/20161222hs/dist/lib/log4j.jar
7fcb2409d000-7fcb240a1000 r--s 00018000 08:01 401755                     /home/rsa-key-20161222/20161222hs/dist/lib/junit.jar
7fcb240a1000-7fcb240aa000 r--s 000be000 08:01 401753                     /home/rsa-key-20161222/20161222hs/dist/lib/jung-samples-2.0.1.jar
7fcb240aa000-7fcb240b1000 r--s 00079000 08:01 401771                     /home/rsa-key-20161222/20161222hs/dist/lib/wstx-asl-3.2.6.jar
7fcb240b1000-7fcb240b4000 ---p 00000000 00:00 0 
7fcb240b4000-7fcb241b2000 rw-p 00000000 00:00 0                          [stack:18770]
7fcb241b2000-7fcb241bc000 r-xp 00000000 08:01 146527                     /usr/lib/x86_64-linux-gnu/libXcursor.so.1.0.2
7fcb241bc000-7fcb243bb000 ---p 0000a000 08:01 146527                     /usr/lib/x86_64-linux-gnu/libXcursor.so.1.0.2
7fcb243bb000-7fcb243bc000 r--p 00009000 08:01 146527                     /usr/lib/x86_64-linux-gnu/libXcursor.so.1.0.2
7fcb243bc000-7fcb243bd000 rw-p 0000a000 08:01 146527                     /usr/lib/x86_64-linux-gnu/libXcursor.so.1.0.2
7fcb243bd000-7fcb243c0000 ---p 00000000 00:00 0 
7fcb243c0000-7fcb244be000 rw-p 00000000 00:00 0                          [stack:18769]
7fcb244be000-7fcb244c8000 r--s 000ae000 08:01 147293                     /usr/lib/jvm/java-7-openjdk-amd64/jre/lib/resources.jar
7fcb244c8000-7fcb244cd000 r-xp 00000000 08:01 145992                     /usr/lib/x86_64-linux-gnu/libXdmcp.so.6.0.0
7fcb244cd000-7fcb246cc000 ---p 00005000 08:01 145992                     /usr/lib/x86_64-linux-gnu/libXdmcp.so.6.0.0
7fcb246cc000-7fcb246cd000 rw-p 00004000 08:01 145992                     /usr/lib/x86_64-linux-gnu/libXdmcp.so.6.0.0
7fcb246cd000-7fcb246d0000 r-xp 00000000 08:01 145990                     /usr/lib/x86_64-linux-gnu/libXau.so.6.0.0
7fcb246d0000-7fcb248cf000 ---p 00003000 08:01 145990                     /usr/lib/x86_64-linux-gnu/libXau.so.6.0.0
7fcb248cf000-7fcb248d0000 r--p 00002000 08:01 145990                     /usr/lib/x86_64-linux-gnu/libXau.so.6.0.0
7fcb248d0000-7fcb248d1000 rw-p 00003000 08:01 145990                     /usr/lib/x86_64-linux-gnu/libXau.so.6.0.0
7fcb248d1000-7fcb2493d000 r-xp 00000000 08:01 393466                     /lib/x86_64-linux-gnu/libpcre.so.3.13.1
7fcb2493d000-7fcb24b3d000 ---p 0006c000 08:01 393466                     /lib/x86_64-linux-gnu/libpcre.so.3.13.1
7fcb24b3d000-7fcb24b3e000 r--p 0006c000 08:01 393466                     /lib/x86_64-linux-gnu/libpcre.so.3.13.1
7fcb24b3e000-7fcb24b3f000 rw-p 0006d000 08:01 393466                     /lib/x86_64-linux-gnu/libpcre.so.3.13.1
7fcb24b3f000-7fcb24b46000 r-xp 00000000 08:01 136256                     /usr/lib/x86_64-linux-gnu/libffi.so.6.0.2
7fcb24b46000-7fcb24d45000 ---p 00007000 08:01 136256                     /usr/lib/x86_64-linux-gnu/libffi.so.6.0.2
7fcb24d45000-7fcb24d46000 r--p 00006000 08:01 136256                     /usr/lib/x86_64-linux-gnu/libffi.so.6.0.2
7fcb24d46000-7fcb24d47000 rw-p 00007000 08:01 136256                     /usr/lib/x86_64-linux-gnu/libffi.so.6.0.2
7fcb24d47000-7fcb24d5b000 r-xp 00000000 08:01 394177                     /lib/x86_64-linux-gnu/libresolv-2.19.so
7fcb24d5b000-7fcb24f5a000 ---p 00014000 08:01 394177                     /lib/x86_64-linux-gnu/libresolv-2.19.so
7fcb24f5a000-7fcb24f5b000 r--p 00013000 08:01 394177                     /lib/x86_64-linux-gnu/libresolv-2.19.so
7fcb24f5b000-7fcb24f5c000 rw-p 00014000 08:01 394177                     /lib/x86_64-linux-gnu/libresolv-2.19.so
7fcb24f5c000-7fcb24f5e000 rw-p 00000000 00:00 0 
7fcb24f5e000-7fcb24f7f000 r-xp 00000000 08:01 393373                     /lib/x86_64-linux-gnu/libselinux.so.1
7fcb24f7f000-7fcb2517f000 ---p 00021000 08:01 393373                     /lib/x86_64-linux-gnu/libselinux.so.1
7fcb2517f000-7fcb25180000 r--p 00021000 08:01 393373                     /lib/x86_64-linux-gnu/libselinux.so.1
7fcb25180000-7fcb25181000 rw-p 00022000 08:01 393373                     /lib/x86_64-linux-gnu/libselinux.so.1
7fcb25181000-7fcb25183000 rw-p 00000000 00:00 0 
7fcb25183000-7fcb25186000 r-xp 00000000 08:01 138376                     /usr/lib/x86_64-linux-gnu/libgmodule-2.0.so.0.4200.1
7fcb25186000-7fcb25385000 ---p 00003000 08:01 138376                     /usr/lib/x86_64-linux-gnu/libgmodule-2.0.so.0.4200.1
7fcb25385000-7fcb25386000 r--p 00002000 08:01 138376                     /usr/lib/x86_64-linux-gnu/libgmodule-2.0.so.0.4200.1
7fcb25386000-7fcb25387000 rw-p 00003000 08:01 138376                     /usr/lib/x86_64-linux-gnu/libgmodule-2.0.so.0.4200.1
7fcb25387000-7fcb253ad000 r-xp 00000000 08:01 394623                     /lib/x86_64-linux-gnu/libpng12.so.0.50.0
7fcb253ad000-7fcb255ac000 ---p 00026000 08:01 394623                     /lib/x86_64-linux-gnu/libpng12.so.0.50.0
7fcb255ac000-7fcb255ad000 r--p 00025000 08:01 394623                     /lib/x86_64-linux-gnu/libpng12.so.0.50.0
7fcb255ad000-7fcb255ae000 rw-p 00026000 08:01 394623                     /lib/x86_64-linux-gnu/libpng12.so.0.50.0
7fcb255ae000-7fcb255d4000 r-xp 00000000 08:01 394619                     /lib/x86_64-linux-gnu/libexpat.so.1.6.0
7fcb255d4000-7fcb257d3000 ---p 00026000 08:01 394619                     /lib/x86_64-linux-gnu/libexpat.so.1.6.0
7fcb257d3000-7fcb257d6000 r--p 00025000 08:01 394619                     /lib/x86_64-linux-gnu/libexpat.so.1.6.0
7fcb257d6000-7fcb257d7000 rw-p 00028000 08:01 394619                     /lib/x86_64-linux-gnu/libexpat.so.1.6.0
7fcb257d7000-7fcb257f8000 r-xp 00000000 08:01 146003                     /usr/lib/x86_64-linux-gnu/libxcb.so.1.1.0
7fcb257f8000-7fcb259f7000 ---p 00021000 08:01 146003                     /usr/lib/x86_64-linux-gnu/libxcb.so.1.1.0
7fcb259f7000-7fcb259f8000 r--p 00020000 08:01 146003                     /usr/lib/x86_64-linux-gnu/libxcb.so.1.1.0
7fcb259f8000-7fcb259f9000 rw-p 00021000 08:01 146003                     /usr/lib/x86_64-linux-gnu/libxcb.so.1.1.0
7fcb259f9000-7fcb25b05000 r-xp 00000000 08:01 394629                     /lib/x86_64-linux-gnu/libglib-2.0.so.0.4200.1
7fcb25b05000-7fcb25d05000 ---p 0010c000 08:01 394629                     /lib/x86_64-linux-gnu/libglib-2.0.so.0.4200.1
7fcb25d05000-7fcb25d06000 r--p 0010c000 08:01 394629                     /lib/x86_64-linux-gnu/libglib-2.0.so.0.4200.1
7fcb25d06000-7fcb25d07000 rw-p 0010d000 08:01 394629                     /lib/x86_64-linux-gnu/libglib-2.0.so.0.4200.1
7fcb25d07000-7fcb25d08000 rw-p 00000000 00:00 0 
7fcb25d08000-7fcb25d59000 r-xp 00000000 08:01 138374                     /usr/lib/x86_64-linux-gnu/libgobject-2.0.so.0.4200.1
7fcb25d59000-7fcb25f59000 ---p 00051000 08:01 138374                     /usr/lib/x86_64-linux-gnu/libgobject-2.0.so.0.4200.1
7fcb25f59000-7fcb25f5a000 r--p 00051000 08:01 138374                     /usr/lib/x86_64-linux-gnu/libgobject-2.0.so.0.4200.1
7fcb25f5a000-7fcb25f5b000 rw-p 00052000 08:01 138374                     /usr/lib/x86_64-linux-gnu/libgobject-2.0.so.0.4200.1
7fcb25f5b000-7fcb260cd000 r-xp 00000000 08:01 138380                     /usr/lib/x86_64-linux-gnu/libgio-2.0.so.0.4200.1
7fcb260cd000-7fcb262cd000 ---p 00172000 08:01 138380                     /usr/lib/x86_64-linux-gnu/libgio-2.0.so.0.4200.1
7fcb262cd000-7fcb262d1000 r--p 00172000 08:01 138380                     /usr/lib/x86_64-linux-gnu/libgio-2.0.so.0.4200.1
7fcb262d1000-7fcb262d3000 rw-p 00176000 08:01 138380                     /usr/lib/x86_64-linux-gnu/libgio-2.0.so.0.4200.1
7fcb262d3000-7fcb262d5000 rw-p 00000000 00:00 0 
7fcb262d5000-7fcb26379000 r-xp 00000000 08:01 138368                     /usr/lib/x86_64-linux-gnu/libfreetype.so.6.11.1
7fcb26379000-7fcb26578000 ---p 000a4000 08:01 138368                     /usr/lib/x86_64-linux-gnu/libfreetype.so.6.11.1
7fcb26578000-7fcb2657e000 r--p 000a3000 08:01 138368                     /usr/lib/x86_64-linux-gnu/libfreetype.so.6.11.1
7fcb2657e000-7fcb2657f000 rw-p 000a9000 08:01 138368                     /usr/lib/x86_64-linux-gnu/libfreetype.so.6.11.1
7fcb2657f000-7fcb265ba000 r-xp 00000000 08:01 145652                     /usr/lib/x86_64-linux-gnu/libfontconfig.so.1.8.0
7fcb265ba000-7fcb267b9000 ---p 0003b000 08:01 145652                     /usr/lib/x86_64-linux-gnu/libfontconfig.so.1.8.0
7fcb267b9000-7fcb267bb000 r--p 0003a000 08:01 145652                     /usr/lib/x86_64-linux-gnu/libfontconfig.so.1.8.0
7fcb267bb000-7fcb267bc000 rw-p 0003c000 08:01 145652                     /usr/lib/x86_64-linux-gnu/libfontconfig.so.1.8.0
7fcb267bc000-7fcb267cb000 r-xp 00000000 08:01 146531                     /usr/lib/x86_64-linux-gnu/libXi.so.6.1.0
7fcb267cb000-7fcb269ca000 ---p 0000f000 08:01 146531                     /usr/lib/x86_64-linux-gnu/libXi.so.6.1.0
7fcb269ca000-7fcb269cb000 r--p 0000e000 08:01 146531                     /usr/lib/x86_64-linux-gnu/libXi.so.6.1.0
7fcb269cb000-7fcb269cc000 rw-p 0000f000 08:01 146531                     /usr/lib/x86_64-linux-gnu/libXi.so.6.1.0
7fcb269cc000-7fcb269d1000 r-xp 00000000 08:01 147254                     /usr/lib/x86_64-linux-gnu/libXtst.so.6.1.0
7fcb269d1000-7fcb26bd0000 ---p 00005000 08:01 147254                     /usr/lib/x86_64-linux-gnu/libXtst.so.6.1.0
7fcb26bd0000-7fcb26bd1000 r--p 00004000 08:01 147254                     /usr/lib/x86_64-linux-gnu/libXtst.so.6.1.0
7fcb26bd1000-7fcb26bd2000 rw-p 00005000 08:01 147254                     /usr/lib/x86_64-linux-gnu/libXtst.so.6.1.0
7fcb26bd2000-7fcb26bd4000 r-xp 00000000 08:01 146523                     /usr/lib/x86_64-linux-gnu/libXcomposite.so.1.0.0
7fcb26bd4000-7fcb26dd3000 ---p 00002000 08:01 146523                     /usr/lib/x86_64-linux-gnu/libXcomposite.so.1.0.0
7fcb26dd3000-7fcb26dd4000 r--p 00001000 08:01 146523                     /usr/lib/x86_64-linux-gnu/libXcomposite.so.1.0.0
7fcb26dd4000-7fcb26dd5000 rw-p 00002000 08:01 146523                     /usr/lib/x86_64-linux-gnu/libXcomposite.so.1.0.0
7fcb26dd5000-7fcb26dde000 r-xp 00000000 08:01 146153                     /usr/lib/x86_64-linux-gnu/libXrender.so.1.3.0
7fcb26dde000-7fcb26fdd000 ---p 00009000 08:01 146153                     /usr/lib/x86_64-linux-gnu/libXrender.so.1.3.0
7fcb26fdd000-7fcb26fde000 r--p 00008000 08:01 146153                     /usr/lib/x86_64-linux-gnu/libXrender.so.1.3.0
7fcb26fde000-7fcb26fdf000 rw-p 00009000 08:01 146153                     /usr/lib/x86_64-linux-gnu/libXrender.so.1.3.0
7fcb26fdf000-7fcb2711b000 r-xp 00000000 08:01 146121                     /usr/lib/x86_64-linux-gnu/libX11.so.6.3.0
7fcb2711b000-7fcb2731a000 ---p 0013c000 08:01 146121                     /usr/lib/x86_64-linux-gnu/libX11.so.6.3.0
7fcb2731a000-7fcb2731c000 r--p 0013b000 08:01 146121                     /usr/lib/x86_64-linux-gnu/libX11.so.6.3.0
7fcb2731c000-7fcb27321000 rw-p 0013d000 08:01 146121                     /usr/lib/x86_64-linux-gnu/libX11.so.6.3.0
7fcb27321000-7fcb27322000 rw-p 00000000 00:00 0 
7fcb27322000-7fcb27333000 r-xp 00000000 08:01 146146                     /usr/lib/x86_64-linux-gnu/libXext.so.6.4.0
7fcb27333000-7fcb27532000 ---p 00011000 08:01 146146                     /usr/lib/x86_64-linux-gnu/libXext.so.6.4.0
7fcb27532000-7fcb27533000 r--p 00010000 08:01 146146                     /usr/lib/x86_64-linux-gnu/libXext.so.6.4.0
7fcb27533000-7fcb27534000 rw-p 00011000 08:01 146146                     /usr/lib/x86_64-linux-gnu/libXext.so.6.4.0
7fcb27534000-7fcb27536000 r--s 0000a000 08:01 401752                     /home/rsa-key-20161222/20161222hs/dist/lib/jung-jai-samples-2.0.1.jar
7fcb27536000-7fcb27538000 r--s 00005000 08:01 401758                     /home/rsa-key-20161222/20161222hs/dist/lib/stax-api-1.0.1.jar
7fcb27538000-7fcb2753b000 r--s 00011000 08:01 401750                     /home/rsa-key-20161222/20161222hs/dist/lib/jung-io-2.0.1.jar
7fcb2753b000-7fcb27584000 r-xp 00000000 08:01 147433                     /usr/lib/jvm/java-7-openjdk-amd64/jre/lib/amd64/xawt/libmawt.so
7fcb27584000-7fcb27783000 ---p 00049000 08:01 147433                     /usr/lib/jvm/java-7-openjdk-amd64/jre/lib/amd64/xawt/libmawt.so
7fcb27783000-7fcb27784000 r--p 00048000 08:01 147433                     /usr/lib/jvm/java-7-openjdk-amd64/jre/lib/amd64/xawt/libmawt.so
7fcb27784000-7fcb27787000 rw-p 00049000 08:01 147433                     /usr/lib/jvm/java-7-openjdk-amd64/jre/lib/amd64/xawt/libmawt.so
7fcb27787000-7fcb27788000 rw-p 00000000 00:00 0 
7fcb27788000-7fcb27829000 r-xp 00000000 08:01 147317                     /usr/lib/jvm/java-7-openjdk-amd64/jre/lib/amd64/libawt.so
7fcb27829000-7fcb27a28000 ---p 000a1000 08:01 147317                     /usr/lib/jvm/java-7-openjdk-amd64/jre/lib/amd64/libawt.so
7fcb27a28000-7fcb27a29000 r--p 000a0000 08:01 147317                     /usr/lib/jvm/java-7-openjdk-amd64/jre/lib/amd64/libawt.so
7fcb27a29000-7fcb27a34000 rw-p 000a1000 08:01 147317                     /usr/lib/jvm/java-7-openjdk-amd64/jre/lib/amd64/libawt.so
7fcb27a34000-7fcb27a59000 rw-p 00000000 00:00 0 
7fcb27a59000-7fcb27a5d000 r--s 0004f000 08:01 147282                     /usr/lib/jvm/java-7-openjdk-amd64/jre/lib/jsse.jar
7fcb27a5d000-7fcb27a5f000 r--s 0000e000 08:01 401749                     /home/rsa-key-20161222/20161222hs/dist/lib/jung-graph-impl-2.0.1.jar
7fcb27a5f000-7fcb27a67000 r--s 00048000 08:01 401754                     /home/rsa-key-20161222/20161222hs/dist/lib/jung-visualization-2.0.1.jar
7fcb27a67000-7fcb27a6c000 r--s 00034000 08:01 401747                     /home/rsa-key-20161222/20161222hs/dist/lib/jung-algorithms-2.0.1.jar
7fcb27a6c000-7fcb27a6f000 r--s 00008000 08:01 401748                     /home/rsa-key-20161222/20161222hs/dist/lib/jung-api-2.0.1.jar
7fcb27a6f000-7fcb27a71000 r--s 00045000 08:01 401767                     /home/rsa-key-20161222/20161222hs/dist/lib/vecmath-1.3.1.jar
7fcb27a71000-7fcb27a73000 r--s 00010000 08:01 401745                     /home/rsa-key-20161222/20161222hs/dist/lib/jung-3d-2.0.1.jar
7fcb27a73000-7fcb27a7d000 r--s 00092000 08:01 401744                     /home/rsa-key-20161222/20161222hs/dist/lib/jgap.jar
7fcb27a7d000-7fcb27a8d000 r--s 00155000 08:01 401743                     /home/rsa-key-20161222/20161222hs/dist/lib/jfreechart-1.0.14.jar
7fcb27a8d000-7fcb27a90000 r--s 0001f000 08:01 401742                     /home/rsa-key-20161222/20161222hs/dist/lib/jdom.jar
7fcb27a90000-7fcb27a96000 r--s 00046000 08:01 401741                     /home/rsa-key-20161222/20161222hs/dist/lib/jcommon-1.0.17.jar
7fcb27a96000-7fcb27a9f000 r--s 0025d000 08:01 401740                     /home/rsa-key-20161222/20161222hs/dist/lib/j3d-core-1.3.1.jar
7fcb27a9f000-7fcb27aa2000 r--s 001a2000 08:01 401739                     /home/rsa-key-20161222/20161222hs/dist/lib/flexdock-demo-0.5.2.jar
7fcb27aa2000-7fcb27aac000 r--s 0006a000 08:01 401738                     /home/rsa-key-20161222/20161222hs/dist/lib/flexdock-0.5.1.jar
7fcb27aac000-7fcb27abd000 r--s 000c9000 08:01 401737                     /home/rsa-key-20161222/20161222hs/dist/lib/encog-core-3.0.1.jar
7fcb27abd000-7fcb27ac4000 r--s 00028000 08:01 401736                     /home/rsa-key-20161222/20161222hs/dist/lib/concurrent-1.3.4.jar
7fcb27ac4000-7fcb27ac6000 r--s 0000d000 08:01 401735                     /home/rsa-key-20161222/20161222hs/dist/lib/commons-logging-1.1.1.jar
7fcb27ac6000-7fcb27ac8000 r--s 0000b000 08:01 401734                     /home/rsa-key-20161222/20161222hs/dist/lib/commons-exec-1.1.jar
7fcb27ac8000-7fcb27acb000 r--s 00011000 08:01 401733                     /home/rsa-key-20161222/20161222hs/dist/lib/commons-discovery-0.5.jar
7fcb27acb000-7fcb27ad9000 r--s 00081000 08:01 401732                     /home/rsa-key-20161222/20161222hs/dist/lib/colt-1.2.0.jar
7fcb27ad9000-7fcb27ae5000 r--s 00076000 08:01 401731                     /home/rsa-key-20161222/20161222hs/dist/lib/collections-generic-4.01.jar
7fcb27ae5000-7fcb27aee000 r--s 000ab000 08:01 401757                     /home/rsa-key-20161222/20161222hs/dist/lib/rsyntaxtextarea.jar
7fcb27aee000-7fcb27af1000 r--s 00016000 08:01 401730                     /home/rsa-key-20161222/20161222hs/dist/lib/autocomplete.jar
7fcb27af1000-7fcb27af6000 r--s 00098000 08:01 401772                     /home/rsa-key-20161222/20161222hs/dist/NetworkSimulator.jar
7fcb27af6000-7fcb27af9000 r--s 0003d000 08:01 147355                     /usr/lib/jvm/java-7-openjdk-amd64/jre/lib/ext/sunpkcs11.jar
7fcb27af9000-7fcb27afb000 r--s 00006000 08:01 274777                     /usr/share/java/java-atk-wrapper.jar
7fcb27afb000-7fcb27afc000 ---p 00000000 00:00 0 
7fcb27afc000-7fcb27bfc000 rw-p 00000000 00:00 0                          [stack:18721]
7fcb27bfc000-7fcb27bff000 ---p 00000000 00:00 0 
7fcb27bff000-7fcb27cfd000 rw-p 00000000 00:00 0                          [stack:18720]
7fcb27cfd000-7fcb27d00000 ---p 00000000 00:00 0 
7fcb27d00000-7fcb27dfe000 rw-p 00000000 00:00 0                          [stack:18719]
7fcb27dfe000-7fcb27e01000 ---p 00000000 00:00 0 
7fcb27e01000-7fcb27eff000 rw-p 00000000 00:00 0                          [stack:18718]
7fcb27eff000-7fcb27f02000 ---p 00000000 00:00 0 
7fcb27f02000-7fcb28000000 rw-p 00000000 00:00 0                          [stack:18715]
7fcb28000000-7fcb28021000 rw-p 00000000 00:00 0 
7fcb28021000-7fcb2c000000 ---p 00000000 00:00 0 
7fcb2c000000-7fcb2c021000 rw-p 00000000 00:00 0 
7fcb2c021000-7fcb30000000 ---p 00000000 00:00 0 
7fcb30000000-7fcb30027000 rw-p 00000000 00:00 0 
7fcb30027000-7fcb34000000 ---p 00000000 00:00 0 
7fcb34000000-7fcb34021000 rw-p 00000000 00:00 0 
7fcb34021000-7fcb38000000 ---p 00000000 00:00 0 
7fcb38000000-7fcb380b3000 rw-p 00000000 00:00 0 
7fcb380b3000-7fcb3c000000 ---p 00000000 00:00 0 
7fcb3c000000-7fcb3c001000 r--s 00004000 08:01 401751                     /home/rsa-key-20161222/20161222hs/dist/lib/jung-jai-2.0.1.jar
7fcb3c001000-7fcb3c18a000 r--p 00000000 08:01 135381                     /usr/lib/locale/locale-archive
7fcb3c18a000-7fcb3c18d000 ---p 00000000 00:00 0 
7fcb3c18d000-7fcb3c28b000 rw-p 00000000 00:00 0                          [stack:18710]
7fcb3c28b000-7fcb3c28e000 ---p 00000000 00:00 0 
7fcb3c28e000-7fcb3c38c000 rw-p 00000000 00:00 0                          [stack:18709]
7fcb3c38c000-7fcb3c38d000 ---p 00000000 00:00 0 
7fcb3c38d000-7fcb45000000 rw-p 00000000 00:00 0                          [stack:18708]
7fcb45000000-7fcb45270000 rwxp 00000000 00:00 0 
7fcb45270000-7fcb4841e000 rw-p 00000000 00:00 0 
7fcb4841e000-7fcb4c000000 ---p 00000000 00:00 0 
7fcb4c000000-7fcb4c001000 r--s 00000000 08:01 401746                     /home/rsa-key-20161222/20161222hs/dist/lib/jung-3d-demos-2.0.1.jar
7fcb4c001000-7fcb4c005000 r--s 00085000 08:01 147356                     /usr/lib/jvm/java-7-openjdk-amd64/jre/lib/ext/localedata.jar
7fcb4c005000-7fcb4c009000 r--s 00034000 08:01 147360                     /usr/lib/jvm/java-7-openjdk-amd64/jre/lib/ext/sunjce_provider.jar
7fcb4c009000-7fcb4c6bb000 rw-p 00000000 00:00 0 
7fcb4c6bb000-7fcb4c86e000 r--s 01d3e000 08:01 147351                     /usr/lib/jvm/java-7-openjdk-amd64/jre/lib/rt.jar
7fcb4c86e000-7fcb4d21c000 rw-p 00000000 00:00 0 
7fcb4d21c000-7fcb4d21d000 ---p 00000000 00:00 0 
7fcb4d21d000-7fcb4d31d000 rw-p 00000000 00:00 0                          [stack:18704]
7fcb4d31d000-7fcb4d31e000 ---p 00000000 00:00 0 
7fcb4d31e000-7fcb4d429000 rw-p 00000000 00:00 0                          [stack:18703]
7fcb4d429000-7fcb4d471000 rw-p 00000000 00:00 0 
7fcb4d471000-7fcb4d498000 rw-p 00000000 00:00 0 
7fcb4d498000-7fcb4d9e9000 rw-p 00000000 00:00 0 
7fcb4d9e9000-7fcb4d9f4000 rw-p 00000000 00:00 0 
7fcb4d9f4000-7fcb4da3c000 rw-p 00000000 00:00 0 
7fcb4da3c000-7fcb4da63000 rw-p 00000000 00:00 0 
7fcb4da63000-7fcb4dfb4000 rw-p 00000000 00:00 0 
7fcb4dfb4000-7fcb4e1ad000 rw-p 00000000 00:00 0 
7fcb4e1ad000-7fcb4e270000 rw-p 00000000 00:00 0 
7fcb4e270000-7fcb4e271000 rw-p 00000000 00:00 0 
7fcb4e271000-7fcb4e279000 r-xp 00000000 08:01 147311                     /usr/lib/jvm/java-7-openjdk-amd64/jre/lib/amd64/libzip.so
7fcb4e279000-7fcb4e478000 ---p 00008000 08:01 147311                     /usr/lib/jvm/java-7-openjdk-amd64/jre/lib/amd64/libzip.so
7fcb4e478000-7fcb4e479000 r--p 00007000 08:01 147311                     /usr/lib/jvm/java-7-openjdk-amd64/jre/lib/amd64/libzip.so
7fcb4e479000-7fcb4e47a000 rw-p 00008000 08:01 147311                     /usr/lib/jvm/java-7-openjdk-amd64/jre/lib/amd64/libzip.so
7fcb4e47a000-7fcb4e485000 r-xp 00000000 08:01 393351                     /lib/x86_64-linux-gnu/libnss_files-2.19.so
7fcb4e485000-7fcb4e684000 ---p 0000b000 08:01 393351                     /lib/x86_64-linux-gnu/libnss_files-2.19.so
7fcb4e684000-7fcb4e685000 r--p 0000a000 08:01 393351                     /lib/x86_64-linux-gnu/libnss_files-2.19.so
7fcb4e685000-7fcb4e686000 rw-p 0000b000 08:01 393351                     /lib/x86_64-linux-gnu/libnss_files-2.19.so
7fcb4e686000-7fcb4e690000 r-xp 00000000 08:01 393355                     /lib/x86_64-linux-gnu/libnss_nis-2.19.so
7fcb4e690000-7fcb4e88f000 ---p 0000a000 08:01 393355                     /lib/x86_64-linux-gnu/libnss_nis-2.19.so
7fcb4e88f000-7fcb4e890000 r--p 00009000 08:01 393355                     /lib/x86_64-linux-gnu/libnss_nis-2.19.so
7fcb4e890000-7fcb4e891000 rw-p 0000a000 08:01 393355                     /lib/x86_64-linux-gnu/libnss_nis-2.19.so
7fcb4e891000-7fcb4e8a6000 r-xp 00000000 08:01 393304                     /lib/x86_64-linux-gnu/libnsl-2.19.so
7fcb4e8a6000-7fcb4eaa5000 ---p 00015000 08:01 393304                     /lib/x86_64-linux-gnu/libnsl-2.19.so
7fcb4eaa5000-7fcb4eaa6000 r--p 00014000 08:01 393304                     /lib/x86_64-linux-gnu/libnsl-2.19.so
7fcb4eaa6000-7fcb4eaa7000 rw-p 00015000 08:01 393304                     /lib/x86_64-linux-gnu/libnsl-2.19.so
7fcb4eaa7000-7fcb4eaa9000 rw-p 00000000 00:00 0 
7fcb4eaa9000-7fcb4eab0000 r-xp 00000000 08:01 393305                     /lib/x86_64-linux-gnu/libnss_compat-2.19.so
7fcb4eab0000-7fcb4ecaf000 ---p 00007000 08:01 393305                     /lib/x86_64-linux-gnu/libnss_compat-2.19.so
7fcb4ecaf000-7fcb4ecb0000 r--p 00006000 08:01 393305                     /lib/x86_64-linux-gnu/libnss_compat-2.19.so
7fcb4ecb0000-7fcb4ecb1000 rw-p 00007000 08:01 393305                     /lib/x86_64-linux-gnu/libnss_compat-2.19.so
7fcb4ecb1000-7fcb4ecde000 r-xp 00000000 08:01 147337                     /usr/lib/jvm/java-7-openjdk-amd64/jre/lib/amd64/libjava.so
7fcb4ecde000-7fcb4eedd000 ---p 0002d000 08:01 147337                     /usr/lib/jvm/java-7-openjdk-amd64/jre/lib/amd64/libjava.so
7fcb4eedd000-7fcb4eede000 r--p 0002c000 08:01 147337                     /usr/lib/jvm/java-7-openjdk-amd64/jre/lib/amd64/libjava.so
7fcb4eede000-7fcb4eee0000 rw-p 0002d000 08:01 147337                     /usr/lib/jvm/java-7-openjdk-amd64/jre/lib/amd64/libjava.so
7fcb4eee0000-7fcb4eeef000 r-xp 00000000 08:01 147341                     /usr/lib/jvm/java-7-openjdk-amd64/jre/lib/amd64/libverify.so
7fcb4eeef000-7fcb4f0ee000 ---p 0000f000 08:01 147341                     /usr/lib/jvm/java-7-openjdk-amd64/jre/lib/amd64/libverify.so
7fcb4f0ee000-7fcb4f0f1000 r--p 0000e000 08:01 147341                     /usr/lib/jvm/java-7-openjdk-amd64/jre/lib/amd64/libverify.so
7fcb4f0f1000-7fcb4f0f2000 rw-p 00011000 08:01 147341                     /usr/lib/jvm/java-7-openjdk-amd64/jre/lib/amd64/libverify.so
7fcb4f0f2000-7fcb4f0f9000 r-xp 00000000 08:01 394181                     /lib/x86_64-linux-gnu/librt-2.19.so
7fcb4f0f9000-7fcb4f2f8000 ---p 00007000 08:01 394181                     /lib/x86_64-linux-gnu/librt-2.19.so
7fcb4f2f8000-7fcb4f2f9000 r--p 00006000 08:01 394181                     /lib/x86_64-linux-gnu/librt-2.19.so
7fcb4f2f9000-7fcb4f2fa000 rw-p 00007000 08:01 394181                     /lib/x86_64-linux-gnu/librt-2.19.so
7fcb4f2fa000-7fcb4f310000 r-xp 00000000 08:01 393285                     /lib/x86_64-linux-gnu/libgcc_s.so.1
7fcb4f310000-7fcb4f50f000 ---p 00016000 08:01 393285                     /lib/x86_64-linux-gnu/libgcc_s.so.1
7fcb4f50f000-7fcb4f510000 rw-p 00015000 08:01 393285                     /lib/x86_64-linux-gnu/libgcc_s.so.1
7fcb4f510000-7fcb4f610000 r-xp 00000000 08:01 393302                     /lib/x86_64-linux-gnu/libm-2.19.so
7fcb4f610000-7fcb4f80f000 ---p 00100000 08:01 393302                     /lib/x86_64-linux-gnu/libm-2.19.so
7fcb4f80f000-7fcb4f810000 r--p 000ff000 08:01 393302                     /lib/x86_64-linux-gnu/libm-2.19.so
7fcb4f810000-7fcb4f811000 rw-p 00100000 08:01 393302                     /lib/x86_64-linux-gnu/libm-2.19.so
7fcb4f811000-7fcb4f8fd000 r-xp 00000000 08:01 135912                     /usr/lib/x86_64-linux-gnu/libstdc++.so.6.0.20
7fcb4f8fd000-7fcb4fafd000 ---p 000ec000 08:01 135912                     /usr/lib/x86_64-linux-gnu/libstdc++.so.6.0.20
7fcb4fafd000-7fcb4fb05000 r--p 000ec000 08:01 135912                     /usr/lib/x86_64-linux-gnu/libstdc++.so.6.0.20
7fcb4fb05000-7fcb4fb07000 rw-p 000f4000 08:01 135912                     /usr/lib/x86_64-linux-gnu/libstdc++.so.6.0.20
7fcb4fb07000-7fcb4fb1c000 rw-p 00000000 00:00 0 
7fcb4fb1c000-7fcb5067a000 r-xp 00000000 08:01 147306                     /usr/lib/jvm/java-7-openjdk-amd64/jre/lib/amd64/server/libjvm.so
7fcb5067a000-7fcb5087a000 ---p 00b5e000 08:01 147306                     /usr/lib/jvm/java-7-openjdk-amd64/jre/lib/amd64/server/libjvm.so
7fcb5087a000-7fcb50919000 r--p 00b5e000 08:01 147306                     /usr/lib/jvm/java-7-openjdk-amd64/jre/lib/amd64/server/libjvm.so
7fcb50919000-7fcb5093c000 rw-p 00bfd000 08:01 147306                     /usr/lib/jvm/java-7-openjdk-amd64/jre/lib/amd64/server/libjvm.so
7fcb5093c000-7fcb5096a000 rw-p 00000000 00:00 0 
7fcb5096a000-7fcb50984000 r-xp 00000000 08:01 393786                     /lib/x86_64-linux-gnu/libz.so.1.2.8
7fcb50984000-7fcb50b83000 ---p 0001a000 08:01 393786                     /lib/x86_64-linux-gnu/libz.so.1.2.8
7fcb50b83000-7fcb50b84000 r--p 00019000 08:01 393786                     /lib/x86_64-linux-gnu/libz.so.1.2.8
7fcb50b84000-7fcb50b85000 rw-p 0001a000 08:01 393786                     /lib/x86_64-linux-gnu/libz.so.1.2.8
7fcb50b85000-7fcb50d26000 r-xp 00000000 08:01 393298                     /lib/x86_64-linux-gnu/libc-2.19.so
7fcb50d26000-7fcb50f26000 ---p 001a1000 08:01 393298                     /lib/x86_64-linux-gnu/libc-2.19.so
7fcb50f26000-7fcb50f2a000 r--p 001a1000 08:01 393298                     /lib/x86_64-linux-gnu/libc-2.19.so
7fcb50f2a000-7fcb50f2c000 rw-p 001a5000 08:01 393298                     /lib/x86_64-linux-gnu/libc-2.19.so
7fcb50f2c000-7fcb50f30000 rw-p 00000000 00:00 0 
7fcb50f30000-7fcb50f33000 r-xp 00000000 08:01 393301                     /lib/x86_64-linux-gnu/libdl-2.19.so
7fcb50f33000-7fcb51132000 ---p 00003000 08:01 393301                     /lib/x86_64-linux-gnu/libdl-2.19.so
7fcb51132000-7fcb51133000 r--p 00002000 08:01 393301                     /lib/x86_64-linux-gnu/libdl-2.19.so
7fcb51133000-7fcb51134000 rw-p 00003000 08:01 393301                     /lib/x86_64-linux-gnu/libdl-2.19.so
7fcb51134000-7fcb51141000 r-xp 00000000 08:01 147336                     /usr/lib/jvm/java-7-openjdk-amd64/jre/lib/amd64/jli/libjli.so
7fcb51141000-7fcb51340000 ---p 0000d000 08:01 147336                     /usr/lib/jvm/java-7-openjdk-amd64/jre/lib/amd64/jli/libjli.so
7fcb51340000-7fcb51341000 r--p 0000c000 08:01 147336                     /usr/lib/jvm/java-7-openjdk-amd64/jre/lib/amd64/jli/libjli.so
7fcb51341000-7fcb51342000 rw-p 0000d000 08:01 147336                     /usr/lib/jvm/java-7-openjdk-amd64/jre/lib/amd64/jli/libjli.so
7fcb51342000-7fcb5135a000 r-xp 00000000 08:01 393294                     /lib/x86_64-linux-gnu/libpthread-2.19.so
7fcb5135a000-7fcb51559000 ---p 00018000 08:01 393294                     /lib/x86_64-linux-gnu/libpthread-2.19.so
7fcb51559000-7fcb5155a000 r--p 00017000 08:01 393294                     /lib/x86_64-linux-gnu/libpthread-2.19.so
7fcb5155a000-7fcb5155b000 rw-p 00018000 08:01 393294                     /lib/x86_64-linux-gnu/libpthread-2.19.so
7fcb5155b000-7fcb5155f000 rw-p 00000000 00:00 0 
7fcb5155f000-7fcb5157f000 r-xp 00000000 08:01 393295                     /lib/x86_64-linux-gnu/ld-2.19.so
7fcb5157f000-7fcb51580000 r--s 00002000 08:01 147358                     /usr/lib/jvm/java-7-openjdk-amd64/jre/lib/ext/dnsns.jar
7fcb51580000-7fcb515b2000 rw-p 00000000 00:00 0 
7fcb515b2000-7fcb51668000 rw-p 00000000 00:00 0 
7fcb51668000-7fcb51670000 rw-s 00000000 08:01 403539                     /tmp/hsperfdata_arles_rodriguez/18699
7fcb51670000-7fcb51673000 ---p 00000000 00:00 0 
7fcb51673000-7fcb51776000 rw-p 00000000 00:00 0                          [stack:18701]
7fcb51776000-7fcb51778000 r--s 00012000 08:01 147359                     /usr/lib/jvm/java-7-openjdk-amd64/jre/lib/ext/zipfs.jar
7fcb51778000-7fcb5177b000 r--s 0000f000 08:01 147357                     /usr/lib/jvm/java-7-openjdk-amd64/jre/lib/ext/icedtea-sound.jar
7fcb5177b000-7fcb5177c000 rw-p 00000000 00:00 0 
7fcb5177c000-7fcb5177d000 ---p 00000000 00:00 0 
7fcb5177d000-7fcb5177f000 rw-p 00000000 00:00 0 
7fcb5177f000-7fcb51780000 r--p 00020000 08:01 393295                     /lib/x86_64-linux-gnu/ld-2.19.so
7fcb51780000-7fcb51781000 rw-p 00021000 08:01 393295                     /lib/x86_64-linux-gnu/ld-2.19.so
7fcb51781000-7fcb51782000 rw-p 00000000 00:00 0 
7ffcd27cf000-7ffcd27f0000 rw-p 00000000 00:00 0                          [stack]
7ffcd27f1000-7ffcd27f3000 r-xp 00000000 00:00 0                          [vdso]
7ffcd27f3000-7ffcd27f5000 r--p 00000000 00:00 0                          [vvar]
ffffffffff600000-ffffffffff601000 r-xp 00000000 00:00 0                  [vsyscall]

VM Arguments:
jvm_args: -Xmx4200m 
java_command: unalcol.agents.NetworkSim.DataReplicationMain load hubandspoke+v+100.graph 10 0.03 carriersrep hubandspoke+v+100.loc -1 replalgon 1000
Launcher Type: SUN_STANDARD

Environment Variables:
PATH=/usr/local/bin:/usr/bin:/bin:/usr/local/games:/usr/games
SHELL=/bin/bash
DISPLAY=:4

Signal Handlers:
SIGSEGV: [libjvm.so+0x98f140], sa_mask[0]=0x7ffbfeff, sa_flags=0x10000004
SIGBUS: [libjvm.so+0x98f140], sa_mask[0]=0x7ffbfeff, sa_flags=0x10000004
SIGFPE: [libjvm.so+0x7fa6e0], sa_mask[0]=0x7ffbfeff, sa_flags=0x10000004
SIGPIPE: [libjvm.so+0x7fa6e0], sa_mask[0]=0x7ffbfeff, sa_flags=0x10000004
SIGXFSZ: [libjvm.so+0x7fa6e0], sa_mask[0]=0x7ffbfeff, sa_flags=0x10000004
SIGILL: [libjvm.so+0x7fa6e0], sa_mask[0]=0x7ffbfeff, sa_flags=0x10000004
SIGUSR1: SIG_DFL, sa_mask[0]=0x00000000, sa_flags=0x00000000
SIGUSR2: [libjvm.so+0x7fa810], sa_mask[0]=0x00000000, sa_flags=0x10000004
SIGHUP: SIG_IGN, sa_mask[0]=0x00000000, sa_flags=0x00000000
SIGINT: [libjvm.so+0x7fa760], sa_mask[0]=0x7ffbfeff, sa_flags=0x10000004
SIGTERM: [libjvm.so+0x7fa760], sa_mask[0]=0x7ffbfeff, sa_flags=0x10000004
SIGQUIT: [libjvm.so+0x7fa760], sa_mask[0]=0x7ffbfeff, sa_flags=0x10000004
SIGTRAP: SIG_DFL, sa_mask[0]=0x00000000, sa_flags=0x00000000


---------------  S Y S T E M  ---------------

OS:8.6

uname:Linux 3.16.0-4-amd64 #1 SMP Debian 3.16.36-1+deb8u2 (2016-10-19) x86_64
libc:glibc 2.19 NPTL 2.19 
rlimit: STACK 8192k, CORE 0k, NPROC 29930, NOFILE 65536, AS infinity
load average:11.78 12.24 12.05

/proc/meminfo:
MemTotal:        7679804 kB
MemFree:          139820 kB
MemAvailable:     282080 kB
Buffers:           68564 kB
Cached:           238652 kB
SwapCached:            0 kB
Active:          7286624 kB
Inactive:         139028 kB
Active(anon):    7118548 kB
Inactive(anon):    15340 kB
Active(file):     168076 kB
Inactive(file):   123688 kB
Unevictable:           0 kB
Mlocked:               0 kB
SwapTotal:             0 kB
SwapFree:              0 kB
Dirty:               136 kB
Writeback:             0 kB
AnonPages:       7118500 kB
Mapped:            46080 kB
Shmem:             15452 kB
Slab:              53208 kB
SReclaimable:      38860 kB
SUnreclaim:        14348 kB
KernelStack:       11584 kB
PageTables:        21604 kB
NFS_Unstable:          0 kB
Bounce:                0 kB
WritebackTmp:          0 kB
CommitLimit:     3839900 kB
Committed_AS:    8960536 kB
VmallocTotal:   34359738367 kB
VmallocUsed:       16820 kB
VmallocChunk:   34359718392 kB
HardwareCorrupted:     0 kB
AnonHugePages:         0 kB
HugePages_Total:       0
HugePages_Free:        0
HugePages_Rsvd:        0
HugePages_Surp:        0
Hugepagesize:       2048 kB
DirectMap4k:       55284 kB
DirectMap2M:     2566144 kB
DirectMap1G:     5242880 kB


CPU:total 2 (16 cores per cpu, 2 threads per core) family 6 model 63 stepping 0, cmov, cx8, fxsr, mmx, sse, sse2, sse3, ssse3, sse4.1, sse4.2, popcnt, avx, avx2, aes, erms, ht, tsc, tscinvbit

/proc/cpuinfo:
processor	: 0
vendor_id	: GenuineIntel
cpu family	: 6
model		: 63
model name	: Intel(R) Xeon(R) CPU @ 2.30GHz
stepping	: 0
microcode	: 0x1
cpu MHz		: 2300.000
cache size	: 46080 KB
physical id	: 0
siblings	: 2
core id		: 0
cpu cores	: 1
apicid		: 0
initial apicid	: 0
fpu		: yes
fpu_exception	: yes
cpuid level	: 13
wp		: yes
flags		: fpu vme de pse tsc msr pae mce cx8 apic sep mtrr pge mca cmov pat pse36 clflush mmx fxsr sse sse2 ss ht syscall nx pdpe1gb rdtscp lm constant_tsc rep_good nopl xtopology nonstop_tsc eagerfpu pni pclmulqdq ssse3 fma cx16 sse4_1 sse4_2 x2apic movbe popcnt aes xsave avx f16c rdrand hypervisor lahf_lm abm xsaveopt fsgsbase tsc_adjust bmi1 avx2 smep bmi2 erms
bogomips	: 4600.00
clflush size	: 64
cache_alignment	: 64
address sizes	: 46 bits physical, 48 bits virtual
power management:

processor	: 1
vendor_id	: GenuineIntel
cpu family	: 6
model		: 63
model name	: Intel(R) Xeon(R) CPU @ 2.30GHz
stepping	: 0
microcode	: 0x1
cpu MHz		: 2300.000
cache size	: 46080 KB
physical id	: 0
siblings	: 2
core id		: 0
cpu cores	: 1
apicid		: 1
initial apicid	: 1
fpu		: yes
fpu_exception	: yes
cpuid level	: 13
wp		: yes
flags		: fpu vme de pse tsc msr pae mce cx8 apic sep mtrr pge mca cmov pat pse36 clflush mmx fxsr sse sse2 ss ht syscall nx pdpe1gb rdtscp lm constant_tsc rep_good nopl xtopology nonstop_tsc eagerfpu pni pclmulqdq ssse3 fma cx16 sse4_1 sse4_2 x2apic movbe popcnt aes xsave avx f16c rdrand hypervisor lahf_lm abm xsaveopt fsgsbase tsc_adjust bmi1 avx2 smep bmi2 erms
bogomips	: 4600.00
clflush size	: 64
cache_alignment	: 64
address sizes	: 46 bits physical, 48 bits virtual
power management:



Memory: 4k page, physical 7679804k(139820k free), swap 0k(0k free)

vm_info: OpenJDK 64-Bit Server VM (24.111-b01) for linux-amd64 JRE (1.7.0_111-b01), built on Nov  6 2016 21:43:34 by "jmm" with gcc 4.9.2

time: Thu Dec 22 20:44:05 2016
elapsed time: 56 seconds

